;  LST file generated by mikroListExporter - v.2.0 
; Date/Time: 4/19/2016 5:09:16 AM
;----------------------------------------------

;Address Opcode 	ASM
0x0000	0x2816      	GOTO       22
_____DoICP:
;__Lib_System.c,6 :: 		
;__Lib_System.c,9 :: 		
0x0003	0x1283      	BCF        STATUS, 5
0x0004	0x1303      	BCF        STATUS, 6
0x0005	0x0821      	MOVF       ___DoICPAddr+1, 0
0x0006	0x008A      	MOVWF      PCLATH
;__Lib_System.c,10 :: 		
0x0007	0x0820      	MOVF       ___DoICPAddr, 0
0x0008	0x0082      	MOVWF      PCL
;__Lib_System.c,12 :: 		
L_end_____DoICP:
0x0009	0x0008      	RETURN
; end of _____DoICP
___CC2DW:
;__Lib_System.c,134 :: 		
;__Lib_System.c,137 :: 		
_CC2D_Loop1:
;__Lib_System.c,139 :: 		
0x000A	0x2003      	CALL       _____DoICP
0x000B	0x118A      	BCF        PCLATH, 3
0x000C	0x120A      	BCF        PCLATH, 4
;__Lib_System.c,141 :: 		
0x000D	0x0080      	MOVWF      INDF
;__Lib_System.c,142 :: 		
0x000E	0x0A84      	INCF       FSR, 1
;__Lib_System.c,143 :: 		
0x000F	0x0AA0      	INCF       ___DoICPAddr, 1
;__Lib_System.c,145 :: 		
0x0010	0x1903      	BTFSC      STATUS, 2
;__Lib_System.c,146 :: 		
0x0011	0x0AA1      	INCF       ___DoICPAddr+1, 1
;__Lib_System.c,147 :: 		
0x0012	0x03F0      	DECF       R0, 1
;__Lib_System.c,149 :: 		
0x0013	0x1D03      	BTFSS      STATUS, 2
;__Lib_System.c,150 :: 		
0x0014	0x280A      	GOTO       _CC2D_Loop1
;__Lib_System.c,152 :: 		
L_end___CC2DW:
0x0015	0x0008      	RETURN
; end of ___CC2DW
_main:
;MyProject.c,1 :: 		void main() {
;MyProject.c,2 :: 		TRISC = 0b11111111;
0x0016	0x30FF      	MOVLW      255
0x0017	0x1683      	BSF        STATUS, 5
0x0018	0x1303      	BCF        STATUS, 6
0x0019	0x0087      	MOVWF      TRISC
;MyProject.c,3 :: 		PORTC = 0b00000000;
0x001A	0x1283      	BCF        STATUS, 5
0x001B	0x0187      	CLRF       PORTC
;MyProject.c,4 :: 		TRISB = 0b00000000;
0x001C	0x1683      	BSF        STATUS, 5
0x001D	0x0186      	CLRF       TRISB
;MyProject.c,5 :: 		PORTB = 0b00000000;
0x001E	0x1283      	BCF        STATUS, 5
0x001F	0x0186      	CLRF       PORTB
;MyProject.c,6 :: 		TRISD = 0b00000000;
0x0020	0x1683      	BSF        STATUS, 5
0x0021	0x0188      	CLRF       TRISD
;MyProject.c,7 :: 		PORTD = 0b00000000;
0x0022	0x1283      	BCF        STATUS, 5
0x0023	0x0188      	CLRF       PORTD
;MyProject.c,9 :: 		PORTB = 0b11111111;
0x0024	0x30FF      	MOVLW      255
0x0025	0x0086      	MOVWF      PORTB
;MyProject.c,10 :: 		Delay_ms(90);
0x0026	0x30EA      	MOVLW      234
0x0027	0x00FC      	MOVWF      R12
0x0028	0x30C3      	MOVLW      195
0x0029	0x00FD      	MOVWF      R13
L_main0:
0x002A	0x0BFD      	DECFSZ     R13, 1
0x002B	0x282A      	GOTO       L_main0
0x002C	0x0BFC      	DECFSZ     R12, 1
0x002D	0x282A      	GOTO       L_main0
;MyProject.c,11 :: 		PORTB = 0b00000000;
0x002E	0x0186      	CLRF       PORTB
;MyProject.c,12 :: 		Delay_ms(90);
0x002F	0x30EA      	MOVLW      234
0x0030	0x00FC      	MOVWF      R12
0x0031	0x30C3      	MOVLW      195
0x0032	0x00FD      	MOVWF      R13
L_main1:
0x0033	0x0BFD      	DECFSZ     R13, 1
0x0034	0x2833      	GOTO       L_main1
0x0035	0x0BFC      	DECFSZ     R12, 1
0x0036	0x2833      	GOTO       L_main1
;MyProject.c,13 :: 		PORTB = 0b11111111;
0x0037	0x30FF      	MOVLW      255
0x0038	0x0086      	MOVWF      PORTB
;MyProject.c,14 :: 		Delay_ms(90);
0x0039	0x30EA      	MOVLW      234
0x003A	0x00FC      	MOVWF      R12
0x003B	0x30C3      	MOVLW      195
0x003C	0x00FD      	MOVWF      R13
L_main2:
0x003D	0x0BFD      	DECFSZ     R13, 1
0x003E	0x283D      	GOTO       L_main2
0x003F	0x0BFC      	DECFSZ     R12, 1
0x0040	0x283D      	GOTO       L_main2
;MyProject.c,15 :: 		PORTB = 0b00000000;
0x0041	0x0186      	CLRF       PORTB
;MyProject.c,16 :: 		Delay_ms(90);
0x0042	0x30EA      	MOVLW      234
0x0043	0x00FC      	MOVWF      R12
0x0044	0x30C3      	MOVLW      195
0x0045	0x00FD      	MOVWF      R13
L_main3:
0x0046	0x0BFD      	DECFSZ     R13, 1
0x0047	0x2846      	GOTO       L_main3
0x0048	0x0BFC      	DECFSZ     R12, 1
0x0049	0x2846      	GOTO       L_main3
;MyProject.c,17 :: 		PORTB = 0b11111111;
0x004A	0x30FF      	MOVLW      255
0x004B	0x0086      	MOVWF      PORTB
;MyProject.c,18 :: 		Delay_ms(90);
0x004C	0x30EA      	MOVLW      234
0x004D	0x00FC      	MOVWF      R12
0x004E	0x30C3      	MOVLW      195
0x004F	0x00FD      	MOVWF      R13
L_main4:
0x0050	0x0BFD      	DECFSZ     R13, 1
0x0051	0x2850      	GOTO       L_main4
0x0052	0x0BFC      	DECFSZ     R12, 1
0x0053	0x2850      	GOTO       L_main4
;MyProject.c,19 :: 		PORTB = 0b00000000;
0x0054	0x0186      	CLRF       PORTB
;MyProject.c,20 :: 		Delay_ms(90);
0x0055	0x30EA      	MOVLW      234
0x0056	0x00FC      	MOVWF      R12
0x0057	0x30C3      	MOVLW      195
0x0058	0x00FD      	MOVWF      R13
L_main5:
0x0059	0x0BFD      	DECFSZ     R13, 1
0x005A	0x2859      	GOTO       L_main5
0x005B	0x0BFC      	DECFSZ     R12, 1
0x005C	0x2859      	GOTO       L_main5
;MyProject.c,21 :: 		PORTB = 0b11111111;
0x005D	0x30FF      	MOVLW      255
0x005E	0x0086      	MOVWF      PORTB
;MyProject.c,22 :: 		Delay_ms(90);
0x005F	0x30EA      	MOVLW      234
0x0060	0x00FC      	MOVWF      R12
0x0061	0x30C3      	MOVLW      195
0x0062	0x00FD      	MOVWF      R13
L_main6:
0x0063	0x0BFD      	DECFSZ     R13, 1
0x0064	0x2863      	GOTO       L_main6
0x0065	0x0BFC      	DECFSZ     R12, 1
0x0066	0x2863      	GOTO       L_main6
;MyProject.c,23 :: 		PORTB = 0b00000000;
0x0067	0x0186      	CLRF       PORTB
;MyProject.c,24 :: 		Delay_ms(90);
0x0068	0x30EA      	MOVLW      234
0x0069	0x00FC      	MOVWF      R12
0x006A	0x30C3      	MOVLW      195
0x006B	0x00FD      	MOVWF      R13
L_main7:
0x006C	0x0BFD      	DECFSZ     R13, 1
0x006D	0x286C      	GOTO       L_main7
0x006E	0x0BFC      	DECFSZ     R12, 1
0x006F	0x286C      	GOTO       L_main7
;MyProject.c,26 :: 		while(1){
L_main8:
;MyProject.c,27 :: 		if(PORTC==0b00000001){
0x0070	0x0807      	MOVF       PORTC, 0
0x0071	0x3A01      	XORLW      1
0x0072	0x1D03      	BTFSS      STATUS, 2
0x0073	0x289B      	GOTO       L_main10
;MyProject.c,28 :: 		PORTB = 0b10101010;
0x0074	0x30AA      	MOVLW      170
0x0075	0x0086      	MOVWF      PORTB
;MyProject.c,29 :: 		Delay_ms(150);
0x0076	0x3002      	MOVLW      2
0x0077	0x00FB      	MOVWF      R11
0x0078	0x3086      	MOVLW      134
0x0079	0x00FC      	MOVWF      R12
0x007A	0x3099      	MOVLW      153
0x007B	0x00FD      	MOVWF      R13
L_main11:
0x007C	0x0BFD      	DECFSZ     R13, 1
0x007D	0x287C      	GOTO       L_main11
0x007E	0x0BFC      	DECFSZ     R12, 1
0x007F	0x287C      	GOTO       L_main11
0x0080	0x0BFB      	DECFSZ     R11, 1
0x0081	0x287C      	GOTO       L_main11
;MyProject.c,30 :: 		PORTB = 0b01010101;
0x0082	0x3055      	MOVLW      85
0x0083	0x0086      	MOVWF      PORTB
;MyProject.c,31 :: 		Delay_ms(150);
0x0084	0x3002      	MOVLW      2
0x0085	0x00FB      	MOVWF      R11
0x0086	0x3086      	MOVLW      134
0x0087	0x00FC      	MOVWF      R12
0x0088	0x3099      	MOVLW      153
0x0089	0x00FD      	MOVWF      R13
L_main12:
0x008A	0x0BFD      	DECFSZ     R13, 1
0x008B	0x288A      	GOTO       L_main12
0x008C	0x0BFC      	DECFSZ     R12, 1
0x008D	0x288A      	GOTO       L_main12
0x008E	0x0BFB      	DECFSZ     R11, 1
0x008F	0x288A      	GOTO       L_main12
;MyProject.c,32 :: 		PORTB = 0b00000000;
0x0090	0x0186      	CLRF       PORTB
;MyProject.c,33 :: 		Delay_ms(1);
0x0091	0x3003      	MOVLW      3
0x0092	0x00FC      	MOVWF      R12
0x0093	0x3097      	MOVLW      151
0x0094	0x00FD      	MOVWF      R13
L_main13:
0x0095	0x0BFD      	DECFSZ     R13, 1
0x0096	0x2895      	GOTO       L_main13
0x0097	0x0BFC      	DECFSZ     R12, 1
0x0098	0x2895      	GOTO       L_main13
0x0099	0x0000      	NOP
0x009A	0x0000      	NOP
;MyProject.c,35 :: 		}
L_main10:
;MyProject.c,37 :: 		if(PORTC==0b00000010){
0x009B	0x0807      	MOVF       PORTC, 0
0x009C	0x3A02      	XORLW      2
0x009D	0x1D03      	BTFSS      STATUS, 2
0x009E	0x2A16      	GOTO       L_main14
;MyProject.c,39 :: 		PORTB = 0b10000000;
0x009F	0x3080      	MOVLW      128
0x00A0	0x0086      	MOVWF      PORTB
;MyProject.c,40 :: 		Delay_ms(175);
0x00A1	0x3002      	MOVLW      2
0x00A2	0x00FB      	MOVWF      R11
0x00A3	0x30C7      	MOVLW      199
0x00A4	0x00FC      	MOVWF      R12
0x00A5	0x3088      	MOVLW      136
0x00A6	0x00FD      	MOVWF      R13
L_main15:
0x00A7	0x0BFD      	DECFSZ     R13, 1
0x00A8	0x28A7      	GOTO       L_main15
0x00A9	0x0BFC      	DECFSZ     R12, 1
0x00AA	0x28A7      	GOTO       L_main15
0x00AB	0x0BFB      	DECFSZ     R11, 1
0x00AC	0x28A7      	GOTO       L_main15
0x00AD	0x0000      	NOP
;MyProject.c,41 :: 		PORTB = 0b11000000;
0x00AE	0x30C0      	MOVLW      192
0x00AF	0x0086      	MOVWF      PORTB
;MyProject.c,42 :: 		Delay_ms(70);
0x00B0	0x30B6      	MOVLW      182
0x00B1	0x00FC      	MOVWF      R12
0x00B2	0x30D0      	MOVLW      208
0x00B3	0x00FD      	MOVWF      R13
L_main16:
0x00B4	0x0BFD      	DECFSZ     R13, 1
0x00B5	0x28B4      	GOTO       L_main16
0x00B6	0x0BFC      	DECFSZ     R12, 1
0x00B7	0x28B4      	GOTO       L_main16
0x00B8	0x0000      	NOP
;MyProject.c,43 :: 		PORTB = 0b01000000;
0x00B9	0x3040      	MOVLW      64
0x00BA	0x0086      	MOVWF      PORTB
;MyProject.c,44 :: 		Delay_ms(175);
0x00BB	0x3002      	MOVLW      2
0x00BC	0x00FB      	MOVWF      R11
0x00BD	0x30C7      	MOVLW      199
0x00BE	0x00FC      	MOVWF      R12
0x00BF	0x3088      	MOVLW      136
0x00C0	0x00FD      	MOVWF      R13
L_main17:
0x00C1	0x0BFD      	DECFSZ     R13, 1
0x00C2	0x28C1      	GOTO       L_main17
0x00C3	0x0BFC      	DECFSZ     R12, 1
0x00C4	0x28C1      	GOTO       L_main17
0x00C5	0x0BFB      	DECFSZ     R11, 1
0x00C6	0x28C1      	GOTO       L_main17
0x00C7	0x0000      	NOP
;MyProject.c,45 :: 		PORTB = 0b01100000;
0x00C8	0x3060      	MOVLW      96
0x00C9	0x0086      	MOVWF      PORTB
;MyProject.c,46 :: 		Delay_ms(70);
0x00CA	0x30B6      	MOVLW      182
0x00CB	0x00FC      	MOVWF      R12
0x00CC	0x30D0      	MOVLW      208
0x00CD	0x00FD      	MOVWF      R13
L_main18:
0x00CE	0x0BFD      	DECFSZ     R13, 1
0x00CF	0x28CE      	GOTO       L_main18
0x00D0	0x0BFC      	DECFSZ     R12, 1
0x00D1	0x28CE      	GOTO       L_main18
0x00D2	0x0000      	NOP
;MyProject.c,47 :: 		PORTB = 0b00100000;
0x00D3	0x3020      	MOVLW      32
0x00D4	0x0086      	MOVWF      PORTB
;MyProject.c,48 :: 		Delay_ms(175);
0x00D5	0x3002      	MOVLW      2
0x00D6	0x00FB      	MOVWF      R11
0x00D7	0x30C7      	MOVLW      199
0x00D8	0x00FC      	MOVWF      R12
0x00D9	0x3088      	MOVLW      136
0x00DA	0x00FD      	MOVWF      R13
L_main19:
0x00DB	0x0BFD      	DECFSZ     R13, 1
0x00DC	0x28DB      	GOTO       L_main19
0x00DD	0x0BFC      	DECFSZ     R12, 1
0x00DE	0x28DB      	GOTO       L_main19
0x00DF	0x0BFB      	DECFSZ     R11, 1
0x00E0	0x28DB      	GOTO       L_main19
0x00E1	0x0000      	NOP
;MyProject.c,49 :: 		PORTB = 0b00110000;
0x00E2	0x3030      	MOVLW      48
0x00E3	0x0086      	MOVWF      PORTB
;MyProject.c,50 :: 		Delay_ms(70);
0x00E4	0x30B6      	MOVLW      182
0x00E5	0x00FC      	MOVWF      R12
0x00E6	0x30D0      	MOVLW      208
0x00E7	0x00FD      	MOVWF      R13
L_main20:
0x00E8	0x0BFD      	DECFSZ     R13, 1
0x00E9	0x28E8      	GOTO       L_main20
0x00EA	0x0BFC      	DECFSZ     R12, 1
0x00EB	0x28E8      	GOTO       L_main20
0x00EC	0x0000      	NOP
;MyProject.c,51 :: 		PORTB = 0b00010000;
0x00ED	0x3010      	MOVLW      16
0x00EE	0x0086      	MOVWF      PORTB
;MyProject.c,52 :: 		Delay_ms(175);
0x00EF	0x3002      	MOVLW      2
0x00F0	0x00FB      	MOVWF      R11
0x00F1	0x30C7      	MOVLW      199
0x00F2	0x00FC      	MOVWF      R12
0x00F3	0x3088      	MOVLW      136
0x00F4	0x00FD      	MOVWF      R13
L_main21:
0x00F5	0x0BFD      	DECFSZ     R13, 1
0x00F6	0x28F5      	GOTO       L_main21
0x00F7	0x0BFC      	DECFSZ     R12, 1
0x00F8	0x28F5      	GOTO       L_main21
0x00F9	0x0BFB      	DECFSZ     R11, 1
0x00FA	0x28F5      	GOTO       L_main21
0x00FB	0x0000      	NOP
;MyProject.c,53 :: 		PORTB = 0b00011000;
0x00FC	0x3018      	MOVLW      24
0x00FD	0x0086      	MOVWF      PORTB
;MyProject.c,54 :: 		Delay_ms(70);
0x00FE	0x30B6      	MOVLW      182
0x00FF	0x00FC      	MOVWF      R12
0x0100	0x30D0      	MOVLW      208
0x0101	0x00FD      	MOVWF      R13
L_main22:
0x0102	0x0BFD      	DECFSZ     R13, 1
0x0103	0x2902      	GOTO       L_main22
0x0104	0x0BFC      	DECFSZ     R12, 1
0x0105	0x2902      	GOTO       L_main22
0x0106	0x0000      	NOP
;MyProject.c,55 :: 		PORTB = 0b00001000;
0x0107	0x3008      	MOVLW      8
0x0108	0x0086      	MOVWF      PORTB
;MyProject.c,56 :: 		Delay_ms(175);
0x0109	0x3002      	MOVLW      2
0x010A	0x00FB      	MOVWF      R11
0x010B	0x30C7      	MOVLW      199
0x010C	0x00FC      	MOVWF      R12
0x010D	0x3088      	MOVLW      136
0x010E	0x00FD      	MOVWF      R13
L_main23:
0x010F	0x0BFD      	DECFSZ     R13, 1
0x0110	0x290F      	GOTO       L_main23
0x0111	0x0BFC      	DECFSZ     R12, 1
0x0112	0x290F      	GOTO       L_main23
0x0113	0x0BFB      	DECFSZ     R11, 1
0x0114	0x290F      	GOTO       L_main23
0x0115	0x0000      	NOP
;MyProject.c,57 :: 		PORTB = 0b00001100;
0x0116	0x300C      	MOVLW      12
0x0117	0x0086      	MOVWF      PORTB
;MyProject.c,58 :: 		Delay_ms(70);
0x0118	0x30B6      	MOVLW      182
0x0119	0x00FC      	MOVWF      R12
0x011A	0x30D0      	MOVLW      208
0x011B	0x00FD      	MOVWF      R13
L_main24:
0x011C	0x0BFD      	DECFSZ     R13, 1
0x011D	0x291C      	GOTO       L_main24
0x011E	0x0BFC      	DECFSZ     R12, 1
0x011F	0x291C      	GOTO       L_main24
0x0120	0x0000      	NOP
;MyProject.c,59 :: 		PORTB = 0b00000100;
0x0121	0x3004      	MOVLW      4
0x0122	0x0086      	MOVWF      PORTB
;MyProject.c,60 :: 		Delay_ms(175);
0x0123	0x3002      	MOVLW      2
0x0124	0x00FB      	MOVWF      R11
0x0125	0x30C7      	MOVLW      199
0x0126	0x00FC      	MOVWF      R12
0x0127	0x3088      	MOVLW      136
0x0128	0x00FD      	MOVWF      R13
L_main25:
0x0129	0x0BFD      	DECFSZ     R13, 1
0x012A	0x2929      	GOTO       L_main25
0x012B	0x0BFC      	DECFSZ     R12, 1
0x012C	0x2929      	GOTO       L_main25
0x012D	0x0BFB      	DECFSZ     R11, 1
0x012E	0x2929      	GOTO       L_main25
0x012F	0x0000      	NOP
;MyProject.c,61 :: 		PORTB = 0b00000110;
0x0130	0x3006      	MOVLW      6
0x0131	0x0086      	MOVWF      PORTB
;MyProject.c,62 :: 		Delay_ms(70);
0x0132	0x30B6      	MOVLW      182
0x0133	0x00FC      	MOVWF      R12
0x0134	0x30D0      	MOVLW      208
0x0135	0x00FD      	MOVWF      R13
L_main26:
0x0136	0x0BFD      	DECFSZ     R13, 1
0x0137	0x2936      	GOTO       L_main26
0x0138	0x0BFC      	DECFSZ     R12, 1
0x0139	0x2936      	GOTO       L_main26
0x013A	0x0000      	NOP
;MyProject.c,63 :: 		PORTB = 0b00000010;
0x013B	0x3002      	MOVLW      2
0x013C	0x0086      	MOVWF      PORTB
;MyProject.c,64 :: 		Delay_ms(175);
0x013D	0x3002      	MOVLW      2
0x013E	0x00FB      	MOVWF      R11
0x013F	0x30C7      	MOVLW      199
0x0140	0x00FC      	MOVWF      R12
0x0141	0x3088      	MOVLW      136
0x0142	0x00FD      	MOVWF      R13
L_main27:
0x0143	0x0BFD      	DECFSZ     R13, 1
0x0144	0x2943      	GOTO       L_main27
0x0145	0x0BFC      	DECFSZ     R12, 1
0x0146	0x2943      	GOTO       L_main27
0x0147	0x0BFB      	DECFSZ     R11, 1
0x0148	0x2943      	GOTO       L_main27
0x0149	0x0000      	NOP
;MyProject.c,65 :: 		PORTB = 0b00000011;
0x014A	0x3003      	MOVLW      3
0x014B	0x0086      	MOVWF      PORTB
;MyProject.c,66 :: 		Delay_ms(70);
0x014C	0x30B6      	MOVLW      182
0x014D	0x00FC      	MOVWF      R12
0x014E	0x30D0      	MOVLW      208
0x014F	0x00FD      	MOVWF      R13
L_main28:
0x0150	0x0BFD      	DECFSZ     R13, 1
0x0151	0x2950      	GOTO       L_main28
0x0152	0x0BFC      	DECFSZ     R12, 1
0x0153	0x2950      	GOTO       L_main28
0x0154	0x0000      	NOP
;MyProject.c,67 :: 		PORTB = 0b00000001;
0x0155	0x3001      	MOVLW      1
0x0156	0x0086      	MOVWF      PORTB
;MyProject.c,68 :: 		Delay_ms(175);
0x0157	0x3002      	MOVLW      2
0x0158	0x00FB      	MOVWF      R11
0x0159	0x30C7      	MOVLW      199
0x015A	0x00FC      	MOVWF      R12
0x015B	0x3088      	MOVLW      136
0x015C	0x00FD      	MOVWF      R13
L_main29:
0x015D	0x0BFD      	DECFSZ     R13, 1
0x015E	0x295D      	GOTO       L_main29
0x015F	0x0BFC      	DECFSZ     R12, 1
0x0160	0x295D      	GOTO       L_main29
0x0161	0x0BFB      	DECFSZ     R11, 1
0x0162	0x295D      	GOTO       L_main29
0x0163	0x0000      	NOP
;MyProject.c,69 :: 		PORTB = 0b00000011;
0x0164	0x3003      	MOVLW      3
0x0165	0x0086      	MOVWF      PORTB
;MyProject.c,70 :: 		Delay_ms(70);
0x0166	0x30B6      	MOVLW      182
0x0167	0x00FC      	MOVWF      R12
0x0168	0x30D0      	MOVLW      208
0x0169	0x00FD      	MOVWF      R13
L_main30:
0x016A	0x0BFD      	DECFSZ     R13, 1
0x016B	0x296A      	GOTO       L_main30
0x016C	0x0BFC      	DECFSZ     R12, 1
0x016D	0x296A      	GOTO       L_main30
0x016E	0x0000      	NOP
;MyProject.c,71 :: 		PORTB = 0b00000010;
0x016F	0x3002      	MOVLW      2
0x0170	0x0086      	MOVWF      PORTB
;MyProject.c,72 :: 		Delay_ms(175);
0x0171	0x3002      	MOVLW      2
0x0172	0x00FB      	MOVWF      R11
0x0173	0x30C7      	MOVLW      199
0x0174	0x00FC      	MOVWF      R12
0x0175	0x3088      	MOVLW      136
0x0176	0x00FD      	MOVWF      R13
L_main31:
0x0177	0x0BFD      	DECFSZ     R13, 1
0x0178	0x2977      	GOTO       L_main31
0x0179	0x0BFC      	DECFSZ     R12, 1
0x017A	0x2977      	GOTO       L_main31
0x017B	0x0BFB      	DECFSZ     R11, 1
0x017C	0x2977      	GOTO       L_main31
0x017D	0x0000      	NOP
;MyProject.c,73 :: 		PORTB = 0b00000110;
0x017E	0x3006      	MOVLW      6
0x017F	0x0086      	MOVWF      PORTB
;MyProject.c,74 :: 		Delay_ms(70);
0x0180	0x30B6      	MOVLW      182
0x0181	0x00FC      	MOVWF      R12
0x0182	0x30D0      	MOVLW      208
0x0183	0x00FD      	MOVWF      R13
L_main32:
0x0184	0x0BFD      	DECFSZ     R13, 1
0x0185	0x2984      	GOTO       L_main32
0x0186	0x0BFC      	DECFSZ     R12, 1
0x0187	0x2984      	GOTO       L_main32
0x0188	0x0000      	NOP
;MyProject.c,75 :: 		PORTB = 0b00000100;
0x0189	0x3004      	MOVLW      4
0x018A	0x0086      	MOVWF      PORTB
;MyProject.c,76 :: 		Delay_ms(175);
0x018B	0x3002      	MOVLW      2
0x018C	0x00FB      	MOVWF      R11
0x018D	0x30C7      	MOVLW      199
0x018E	0x00FC      	MOVWF      R12
0x018F	0x3088      	MOVLW      136
0x0190	0x00FD      	MOVWF      R13
L_main33:
0x0191	0x0BFD      	DECFSZ     R13, 1
0x0192	0x2991      	GOTO       L_main33
0x0193	0x0BFC      	DECFSZ     R12, 1
0x0194	0x2991      	GOTO       L_main33
0x0195	0x0BFB      	DECFSZ     R11, 1
0x0196	0x2991      	GOTO       L_main33
0x0197	0x0000      	NOP
;MyProject.c,77 :: 		PORTB = 0b00001100;
0x0198	0x300C      	MOVLW      12
0x0199	0x0086      	MOVWF      PORTB
;MyProject.c,78 :: 		Delay_ms(70);
0x019A	0x30B6      	MOVLW      182
0x019B	0x00FC      	MOVWF      R12
0x019C	0x30D0      	MOVLW      208
0x019D	0x00FD      	MOVWF      R13
L_main34:
0x019E	0x0BFD      	DECFSZ     R13, 1
0x019F	0x299E      	GOTO       L_main34
0x01A0	0x0BFC      	DECFSZ     R12, 1
0x01A1	0x299E      	GOTO       L_main34
0x01A2	0x0000      	NOP
;MyProject.c,79 :: 		PORTB = 0b00001000;
0x01A3	0x3008      	MOVLW      8
0x01A4	0x0086      	MOVWF      PORTB
;MyProject.c,80 :: 		Delay_ms(175);
0x01A5	0x3002      	MOVLW      2
0x01A6	0x00FB      	MOVWF      R11
0x01A7	0x30C7      	MOVLW      199
0x01A8	0x00FC      	MOVWF      R12
0x01A9	0x3088      	MOVLW      136
0x01AA	0x00FD      	MOVWF      R13
L_main35:
0x01AB	0x0BFD      	DECFSZ     R13, 1
0x01AC	0x29AB      	GOTO       L_main35
0x01AD	0x0BFC      	DECFSZ     R12, 1
0x01AE	0x29AB      	GOTO       L_main35
0x01AF	0x0BFB      	DECFSZ     R11, 1
0x01B0	0x29AB      	GOTO       L_main35
0x01B1	0x0000      	NOP
;MyProject.c,81 :: 		PORTB = 0b00011000;
0x01B2	0x3018      	MOVLW      24
0x01B3	0x0086      	MOVWF      PORTB
;MyProject.c,82 :: 		Delay_ms(70);
0x01B4	0x30B6      	MOVLW      182
0x01B5	0x00FC      	MOVWF      R12
0x01B6	0x30D0      	MOVLW      208
0x01B7	0x00FD      	MOVWF      R13
L_main36:
0x01B8	0x0BFD      	DECFSZ     R13, 1
0x01B9	0x29B8      	GOTO       L_main36
0x01BA	0x0BFC      	DECFSZ     R12, 1
0x01BB	0x29B8      	GOTO       L_main36
0x01BC	0x0000      	NOP
;MyProject.c,83 :: 		PORTB = 0b00010000;
0x01BD	0x3010      	MOVLW      16
0x01BE	0x0086      	MOVWF      PORTB
;MyProject.c,84 :: 		Delay_ms(175);
0x01BF	0x3002      	MOVLW      2
0x01C0	0x00FB      	MOVWF      R11
0x01C1	0x30C7      	MOVLW      199
0x01C2	0x00FC      	MOVWF      R12
0x01C3	0x3088      	MOVLW      136
0x01C4	0x00FD      	MOVWF      R13
L_main37:
0x01C5	0x0BFD      	DECFSZ     R13, 1
0x01C6	0x29C5      	GOTO       L_main37
0x01C7	0x0BFC      	DECFSZ     R12, 1
0x01C8	0x29C5      	GOTO       L_main37
0x01C9	0x0BFB      	DECFSZ     R11, 1
0x01CA	0x29C5      	GOTO       L_main37
0x01CB	0x0000      	NOP
;MyProject.c,85 :: 		PORTB = 0b00110000;
0x01CC	0x3030      	MOVLW      48
0x01CD	0x0086      	MOVWF      PORTB
;MyProject.c,86 :: 		Delay_ms(70);
0x01CE	0x30B6      	MOVLW      182
0x01CF	0x00FC      	MOVWF      R12
0x01D0	0x30D0      	MOVLW      208
0x01D1	0x00FD      	MOVWF      R13
L_main38:
0x01D2	0x0BFD      	DECFSZ     R13, 1
0x01D3	0x29D2      	GOTO       L_main38
0x01D4	0x0BFC      	DECFSZ     R12, 1
0x01D5	0x29D2      	GOTO       L_main38
0x01D6	0x0000      	NOP
;MyProject.c,87 :: 		PORTB = 0b00100000;
0x01D7	0x3020      	MOVLW      32
0x01D8	0x0086      	MOVWF      PORTB
;MyProject.c,88 :: 		Delay_ms(175);
0x01D9	0x3002      	MOVLW      2
0x01DA	0x00FB      	MOVWF      R11
0x01DB	0x30C7      	MOVLW      199
0x01DC	0x00FC      	MOVWF      R12
0x01DD	0x3088      	MOVLW      136
0x01DE	0x00FD      	MOVWF      R13
L_main39:
0x01DF	0x0BFD      	DECFSZ     R13, 1
0x01E0	0x29DF      	GOTO       L_main39
0x01E1	0x0BFC      	DECFSZ     R12, 1
0x01E2	0x29DF      	GOTO       L_main39
0x01E3	0x0BFB      	DECFSZ     R11, 1
0x01E4	0x29DF      	GOTO       L_main39
0x01E5	0x0000      	NOP
;MyProject.c,89 :: 		PORTB = 0b01100000;
0x01E6	0x3060      	MOVLW      96
0x01E7	0x0086      	MOVWF      PORTB
;MyProject.c,90 :: 		Delay_ms(70);
0x01E8	0x30B6      	MOVLW      182
0x01E9	0x00FC      	MOVWF      R12
0x01EA	0x30D0      	MOVLW      208
0x01EB	0x00FD      	MOVWF      R13
L_main40:
0x01EC	0x0BFD      	DECFSZ     R13, 1
0x01ED	0x29EC      	GOTO       L_main40
0x01EE	0x0BFC      	DECFSZ     R12, 1
0x01EF	0x29EC      	GOTO       L_main40
0x01F0	0x0000      	NOP
;MyProject.c,91 :: 		PORTB = 0b01000000;
0x01F1	0x3040      	MOVLW      64
0x01F2	0x0086      	MOVWF      PORTB
;MyProject.c,92 :: 		Delay_ms(175);
0x01F3	0x3002      	MOVLW      2
0x01F4	0x00FB      	MOVWF      R11
0x01F5	0x30C7      	MOVLW      199
0x01F6	0x00FC      	MOVWF      R12
0x01F7	0x3088      	MOVLW      136
0x01F8	0x00FD      	MOVWF      R13
L_main41:
0x01F9	0x0BFD      	DECFSZ     R13, 1
0x01FA	0x29F9      	GOTO       L_main41
0x01FB	0x0BFC      	DECFSZ     R12, 1
0x01FC	0x29F9      	GOTO       L_main41
0x01FD	0x0BFB      	DECFSZ     R11, 1
0x01FE	0x29F9      	GOTO       L_main41
0x01FF	0x0000      	NOP
;MyProject.c,93 :: 		PORTB = 0b11000000;
0x0200	0x30C0      	MOVLW      192
0x0201	0x0086      	MOVWF      PORTB
;MyProject.c,94 :: 		Delay_ms(70);
0x0202	0x30B6      	MOVLW      182
0x0203	0x00FC      	MOVWF      R12
0x0204	0x30D0      	MOVLW      208
0x0205	0x00FD      	MOVWF      R13
L_main42:
0x0206	0x0BFD      	DECFSZ     R13, 1
0x0207	0x2A06      	GOTO       L_main42
0x0208	0x0BFC      	DECFSZ     R12, 1
0x0209	0x2A06      	GOTO       L_main42
0x020A	0x0000      	NOP
;MyProject.c,95 :: 		PORTB = 0b00000000;
0x020B	0x0186      	CLRF       PORTB
;MyProject.c,96 :: 		Delay_ms(1);
0x020C	0x3003      	MOVLW      3
0x020D	0x00FC      	MOVWF      R12
0x020E	0x3097      	MOVLW      151
0x020F	0x00FD      	MOVWF      R13
L_main43:
0x0210	0x0BFD      	DECFSZ     R13, 1
0x0211	0x2A10      	GOTO       L_main43
0x0212	0x0BFC      	DECFSZ     R12, 1
0x0213	0x2A10      	GOTO       L_main43
0x0214	0x0000      	NOP
0x0215	0x0000      	NOP
;MyProject.c,101 :: 		}
L_main14:
;MyProject.c,103 :: 		if(PORTC==0b00000100){
0x0216	0x0807      	MOVF       PORTC, 0
0x0217	0x3A04      	XORLW      4
0x0218	0x1D03      	BTFSS      STATUS, 2
0x0219	0x2AB1      	GOTO       L_main44
;MyProject.c,104 :: 		PORTB = 0b01010000;
0x021A	0x3050      	MOVLW      80
0x021B	0x0086      	MOVWF      PORTB
;MyProject.c,105 :: 		Delay_ms(90);
0x021C	0x30EA      	MOVLW      234
0x021D	0x00FC      	MOVWF      R12
0x021E	0x30C3      	MOVLW      195
0x021F	0x00FD      	MOVWF      R13
L_main45:
0x0220	0x0BFD      	DECFSZ     R13, 1
0x0221	0x2A20      	GOTO       L_main45
0x0222	0x0BFC      	DECFSZ     R12, 1
0x0223	0x2A20      	GOTO       L_main45
;MyProject.c,106 :: 		PORTB = 0b10001000;
0x0224	0x3088      	MOVLW      136
0x0225	0x0086      	MOVWF      PORTB
;MyProject.c,107 :: 		Delay_ms(90);
0x0226	0x30EA      	MOVLW      234
0x0227	0x00FC      	MOVWF      R12
0x0228	0x30C3      	MOVLW      195
0x0229	0x00FD      	MOVWF      R13
L_main46:
0x022A	0x0BFD      	DECFSZ     R13, 1
0x022B	0x2A2A      	GOTO       L_main46
0x022C	0x0BFC      	DECFSZ     R12, 1
0x022D	0x2A2A      	GOTO       L_main46
;MyProject.c,108 :: 		PORTB = 0b01000100;
0x022E	0x3044      	MOVLW      68
0x022F	0x0086      	MOVWF      PORTB
;MyProject.c,109 :: 		Delay_ms(90);
0x0230	0x30EA      	MOVLW      234
0x0231	0x00FC      	MOVWF      R12
0x0232	0x30C3      	MOVLW      195
0x0233	0x00FD      	MOVWF      R13
L_main47:
0x0234	0x0BFD      	DECFSZ     R13, 1
0x0235	0x2A34      	GOTO       L_main47
0x0236	0x0BFC      	DECFSZ     R12, 1
0x0237	0x2A34      	GOTO       L_main47
;MyProject.c,110 :: 		PORTB = 0b00100010;
0x0238	0x3022      	MOVLW      34
0x0239	0x0086      	MOVWF      PORTB
;MyProject.c,111 :: 		Delay_ms(90);
0x023A	0x30EA      	MOVLW      234
0x023B	0x00FC      	MOVWF      R12
0x023C	0x30C3      	MOVLW      195
0x023D	0x00FD      	MOVWF      R13
L_main48:
0x023E	0x0BFD      	DECFSZ     R13, 1
0x023F	0x2A3E      	GOTO       L_main48
0x0240	0x0BFC      	DECFSZ     R12, 1
0x0241	0x2A3E      	GOTO       L_main48
;MyProject.c,112 :: 		PORTB = 0b00010001;
0x0242	0x3011      	MOVLW      17
0x0243	0x0086      	MOVWF      PORTB
;MyProject.c,113 :: 		Delay_ms(90);
0x0244	0x30EA      	MOVLW      234
0x0245	0x00FC      	MOVWF      R12
0x0246	0x30C3      	MOVLW      195
0x0247	0x00FD      	MOVWF      R13
L_main49:
0x0248	0x0BFD      	DECFSZ     R13, 1
0x0249	0x2A48      	GOTO       L_main49
0x024A	0x0BFC      	DECFSZ     R12, 1
0x024B	0x2A48      	GOTO       L_main49
;MyProject.c,114 :: 		PORTB = 0b00001010;
0x024C	0x300A      	MOVLW      10
0x024D	0x0086      	MOVWF      PORTB
;MyProject.c,115 :: 		Delay_ms(90);
0x024E	0x30EA      	MOVLW      234
0x024F	0x00FC      	MOVWF      R12
0x0250	0x30C3      	MOVLW      195
0x0251	0x00FD      	MOVWF      R13
L_main50:
0x0252	0x0BFD      	DECFSZ     R13, 1
0x0253	0x2A52      	GOTO       L_main50
0x0254	0x0BFC      	DECFSZ     R12, 1
0x0255	0x2A52      	GOTO       L_main50
;MyProject.c,116 :: 		PORTB = 0b00000100;
0x0256	0x3004      	MOVLW      4
0x0257	0x0086      	MOVWF      PORTB
;MyProject.c,117 :: 		Delay_ms(90);
0x0258	0x30EA      	MOVLW      234
0x0259	0x00FC      	MOVWF      R12
0x025A	0x30C3      	MOVLW      195
0x025B	0x00FD      	MOVWF      R13
L_main51:
0x025C	0x0BFD      	DECFSZ     R13, 1
0x025D	0x2A5C      	GOTO       L_main51
0x025E	0x0BFC      	DECFSZ     R12, 1
0x025F	0x2A5C      	GOTO       L_main51
;MyProject.c,118 :: 		PORTB = 0b00001010;
0x0260	0x300A      	MOVLW      10
0x0261	0x0086      	MOVWF      PORTB
;MyProject.c,119 :: 		Delay_ms(90);
0x0262	0x30EA      	MOVLW      234
0x0263	0x00FC      	MOVWF      R12
0x0264	0x30C3      	MOVLW      195
0x0265	0x00FD      	MOVWF      R13
L_main52:
0x0266	0x0BFD      	DECFSZ     R13, 1
0x0267	0x2A66      	GOTO       L_main52
0x0268	0x0BFC      	DECFSZ     R12, 1
0x0269	0x2A66      	GOTO       L_main52
;MyProject.c,120 :: 		PORTB = 0b00010001;
0x026A	0x3011      	MOVLW      17
0x026B	0x0086      	MOVWF      PORTB
;MyProject.c,121 :: 		Delay_ms(90);
0x026C	0x30EA      	MOVLW      234
0x026D	0x00FC      	MOVWF      R12
0x026E	0x30C3      	MOVLW      195
0x026F	0x00FD      	MOVWF      R13
L_main53:
0x0270	0x0BFD      	DECFSZ     R13, 1
0x0271	0x2A70      	GOTO       L_main53
0x0272	0x0BFC      	DECFSZ     R12, 1
0x0273	0x2A70      	GOTO       L_main53
;MyProject.c,122 :: 		PORTB = 0b00100010;
0x0274	0x3022      	MOVLW      34
0x0275	0x0086      	MOVWF      PORTB
;MyProject.c,123 :: 		Delay_ms(90);
0x0276	0x30EA      	MOVLW      234
0x0277	0x00FC      	MOVWF      R12
0x0278	0x30C3      	MOVLW      195
0x0279	0x00FD      	MOVWF      R13
L_main54:
0x027A	0x0BFD      	DECFSZ     R13, 1
0x027B	0x2A7A      	GOTO       L_main54
0x027C	0x0BFC      	DECFSZ     R12, 1
0x027D	0x2A7A      	GOTO       L_main54
;MyProject.c,124 :: 		PORTB = 0b01000100;
0x027E	0x3044      	MOVLW      68
0x027F	0x0086      	MOVWF      PORTB
;MyProject.c,125 :: 		Delay_ms(90);
0x0280	0x30EA      	MOVLW      234
0x0281	0x00FC      	MOVWF      R12
0x0282	0x30C3      	MOVLW      195
0x0283	0x00FD      	MOVWF      R13
L_main55:
0x0284	0x0BFD      	DECFSZ     R13, 1
0x0285	0x2A84      	GOTO       L_main55
0x0286	0x0BFC      	DECFSZ     R12, 1
0x0287	0x2A84      	GOTO       L_main55
;MyProject.c,126 :: 		PORTB = 0b10001000;
0x0288	0x3088      	MOVLW      136
0x0289	0x0086      	MOVWF      PORTB
;MyProject.c,127 :: 		Delay_ms(90);
0x028A	0x30EA      	MOVLW      234
0x028B	0x00FC      	MOVWF      R12
0x028C	0x30C3      	MOVLW      195
0x028D	0x00FD      	MOVWF      R13
L_main56:
0x028E	0x0BFD      	DECFSZ     R13, 1
0x028F	0x2A8E      	GOTO       L_main56
0x0290	0x0BFC      	DECFSZ     R12, 1
0x0291	0x2A8E      	GOTO       L_main56
;MyProject.c,128 :: 		PORTB = 0b01010000;
0x0292	0x3050      	MOVLW      80
0x0293	0x0086      	MOVWF      PORTB
;MyProject.c,129 :: 		Delay_ms(90);
0x0294	0x30EA      	MOVLW      234
0x0295	0x00FC      	MOVWF      R12
0x0296	0x30C3      	MOVLW      195
0x0297	0x00FD      	MOVWF      R13
L_main57:
0x0298	0x0BFD      	DECFSZ     R13, 1
0x0299	0x2A98      	GOTO       L_main57
0x029A	0x0BFC      	DECFSZ     R12, 1
0x029B	0x2A98      	GOTO       L_main57
;MyProject.c,130 :: 		PORTB = 0b00100000;
0x029C	0x3020      	MOVLW      32
0x029D	0x0086      	MOVWF      PORTB
;MyProject.c,131 :: 		Delay_ms(90);
0x029E	0x30EA      	MOVLW      234
0x029F	0x00FC      	MOVWF      R12
0x02A0	0x30C3      	MOVLW      195
0x02A1	0x00FD      	MOVWF      R13
L_main58:
0x02A2	0x0BFD      	DECFSZ     R13, 1
0x02A3	0x2AA2      	GOTO       L_main58
0x02A4	0x0BFC      	DECFSZ     R12, 1
0x02A5	0x2AA2      	GOTO       L_main58
;MyProject.c,132 :: 		PORTB = 0b00000000;
0x02A6	0x0186      	CLRF       PORTB
;MyProject.c,133 :: 		Delay_ms(1);
0x02A7	0x3003      	MOVLW      3
0x02A8	0x00FC      	MOVWF      R12
0x02A9	0x3097      	MOVLW      151
0x02AA	0x00FD      	MOVWF      R13
L_main59:
0x02AB	0x0BFD      	DECFSZ     R13, 1
0x02AC	0x2AAB      	GOTO       L_main59
0x02AD	0x0BFC      	DECFSZ     R12, 1
0x02AE	0x2AAB      	GOTO       L_main59
0x02AF	0x0000      	NOP
0x02B0	0x0000      	NOP
;MyProject.c,134 :: 		}
L_main44:
;MyProject.c,136 :: 		if(PORTC==0b00001000){
0x02B1	0x0807      	MOVF       PORTC, 0
0x02B2	0x3A08      	XORLW      8
0x02B3	0x1D03      	BTFSS      STATUS, 2
0x02B4	0x2CD8      	GOTO       L_main60
;MyProject.c,137 :: 		PORTB = 0b11111111;
0x02B5	0x30FF      	MOVLW      255
0x02B6	0x0086      	MOVWF      PORTB
;MyProject.c,138 :: 		Delay_ms(150);
0x02B7	0x3002      	MOVLW      2
0x02B8	0x00FB      	MOVWF      R11
0x02B9	0x3086      	MOVLW      134
0x02BA	0x00FC      	MOVWF      R12
0x02BB	0x3099      	MOVLW      153
0x02BC	0x00FD      	MOVWF      R13
L_main61:
0x02BD	0x0BFD      	DECFSZ     R13, 1
0x02BE	0x2ABD      	GOTO       L_main61
0x02BF	0x0BFC      	DECFSZ     R12, 1
0x02C0	0x2ABD      	GOTO       L_main61
0x02C1	0x0BFB      	DECFSZ     R11, 1
0x02C2	0x2ABD      	GOTO       L_main61
;MyProject.c,139 :: 		PORTB = 0b00000000;
0x02C3	0x0186      	CLRF       PORTB
;MyProject.c,140 :: 		Delay_ms(100);
0x02C4	0x3002      	MOVLW      2
0x02C5	0x00FB      	MOVWF      R11
0x02C6	0x3004      	MOVLW      4
0x02C7	0x00FC      	MOVWF      R12
0x02C8	0x30BA      	MOVLW      186
0x02C9	0x00FD      	MOVWF      R13
L_main62:
0x02CA	0x0BFD      	DECFSZ     R13, 1
0x02CB	0x2ACA      	GOTO       L_main62
0x02CC	0x0BFC      	DECFSZ     R12, 1
0x02CD	0x2ACA      	GOTO       L_main62
0x02CE	0x0BFB      	DECFSZ     R11, 1
0x02CF	0x2ACA      	GOTO       L_main62
0x02D0	0x0000      	NOP
;MyProject.c,141 :: 		PORTD = 0b11111111;
0x02D1	0x30FF      	MOVLW      255
0x02D2	0x0088      	MOVWF      PORTD
;MyProject.c,142 :: 		Delay_ms(150);
0x02D3	0x3002      	MOVLW      2
0x02D4	0x00FB      	MOVWF      R11
0x02D5	0x3086      	MOVLW      134
0x02D6	0x00FC      	MOVWF      R12
0x02D7	0x3099      	MOVLW      153
0x02D8	0x00FD      	MOVWF      R13
L_main63:
0x02D9	0x0BFD      	DECFSZ     R13, 1
0x02DA	0x2AD9      	GOTO       L_main63
0x02DB	0x0BFC      	DECFSZ     R12, 1
0x02DC	0x2AD9      	GOTO       L_main63
0x02DD	0x0BFB      	DECFSZ     R11, 1
0x02DE	0x2AD9      	GOTO       L_main63
;MyProject.c,143 :: 		PORTD = 0b00000000;
0x02DF	0x0188      	CLRF       PORTD
;MyProject.c,144 :: 		Delay_ms(200);
0x02E0	0x3003      	MOVLW      3
0x02E1	0x00FB      	MOVWF      R11
0x02E2	0x3008      	MOVLW      8
0x02E3	0x00FC      	MOVWF      R12
0x02E4	0x3077      	MOVLW      119
0x02E5	0x00FD      	MOVWF      R13
L_main64:
0x02E6	0x0BFD      	DECFSZ     R13, 1
0x02E7	0x2AE6      	GOTO       L_main64
0x02E8	0x0BFC      	DECFSZ     R12, 1
0x02E9	0x2AE6      	GOTO       L_main64
0x02EA	0x0BFB      	DECFSZ     R11, 1
0x02EB	0x2AE6      	GOTO       L_main64
;MyProject.c,145 :: 		PORTB = 0b00000001; PORTD = 0b00000000;
0x02EC	0x3001      	MOVLW      1
0x02ED	0x0086      	MOVWF      PORTB
0x02EE	0x0188      	CLRF       PORTD
;MyProject.c,146 :: 		Delay_ms(200);
0x02EF	0x3003      	MOVLW      3
0x02F0	0x00FB      	MOVWF      R11
0x02F1	0x3008      	MOVLW      8
0x02F2	0x00FC      	MOVWF      R12
0x02F3	0x3077      	MOVLW      119
0x02F4	0x00FD      	MOVWF      R13
L_main65:
0x02F5	0x0BFD      	DECFSZ     R13, 1
0x02F6	0x2AF5      	GOTO       L_main65
0x02F7	0x0BFC      	DECFSZ     R12, 1
0x02F8	0x2AF5      	GOTO       L_main65
0x02F9	0x0BFB      	DECFSZ     R11, 1
0x02FA	0x2AF5      	GOTO       L_main65
;MyProject.c,147 :: 		PORTB = 0b00000000; PORTD = 0b00000010;
0x02FB	0x0186      	CLRF       PORTB
0x02FC	0x3002      	MOVLW      2
0x02FD	0x0088      	MOVWF      PORTD
;MyProject.c,148 :: 		Delay_ms(200);
0x02FE	0x3003      	MOVLW      3
0x02FF	0x00FB      	MOVWF      R11
0x0300	0x3008      	MOVLW      8
0x0301	0x00FC      	MOVWF      R12
0x0302	0x3077      	MOVLW      119
0x0303	0x00FD      	MOVWF      R13
L_main66:
0x0304	0x0BFD      	DECFSZ     R13, 1
0x0305	0x2B04      	GOTO       L_main66
0x0306	0x0BFC      	DECFSZ     R12, 1
0x0307	0x2B04      	GOTO       L_main66
0x0308	0x0BFB      	DECFSZ     R11, 1
0x0309	0x2B04      	GOTO       L_main66
;MyProject.c,149 :: 		PORTD = 0b00000000; PORTB = 0b00000100;
0x030A	0x0188      	CLRF       PORTD
0x030B	0x3004      	MOVLW      4
0x030C	0x0086      	MOVWF      PORTB
;MyProject.c,150 :: 		Delay_ms(200);
0x030D	0x3003      	MOVLW      3
0x030E	0x00FB      	MOVWF      R11
0x030F	0x3008      	MOVLW      8
0x0310	0x00FC      	MOVWF      R12
0x0311	0x3077      	MOVLW      119
0x0312	0x00FD      	MOVWF      R13
L_main67:
0x0313	0x0BFD      	DECFSZ     R13, 1
0x0314	0x2B13      	GOTO       L_main67
0x0315	0x0BFC      	DECFSZ     R12, 1
0x0316	0x2B13      	GOTO       L_main67
0x0317	0x0BFB      	DECFSZ     R11, 1
0x0318	0x2B13      	GOTO       L_main67
;MyProject.c,151 :: 		PORTB = 0b00000000; PORTD = 0b00001000;
0x0319	0x0186      	CLRF       PORTB
0x031A	0x3008      	MOVLW      8
0x031B	0x0088      	MOVWF      PORTD
;MyProject.c,152 :: 		Delay_ms(200);
0x031C	0x3003      	MOVLW      3
0x031D	0x00FB      	MOVWF      R11
0x031E	0x3008      	MOVLW      8
0x031F	0x00FC      	MOVWF      R12
0x0320	0x3077      	MOVLW      119
0x0321	0x00FD      	MOVWF      R13
L_main68:
0x0322	0x0BFD      	DECFSZ     R13, 1
0x0323	0x2B22      	GOTO       L_main68
0x0324	0x0BFC      	DECFSZ     R12, 1
0x0325	0x2B22      	GOTO       L_main68
0x0326	0x0BFB      	DECFSZ     R11, 1
0x0327	0x2B22      	GOTO       L_main68
;MyProject.c,153 :: 		PORTD = 0b00000000; PORTB = 0b00010000;
0x0328	0x0188      	CLRF       PORTD
0x0329	0x3010      	MOVLW      16
0x032A	0x0086      	MOVWF      PORTB
;MyProject.c,154 :: 		Delay_ms(200);
0x032B	0x3003      	MOVLW      3
0x032C	0x00FB      	MOVWF      R11
0x032D	0x3008      	MOVLW      8
0x032E	0x00FC      	MOVWF      R12
0x032F	0x3077      	MOVLW      119
0x0330	0x00FD      	MOVWF      R13
L_main69:
0x0331	0x0BFD      	DECFSZ     R13, 1
0x0332	0x2B31      	GOTO       L_main69
0x0333	0x0BFC      	DECFSZ     R12, 1
0x0334	0x2B31      	GOTO       L_main69
0x0335	0x0BFB      	DECFSZ     R11, 1
0x0336	0x2B31      	GOTO       L_main69
;MyProject.c,155 :: 		PORTB = 0b00000000; PORTD = 0b00100000;
0x0337	0x0186      	CLRF       PORTB
0x0338	0x3020      	MOVLW      32
0x0339	0x0088      	MOVWF      PORTD
;MyProject.c,156 :: 		Delay_ms(200);
0x033A	0x3003      	MOVLW      3
0x033B	0x00FB      	MOVWF      R11
0x033C	0x3008      	MOVLW      8
0x033D	0x00FC      	MOVWF      R12
0x033E	0x3077      	MOVLW      119
0x033F	0x00FD      	MOVWF      R13
L_main70:
0x0340	0x0BFD      	DECFSZ     R13, 1
0x0341	0x2B40      	GOTO       L_main70
0x0342	0x0BFC      	DECFSZ     R12, 1
0x0343	0x2B40      	GOTO       L_main70
0x0344	0x0BFB      	DECFSZ     R11, 1
0x0345	0x2B40      	GOTO       L_main70
;MyProject.c,157 :: 		PORTD = 0b00000000; PORTB = 0b01000000;
0x0346	0x0188      	CLRF       PORTD
0x0347	0x3040      	MOVLW      64
0x0348	0x0086      	MOVWF      PORTB
;MyProject.c,158 :: 		Delay_ms(200);
0x0349	0x3003      	MOVLW      3
0x034A	0x00FB      	MOVWF      R11
0x034B	0x3008      	MOVLW      8
0x034C	0x00FC      	MOVWF      R12
0x034D	0x3077      	MOVLW      119
0x034E	0x00FD      	MOVWF      R13
L_main71:
0x034F	0x0BFD      	DECFSZ     R13, 1
0x0350	0x2B4F      	GOTO       L_main71
0x0351	0x0BFC      	DECFSZ     R12, 1
0x0352	0x2B4F      	GOTO       L_main71
0x0353	0x0BFB      	DECFSZ     R11, 1
0x0354	0x2B4F      	GOTO       L_main71
;MyProject.c,159 :: 		PORTB = 0b00000000; PORTD = 0b10000000;
0x0355	0x0186      	CLRF       PORTB
0x0356	0x3080      	MOVLW      128
0x0357	0x0088      	MOVWF      PORTD
;MyProject.c,160 :: 		Delay_ms(200);
0x0358	0x3003      	MOVLW      3
0x0359	0x00FB      	MOVWF      R11
0x035A	0x3008      	MOVLW      8
0x035B	0x00FC      	MOVWF      R12
0x035C	0x3077      	MOVLW      119
0x035D	0x00FD      	MOVWF      R13
L_main72:
0x035E	0x0BFD      	DECFSZ     R13, 1
0x035F	0x2B5E      	GOTO       L_main72
0x0360	0x0BFC      	DECFSZ     R12, 1
0x0361	0x2B5E      	GOTO       L_main72
0x0362	0x0BFB      	DECFSZ     R11, 1
0x0363	0x2B5E      	GOTO       L_main72
;MyProject.c,161 :: 		PORTD = 0b00000000; PORTB = 0b10000000;
0x0364	0x0188      	CLRF       PORTD
0x0365	0x3080      	MOVLW      128
0x0366	0x0086      	MOVWF      PORTB
;MyProject.c,162 :: 		Delay_ms(200);
0x0367	0x3003      	MOVLW      3
0x0368	0x00FB      	MOVWF      R11
0x0369	0x3008      	MOVLW      8
0x036A	0x00FC      	MOVWF      R12
0x036B	0x3077      	MOVLW      119
0x036C	0x00FD      	MOVWF      R13
L_main73:
0x036D	0x0BFD      	DECFSZ     R13, 1
0x036E	0x2B6D      	GOTO       L_main73
0x036F	0x0BFC      	DECFSZ     R12, 1
0x0370	0x2B6D      	GOTO       L_main73
0x0371	0x0BFB      	DECFSZ     R11, 1
0x0372	0x2B6D      	GOTO       L_main73
;MyProject.c,163 :: 		PORTB = 0b00000000; PORTD = 0b01000000;
0x0373	0x0186      	CLRF       PORTB
0x0374	0x3040      	MOVLW      64
0x0375	0x0088      	MOVWF      PORTD
;MyProject.c,164 :: 		Delay_ms(200);
0x0376	0x3003      	MOVLW      3
0x0377	0x00FB      	MOVWF      R11
0x0378	0x3008      	MOVLW      8
0x0379	0x00FC      	MOVWF      R12
0x037A	0x3077      	MOVLW      119
0x037B	0x00FD      	MOVWF      R13
L_main74:
0x037C	0x0BFD      	DECFSZ     R13, 1
0x037D	0x2B7C      	GOTO       L_main74
0x037E	0x0BFC      	DECFSZ     R12, 1
0x037F	0x2B7C      	GOTO       L_main74
0x0380	0x0BFB      	DECFSZ     R11, 1
0x0381	0x2B7C      	GOTO       L_main74
;MyProject.c,165 :: 		PORTD = 0b00000000; PORTB = 0b00100000;
0x0382	0x0188      	CLRF       PORTD
0x0383	0x3020      	MOVLW      32
0x0384	0x0086      	MOVWF      PORTB
;MyProject.c,166 :: 		Delay_ms(200);
0x0385	0x3003      	MOVLW      3
0x0386	0x00FB      	MOVWF      R11
0x0387	0x3008      	MOVLW      8
0x0388	0x00FC      	MOVWF      R12
0x0389	0x3077      	MOVLW      119
0x038A	0x00FD      	MOVWF      R13
L_main75:
0x038B	0x0BFD      	DECFSZ     R13, 1
0x038C	0x2B8B      	GOTO       L_main75
0x038D	0x0BFC      	DECFSZ     R12, 1
0x038E	0x2B8B      	GOTO       L_main75
0x038F	0x0BFB      	DECFSZ     R11, 1
0x0390	0x2B8B      	GOTO       L_main75
;MyProject.c,167 :: 		PORTB = 0b00000000; PORTD = 0b00010000;
0x0391	0x0186      	CLRF       PORTB
0x0392	0x3010      	MOVLW      16
0x0393	0x0088      	MOVWF      PORTD
;MyProject.c,168 :: 		Delay_ms(200);
0x0394	0x3003      	MOVLW      3
0x0395	0x00FB      	MOVWF      R11
0x0396	0x3008      	MOVLW      8
0x0397	0x00FC      	MOVWF      R12
0x0398	0x3077      	MOVLW      119
0x0399	0x00FD      	MOVWF      R13
L_main76:
0x039A	0x0BFD      	DECFSZ     R13, 1
0x039B	0x2B9A      	GOTO       L_main76
0x039C	0x0BFC      	DECFSZ     R12, 1
0x039D	0x2B9A      	GOTO       L_main76
0x039E	0x0BFB      	DECFSZ     R11, 1
0x039F	0x2B9A      	GOTO       L_main76
;MyProject.c,169 :: 		PORTD = 0b00000000; PORTB = 0b00001000;
0x03A0	0x0188      	CLRF       PORTD
0x03A1	0x3008      	MOVLW      8
0x03A2	0x0086      	MOVWF      PORTB
;MyProject.c,170 :: 		Delay_ms(200);
0x03A3	0x3003      	MOVLW      3
0x03A4	0x00FB      	MOVWF      R11
0x03A5	0x3008      	MOVLW      8
0x03A6	0x00FC      	MOVWF      R12
0x03A7	0x3077      	MOVLW      119
0x03A8	0x00FD      	MOVWF      R13
L_main77:
0x03A9	0x0BFD      	DECFSZ     R13, 1
0x03AA	0x2BA9      	GOTO       L_main77
0x03AB	0x0BFC      	DECFSZ     R12, 1
0x03AC	0x2BA9      	GOTO       L_main77
0x03AD	0x0BFB      	DECFSZ     R11, 1
0x03AE	0x2BA9      	GOTO       L_main77
;MyProject.c,171 :: 		PORTB = 0b00000000; PORTD = 0b00000100;
0x03AF	0x0186      	CLRF       PORTB
0x03B0	0x3004      	MOVLW      4
0x03B1	0x0088      	MOVWF      PORTD
;MyProject.c,172 :: 		Delay_ms(200);
0x03B2	0x3003      	MOVLW      3
0x03B3	0x00FB      	MOVWF      R11
0x03B4	0x3008      	MOVLW      8
0x03B5	0x00FC      	MOVWF      R12
0x03B6	0x3077      	MOVLW      119
0x03B7	0x00FD      	MOVWF      R13
L_main78:
0x03B8	0x0BFD      	DECFSZ     R13, 1
0x03B9	0x2BB8      	GOTO       L_main78
0x03BA	0x0BFC      	DECFSZ     R12, 1
0x03BB	0x2BB8      	GOTO       L_main78
0x03BC	0x0BFB      	DECFSZ     R11, 1
0x03BD	0x2BB8      	GOTO       L_main78
;MyProject.c,173 :: 		PORTD = 0b00000000; PORTB = 0b00000010;
0x03BE	0x0188      	CLRF       PORTD
0x03BF	0x3002      	MOVLW      2
0x03C0	0x0086      	MOVWF      PORTB
;MyProject.c,174 :: 		Delay_ms(200);
0x03C1	0x3003      	MOVLW      3
0x03C2	0x00FB      	MOVWF      R11
0x03C3	0x3008      	MOVLW      8
0x03C4	0x00FC      	MOVWF      R12
0x03C5	0x3077      	MOVLW      119
0x03C6	0x00FD      	MOVWF      R13
L_main79:
0x03C7	0x0BFD      	DECFSZ     R13, 1
0x03C8	0x2BC7      	GOTO       L_main79
0x03C9	0x0BFC      	DECFSZ     R12, 1
0x03CA	0x2BC7      	GOTO       L_main79
0x03CB	0x0BFB      	DECFSZ     R11, 1
0x03CC	0x2BC7      	GOTO       L_main79
;MyProject.c,175 :: 		PORTB = 0b00000000; PORTD = 0b00000001;
0x03CD	0x0186      	CLRF       PORTB
0x03CE	0x3001      	MOVLW      1
0x03CF	0x0088      	MOVWF      PORTD
;MyProject.c,176 :: 		Delay_ms(200);
0x03D0	0x3003      	MOVLW      3
0x03D1	0x00FB      	MOVWF      R11
0x03D2	0x3008      	MOVLW      8
0x03D3	0x00FC      	MOVWF      R12
0x03D4	0x3077      	MOVLW      119
0x03D5	0x00FD      	MOVWF      R13
L_main80:
0x03D6	0x0BFD      	DECFSZ     R13, 1
0x03D7	0x2BD6      	GOTO       L_main80
0x03D8	0x0BFC      	DECFSZ     R12, 1
0x03D9	0x2BD6      	GOTO       L_main80
0x03DA	0x0BFB      	DECFSZ     R11, 1
0x03DB	0x2BD6      	GOTO       L_main80
;MyProject.c,177 :: 		PORTB = 0b00000001; PORTD = 0b00000000;
0x03DC	0x3001      	MOVLW      1
0x03DD	0x0086      	MOVWF      PORTB
0x03DE	0x0188      	CLRF       PORTD
;MyProject.c,178 :: 		Delay_ms(200);
0x03DF	0x3003      	MOVLW      3
0x03E0	0x00FB      	MOVWF      R11
0x03E1	0x3008      	MOVLW      8
0x03E2	0x00FC      	MOVWF      R12
0x03E3	0x3077      	MOVLW      119
0x03E4	0x00FD      	MOVWF      R13
L_main81:
0x03E5	0x0BFD      	DECFSZ     R13, 1
0x03E6	0x2BE5      	GOTO       L_main81
0x03E7	0x0BFC      	DECFSZ     R12, 1
0x03E8	0x2BE5      	GOTO       L_main81
0x03E9	0x0BFB      	DECFSZ     R11, 1
0x03EA	0x2BE5      	GOTO       L_main81
;MyProject.c,179 :: 		PORTB = 0b00000000; PORTD = 0b00000010;
0x03EB	0x0186      	CLRF       PORTB
0x03EC	0x3002      	MOVLW      2
0x03ED	0x0088      	MOVWF      PORTD
;MyProject.c,180 :: 		Delay_ms(200);
0x03EE	0x3003      	MOVLW      3
0x03EF	0x00FB      	MOVWF      R11
0x03F0	0x3008      	MOVLW      8
0x03F1	0x00FC      	MOVWF      R12
0x03F2	0x3077      	MOVLW      119
0x03F3	0x00FD      	MOVWF      R13
L_main82:
0x03F4	0x0BFD      	DECFSZ     R13, 1
0x03F5	0x2BF4      	GOTO       L_main82
0x03F6	0x0BFC      	DECFSZ     R12, 1
0x03F7	0x2BF4      	GOTO       L_main82
0x03F8	0x0BFB      	DECFSZ     R11, 1
0x03F9	0x2BF4      	GOTO       L_main82
;MyProject.c,181 :: 		PORTD = 0b00000000; PORTB = 0b00000101;
0x03FA	0x0188      	CLRF       PORTD
0x03FB	0x3005      	MOVLW      5
0x03FC	0x0086      	MOVWF      PORTB
;MyProject.c,182 :: 		Delay_ms(200);
0x03FD	0x3003      	MOVLW      3
0x03FE	0x00FB      	MOVWF      R11
0x03FF	0x3008      	MOVLW      8
0x0400	0x00FC      	MOVWF      R12
0x0401	0x3077      	MOVLW      119
0x0402	0x00FD      	MOVWF      R13
L_main83:
0x0403	0x0BFD      	DECFSZ     R13, 1
0x0404	0x2C03      	GOTO       L_main83
0x0405	0x0BFC      	DECFSZ     R12, 1
0x0406	0x2C03      	GOTO       L_main83
0x0407	0x0BFB      	DECFSZ     R11, 1
0x0408	0x2C03      	GOTO       L_main83
;MyProject.c,183 :: 		PORTB = 0b00000000; PORTD = 0b00001010;
0x0409	0x0186      	CLRF       PORTB
0x040A	0x300A      	MOVLW      10
0x040B	0x0088      	MOVWF      PORTD
;MyProject.c,184 :: 		Delay_ms(200);
0x040C	0x3003      	MOVLW      3
0x040D	0x00FB      	MOVWF      R11
0x040E	0x3008      	MOVLW      8
0x040F	0x00FC      	MOVWF      R12
0x0410	0x3077      	MOVLW      119
0x0411	0x00FD      	MOVWF      R13
L_main84:
0x0412	0x0BFD      	DECFSZ     R13, 1
0x0413	0x2C12      	GOTO       L_main84
0x0414	0x0BFC      	DECFSZ     R12, 1
0x0415	0x2C12      	GOTO       L_main84
0x0416	0x0BFB      	DECFSZ     R11, 1
0x0417	0x2C12      	GOTO       L_main84
;MyProject.c,185 :: 		PORTD = 0b00000000; PORTB = 0b00010101;
0x0418	0x0188      	CLRF       PORTD
0x0419	0x3015      	MOVLW      21
0x041A	0x0086      	MOVWF      PORTB
;MyProject.c,186 :: 		Delay_ms(200);
0x041B	0x3003      	MOVLW      3
0x041C	0x00FB      	MOVWF      R11
0x041D	0x3008      	MOVLW      8
0x041E	0x00FC      	MOVWF      R12
0x041F	0x3077      	MOVLW      119
0x0420	0x00FD      	MOVWF      R13
L_main85:
0x0421	0x0BFD      	DECFSZ     R13, 1
0x0422	0x2C21      	GOTO       L_main85
0x0423	0x0BFC      	DECFSZ     R12, 1
0x0424	0x2C21      	GOTO       L_main85
0x0425	0x0BFB      	DECFSZ     R11, 1
0x0426	0x2C21      	GOTO       L_main85
;MyProject.c,187 :: 		PORTB = 0b00000000; PORTD = 0b00101010;
0x0427	0x0186      	CLRF       PORTB
0x0428	0x302A      	MOVLW      42
0x0429	0x0088      	MOVWF      PORTD
;MyProject.c,188 :: 		Delay_ms(200);
0x042A	0x3003      	MOVLW      3
0x042B	0x00FB      	MOVWF      R11
0x042C	0x3008      	MOVLW      8
0x042D	0x00FC      	MOVWF      R12
0x042E	0x3077      	MOVLW      119
0x042F	0x00FD      	MOVWF      R13
L_main86:
0x0430	0x0BFD      	DECFSZ     R13, 1
0x0431	0x2C30      	GOTO       L_main86
0x0432	0x0BFC      	DECFSZ     R12, 1
0x0433	0x2C30      	GOTO       L_main86
0x0434	0x0BFB      	DECFSZ     R11, 1
0x0435	0x2C30      	GOTO       L_main86
;MyProject.c,189 :: 		PORTD = 0b00000000; PORTB = 0b01010101;
0x0436	0x0188      	CLRF       PORTD
0x0437	0x3055      	MOVLW      85
0x0438	0x0086      	MOVWF      PORTB
;MyProject.c,190 :: 		Delay_ms(200);
0x0439	0x3003      	MOVLW      3
0x043A	0x00FB      	MOVWF      R11
0x043B	0x3008      	MOVLW      8
0x043C	0x00FC      	MOVWF      R12
0x043D	0x3077      	MOVLW      119
0x043E	0x00FD      	MOVWF      R13
L_main87:
0x043F	0x0BFD      	DECFSZ     R13, 1
0x0440	0x2C3F      	GOTO       L_main87
0x0441	0x0BFC      	DECFSZ     R12, 1
0x0442	0x2C3F      	GOTO       L_main87
0x0443	0x0BFB      	DECFSZ     R11, 1
0x0444	0x2C3F      	GOTO       L_main87
;MyProject.c,191 :: 		PORTB = 0b00000000; PORTD = 0b10101010;
0x0445	0x0186      	CLRF       PORTB
0x0446	0x30AA      	MOVLW      170
0x0447	0x0088      	MOVWF      PORTD
;MyProject.c,192 :: 		Delay_ms(200);
0x0448	0x3003      	MOVLW      3
0x0449	0x00FB      	MOVWF      R11
0x044A	0x3008      	MOVLW      8
0x044B	0x00FC      	MOVWF      R12
0x044C	0x3077      	MOVLW      119
0x044D	0x00FD      	MOVWF      R13
L_main88:
0x044E	0x0BFD      	DECFSZ     R13, 1
0x044F	0x2C4E      	GOTO       L_main88
0x0450	0x0BFC      	DECFSZ     R12, 1
0x0451	0x2C4E      	GOTO       L_main88
0x0452	0x0BFB      	DECFSZ     R11, 1
0x0453	0x2C4E      	GOTO       L_main88
;MyProject.c,193 :: 		PORTD = 0b00000000; PORTB = 0b10010101;
0x0454	0x0188      	CLRF       PORTD
0x0455	0x3095      	MOVLW      149
0x0456	0x0086      	MOVWF      PORTB
;MyProject.c,194 :: 		Delay_ms(200);
0x0457	0x3003      	MOVLW      3
0x0458	0x00FB      	MOVWF      R11
0x0459	0x3008      	MOVLW      8
0x045A	0x00FC      	MOVWF      R12
0x045B	0x3077      	MOVLW      119
0x045C	0x00FD      	MOVWF      R13
L_main89:
0x045D	0x0BFD      	DECFSZ     R13, 1
0x045E	0x2C5D      	GOTO       L_main89
0x045F	0x0BFC      	DECFSZ     R12, 1
0x0460	0x2C5D      	GOTO       L_main89
0x0461	0x0BFB      	DECFSZ     R11, 1
0x0462	0x2C5D      	GOTO       L_main89
;MyProject.c,195 :: 		PORTB = 0b00000000; PORTD = 0b11010101;
0x0463	0x0186      	CLRF       PORTB
0x0464	0x30D5      	MOVLW      213
0x0465	0x0088      	MOVWF      PORTD
;MyProject.c,196 :: 		Delay_ms(200);
0x0466	0x3003      	MOVLW      3
0x0467	0x00FB      	MOVWF      R11
0x0468	0x3008      	MOVLW      8
0x0469	0x00FC      	MOVWF      R12
0x046A	0x3077      	MOVLW      119
0x046B	0x00FD      	MOVWF      R13
L_main90:
0x046C	0x0BFD      	DECFSZ     R13, 1
0x046D	0x2C6C      	GOTO       L_main90
0x046E	0x0BFC      	DECFSZ     R12, 1
0x046F	0x2C6C      	GOTO       L_main90
0x0470	0x0BFB      	DECFSZ     R11, 1
0x0471	0x2C6C      	GOTO       L_main90
;MyProject.c,197 :: 		PORTD = 0b00000000; PORTB = 0b11101010;
0x0472	0x0188      	CLRF       PORTD
0x0473	0x30EA      	MOVLW      234
0x0474	0x0086      	MOVWF      PORTB
;MyProject.c,198 :: 		Delay_ms(200);
0x0475	0x3003      	MOVLW      3
0x0476	0x00FB      	MOVWF      R11
0x0477	0x3008      	MOVLW      8
0x0478	0x00FC      	MOVWF      R12
0x0479	0x3077      	MOVLW      119
0x047A	0x00FD      	MOVWF      R13
L_main91:
0x047B	0x0BFD      	DECFSZ     R13, 1
0x047C	0x2C7B      	GOTO       L_main91
0x047D	0x0BFC      	DECFSZ     R12, 1
0x047E	0x2C7B      	GOTO       L_main91
0x047F	0x0BFB      	DECFSZ     R11, 1
0x0480	0x2C7B      	GOTO       L_main91
;MyProject.c,199 :: 		PORTB = 0b00000000; PORTD = 0b11110101;
0x0481	0x0186      	CLRF       PORTB
0x0482	0x30F5      	MOVLW      245
0x0483	0x0088      	MOVWF      PORTD
;MyProject.c,200 :: 		Delay_ms(200);
0x0484	0x3003      	MOVLW      3
0x0485	0x00FB      	MOVWF      R11
0x0486	0x3008      	MOVLW      8
0x0487	0x00FC      	MOVWF      R12
0x0488	0x3077      	MOVLW      119
0x0489	0x00FD      	MOVWF      R13
L_main92:
0x048A	0x0BFD      	DECFSZ     R13, 1
0x048B	0x2C8A      	GOTO       L_main92
0x048C	0x0BFC      	DECFSZ     R12, 1
0x048D	0x2C8A      	GOTO       L_main92
0x048E	0x0BFB      	DECFSZ     R11, 1
0x048F	0x2C8A      	GOTO       L_main92
;MyProject.c,201 :: 		PORTD = 0b00000000; PORTB = 0b11111010;
0x0490	0x0188      	CLRF       PORTD
0x0491	0x30FA      	MOVLW      250
0x0492	0x0086      	MOVWF      PORTB
;MyProject.c,202 :: 		Delay_ms(200);
0x0493	0x3003      	MOVLW      3
0x0494	0x00FB      	MOVWF      R11
0x0495	0x3008      	MOVLW      8
0x0496	0x00FC      	MOVWF      R12
0x0497	0x3077      	MOVLW      119
0x0498	0x00FD      	MOVWF      R13
L_main93:
0x0499	0x0BFD      	DECFSZ     R13, 1
0x049A	0x2C99      	GOTO       L_main93
0x049B	0x0BFC      	DECFSZ     R12, 1
0x049C	0x2C99      	GOTO       L_main93
0x049D	0x0BFB      	DECFSZ     R11, 1
0x049E	0x2C99      	GOTO       L_main93
;MyProject.c,203 :: 		PORTB = 0b00000000; PORTD = 0b11111101;
0x049F	0x0186      	CLRF       PORTB
0x04A0	0x30FD      	MOVLW      253
0x04A1	0x0088      	MOVWF      PORTD
;MyProject.c,204 :: 		Delay_ms(200);
0x04A2	0x3003      	MOVLW      3
0x04A3	0x00FB      	MOVWF      R11
0x04A4	0x3008      	MOVLW      8
0x04A5	0x00FC      	MOVWF      R12
0x04A6	0x3077      	MOVLW      119
0x04A7	0x00FD      	MOVWF      R13
L_main94:
0x04A8	0x0BFD      	DECFSZ     R13, 1
0x04A9	0x2CA8      	GOTO       L_main94
0x04AA	0x0BFC      	DECFSZ     R12, 1
0x04AB	0x2CA8      	GOTO       L_main94
0x04AC	0x0BFB      	DECFSZ     R11, 1
0x04AD	0x2CA8      	GOTO       L_main94
;MyProject.c,205 :: 		PORTD = 0b00000000; PORTB = 0b11111110;
0x04AE	0x0188      	CLRF       PORTD
0x04AF	0x30FE      	MOVLW      254
0x04B0	0x0086      	MOVWF      PORTB
;MyProject.c,206 :: 		Delay_ms(200);
0x04B1	0x3003      	MOVLW      3
0x04B2	0x00FB      	MOVWF      R11
0x04B3	0x3008      	MOVLW      8
0x04B4	0x00FC      	MOVWF      R12
0x04B5	0x3077      	MOVLW      119
0x04B6	0x00FD      	MOVWF      R13
L_main95:
0x04B7	0x0BFD      	DECFSZ     R13, 1
0x04B8	0x2CB7      	GOTO       L_main95
0x04B9	0x0BFC      	DECFSZ     R12, 1
0x04BA	0x2CB7      	GOTO       L_main95
0x04BB	0x0BFB      	DECFSZ     R11, 1
0x04BC	0x2CB7      	GOTO       L_main95
;MyProject.c,207 :: 		PORTB = 0b00000000; PORTD = 0b11111111;
0x04BD	0x0186      	CLRF       PORTB
0x04BE	0x30FF      	MOVLW      255
0x04BF	0x0088      	MOVWF      PORTD
;MyProject.c,208 :: 		Delay_ms(200);
0x04C0	0x3003      	MOVLW      3
0x04C1	0x00FB      	MOVWF      R11
0x04C2	0x3008      	MOVLW      8
0x04C3	0x00FC      	MOVWF      R12
0x04C4	0x3077      	MOVLW      119
0x04C5	0x00FD      	MOVWF      R13
L_main96:
0x04C6	0x0BFD      	DECFSZ     R13, 1
0x04C7	0x2CC6      	GOTO       L_main96
0x04C8	0x0BFC      	DECFSZ     R12, 1
0x04C9	0x2CC6      	GOTO       L_main96
0x04CA	0x0BFB      	DECFSZ     R11, 1
0x04CB	0x2CC6      	GOTO       L_main96
;MyProject.c,209 :: 		PORTB = 0b00000000; PORTD = 0b00000000;
0x04CC	0x0186      	CLRF       PORTB
0x04CD	0x0188      	CLRF       PORTD
;MyProject.c,210 :: 		Delay_ms(1);
0x04CE	0x3003      	MOVLW      3
0x04CF	0x00FC      	MOVWF      R12
0x04D0	0x3097      	MOVLW      151
0x04D1	0x00FD      	MOVWF      R13
L_main97:
0x04D2	0x0BFD      	DECFSZ     R13, 1
0x04D3	0x2CD2      	GOTO       L_main97
0x04D4	0x0BFC      	DECFSZ     R12, 1
0x04D5	0x2CD2      	GOTO       L_main97
0x04D6	0x0000      	NOP
0x04D7	0x0000      	NOP
;MyProject.c,211 :: 		}
L_main60:
;MyProject.c,213 :: 		if(PORTC==0b00010000){
0x04D8	0x0807      	MOVF       PORTC, 0
0x04D9	0x3A10      	XORLW      16
0x04DA	0x1D03      	BTFSS      STATUS, 2
0x04DB	0x2DE5      	GOTO       L_main98
;MyProject.c,214 :: 		PORTB = 0b00000001; PORTD = 0b10000000;
0x04DC	0x3001      	MOVLW      1
0x04DD	0x0086      	MOVWF      PORTB
0x04DE	0x3080      	MOVLW      128
0x04DF	0x0088      	MOVWF      PORTD
;MyProject.c,215 :: 		Delay_ms(100);
0x04E0	0x3002      	MOVLW      2
0x04E1	0x00FB      	MOVWF      R11
0x04E2	0x3004      	MOVLW      4
0x04E3	0x00FC      	MOVWF      R12
0x04E4	0x30BA      	MOVLW      186
0x04E5	0x00FD      	MOVWF      R13
L_main99:
0x04E6	0x0BFD      	DECFSZ     R13, 1
0x04E7	0x2CE6      	GOTO       L_main99
0x04E8	0x0BFC      	DECFSZ     R12, 1
0x04E9	0x2CE6      	GOTO       L_main99
0x04EA	0x0BFB      	DECFSZ     R11, 1
0x04EB	0x2CE6      	GOTO       L_main99
0x04EC	0x0000      	NOP
;MyProject.c,216 :: 		PORTB = 0b00000011; PORTD = 0b11000000;
0x04ED	0x3003      	MOVLW      3
0x04EE	0x0086      	MOVWF      PORTB
0x04EF	0x30C0      	MOVLW      192
0x04F0	0x0088      	MOVWF      PORTD
;MyProject.c,217 :: 		Delay_ms(100);
0x04F1	0x3002      	MOVLW      2
0x04F2	0x00FB      	MOVWF      R11
0x04F3	0x3004      	MOVLW      4
0x04F4	0x00FC      	MOVWF      R12
0x04F5	0x30BA      	MOVLW      186
0x04F6	0x00FD      	MOVWF      R13
L_main100:
0x04F7	0x0BFD      	DECFSZ     R13, 1
0x04F8	0x2CF7      	GOTO       L_main100
0x04F9	0x0BFC      	DECFSZ     R12, 1
0x04FA	0x2CF7      	GOTO       L_main100
0x04FB	0x0BFB      	DECFSZ     R11, 1
0x04FC	0x2CF7      	GOTO       L_main100
0x04FD	0x0000      	NOP
;MyProject.c,218 :: 		PORTB = 0b00000111; PORTD = 0b11100000;
0x04FE	0x3007      	MOVLW      7
0x04FF	0x0086      	MOVWF      PORTB
0x0500	0x30E0      	MOVLW      224
0x0501	0x0088      	MOVWF      PORTD
;MyProject.c,219 :: 		Delay_ms(100);
0x0502	0x3002      	MOVLW      2
0x0503	0x00FB      	MOVWF      R11
0x0504	0x3004      	MOVLW      4
0x0505	0x00FC      	MOVWF      R12
0x0506	0x30BA      	MOVLW      186
0x0507	0x00FD      	MOVWF      R13
L_main101:
0x0508	0x0BFD      	DECFSZ     R13, 1
0x0509	0x2D08      	GOTO       L_main101
0x050A	0x0BFC      	DECFSZ     R12, 1
0x050B	0x2D08      	GOTO       L_main101
0x050C	0x0BFB      	DECFSZ     R11, 1
0x050D	0x2D08      	GOTO       L_main101
0x050E	0x0000      	NOP
;MyProject.c,220 :: 		PORTB = 0b00001111; PORTD = 0b11110000;
0x050F	0x300F      	MOVLW      15
0x0510	0x0086      	MOVWF      PORTB
0x0511	0x30F0      	MOVLW      240
0x0512	0x0088      	MOVWF      PORTD
;MyProject.c,221 :: 		Delay_ms(100);
0x0513	0x3002      	MOVLW      2
0x0514	0x00FB      	MOVWF      R11
0x0515	0x3004      	MOVLW      4
0x0516	0x00FC      	MOVWF      R12
0x0517	0x30BA      	MOVLW      186
0x0518	0x00FD      	MOVWF      R13
L_main102:
0x0519	0x0BFD      	DECFSZ     R13, 1
0x051A	0x2D19      	GOTO       L_main102
0x051B	0x0BFC      	DECFSZ     R12, 1
0x051C	0x2D19      	GOTO       L_main102
0x051D	0x0BFB      	DECFSZ     R11, 1
0x051E	0x2D19      	GOTO       L_main102
0x051F	0x0000      	NOP
;MyProject.c,222 :: 		PORTB = 0b00001110; PORTD = 0b01110000;
0x0520	0x300E      	MOVLW      14
0x0521	0x0086      	MOVWF      PORTB
0x0522	0x3070      	MOVLW      112
0x0523	0x0088      	MOVWF      PORTD
;MyProject.c,223 :: 		Delay_ms(100);
0x0524	0x3002      	MOVLW      2
0x0525	0x00FB      	MOVWF      R11
0x0526	0x3004      	MOVLW      4
0x0527	0x00FC      	MOVWF      R12
0x0528	0x30BA      	MOVLW      186
0x0529	0x00FD      	MOVWF      R13
L_main103:
0x052A	0x0BFD      	DECFSZ     R13, 1
0x052B	0x2D2A      	GOTO       L_main103
0x052C	0x0BFC      	DECFSZ     R12, 1
0x052D	0x2D2A      	GOTO       L_main103
0x052E	0x0BFB      	DECFSZ     R11, 1
0x052F	0x2D2A      	GOTO       L_main103
0x0530	0x0000      	NOP
;MyProject.c,224 :: 		PORTB = 0b00001100; PORTD = 0b00110000;
0x0531	0x300C      	MOVLW      12
0x0532	0x0086      	MOVWF      PORTB
0x0533	0x3030      	MOVLW      48
0x0534	0x0088      	MOVWF      PORTD
;MyProject.c,225 :: 		Delay_ms(100);
0x0535	0x3002      	MOVLW      2
0x0536	0x00FB      	MOVWF      R11
0x0537	0x3004      	MOVLW      4
0x0538	0x00FC      	MOVWF      R12
0x0539	0x30BA      	MOVLW      186
0x053A	0x00FD      	MOVWF      R13
L_main104:
0x053B	0x0BFD      	DECFSZ     R13, 1
0x053C	0x2D3B      	GOTO       L_main104
0x053D	0x0BFC      	DECFSZ     R12, 1
0x053E	0x2D3B      	GOTO       L_main104
0x053F	0x0BFB      	DECFSZ     R11, 1
0x0540	0x2D3B      	GOTO       L_main104
0x0541	0x0000      	NOP
;MyProject.c,226 :: 		PORTB = 0b00001000; PORTD = 0b00010000;
0x0542	0x3008      	MOVLW      8
0x0543	0x0086      	MOVWF      PORTB
0x0544	0x3010      	MOVLW      16
0x0545	0x0088      	MOVWF      PORTD
;MyProject.c,227 :: 		Delay_ms(100);
0x0546	0x3002      	MOVLW      2
0x0547	0x00FB      	MOVWF      R11
0x0548	0x3004      	MOVLW      4
0x0549	0x00FC      	MOVWF      R12
0x054A	0x30BA      	MOVLW      186
0x054B	0x00FD      	MOVWF      R13
L_main105:
0x054C	0x0BFD      	DECFSZ     R13, 1
0x054D	0x2D4C      	GOTO       L_main105
0x054E	0x0BFC      	DECFSZ     R12, 1
0x054F	0x2D4C      	GOTO       L_main105
0x0550	0x0BFB      	DECFSZ     R11, 1
0x0551	0x2D4C      	GOTO       L_main105
0x0552	0x0000      	NOP
;MyProject.c,228 :: 		PORTB = 0b00010000; PORTD = 0b00001000;
0x0553	0x3010      	MOVLW      16
0x0554	0x0086      	MOVWF      PORTB
0x0555	0x3008      	MOVLW      8
0x0556	0x0088      	MOVWF      PORTD
;MyProject.c,229 :: 		Delay_ms(100);
0x0557	0x3002      	MOVLW      2
0x0558	0x00FB      	MOVWF      R11
0x0559	0x3004      	MOVLW      4
0x055A	0x00FC      	MOVWF      R12
0x055B	0x30BA      	MOVLW      186
0x055C	0x00FD      	MOVWF      R13
L_main106:
0x055D	0x0BFD      	DECFSZ     R13, 1
0x055E	0x2D5D      	GOTO       L_main106
0x055F	0x0BFC      	DECFSZ     R12, 1
0x0560	0x2D5D      	GOTO       L_main106
0x0561	0x0BFB      	DECFSZ     R11, 1
0x0562	0x2D5D      	GOTO       L_main106
0x0563	0x0000      	NOP
;MyProject.c,230 :: 		PORTB = 0b00110000; PORTD = 0b00001100;
0x0564	0x3030      	MOVLW      48
0x0565	0x0086      	MOVWF      PORTB
0x0566	0x300C      	MOVLW      12
0x0567	0x0088      	MOVWF      PORTD
;MyProject.c,231 :: 		Delay_ms(100);
0x0568	0x3002      	MOVLW      2
0x0569	0x00FB      	MOVWF      R11
0x056A	0x3004      	MOVLW      4
0x056B	0x00FC      	MOVWF      R12
0x056C	0x30BA      	MOVLW      186
0x056D	0x00FD      	MOVWF      R13
L_main107:
0x056E	0x0BFD      	DECFSZ     R13, 1
0x056F	0x2D6E      	GOTO       L_main107
0x0570	0x0BFC      	DECFSZ     R12, 1
0x0571	0x2D6E      	GOTO       L_main107
0x0572	0x0BFB      	DECFSZ     R11, 1
0x0573	0x2D6E      	GOTO       L_main107
0x0574	0x0000      	NOP
;MyProject.c,232 :: 		PORTB = 0b01110000; PORTD = 0b00001110;
0x0575	0x3070      	MOVLW      112
0x0576	0x0086      	MOVWF      PORTB
0x0577	0x300E      	MOVLW      14
0x0578	0x0088      	MOVWF      PORTD
;MyProject.c,233 :: 		Delay_ms(100);
0x0579	0x3002      	MOVLW      2
0x057A	0x00FB      	MOVWF      R11
0x057B	0x3004      	MOVLW      4
0x057C	0x00FC      	MOVWF      R12
0x057D	0x30BA      	MOVLW      186
0x057E	0x00FD      	MOVWF      R13
L_main108:
0x057F	0x0BFD      	DECFSZ     R13, 1
0x0580	0x2D7F      	GOTO       L_main108
0x0581	0x0BFC      	DECFSZ     R12, 1
0x0582	0x2D7F      	GOTO       L_main108
0x0583	0x0BFB      	DECFSZ     R11, 1
0x0584	0x2D7F      	GOTO       L_main108
0x0585	0x0000      	NOP
;MyProject.c,234 :: 		PORTB = 0b11110000; PORTD = 0b00001111;
0x0586	0x30F0      	MOVLW      240
0x0587	0x0086      	MOVWF      PORTB
0x0588	0x300F      	MOVLW      15
0x0589	0x0088      	MOVWF      PORTD
;MyProject.c,235 :: 		Delay_ms(100);
0x058A	0x3002      	MOVLW      2
0x058B	0x00FB      	MOVWF      R11
0x058C	0x3004      	MOVLW      4
0x058D	0x00FC      	MOVWF      R12
0x058E	0x30BA      	MOVLW      186
0x058F	0x00FD      	MOVWF      R13
L_main109:
0x0590	0x0BFD      	DECFSZ     R13, 1
0x0591	0x2D90      	GOTO       L_main109
0x0592	0x0BFC      	DECFSZ     R12, 1
0x0593	0x2D90      	GOTO       L_main109
0x0594	0x0BFB      	DECFSZ     R11, 1
0x0595	0x2D90      	GOTO       L_main109
0x0596	0x0000      	NOP
;MyProject.c,236 :: 		PORTB = 0b11100000; PORTD = 0b00000111;
0x0597	0x30E0      	MOVLW      224
0x0598	0x0086      	MOVWF      PORTB
0x0599	0x3007      	MOVLW      7
0x059A	0x0088      	MOVWF      PORTD
;MyProject.c,237 :: 		Delay_ms(100);
0x059B	0x3002      	MOVLW      2
0x059C	0x00FB      	MOVWF      R11
0x059D	0x3004      	MOVLW      4
0x059E	0x00FC      	MOVWF      R12
0x059F	0x30BA      	MOVLW      186
0x05A0	0x00FD      	MOVWF      R13
L_main110:
0x05A1	0x0BFD      	DECFSZ     R13, 1
0x05A2	0x2DA1      	GOTO       L_main110
0x05A3	0x0BFC      	DECFSZ     R12, 1
0x05A4	0x2DA1      	GOTO       L_main110
0x05A5	0x0BFB      	DECFSZ     R11, 1
0x05A6	0x2DA1      	GOTO       L_main110
0x05A7	0x0000      	NOP
;MyProject.c,238 :: 		PORTB = 0b11000000; PORTD = 0b00000011;
0x05A8	0x30C0      	MOVLW      192
0x05A9	0x0086      	MOVWF      PORTB
0x05AA	0x3003      	MOVLW      3
0x05AB	0x0088      	MOVWF      PORTD
;MyProject.c,239 :: 		Delay_ms(100);
0x05AC	0x3002      	MOVLW      2
0x05AD	0x00FB      	MOVWF      R11
0x05AE	0x3004      	MOVLW      4
0x05AF	0x00FC      	MOVWF      R12
0x05B0	0x30BA      	MOVLW      186
0x05B1	0x00FD      	MOVWF      R13
L_main111:
0x05B2	0x0BFD      	DECFSZ     R13, 1
0x05B3	0x2DB2      	GOTO       L_main111
0x05B4	0x0BFC      	DECFSZ     R12, 1
0x05B5	0x2DB2      	GOTO       L_main111
0x05B6	0x0BFB      	DECFSZ     R11, 1
0x05B7	0x2DB2      	GOTO       L_main111
0x05B8	0x0000      	NOP
;MyProject.c,240 :: 		PORTB = 0b10000000; PORTD = 0b00000001;
0x05B9	0x3080      	MOVLW      128
0x05BA	0x0086      	MOVWF      PORTB
0x05BB	0x3001      	MOVLW      1
0x05BC	0x0088      	MOVWF      PORTD
;MyProject.c,241 :: 		Delay_ms(100);
0x05BD	0x3002      	MOVLW      2
0x05BE	0x00FB      	MOVWF      R11
0x05BF	0x3004      	MOVLW      4
0x05C0	0x00FC      	MOVWF      R12
0x05C1	0x30BA      	MOVLW      186
0x05C2	0x00FD      	MOVWF      R13
L_main112:
0x05C3	0x0BFD      	DECFSZ     R13, 1
0x05C4	0x2DC3      	GOTO       L_main112
0x05C5	0x0BFC      	DECFSZ     R12, 1
0x05C6	0x2DC3      	GOTO       L_main112
0x05C7	0x0BFB      	DECFSZ     R11, 1
0x05C8	0x2DC3      	GOTO       L_main112
0x05C9	0x0000      	NOP
;MyProject.c,242 :: 		PORTB = 0b00000000; PORTD = 0b00000000;
0x05CA	0x0186      	CLRF       PORTB
0x05CB	0x0188      	CLRF       PORTD
;MyProject.c,243 :: 		Delay_ms(100);
0x05CC	0x3002      	MOVLW      2
0x05CD	0x00FB      	MOVWF      R11
0x05CE	0x3004      	MOVLW      4
0x05CF	0x00FC      	MOVWF      R12
0x05D0	0x30BA      	MOVLW      186
0x05D1	0x00FD      	MOVWF      R13
L_main113:
0x05D2	0x0BFD      	DECFSZ     R13, 1
0x05D3	0x2DD2      	GOTO       L_main113
0x05D4	0x0BFC      	DECFSZ     R12, 1
0x05D5	0x2DD2      	GOTO       L_main113
0x05D6	0x0BFB      	DECFSZ     R11, 1
0x05D7	0x2DD2      	GOTO       L_main113
0x05D8	0x0000      	NOP
;MyProject.c,244 :: 		PORTB = 0b00000000; PORTD = 0b00000000;
0x05D9	0x0186      	CLRF       PORTB
0x05DA	0x0188      	CLRF       PORTD
;MyProject.c,245 :: 		Delay_ms(1);
0x05DB	0x3003      	MOVLW      3
0x05DC	0x00FC      	MOVWF      R12
0x05DD	0x3097      	MOVLW      151
0x05DE	0x00FD      	MOVWF      R13
L_main114:
0x05DF	0x0BFD      	DECFSZ     R13, 1
0x05E0	0x2DDF      	GOTO       L_main114
0x05E1	0x0BFC      	DECFSZ     R12, 1
0x05E2	0x2DDF      	GOTO       L_main114
0x05E3	0x0000      	NOP
0x05E4	0x0000      	NOP
;MyProject.c,246 :: 		}
L_main98:
;MyProject.c,248 :: 		if(PORTC==0b00100000){
0x05E5	0x0807      	MOVF       PORTC, 0
0x05E6	0x3A20      	XORLW      32
0x05E7	0x1D03      	BTFSS      STATUS, 2
0x05E8	0x2EF4      	GOTO       L_main115
;MyProject.c,249 :: 		PORTB = 0b00000001; PORTD = 0b10000000;
0x05E9	0x3001      	MOVLW      1
0x05EA	0x0086      	MOVWF      PORTB
0x05EB	0x3080      	MOVLW      128
0x05EC	0x0088      	MOVWF      PORTD
;MyProject.c,250 :: 		Delay_ms(100);
0x05ED	0x3002      	MOVLW      2
0x05EE	0x00FB      	MOVWF      R11
0x05EF	0x3004      	MOVLW      4
0x05F0	0x00FC      	MOVWF      R12
0x05F1	0x30BA      	MOVLW      186
0x05F2	0x00FD      	MOVWF      R13
L_main116:
0x05F3	0x0BFD      	DECFSZ     R13, 1
0x05F4	0x2DF3      	GOTO       L_main116
0x05F5	0x0BFC      	DECFSZ     R12, 1
0x05F6	0x2DF3      	GOTO       L_main116
0x05F7	0x0BFB      	DECFSZ     R11, 1
0x05F8	0x2DF3      	GOTO       L_main116
0x05F9	0x0000      	NOP
;MyProject.c,251 :: 		PORTB = 0b00000010; PORTD = 0b01000000;
0x05FA	0x3002      	MOVLW      2
0x05FB	0x0086      	MOVWF      PORTB
0x05FC	0x3040      	MOVLW      64
0x05FD	0x0088      	MOVWF      PORTD
;MyProject.c,252 :: 		Delay_ms(100);
0x05FE	0x3002      	MOVLW      2
0x05FF	0x00FB      	MOVWF      R11
0x0600	0x3004      	MOVLW      4
0x0601	0x00FC      	MOVWF      R12
0x0602	0x30BA      	MOVLW      186
0x0603	0x00FD      	MOVWF      R13
L_main117:
0x0604	0x0BFD      	DECFSZ     R13, 1
0x0605	0x2E04      	GOTO       L_main117
0x0606	0x0BFC      	DECFSZ     R12, 1
0x0607	0x2E04      	GOTO       L_main117
0x0608	0x0BFB      	DECFSZ     R11, 1
0x0609	0x2E04      	GOTO       L_main117
0x060A	0x0000      	NOP
;MyProject.c,253 :: 		PORTB = 0b00000100; PORTD = 0b00100000;
0x060B	0x3004      	MOVLW      4
0x060C	0x0086      	MOVWF      PORTB
0x060D	0x3020      	MOVLW      32
0x060E	0x0088      	MOVWF      PORTD
;MyProject.c,254 :: 		Delay_ms(100);
0x060F	0x3002      	MOVLW      2
0x0610	0x00FB      	MOVWF      R11
0x0611	0x3004      	MOVLW      4
0x0612	0x00FC      	MOVWF      R12
0x0613	0x30BA      	MOVLW      186
0x0614	0x00FD      	MOVWF      R13
L_main118:
0x0615	0x0BFD      	DECFSZ     R13, 1
0x0616	0x2E15      	GOTO       L_main118
0x0617	0x0BFC      	DECFSZ     R12, 1
0x0618	0x2E15      	GOTO       L_main118
0x0619	0x0BFB      	DECFSZ     R11, 1
0x061A	0x2E15      	GOTO       L_main118
0x061B	0x0000      	NOP
;MyProject.c,255 :: 		PORTB = 0b00001000; PORTD = 0b00010000;
0x061C	0x3008      	MOVLW      8
0x061D	0x0086      	MOVWF      PORTB
0x061E	0x3010      	MOVLW      16
0x061F	0x0088      	MOVWF      PORTD
;MyProject.c,256 :: 		Delay_ms(100);
0x0620	0x3002      	MOVLW      2
0x0621	0x00FB      	MOVWF      R11
0x0622	0x3004      	MOVLW      4
0x0623	0x00FC      	MOVWF      R12
0x0624	0x30BA      	MOVLW      186
0x0625	0x00FD      	MOVWF      R13
L_main119:
0x0626	0x0BFD      	DECFSZ     R13, 1
0x0627	0x2E26      	GOTO       L_main119
0x0628	0x0BFC      	DECFSZ     R12, 1
0x0629	0x2E26      	GOTO       L_main119
0x062A	0x0BFB      	DECFSZ     R11, 1
0x062B	0x2E26      	GOTO       L_main119
0x062C	0x0000      	NOP
;MyProject.c,257 :: 		PORTB = 0b00010000; PORTD = 0b00001000;
0x062D	0x3010      	MOVLW      16
0x062E	0x0086      	MOVWF      PORTB
0x062F	0x3008      	MOVLW      8
0x0630	0x0088      	MOVWF      PORTD
;MyProject.c,258 :: 		Delay_ms(100);
0x0631	0x3002      	MOVLW      2
0x0632	0x00FB      	MOVWF      R11
0x0633	0x3004      	MOVLW      4
0x0634	0x00FC      	MOVWF      R12
0x0635	0x30BA      	MOVLW      186
0x0636	0x00FD      	MOVWF      R13
L_main120:
0x0637	0x0BFD      	DECFSZ     R13, 1
0x0638	0x2E37      	GOTO       L_main120
0x0639	0x0BFC      	DECFSZ     R12, 1
0x063A	0x2E37      	GOTO       L_main120
0x063B	0x0BFB      	DECFSZ     R11, 1
0x063C	0x2E37      	GOTO       L_main120
0x063D	0x0000      	NOP
;MyProject.c,259 :: 		PORTB = 0b00100000; PORTD = 0b00000100;
0x063E	0x3020      	MOVLW      32
0x063F	0x0086      	MOVWF      PORTB
0x0640	0x3004      	MOVLW      4
0x0641	0x0088      	MOVWF      PORTD
;MyProject.c,260 :: 		Delay_ms(100);
0x0642	0x3002      	MOVLW      2
0x0643	0x00FB      	MOVWF      R11
0x0644	0x3004      	MOVLW      4
0x0645	0x00FC      	MOVWF      R12
0x0646	0x30BA      	MOVLW      186
0x0647	0x00FD      	MOVWF      R13
L_main121:
0x0648	0x0BFD      	DECFSZ     R13, 1
0x0649	0x2E48      	GOTO       L_main121
0x064A	0x0BFC      	DECFSZ     R12, 1
0x064B	0x2E48      	GOTO       L_main121
0x064C	0x0BFB      	DECFSZ     R11, 1
0x064D	0x2E48      	GOTO       L_main121
0x064E	0x0000      	NOP
;MyProject.c,261 :: 		PORTB = 0b01000000; PORTD = 0b00000010;
0x064F	0x3040      	MOVLW      64
0x0650	0x0086      	MOVWF      PORTB
0x0651	0x3002      	MOVLW      2
0x0652	0x0088      	MOVWF      PORTD
;MyProject.c,262 :: 		Delay_ms(100);
0x0653	0x3002      	MOVLW      2
0x0654	0x00FB      	MOVWF      R11
0x0655	0x3004      	MOVLW      4
0x0656	0x00FC      	MOVWF      R12
0x0657	0x30BA      	MOVLW      186
0x0658	0x00FD      	MOVWF      R13
L_main122:
0x0659	0x0BFD      	DECFSZ     R13, 1
0x065A	0x2E59      	GOTO       L_main122
0x065B	0x0BFC      	DECFSZ     R12, 1
0x065C	0x2E59      	GOTO       L_main122
0x065D	0x0BFB      	DECFSZ     R11, 1
0x065E	0x2E59      	GOTO       L_main122
0x065F	0x0000      	NOP
;MyProject.c,263 :: 		PORTB = 0b10000000; PORTD = 0b00000001;
0x0660	0x3080      	MOVLW      128
0x0661	0x0086      	MOVWF      PORTB
0x0662	0x3001      	MOVLW      1
0x0663	0x0088      	MOVWF      PORTD
;MyProject.c,264 :: 		Delay_ms(100);
0x0664	0x3002      	MOVLW      2
0x0665	0x00FB      	MOVWF      R11
0x0666	0x3004      	MOVLW      4
0x0667	0x00FC      	MOVWF      R12
0x0668	0x30BA      	MOVLW      186
0x0669	0x00FD      	MOVWF      R13
L_main123:
0x066A	0x0BFD      	DECFSZ     R13, 1
0x066B	0x2E6A      	GOTO       L_main123
0x066C	0x0BFC      	DECFSZ     R12, 1
0x066D	0x2E6A      	GOTO       L_main123
0x066E	0x0BFB      	DECFSZ     R11, 1
0x066F	0x2E6A      	GOTO       L_main123
0x0670	0x0000      	NOP
;MyProject.c,265 :: 		PORTB = 0b01000000; PORTD = 0b00000010;
0x0671	0x3040      	MOVLW      64
0x0672	0x0086      	MOVWF      PORTB
0x0673	0x3002      	MOVLW      2
0x0674	0x0088      	MOVWF      PORTD
;MyProject.c,266 :: 		Delay_ms(100);
0x0675	0x3002      	MOVLW      2
0x0676	0x00FB      	MOVWF      R11
0x0677	0x3004      	MOVLW      4
0x0678	0x00FC      	MOVWF      R12
0x0679	0x30BA      	MOVLW      186
0x067A	0x00FD      	MOVWF      R13
L_main124:
0x067B	0x0BFD      	DECFSZ     R13, 1
0x067C	0x2E7B      	GOTO       L_main124
0x067D	0x0BFC      	DECFSZ     R12, 1
0x067E	0x2E7B      	GOTO       L_main124
0x067F	0x0BFB      	DECFSZ     R11, 1
0x0680	0x2E7B      	GOTO       L_main124
0x0681	0x0000      	NOP
;MyProject.c,267 :: 		PORTB = 0b00100000; PORTD = 0b00000100;
0x0682	0x3020      	MOVLW      32
0x0683	0x0086      	MOVWF      PORTB
0x0684	0x3004      	MOVLW      4
0x0685	0x0088      	MOVWF      PORTD
;MyProject.c,268 :: 		Delay_ms(100);
0x0686	0x3002      	MOVLW      2
0x0687	0x00FB      	MOVWF      R11
0x0688	0x3004      	MOVLW      4
0x0689	0x00FC      	MOVWF      R12
0x068A	0x30BA      	MOVLW      186
0x068B	0x00FD      	MOVWF      R13
L_main125:
0x068C	0x0BFD      	DECFSZ     R13, 1
0x068D	0x2E8C      	GOTO       L_main125
0x068E	0x0BFC      	DECFSZ     R12, 1
0x068F	0x2E8C      	GOTO       L_main125
0x0690	0x0BFB      	DECFSZ     R11, 1
0x0691	0x2E8C      	GOTO       L_main125
0x0692	0x0000      	NOP
;MyProject.c,269 :: 		PORTB = 0b00010000; PORTD = 0b00001000;
0x0693	0x3010      	MOVLW      16
0x0694	0x0086      	MOVWF      PORTB
0x0695	0x3008      	MOVLW      8
0x0696	0x0088      	MOVWF      PORTD
;MyProject.c,270 :: 		Delay_ms(100);
0x0697	0x3002      	MOVLW      2
0x0698	0x00FB      	MOVWF      R11
0x0699	0x3004      	MOVLW      4
0x069A	0x00FC      	MOVWF      R12
0x069B	0x30BA      	MOVLW      186
0x069C	0x00FD      	MOVWF      R13
L_main126:
0x069D	0x0BFD      	DECFSZ     R13, 1
0x069E	0x2E9D      	GOTO       L_main126
0x069F	0x0BFC      	DECFSZ     R12, 1
0x06A0	0x2E9D      	GOTO       L_main126
0x06A1	0x0BFB      	DECFSZ     R11, 1
0x06A2	0x2E9D      	GOTO       L_main126
0x06A3	0x0000      	NOP
;MyProject.c,271 :: 		PORTB = 0b00001000; PORTD = 0b00010000;
0x06A4	0x3008      	MOVLW      8
0x06A5	0x0086      	MOVWF      PORTB
0x06A6	0x3010      	MOVLW      16
0x06A7	0x0088      	MOVWF      PORTD
;MyProject.c,272 :: 		Delay_ms(100);
0x06A8	0x3002      	MOVLW      2
0x06A9	0x00FB      	MOVWF      R11
0x06AA	0x3004      	MOVLW      4
0x06AB	0x00FC      	MOVWF      R12
0x06AC	0x30BA      	MOVLW      186
0x06AD	0x00FD      	MOVWF      R13
L_main127:
0x06AE	0x0BFD      	DECFSZ     R13, 1
0x06AF	0x2EAE      	GOTO       L_main127
0x06B0	0x0BFC      	DECFSZ     R12, 1
0x06B1	0x2EAE      	GOTO       L_main127
0x06B2	0x0BFB      	DECFSZ     R11, 1
0x06B3	0x2EAE      	GOTO       L_main127
0x06B4	0x0000      	NOP
;MyProject.c,273 :: 		PORTB = 0b00000100; PORTD = 0b00100000;
0x06B5	0x3004      	MOVLW      4
0x06B6	0x0086      	MOVWF      PORTB
0x06B7	0x3020      	MOVLW      32
0x06B8	0x0088      	MOVWF      PORTD
;MyProject.c,274 :: 		Delay_ms(100);
0x06B9	0x3002      	MOVLW      2
0x06BA	0x00FB      	MOVWF      R11
0x06BB	0x3004      	MOVLW      4
0x06BC	0x00FC      	MOVWF      R12
0x06BD	0x30BA      	MOVLW      186
0x06BE	0x00FD      	MOVWF      R13
L_main128:
0x06BF	0x0BFD      	DECFSZ     R13, 1
0x06C0	0x2EBF      	GOTO       L_main128
0x06C1	0x0BFC      	DECFSZ     R12, 1
0x06C2	0x2EBF      	GOTO       L_main128
0x06C3	0x0BFB      	DECFSZ     R11, 1
0x06C4	0x2EBF      	GOTO       L_main128
0x06C5	0x0000      	NOP
;MyProject.c,275 :: 		PORTB = 0b00000010; PORTD = 0b01000000;
0x06C6	0x3002      	MOVLW      2
0x06C7	0x0086      	MOVWF      PORTB
0x06C8	0x3040      	MOVLW      64
0x06C9	0x0088      	MOVWF      PORTD
;MyProject.c,276 :: 		Delay_ms(100);
0x06CA	0x3002      	MOVLW      2
0x06CB	0x00FB      	MOVWF      R11
0x06CC	0x3004      	MOVLW      4
0x06CD	0x00FC      	MOVWF      R12
0x06CE	0x30BA      	MOVLW      186
0x06CF	0x00FD      	MOVWF      R13
L_main129:
0x06D0	0x0BFD      	DECFSZ     R13, 1
0x06D1	0x2ED0      	GOTO       L_main129
0x06D2	0x0BFC      	DECFSZ     R12, 1
0x06D3	0x2ED0      	GOTO       L_main129
0x06D4	0x0BFB      	DECFSZ     R11, 1
0x06D5	0x2ED0      	GOTO       L_main129
0x06D6	0x0000      	NOP
;MyProject.c,277 :: 		PORTB = 0b00000001; PORTD = 0b10000000;
0x06D7	0x3001      	MOVLW      1
0x06D8	0x0086      	MOVWF      PORTB
0x06D9	0x3080      	MOVLW      128
0x06DA	0x0088      	MOVWF      PORTD
;MyProject.c,278 :: 		Delay_ms(100);
0x06DB	0x3002      	MOVLW      2
0x06DC	0x00FB      	MOVWF      R11
0x06DD	0x3004      	MOVLW      4
0x06DE	0x00FC      	MOVWF      R12
0x06DF	0x30BA      	MOVLW      186
0x06E0	0x00FD      	MOVWF      R13
L_main130:
0x06E1	0x0BFD      	DECFSZ     R13, 1
0x06E2	0x2EE1      	GOTO       L_main130
0x06E3	0x0BFC      	DECFSZ     R12, 1
0x06E4	0x2EE1      	GOTO       L_main130
0x06E5	0x0BFB      	DECFSZ     R11, 1
0x06E6	0x2EE1      	GOTO       L_main130
0x06E7	0x0000      	NOP
;MyProject.c,279 :: 		PORTB = 0b00000000; PORTD = 0b00000000;
0x06E8	0x0186      	CLRF       PORTB
0x06E9	0x0188      	CLRF       PORTD
;MyProject.c,280 :: 		Delay_ms(1);
0x06EA	0x3003      	MOVLW      3
0x06EB	0x00FC      	MOVWF      R12
0x06EC	0x3097      	MOVLW      151
0x06ED	0x00FD      	MOVWF      R13
L_main131:
0x06EE	0x0BFD      	DECFSZ     R13, 1
0x06EF	0x2EEE      	GOTO       L_main131
0x06F0	0x0BFC      	DECFSZ     R12, 1
0x06F1	0x2EEE      	GOTO       L_main131
0x06F2	0x0000      	NOP
0x06F3	0x0000      	NOP
;MyProject.c,281 :: 		}
L_main115:
;MyProject.c,283 :: 		if(PORTC==0b01000000){
0x06F4	0x0807      	MOVF       PORTC, 0
0x06F5	0x3A40      	XORLW      64
0x06F6	0x1D03      	BTFSS      STATUS, 2
0x06F7	0x2FE4      	GOTO       L_main132
;MyProject.c,284 :: 		PORTB = 0b10000000;
0x06F8	0x3080      	MOVLW      128
0x06F9	0x0086      	MOVWF      PORTB
;MyProject.c,285 :: 		Delay_ms(100);
0x06FA	0x3002      	MOVLW      2
0x06FB	0x00FB      	MOVWF      R11
0x06FC	0x3004      	MOVLW      4
0x06FD	0x00FC      	MOVWF      R12
0x06FE	0x30BA      	MOVLW      186
0x06FF	0x00FD      	MOVWF      R13
L_main133:
0x0700	0x0BFD      	DECFSZ     R13, 1
0x0701	0x2F00      	GOTO       L_main133
0x0702	0x0BFC      	DECFSZ     R12, 1
0x0703	0x2F00      	GOTO       L_main133
0x0704	0x0BFB      	DECFSZ     R11, 1
0x0705	0x2F00      	GOTO       L_main133
0x0706	0x0000      	NOP
;MyProject.c,286 :: 		PORTB = 0b11000000;
0x0707	0x30C0      	MOVLW      192
0x0708	0x0086      	MOVWF      PORTB
;MyProject.c,287 :: 		Delay_ms(100);
0x0709	0x3002      	MOVLW      2
0x070A	0x00FB      	MOVWF      R11
0x070B	0x3004      	MOVLW      4
0x070C	0x00FC      	MOVWF      R12
0x070D	0x30BA      	MOVLW      186
0x070E	0x00FD      	MOVWF      R13
L_main134:
0x070F	0x0BFD      	DECFSZ     R13, 1
0x0710	0x2F0F      	GOTO       L_main134
0x0711	0x0BFC      	DECFSZ     R12, 1
0x0712	0x2F0F      	GOTO       L_main134
0x0713	0x0BFB      	DECFSZ     R11, 1
0x0714	0x2F0F      	GOTO       L_main134
0x0715	0x0000      	NOP
;MyProject.c,288 :: 		PORTB = 0b11100000;
0x0716	0x30E0      	MOVLW      224
0x0717	0x0086      	MOVWF      PORTB
;MyProject.c,289 :: 		Delay_ms(100);
0x0718	0x3002      	MOVLW      2
0x0719	0x00FB      	MOVWF      R11
0x071A	0x3004      	MOVLW      4
0x071B	0x00FC      	MOVWF      R12
0x071C	0x30BA      	MOVLW      186
0x071D	0x00FD      	MOVWF      R13
L_main135:
0x071E	0x0BFD      	DECFSZ     R13, 1
0x071F	0x2F1E      	GOTO       L_main135
0x0720	0x0BFC      	DECFSZ     R12, 1
0x0721	0x2F1E      	GOTO       L_main135
0x0722	0x0BFB      	DECFSZ     R11, 1
0x0723	0x2F1E      	GOTO       L_main135
0x0724	0x0000      	NOP
;MyProject.c,290 :: 		PORTB = 0b11110000;
0x0725	0x30F0      	MOVLW      240
0x0726	0x0086      	MOVWF      PORTB
;MyProject.c,291 :: 		Delay_ms(100);
0x0727	0x3002      	MOVLW      2
0x0728	0x00FB      	MOVWF      R11
0x0729	0x3004      	MOVLW      4
0x072A	0x00FC      	MOVWF      R12
0x072B	0x30BA      	MOVLW      186
0x072C	0x00FD      	MOVWF      R13
L_main136:
0x072D	0x0BFD      	DECFSZ     R13, 1
0x072E	0x2F2D      	GOTO       L_main136
0x072F	0x0BFC      	DECFSZ     R12, 1
0x0730	0x2F2D      	GOTO       L_main136
0x0731	0x0BFB      	DECFSZ     R11, 1
0x0732	0x2F2D      	GOTO       L_main136
0x0733	0x0000      	NOP
;MyProject.c,292 :: 		PORTB = 0b11111000;
0x0734	0x30F8      	MOVLW      248
0x0735	0x0086      	MOVWF      PORTB
;MyProject.c,293 :: 		Delay_ms(100);
0x0736	0x3002      	MOVLW      2
0x0737	0x00FB      	MOVWF      R11
0x0738	0x3004      	MOVLW      4
0x0739	0x00FC      	MOVWF      R12
0x073A	0x30BA      	MOVLW      186
0x073B	0x00FD      	MOVWF      R13
L_main137:
0x073C	0x0BFD      	DECFSZ     R13, 1
0x073D	0x2F3C      	GOTO       L_main137
0x073E	0x0BFC      	DECFSZ     R12, 1
0x073F	0x2F3C      	GOTO       L_main137
0x0740	0x0BFB      	DECFSZ     R11, 1
0x0741	0x2F3C      	GOTO       L_main137
0x0742	0x0000      	NOP
;MyProject.c,294 :: 		PORTB = 0b11111100;
0x0743	0x30FC      	MOVLW      252
0x0744	0x0086      	MOVWF      PORTB
;MyProject.c,295 :: 		Delay_ms(100);
0x0745	0x3002      	MOVLW      2
0x0746	0x00FB      	MOVWF      R11
0x0747	0x3004      	MOVLW      4
0x0748	0x00FC      	MOVWF      R12
0x0749	0x30BA      	MOVLW      186
0x074A	0x00FD      	MOVWF      R13
L_main138:
0x074B	0x0BFD      	DECFSZ     R13, 1
0x074C	0x2F4B      	GOTO       L_main138
0x074D	0x0BFC      	DECFSZ     R12, 1
0x074E	0x2F4B      	GOTO       L_main138
0x074F	0x0BFB      	DECFSZ     R11, 1
0x0750	0x2F4B      	GOTO       L_main138
0x0751	0x0000      	NOP
;MyProject.c,296 :: 		PORTB = 0b11111110;
0x0752	0x30FE      	MOVLW      254
0x0753	0x0086      	MOVWF      PORTB
;MyProject.c,297 :: 		Delay_ms(100);
0x0754	0x3002      	MOVLW      2
0x0755	0x00FB      	MOVWF      R11
0x0756	0x3004      	MOVLW      4
0x0757	0x00FC      	MOVWF      R12
0x0758	0x30BA      	MOVLW      186
0x0759	0x00FD      	MOVWF      R13
L_main139:
0x075A	0x0BFD      	DECFSZ     R13, 1
0x075B	0x2F5A      	GOTO       L_main139
0x075C	0x0BFC      	DECFSZ     R12, 1
0x075D	0x2F5A      	GOTO       L_main139
0x075E	0x0BFB      	DECFSZ     R11, 1
0x075F	0x2F5A      	GOTO       L_main139
0x0760	0x0000      	NOP
;MyProject.c,298 :: 		PORTB = 0b11111111;
0x0761	0x30FF      	MOVLW      255
0x0762	0x0086      	MOVWF      PORTB
;MyProject.c,299 :: 		Delay_ms(100);
0x0763	0x3002      	MOVLW      2
0x0764	0x00FB      	MOVWF      R11
0x0765	0x3004      	MOVLW      4
0x0766	0x00FC      	MOVWF      R12
0x0767	0x30BA      	MOVLW      186
0x0768	0x00FD      	MOVWF      R13
L_main140:
0x0769	0x0BFD      	DECFSZ     R13, 1
0x076A	0x2F69      	GOTO       L_main140
0x076B	0x0BFC      	DECFSZ     R12, 1
0x076C	0x2F69      	GOTO       L_main140
0x076D	0x0BFB      	DECFSZ     R11, 1
0x076E	0x2F69      	GOTO       L_main140
0x076F	0x0000      	NOP
;MyProject.c,300 :: 		PORTB = 0b01111111;
0x0770	0x307F      	MOVLW      127
0x0771	0x0086      	MOVWF      PORTB
;MyProject.c,301 :: 		Delay_ms(100);
0x0772	0x3002      	MOVLW      2
0x0773	0x00FB      	MOVWF      R11
0x0774	0x3004      	MOVLW      4
0x0775	0x00FC      	MOVWF      R12
0x0776	0x30BA      	MOVLW      186
0x0777	0x00FD      	MOVWF      R13
L_main141:
0x0778	0x0BFD      	DECFSZ     R13, 1
0x0779	0x2F78      	GOTO       L_main141
0x077A	0x0BFC      	DECFSZ     R12, 1
0x077B	0x2F78      	GOTO       L_main141
0x077C	0x0BFB      	DECFSZ     R11, 1
0x077D	0x2F78      	GOTO       L_main141
0x077E	0x0000      	NOP
;MyProject.c,302 :: 		PORTB = 0b00111111;
0x077F	0x303F      	MOVLW      63
0x0780	0x0086      	MOVWF      PORTB
;MyProject.c,303 :: 		Delay_ms(100);
0x0781	0x3002      	MOVLW      2
0x0782	0x00FB      	MOVWF      R11
0x0783	0x3004      	MOVLW      4
0x0784	0x00FC      	MOVWF      R12
0x0785	0x30BA      	MOVLW      186
0x0786	0x00FD      	MOVWF      R13
L_main142:
0x0787	0x0BFD      	DECFSZ     R13, 1
0x0788	0x2F87      	GOTO       L_main142
0x0789	0x0BFC      	DECFSZ     R12, 1
0x078A	0x2F87      	GOTO       L_main142
0x078B	0x0BFB      	DECFSZ     R11, 1
0x078C	0x2F87      	GOTO       L_main142
0x078D	0x0000      	NOP
;MyProject.c,304 :: 		PORTB = 0b00011111;
0x078E	0x301F      	MOVLW      31
0x078F	0x0086      	MOVWF      PORTB
;MyProject.c,305 :: 		Delay_ms(100);
0x0790	0x3002      	MOVLW      2
0x0791	0x00FB      	MOVWF      R11
0x0792	0x3004      	MOVLW      4
0x0793	0x00FC      	MOVWF      R12
0x0794	0x30BA      	MOVLW      186
0x0795	0x00FD      	MOVWF      R13
L_main143:
0x0796	0x0BFD      	DECFSZ     R13, 1
0x0797	0x2F96      	GOTO       L_main143
0x0798	0x0BFC      	DECFSZ     R12, 1
0x0799	0x2F96      	GOTO       L_main143
0x079A	0x0BFB      	DECFSZ     R11, 1
0x079B	0x2F96      	GOTO       L_main143
0x079C	0x0000      	NOP
;MyProject.c,306 :: 		PORTB = 0b00001111;
0x079D	0x300F      	MOVLW      15
0x079E	0x0086      	MOVWF      PORTB
;MyProject.c,307 :: 		Delay_ms(100);
0x079F	0x3002      	MOVLW      2
0x07A0	0x00FB      	MOVWF      R11
0x07A1	0x3004      	MOVLW      4
0x07A2	0x00FC      	MOVWF      R12
0x07A3	0x30BA      	MOVLW      186
0x07A4	0x00FD      	MOVWF      R13
L_main144:
0x07A5	0x0BFD      	DECFSZ     R13, 1
0x07A6	0x2FA5      	GOTO       L_main144
0x07A7	0x0BFC      	DECFSZ     R12, 1
0x07A8	0x2FA5      	GOTO       L_main144
0x07A9	0x0BFB      	DECFSZ     R11, 1
0x07AA	0x2FA5      	GOTO       L_main144
0x07AB	0x0000      	NOP
;MyProject.c,308 :: 		PORTB = 0b00000111;
0x07AC	0x3007      	MOVLW      7
0x07AD	0x0086      	MOVWF      PORTB
;MyProject.c,309 :: 		Delay_ms(100);
0x07AE	0x3002      	MOVLW      2
0x07AF	0x00FB      	MOVWF      R11
0x07B0	0x3004      	MOVLW      4
0x07B1	0x00FC      	MOVWF      R12
0x07B2	0x30BA      	MOVLW      186
0x07B3	0x00FD      	MOVWF      R13
L_main145:
0x07B4	0x0BFD      	DECFSZ     R13, 1
0x07B5	0x2FB4      	GOTO       L_main145
0x07B6	0x0BFC      	DECFSZ     R12, 1
0x07B7	0x2FB4      	GOTO       L_main145
0x07B8	0x0BFB      	DECFSZ     R11, 1
0x07B9	0x2FB4      	GOTO       L_main145
0x07BA	0x0000      	NOP
;MyProject.c,310 :: 		PORTB = 0b00000011;
0x07BB	0x3003      	MOVLW      3
0x07BC	0x0086      	MOVWF      PORTB
;MyProject.c,311 :: 		Delay_ms(100);
0x07BD	0x3002      	MOVLW      2
0x07BE	0x00FB      	MOVWF      R11
0x07BF	0x3004      	MOVLW      4
0x07C0	0x00FC      	MOVWF      R12
0x07C1	0x30BA      	MOVLW      186
0x07C2	0x00FD      	MOVWF      R13
L_main146:
0x07C3	0x0BFD      	DECFSZ     R13, 1
0x07C4	0x2FC3      	GOTO       L_main146
0x07C5	0x0BFC      	DECFSZ     R12, 1
0x07C6	0x2FC3      	GOTO       L_main146
0x07C7	0x0BFB      	DECFSZ     R11, 1
0x07C8	0x2FC3      	GOTO       L_main146
0x07C9	0x0000      	NOP
;MyProject.c,312 :: 		PORTB = 0b00000001;
0x07CA	0x3001      	MOVLW      1
0x07CB	0x0086      	MOVWF      PORTB
;MyProject.c,313 :: 		Delay_ms(100);
0x07CC	0x3002      	MOVLW      2
0x07CD	0x00FB      	MOVWF      R11
0x07CE	0x3004      	MOVLW      4
0x07CF	0x00FC      	MOVWF      R12
0x07D0	0x30BA      	MOVLW      186
0x07D1	0x00FD      	MOVWF      R13
L_main147:
0x07D2	0x0BFD      	DECFSZ     R13, 1
0x07D3	0x2FD2      	GOTO       L_main147
0x07D4	0x0BFC      	DECFSZ     R12, 1
0x07D5	0x2FD2      	GOTO       L_main147
0x07D6	0x0BFB      	DECFSZ     R11, 1
0x07D7	0x2FD2      	GOTO       L_main147
0x07D8	0x0000      	NOP
;MyProject.c,314 :: 		PORTB = 0b00000000;
0x07D9	0x0186      	CLRF       PORTB
;MyProject.c,315 :: 		Delay_ms(1);
0x07DA	0x3003      	MOVLW      3
0x07DB	0x00FC      	MOVWF      R12
0x07DC	0x3097      	MOVLW      151
0x07DD	0x00FD      	MOVWF      R13
L_main148:
0x07DE	0x0BFD      	DECFSZ     R13, 1
0x07DF	0x2FDE      	GOTO       L_main148
0x07E0	0x0BFC      	DECFSZ     R12, 1
0x07E1	0x2FDE      	GOTO       L_main148
0x07E2	0x0000      	NOP
0x07E3	0x0000      	NOP
;MyProject.c,316 :: 		}
L_main132:
;MyProject.c,318 :: 		}
0x07E4	0x2870      	GOTO       L_main8
;MyProject.c,319 :: 		}
L_end_main:
0x07E5	0x2FE5      	GOTO       $+0
; end of _main
Symbol List:
//** Routines locations **
//ADDRESS    SIZE    PROCEDURE
//----------------------------------------------
0x0003       [7]    _____DoICP
0x000A      [12]    ___CC2DW
0x0016    [2000]    _main
//** Variables locations ** 
//ADDRESS    SIZE    VARIABLE
//----------------------------------------------
0x0000       [1]    INDF
0x0002       [1]    PCL
0x0003       [1]    STATUS
0x0004       [1]    FSR
0x0006       [1]    PORTB
0x0007       [1]    PORTC
0x0008       [1]    PORTD
0x000A       [1]    PCLATH
0x0020       [2]    ___DoICPAddr
0x0070       [1]    R0
0x0071       [1]    R1
0x0072       [1]    R2
0x0073       [1]    R3
0x0074       [1]    R4
0x0075       [1]    R5
0x0076       [1]    R6
0x0077       [1]    R7
0x0078       [1]    R8
0x0079       [1]    R9
0x007A       [1]    R10
0x007B       [1]    R11
0x007C       [1]    R12
0x007D       [1]    R13
0x007E       [1]    R14
0x007F       [1]    R15
0x0086       [1]    TRISB
0x0087       [1]    TRISC
0x0088       [1]    TRISD
//** Label List: ** 
//----------------------------------------------
  L_main0
  L_main1
  L_main2
  L_main3
  L_main4
  L_main5
  L_main6
  L_main7
  L_main8
  L_main9
  L_main10
  L_main11
  L_main12
  L_main13
  L_main14
  L_main15
  L_main16
  L_main17
  L_main18
  L_main19
  L_main20
  L_main21
  L_main22
  L_main23
  L_main24
  L_main25
  L_main26
  L_main27
  L_main28
  L_main29
  L_main30
  L_main31
  L_main32
  L_main33
  L_main34
  L_main35
  L_main36
  L_main37
  L_main38
  L_main39
  L_main40
  L_main41
  L_main42
  L_main43
  L_main44
  L_main45
  L_main46
  L_main47
  L_main48
  L_main49
  L_main50
  L_main51
  L_main52
  L_main53
  L_main54
  L_main55
  L_main56
  L_main57
  L_main58
  L_main59
  L_main60
  L_main61
  L_main62
  L_main63
  L_main64
  L_main65
  L_main66
  L_main67
  L_main68
  L_main69
  L_main70
  L_main71
  L_main72
  L_main73
  L_main74
  L_main75
  L_main76
  L_main77
  L_main78
  L_main79
  L_main80
  L_main81
  L_main82
  L_main83
  L_main84
  L_main85
  L_main86
  L_main87
  L_main88
  L_main89
  L_main90
  L_main91
  L_main92
  L_main93
  L_main94
  L_main95
  L_main96
  L_main97
  L_main98
  L_main99
  L_main100
  L_main101
  L_main102
  L_main103
  L_main104
  L_main105
  L_main106
  L_main107
  L_main108
  L_main109
  L_main110
  L_main111
  L_main112
  L_main113
  L_main114
  L_main115
  L_main116
  L_main117
  L_main118
  L_main119
  L_main120
  L_main121
  L_main122
  L_main123
  L_main124
  L_main125
  L_main126
  L_main127
  L_main128
  L_main129
  L_main130
  L_main131
  L_main132
  L_main133
  L_main134
  L_main135
  L_main136
  L_main137
  L_main138
  L_main139
  L_main140
  L_main141
  L_main142
  L_main143
  L_main144
  L_main145
  L_main146
  L_main147
  L_main148
  L_end_main
  _main
  L_loopCA2AWs
  L_CA2AWend
  _CCA2AW_Loop1
  L_loopCS2Ss
  L_CS2Send
  _CCS2S_Loop1
  L_CCS2Send
  L_loopFZinSWs
  L_FZinSend
  _CC2D_Loop1
  L_end_____DoICP
  _____DoICP
  L_end_____DoIFC
  _____DoIFC
  L_end___CA2AW
  ___CA2AW
  L_end___CCA2AW
  ___CCA2AW
  L_end___CS2S
  ___CS2S
  L_end___CCS2S
  ___CCS2S
  L_end___FZinS
  ___FZinS
  L_end___CC2DW
  ___CC2DW
  L_end_Swap
  _Swap
