;  LST file generated by mikroListExporter - v.2.0 
; Date/Time: 7/23/2014 7:54:52 PM
;----------------------------------------------

;Address Opcode 	ASM
0x0000	0x2816      	GOTO       22
_____DoICP:
;__Lib_System.c,6 :: 		
;__Lib_System.c,9 :: 		
0x0003	0x1283      	BCF        STATUS, 5
0x0004	0x1303      	BCF        STATUS, 6
0x0005	0x0823      	MOVF       ___DoICPAddr+1, 0
0x0006	0x008A      	MOVWF      PCLATH
;__Lib_System.c,10 :: 		
0x0007	0x0822      	MOVF       ___DoICPAddr, 0
0x0008	0x0082      	MOVWF      PCL
;__Lib_System.c,12 :: 		
L_end_____DoICP:
0x0009	0x0008      	RETURN
; end of _____DoICP
___CC2DW:
;__Lib_System.c,134 :: 		
;__Lib_System.c,137 :: 		
_CC2D_Loop1:
;__Lib_System.c,139 :: 		
0x000A	0x2003      	CALL       _____DoICP
0x000B	0x118A      	BCF        PCLATH, 3
0x000C	0x120A      	BCF        PCLATH, 4
;__Lib_System.c,141 :: 		
0x000D	0x0080      	MOVWF      INDF
;__Lib_System.c,142 :: 		
0x000E	0x0A84      	INCF       FSR, 1
;__Lib_System.c,143 :: 		
0x000F	0x0AA2      	INCF       ___DoICPAddr, 1
;__Lib_System.c,145 :: 		
0x0010	0x1903      	BTFSC      STATUS, 2
;__Lib_System.c,146 :: 		
0x0011	0x0AA3      	INCF       ___DoICPAddr+1, 1
;__Lib_System.c,147 :: 		
0x0012	0x03F0      	DECF       R0, 1
;__Lib_System.c,149 :: 		
0x0013	0x1D03      	BTFSS      STATUS, 2
;__Lib_System.c,150 :: 		
0x0014	0x280A      	GOTO       _CC2D_Loop1
;__Lib_System.c,152 :: 		
L_end___CC2DW:
0x0015	0x0008      	RETURN
; end of ___CC2DW
_main:
0x0016	0x1283      	BCF        STATUS, 5
0x0017	0x1303      	BCF        STATUS, 6
0x0018	0x01A0      	CLRF       _i
0x0019	0x01A1      	CLRF       33
;MyProject.c,2 :: 		void main() {
;MyProject.c,3 :: 		TRISB = 0b00000000;
0x001A	0x1683      	BSF        STATUS, 5
0x001B	0x0186      	CLRF       TRISB
;MyProject.c,4 :: 		PORTB = 0b00000000;
0x001C	0x1283      	BCF        STATUS, 5
0x001D	0x0186      	CLRF       PORTB
;MyProject.c,5 :: 		TRISD = 0b00000000;
0x001E	0x1683      	BSF        STATUS, 5
0x001F	0x0188      	CLRF       TRISD
;MyProject.c,6 :: 		PORTD = 0b00000000;
0x0020	0x1283      	BCF        STATUS, 5
0x0021	0x0188      	CLRF       PORTD
;MyProject.c,8 :: 		while(1){
L_main0:
;MyProject.c,9 :: 		PORTB = 0b11111111;
0x0022	0x30FF      	MOVLW      255
0x0023	0x0086      	MOVWF      PORTB
;MyProject.c,10 :: 		Delay_ms(150);
0x0024	0x3002      	MOVLW      2
0x0025	0x00FB      	MOVWF      R11
0x0026	0x3086      	MOVLW      134
0x0027	0x00FC      	MOVWF      R12
0x0028	0x3099      	MOVLW      153
0x0029	0x00FD      	MOVWF      R13
L_main2:
0x002A	0x0BFD      	DECFSZ     R13, 1
0x002B	0x282A      	GOTO       L_main2
0x002C	0x0BFC      	DECFSZ     R12, 1
0x002D	0x282A      	GOTO       L_main2
0x002E	0x0BFB      	DECFSZ     R11, 1
0x002F	0x282A      	GOTO       L_main2
;MyProject.c,11 :: 		PORTB = 0b00000000;
0x0030	0x0186      	CLRF       PORTB
;MyProject.c,12 :: 		Delay_ms(100);
0x0031	0x3002      	MOVLW      2
0x0032	0x00FB      	MOVWF      R11
0x0033	0x3004      	MOVLW      4
0x0034	0x00FC      	MOVWF      R12
0x0035	0x30BA      	MOVLW      186
0x0036	0x00FD      	MOVWF      R13
L_main3:
0x0037	0x0BFD      	DECFSZ     R13, 1
0x0038	0x2837      	GOTO       L_main3
0x0039	0x0BFC      	DECFSZ     R12, 1
0x003A	0x2837      	GOTO       L_main3
0x003B	0x0BFB      	DECFSZ     R11, 1
0x003C	0x2837      	GOTO       L_main3
0x003D	0x0000      	NOP
;MyProject.c,13 :: 		PORTD = 0b11111111;
0x003E	0x30FF      	MOVLW      255
0x003F	0x0088      	MOVWF      PORTD
;MyProject.c,14 :: 		Delay_ms(150);
0x0040	0x3002      	MOVLW      2
0x0041	0x00FB      	MOVWF      R11
0x0042	0x3086      	MOVLW      134
0x0043	0x00FC      	MOVWF      R12
0x0044	0x3099      	MOVLW      153
0x0045	0x00FD      	MOVWF      R13
L_main4:
0x0046	0x0BFD      	DECFSZ     R13, 1
0x0047	0x2846      	GOTO       L_main4
0x0048	0x0BFC      	DECFSZ     R12, 1
0x0049	0x2846      	GOTO       L_main4
0x004A	0x0BFB      	DECFSZ     R11, 1
0x004B	0x2846      	GOTO       L_main4
;MyProject.c,15 :: 		PORTD = 0b00000000;
0x004C	0x0188      	CLRF       PORTD
;MyProject.c,16 :: 		Delay_ms(200);
0x004D	0x3003      	MOVLW      3
0x004E	0x00FB      	MOVWF      R11
0x004F	0x3008      	MOVLW      8
0x0050	0x00FC      	MOVWF      R12
0x0051	0x3077      	MOVLW      119
0x0052	0x00FD      	MOVWF      R13
L_main5:
0x0053	0x0BFD      	DECFSZ     R13, 1
0x0054	0x2853      	GOTO       L_main5
0x0055	0x0BFC      	DECFSZ     R12, 1
0x0056	0x2853      	GOTO       L_main5
0x0057	0x0BFB      	DECFSZ     R11, 1
0x0058	0x2853      	GOTO       L_main5
;MyProject.c,17 :: 		PORTB = 0b00000001; PORTD = 0b00000000;
0x0059	0x3001      	MOVLW      1
0x005A	0x0086      	MOVWF      PORTB
0x005B	0x0188      	CLRF       PORTD
;MyProject.c,18 :: 		Delay_ms(200);
0x005C	0x3003      	MOVLW      3
0x005D	0x00FB      	MOVWF      R11
0x005E	0x3008      	MOVLW      8
0x005F	0x00FC      	MOVWF      R12
0x0060	0x3077      	MOVLW      119
0x0061	0x00FD      	MOVWF      R13
L_main6:
0x0062	0x0BFD      	DECFSZ     R13, 1
0x0063	0x2862      	GOTO       L_main6
0x0064	0x0BFC      	DECFSZ     R12, 1
0x0065	0x2862      	GOTO       L_main6
0x0066	0x0BFB      	DECFSZ     R11, 1
0x0067	0x2862      	GOTO       L_main6
;MyProject.c,19 :: 		PORTB = 0b00000000; PORTD = 0b00000010;
0x0068	0x0186      	CLRF       PORTB
0x0069	0x3002      	MOVLW      2
0x006A	0x0088      	MOVWF      PORTD
;MyProject.c,20 :: 		Delay_ms(200);
0x006B	0x3003      	MOVLW      3
0x006C	0x00FB      	MOVWF      R11
0x006D	0x3008      	MOVLW      8
0x006E	0x00FC      	MOVWF      R12
0x006F	0x3077      	MOVLW      119
0x0070	0x00FD      	MOVWF      R13
L_main7:
0x0071	0x0BFD      	DECFSZ     R13, 1
0x0072	0x2871      	GOTO       L_main7
0x0073	0x0BFC      	DECFSZ     R12, 1
0x0074	0x2871      	GOTO       L_main7
0x0075	0x0BFB      	DECFSZ     R11, 1
0x0076	0x2871      	GOTO       L_main7
;MyProject.c,21 :: 		PORTD = 0b00000000; PORTB = 0b00000100;
0x0077	0x0188      	CLRF       PORTD
0x0078	0x3004      	MOVLW      4
0x0079	0x0086      	MOVWF      PORTB
;MyProject.c,22 :: 		Delay_ms(200);
0x007A	0x3003      	MOVLW      3
0x007B	0x00FB      	MOVWF      R11
0x007C	0x3008      	MOVLW      8
0x007D	0x00FC      	MOVWF      R12
0x007E	0x3077      	MOVLW      119
0x007F	0x00FD      	MOVWF      R13
L_main8:
0x0080	0x0BFD      	DECFSZ     R13, 1
0x0081	0x2880      	GOTO       L_main8
0x0082	0x0BFC      	DECFSZ     R12, 1
0x0083	0x2880      	GOTO       L_main8
0x0084	0x0BFB      	DECFSZ     R11, 1
0x0085	0x2880      	GOTO       L_main8
;MyProject.c,23 :: 		PORTB = 0b00000000; PORTD = 0b00001000;
0x0086	0x0186      	CLRF       PORTB
0x0087	0x3008      	MOVLW      8
0x0088	0x0088      	MOVWF      PORTD
;MyProject.c,24 :: 		Delay_ms(200);
0x0089	0x3003      	MOVLW      3
0x008A	0x00FB      	MOVWF      R11
0x008B	0x3008      	MOVLW      8
0x008C	0x00FC      	MOVWF      R12
0x008D	0x3077      	MOVLW      119
0x008E	0x00FD      	MOVWF      R13
L_main9:
0x008F	0x0BFD      	DECFSZ     R13, 1
0x0090	0x288F      	GOTO       L_main9
0x0091	0x0BFC      	DECFSZ     R12, 1
0x0092	0x288F      	GOTO       L_main9
0x0093	0x0BFB      	DECFSZ     R11, 1
0x0094	0x288F      	GOTO       L_main9
;MyProject.c,25 :: 		PORTD = 0b00000000; PORTB = 0b00010000;
0x0095	0x0188      	CLRF       PORTD
0x0096	0x3010      	MOVLW      16
0x0097	0x0086      	MOVWF      PORTB
;MyProject.c,26 :: 		Delay_ms(200);
0x0098	0x3003      	MOVLW      3
0x0099	0x00FB      	MOVWF      R11
0x009A	0x3008      	MOVLW      8
0x009B	0x00FC      	MOVWF      R12
0x009C	0x3077      	MOVLW      119
0x009D	0x00FD      	MOVWF      R13
L_main10:
0x009E	0x0BFD      	DECFSZ     R13, 1
0x009F	0x289E      	GOTO       L_main10
0x00A0	0x0BFC      	DECFSZ     R12, 1
0x00A1	0x289E      	GOTO       L_main10
0x00A2	0x0BFB      	DECFSZ     R11, 1
0x00A3	0x289E      	GOTO       L_main10
;MyProject.c,27 :: 		PORTB = 0b00000000; PORTD = 0b00100000;
0x00A4	0x0186      	CLRF       PORTB
0x00A5	0x3020      	MOVLW      32
0x00A6	0x0088      	MOVWF      PORTD
;MyProject.c,28 :: 		Delay_ms(200);
0x00A7	0x3003      	MOVLW      3
0x00A8	0x00FB      	MOVWF      R11
0x00A9	0x3008      	MOVLW      8
0x00AA	0x00FC      	MOVWF      R12
0x00AB	0x3077      	MOVLW      119
0x00AC	0x00FD      	MOVWF      R13
L_main11:
0x00AD	0x0BFD      	DECFSZ     R13, 1
0x00AE	0x28AD      	GOTO       L_main11
0x00AF	0x0BFC      	DECFSZ     R12, 1
0x00B0	0x28AD      	GOTO       L_main11
0x00B1	0x0BFB      	DECFSZ     R11, 1
0x00B2	0x28AD      	GOTO       L_main11
;MyProject.c,29 :: 		PORTD = 0b00000000; PORTB = 0b01000000;
0x00B3	0x0188      	CLRF       PORTD
0x00B4	0x3040      	MOVLW      64
0x00B5	0x0086      	MOVWF      PORTB
;MyProject.c,30 :: 		Delay_ms(200);
0x00B6	0x3003      	MOVLW      3
0x00B7	0x00FB      	MOVWF      R11
0x00B8	0x3008      	MOVLW      8
0x00B9	0x00FC      	MOVWF      R12
0x00BA	0x3077      	MOVLW      119
0x00BB	0x00FD      	MOVWF      R13
L_main12:
0x00BC	0x0BFD      	DECFSZ     R13, 1
0x00BD	0x28BC      	GOTO       L_main12
0x00BE	0x0BFC      	DECFSZ     R12, 1
0x00BF	0x28BC      	GOTO       L_main12
0x00C0	0x0BFB      	DECFSZ     R11, 1
0x00C1	0x28BC      	GOTO       L_main12
;MyProject.c,31 :: 		PORTB = 0b00000000; PORTD = 0b10000000;
0x00C2	0x0186      	CLRF       PORTB
0x00C3	0x3080      	MOVLW      128
0x00C4	0x0088      	MOVWF      PORTD
;MyProject.c,32 :: 		Delay_ms(200);
0x00C5	0x3003      	MOVLW      3
0x00C6	0x00FB      	MOVWF      R11
0x00C7	0x3008      	MOVLW      8
0x00C8	0x00FC      	MOVWF      R12
0x00C9	0x3077      	MOVLW      119
0x00CA	0x00FD      	MOVWF      R13
L_main13:
0x00CB	0x0BFD      	DECFSZ     R13, 1
0x00CC	0x28CB      	GOTO       L_main13
0x00CD	0x0BFC      	DECFSZ     R12, 1
0x00CE	0x28CB      	GOTO       L_main13
0x00CF	0x0BFB      	DECFSZ     R11, 1
0x00D0	0x28CB      	GOTO       L_main13
;MyProject.c,33 :: 		PORTD = 0b00000000; PORTB = 0b10000000;
0x00D1	0x0188      	CLRF       PORTD
0x00D2	0x3080      	MOVLW      128
0x00D3	0x0086      	MOVWF      PORTB
;MyProject.c,34 :: 		Delay_ms(200);
0x00D4	0x3003      	MOVLW      3
0x00D5	0x00FB      	MOVWF      R11
0x00D6	0x3008      	MOVLW      8
0x00D7	0x00FC      	MOVWF      R12
0x00D8	0x3077      	MOVLW      119
0x00D9	0x00FD      	MOVWF      R13
L_main14:
0x00DA	0x0BFD      	DECFSZ     R13, 1
0x00DB	0x28DA      	GOTO       L_main14
0x00DC	0x0BFC      	DECFSZ     R12, 1
0x00DD	0x28DA      	GOTO       L_main14
0x00DE	0x0BFB      	DECFSZ     R11, 1
0x00DF	0x28DA      	GOTO       L_main14
;MyProject.c,35 :: 		PORTB = 0b00000000; PORTD = 0b01000000;
0x00E0	0x0186      	CLRF       PORTB
0x00E1	0x3040      	MOVLW      64
0x00E2	0x0088      	MOVWF      PORTD
;MyProject.c,36 :: 		Delay_ms(200);
0x00E3	0x3003      	MOVLW      3
0x00E4	0x00FB      	MOVWF      R11
0x00E5	0x3008      	MOVLW      8
0x00E6	0x00FC      	MOVWF      R12
0x00E7	0x3077      	MOVLW      119
0x00E8	0x00FD      	MOVWF      R13
L_main15:
0x00E9	0x0BFD      	DECFSZ     R13, 1
0x00EA	0x28E9      	GOTO       L_main15
0x00EB	0x0BFC      	DECFSZ     R12, 1
0x00EC	0x28E9      	GOTO       L_main15
0x00ED	0x0BFB      	DECFSZ     R11, 1
0x00EE	0x28E9      	GOTO       L_main15
;MyProject.c,37 :: 		PORTD = 0b00000000; PORTB = 0b00100000;
0x00EF	0x0188      	CLRF       PORTD
0x00F0	0x3020      	MOVLW      32
0x00F1	0x0086      	MOVWF      PORTB
;MyProject.c,38 :: 		Delay_ms(200);
0x00F2	0x3003      	MOVLW      3
0x00F3	0x00FB      	MOVWF      R11
0x00F4	0x3008      	MOVLW      8
0x00F5	0x00FC      	MOVWF      R12
0x00F6	0x3077      	MOVLW      119
0x00F7	0x00FD      	MOVWF      R13
L_main16:
0x00F8	0x0BFD      	DECFSZ     R13, 1
0x00F9	0x28F8      	GOTO       L_main16
0x00FA	0x0BFC      	DECFSZ     R12, 1
0x00FB	0x28F8      	GOTO       L_main16
0x00FC	0x0BFB      	DECFSZ     R11, 1
0x00FD	0x28F8      	GOTO       L_main16
;MyProject.c,39 :: 		PORTB = 0b00000000; PORTD = 0b00010000;
0x00FE	0x0186      	CLRF       PORTB
0x00FF	0x3010      	MOVLW      16
0x0100	0x0088      	MOVWF      PORTD
;MyProject.c,40 :: 		Delay_ms(200);
0x0101	0x3003      	MOVLW      3
0x0102	0x00FB      	MOVWF      R11
0x0103	0x3008      	MOVLW      8
0x0104	0x00FC      	MOVWF      R12
0x0105	0x3077      	MOVLW      119
0x0106	0x00FD      	MOVWF      R13
L_main17:
0x0107	0x0BFD      	DECFSZ     R13, 1
0x0108	0x2907      	GOTO       L_main17
0x0109	0x0BFC      	DECFSZ     R12, 1
0x010A	0x2907      	GOTO       L_main17
0x010B	0x0BFB      	DECFSZ     R11, 1
0x010C	0x2907      	GOTO       L_main17
;MyProject.c,41 :: 		PORTD = 0b00000000; PORTB = 0b00001000;
0x010D	0x0188      	CLRF       PORTD
0x010E	0x3008      	MOVLW      8
0x010F	0x0086      	MOVWF      PORTB
;MyProject.c,42 :: 		Delay_ms(200);
0x0110	0x3003      	MOVLW      3
0x0111	0x00FB      	MOVWF      R11
0x0112	0x3008      	MOVLW      8
0x0113	0x00FC      	MOVWF      R12
0x0114	0x3077      	MOVLW      119
0x0115	0x00FD      	MOVWF      R13
L_main18:
0x0116	0x0BFD      	DECFSZ     R13, 1
0x0117	0x2916      	GOTO       L_main18
0x0118	0x0BFC      	DECFSZ     R12, 1
0x0119	0x2916      	GOTO       L_main18
0x011A	0x0BFB      	DECFSZ     R11, 1
0x011B	0x2916      	GOTO       L_main18
;MyProject.c,43 :: 		PORTB = 0b00000000; PORTD = 0b00000100;
0x011C	0x0186      	CLRF       PORTB
0x011D	0x3004      	MOVLW      4
0x011E	0x0088      	MOVWF      PORTD
;MyProject.c,44 :: 		Delay_ms(200);
0x011F	0x3003      	MOVLW      3
0x0120	0x00FB      	MOVWF      R11
0x0121	0x3008      	MOVLW      8
0x0122	0x00FC      	MOVWF      R12
0x0123	0x3077      	MOVLW      119
0x0124	0x00FD      	MOVWF      R13
L_main19:
0x0125	0x0BFD      	DECFSZ     R13, 1
0x0126	0x2925      	GOTO       L_main19
0x0127	0x0BFC      	DECFSZ     R12, 1
0x0128	0x2925      	GOTO       L_main19
0x0129	0x0BFB      	DECFSZ     R11, 1
0x012A	0x2925      	GOTO       L_main19
;MyProject.c,45 :: 		PORTD = 0b00000000; PORTB = 0b00000010;
0x012B	0x0188      	CLRF       PORTD
0x012C	0x3002      	MOVLW      2
0x012D	0x0086      	MOVWF      PORTB
;MyProject.c,46 :: 		Delay_ms(200);
0x012E	0x3003      	MOVLW      3
0x012F	0x00FB      	MOVWF      R11
0x0130	0x3008      	MOVLW      8
0x0131	0x00FC      	MOVWF      R12
0x0132	0x3077      	MOVLW      119
0x0133	0x00FD      	MOVWF      R13
L_main20:
0x0134	0x0BFD      	DECFSZ     R13, 1
0x0135	0x2934      	GOTO       L_main20
0x0136	0x0BFC      	DECFSZ     R12, 1
0x0137	0x2934      	GOTO       L_main20
0x0138	0x0BFB      	DECFSZ     R11, 1
0x0139	0x2934      	GOTO       L_main20
;MyProject.c,47 :: 		PORTB = 0b00000000; PORTD = 0b00000001;
0x013A	0x0186      	CLRF       PORTB
0x013B	0x3001      	MOVLW      1
0x013C	0x0088      	MOVWF      PORTD
;MyProject.c,48 :: 		Delay_ms(200);
0x013D	0x3003      	MOVLW      3
0x013E	0x00FB      	MOVWF      R11
0x013F	0x3008      	MOVLW      8
0x0140	0x00FC      	MOVWF      R12
0x0141	0x3077      	MOVLW      119
0x0142	0x00FD      	MOVWF      R13
L_main21:
0x0143	0x0BFD      	DECFSZ     R13, 1
0x0144	0x2943      	GOTO       L_main21
0x0145	0x0BFC      	DECFSZ     R12, 1
0x0146	0x2943      	GOTO       L_main21
0x0147	0x0BFB      	DECFSZ     R11, 1
0x0148	0x2943      	GOTO       L_main21
;MyProject.c,49 :: 		PORTB = 0b00000001; PORTD = 0b00000000;
0x0149	0x3001      	MOVLW      1
0x014A	0x0086      	MOVWF      PORTB
0x014B	0x0188      	CLRF       PORTD
;MyProject.c,50 :: 		Delay_ms(200);
0x014C	0x3003      	MOVLW      3
0x014D	0x00FB      	MOVWF      R11
0x014E	0x3008      	MOVLW      8
0x014F	0x00FC      	MOVWF      R12
0x0150	0x3077      	MOVLW      119
0x0151	0x00FD      	MOVWF      R13
L_main22:
0x0152	0x0BFD      	DECFSZ     R13, 1
0x0153	0x2952      	GOTO       L_main22
0x0154	0x0BFC      	DECFSZ     R12, 1
0x0155	0x2952      	GOTO       L_main22
0x0156	0x0BFB      	DECFSZ     R11, 1
0x0157	0x2952      	GOTO       L_main22
;MyProject.c,51 :: 		PORTB = 0b00000000; PORTD = 0b00000010;
0x0158	0x0186      	CLRF       PORTB
0x0159	0x3002      	MOVLW      2
0x015A	0x0088      	MOVWF      PORTD
;MyProject.c,52 :: 		Delay_ms(200);
0x015B	0x3003      	MOVLW      3
0x015C	0x00FB      	MOVWF      R11
0x015D	0x3008      	MOVLW      8
0x015E	0x00FC      	MOVWF      R12
0x015F	0x3077      	MOVLW      119
0x0160	0x00FD      	MOVWF      R13
L_main23:
0x0161	0x0BFD      	DECFSZ     R13, 1
0x0162	0x2961      	GOTO       L_main23
0x0163	0x0BFC      	DECFSZ     R12, 1
0x0164	0x2961      	GOTO       L_main23
0x0165	0x0BFB      	DECFSZ     R11, 1
0x0166	0x2961      	GOTO       L_main23
;MyProject.c,53 :: 		PORTD = 0b00000000; PORTB = 0b00000101;
0x0167	0x0188      	CLRF       PORTD
0x0168	0x3005      	MOVLW      5
0x0169	0x0086      	MOVWF      PORTB
;MyProject.c,54 :: 		Delay_ms(200);
0x016A	0x3003      	MOVLW      3
0x016B	0x00FB      	MOVWF      R11
0x016C	0x3008      	MOVLW      8
0x016D	0x00FC      	MOVWF      R12
0x016E	0x3077      	MOVLW      119
0x016F	0x00FD      	MOVWF      R13
L_main24:
0x0170	0x0BFD      	DECFSZ     R13, 1
0x0171	0x2970      	GOTO       L_main24
0x0172	0x0BFC      	DECFSZ     R12, 1
0x0173	0x2970      	GOTO       L_main24
0x0174	0x0BFB      	DECFSZ     R11, 1
0x0175	0x2970      	GOTO       L_main24
;MyProject.c,55 :: 		PORTB = 0b00000000; PORTD = 0b00001010;
0x0176	0x0186      	CLRF       PORTB
0x0177	0x300A      	MOVLW      10
0x0178	0x0088      	MOVWF      PORTD
;MyProject.c,56 :: 		Delay_ms(200);
0x0179	0x3003      	MOVLW      3
0x017A	0x00FB      	MOVWF      R11
0x017B	0x3008      	MOVLW      8
0x017C	0x00FC      	MOVWF      R12
0x017D	0x3077      	MOVLW      119
0x017E	0x00FD      	MOVWF      R13
L_main25:
0x017F	0x0BFD      	DECFSZ     R13, 1
0x0180	0x297F      	GOTO       L_main25
0x0181	0x0BFC      	DECFSZ     R12, 1
0x0182	0x297F      	GOTO       L_main25
0x0183	0x0BFB      	DECFSZ     R11, 1
0x0184	0x297F      	GOTO       L_main25
;MyProject.c,57 :: 		PORTD = 0b00000000; PORTB = 0b00010101;
0x0185	0x0188      	CLRF       PORTD
0x0186	0x3015      	MOVLW      21
0x0187	0x0086      	MOVWF      PORTB
;MyProject.c,58 :: 		Delay_ms(200);
0x0188	0x3003      	MOVLW      3
0x0189	0x00FB      	MOVWF      R11
0x018A	0x3008      	MOVLW      8
0x018B	0x00FC      	MOVWF      R12
0x018C	0x3077      	MOVLW      119
0x018D	0x00FD      	MOVWF      R13
L_main26:
0x018E	0x0BFD      	DECFSZ     R13, 1
0x018F	0x298E      	GOTO       L_main26
0x0190	0x0BFC      	DECFSZ     R12, 1
0x0191	0x298E      	GOTO       L_main26
0x0192	0x0BFB      	DECFSZ     R11, 1
0x0193	0x298E      	GOTO       L_main26
;MyProject.c,59 :: 		PORTB = 0b00000000; PORTD = 0b00101010;
0x0194	0x0186      	CLRF       PORTB
0x0195	0x302A      	MOVLW      42
0x0196	0x0088      	MOVWF      PORTD
;MyProject.c,60 :: 		Delay_ms(200);
0x0197	0x3003      	MOVLW      3
0x0198	0x00FB      	MOVWF      R11
0x0199	0x3008      	MOVLW      8
0x019A	0x00FC      	MOVWF      R12
0x019B	0x3077      	MOVLW      119
0x019C	0x00FD      	MOVWF      R13
L_main27:
0x019D	0x0BFD      	DECFSZ     R13, 1
0x019E	0x299D      	GOTO       L_main27
0x019F	0x0BFC      	DECFSZ     R12, 1
0x01A0	0x299D      	GOTO       L_main27
0x01A1	0x0BFB      	DECFSZ     R11, 1
0x01A2	0x299D      	GOTO       L_main27
;MyProject.c,61 :: 		PORTD = 0b00000000; PORTB = 0b01010101;
0x01A3	0x0188      	CLRF       PORTD
0x01A4	0x3055      	MOVLW      85
0x01A5	0x0086      	MOVWF      PORTB
;MyProject.c,62 :: 		Delay_ms(200);
0x01A6	0x3003      	MOVLW      3
0x01A7	0x00FB      	MOVWF      R11
0x01A8	0x3008      	MOVLW      8
0x01A9	0x00FC      	MOVWF      R12
0x01AA	0x3077      	MOVLW      119
0x01AB	0x00FD      	MOVWF      R13
L_main28:
0x01AC	0x0BFD      	DECFSZ     R13, 1
0x01AD	0x29AC      	GOTO       L_main28
0x01AE	0x0BFC      	DECFSZ     R12, 1
0x01AF	0x29AC      	GOTO       L_main28
0x01B0	0x0BFB      	DECFSZ     R11, 1
0x01B1	0x29AC      	GOTO       L_main28
;MyProject.c,63 :: 		PORTB = 0b00000000; PORTD = 0b10101010;
0x01B2	0x0186      	CLRF       PORTB
0x01B3	0x30AA      	MOVLW      170
0x01B4	0x0088      	MOVWF      PORTD
;MyProject.c,64 :: 		Delay_ms(200);
0x01B5	0x3003      	MOVLW      3
0x01B6	0x00FB      	MOVWF      R11
0x01B7	0x3008      	MOVLW      8
0x01B8	0x00FC      	MOVWF      R12
0x01B9	0x3077      	MOVLW      119
0x01BA	0x00FD      	MOVWF      R13
L_main29:
0x01BB	0x0BFD      	DECFSZ     R13, 1
0x01BC	0x29BB      	GOTO       L_main29
0x01BD	0x0BFC      	DECFSZ     R12, 1
0x01BE	0x29BB      	GOTO       L_main29
0x01BF	0x0BFB      	DECFSZ     R11, 1
0x01C0	0x29BB      	GOTO       L_main29
;MyProject.c,65 :: 		PORTD = 0b00000000; PORTB = 0b10010101;
0x01C1	0x0188      	CLRF       PORTD
0x01C2	0x3095      	MOVLW      149
0x01C3	0x0086      	MOVWF      PORTB
;MyProject.c,66 :: 		Delay_ms(200);
0x01C4	0x3003      	MOVLW      3
0x01C5	0x00FB      	MOVWF      R11
0x01C6	0x3008      	MOVLW      8
0x01C7	0x00FC      	MOVWF      R12
0x01C8	0x3077      	MOVLW      119
0x01C9	0x00FD      	MOVWF      R13
L_main30:
0x01CA	0x0BFD      	DECFSZ     R13, 1
0x01CB	0x29CA      	GOTO       L_main30
0x01CC	0x0BFC      	DECFSZ     R12, 1
0x01CD	0x29CA      	GOTO       L_main30
0x01CE	0x0BFB      	DECFSZ     R11, 1
0x01CF	0x29CA      	GOTO       L_main30
;MyProject.c,67 :: 		PORTB = 0b00000000; PORTD = 0b11010101;
0x01D0	0x0186      	CLRF       PORTB
0x01D1	0x30D5      	MOVLW      213
0x01D2	0x0088      	MOVWF      PORTD
;MyProject.c,68 :: 		Delay_ms(200);
0x01D3	0x3003      	MOVLW      3
0x01D4	0x00FB      	MOVWF      R11
0x01D5	0x3008      	MOVLW      8
0x01D6	0x00FC      	MOVWF      R12
0x01D7	0x3077      	MOVLW      119
0x01D8	0x00FD      	MOVWF      R13
L_main31:
0x01D9	0x0BFD      	DECFSZ     R13, 1
0x01DA	0x29D9      	GOTO       L_main31
0x01DB	0x0BFC      	DECFSZ     R12, 1
0x01DC	0x29D9      	GOTO       L_main31
0x01DD	0x0BFB      	DECFSZ     R11, 1
0x01DE	0x29D9      	GOTO       L_main31
;MyProject.c,69 :: 		PORTD = 0b00000000; PORTB = 0b11101010;
0x01DF	0x0188      	CLRF       PORTD
0x01E0	0x30EA      	MOVLW      234
0x01E1	0x0086      	MOVWF      PORTB
;MyProject.c,70 :: 		Delay_ms(200);
0x01E2	0x3003      	MOVLW      3
0x01E3	0x00FB      	MOVWF      R11
0x01E4	0x3008      	MOVLW      8
0x01E5	0x00FC      	MOVWF      R12
0x01E6	0x3077      	MOVLW      119
0x01E7	0x00FD      	MOVWF      R13
L_main32:
0x01E8	0x0BFD      	DECFSZ     R13, 1
0x01E9	0x29E8      	GOTO       L_main32
0x01EA	0x0BFC      	DECFSZ     R12, 1
0x01EB	0x29E8      	GOTO       L_main32
0x01EC	0x0BFB      	DECFSZ     R11, 1
0x01ED	0x29E8      	GOTO       L_main32
;MyProject.c,71 :: 		PORTB = 0b00000000; PORTD = 0b11110101;
0x01EE	0x0186      	CLRF       PORTB
0x01EF	0x30F5      	MOVLW      245
0x01F0	0x0088      	MOVWF      PORTD
;MyProject.c,72 :: 		Delay_ms(200);
0x01F1	0x3003      	MOVLW      3
0x01F2	0x00FB      	MOVWF      R11
0x01F3	0x3008      	MOVLW      8
0x01F4	0x00FC      	MOVWF      R12
0x01F5	0x3077      	MOVLW      119
0x01F6	0x00FD      	MOVWF      R13
L_main33:
0x01F7	0x0BFD      	DECFSZ     R13, 1
0x01F8	0x29F7      	GOTO       L_main33
0x01F9	0x0BFC      	DECFSZ     R12, 1
0x01FA	0x29F7      	GOTO       L_main33
0x01FB	0x0BFB      	DECFSZ     R11, 1
0x01FC	0x29F7      	GOTO       L_main33
;MyProject.c,73 :: 		PORTD = 0b00000000; PORTB = 0b11111010;
0x01FD	0x0188      	CLRF       PORTD
0x01FE	0x30FA      	MOVLW      250
0x01FF	0x0086      	MOVWF      PORTB
;MyProject.c,74 :: 		Delay_ms(200);
0x0200	0x3003      	MOVLW      3
0x0201	0x00FB      	MOVWF      R11
0x0202	0x3008      	MOVLW      8
0x0203	0x00FC      	MOVWF      R12
0x0204	0x3077      	MOVLW      119
0x0205	0x00FD      	MOVWF      R13
L_main34:
0x0206	0x0BFD      	DECFSZ     R13, 1
0x0207	0x2A06      	GOTO       L_main34
0x0208	0x0BFC      	DECFSZ     R12, 1
0x0209	0x2A06      	GOTO       L_main34
0x020A	0x0BFB      	DECFSZ     R11, 1
0x020B	0x2A06      	GOTO       L_main34
;MyProject.c,75 :: 		PORTB = 0b00000000; PORTD = 0b11111101;
0x020C	0x0186      	CLRF       PORTB
0x020D	0x30FD      	MOVLW      253
0x020E	0x0088      	MOVWF      PORTD
;MyProject.c,76 :: 		Delay_ms(200);
0x020F	0x3003      	MOVLW      3
0x0210	0x00FB      	MOVWF      R11
0x0211	0x3008      	MOVLW      8
0x0212	0x00FC      	MOVWF      R12
0x0213	0x3077      	MOVLW      119
0x0214	0x00FD      	MOVWF      R13
L_main35:
0x0215	0x0BFD      	DECFSZ     R13, 1
0x0216	0x2A15      	GOTO       L_main35
0x0217	0x0BFC      	DECFSZ     R12, 1
0x0218	0x2A15      	GOTO       L_main35
0x0219	0x0BFB      	DECFSZ     R11, 1
0x021A	0x2A15      	GOTO       L_main35
;MyProject.c,77 :: 		PORTD = 0b00000000; PORTB = 0b11111110;
0x021B	0x0188      	CLRF       PORTD
0x021C	0x30FE      	MOVLW      254
0x021D	0x0086      	MOVWF      PORTB
;MyProject.c,78 :: 		Delay_ms(200);
0x021E	0x3003      	MOVLW      3
0x021F	0x00FB      	MOVWF      R11
0x0220	0x3008      	MOVLW      8
0x0221	0x00FC      	MOVWF      R12
0x0222	0x3077      	MOVLW      119
0x0223	0x00FD      	MOVWF      R13
L_main36:
0x0224	0x0BFD      	DECFSZ     R13, 1
0x0225	0x2A24      	GOTO       L_main36
0x0226	0x0BFC      	DECFSZ     R12, 1
0x0227	0x2A24      	GOTO       L_main36
0x0228	0x0BFB      	DECFSZ     R11, 1
0x0229	0x2A24      	GOTO       L_main36
;MyProject.c,79 :: 		PORTB = 0b00000000; PORTD = 0b11111111;
0x022A	0x0186      	CLRF       PORTB
0x022B	0x30FF      	MOVLW      255
0x022C	0x0088      	MOVWF      PORTD
;MyProject.c,80 :: 		Delay_ms(200);
0x022D	0x3003      	MOVLW      3
0x022E	0x00FB      	MOVWF      R11
0x022F	0x3008      	MOVLW      8
0x0230	0x00FC      	MOVWF      R12
0x0231	0x3077      	MOVLW      119
0x0232	0x00FD      	MOVWF      R13
L_main37:
0x0233	0x0BFD      	DECFSZ     R13, 1
0x0234	0x2A33      	GOTO       L_main37
0x0235	0x0BFC      	DECFSZ     R12, 1
0x0236	0x2A33      	GOTO       L_main37
0x0237	0x0BFB      	DECFSZ     R11, 1
0x0238	0x2A33      	GOTO       L_main37
;MyProject.c,82 :: 		for(i=0;i<4;i++){
0x0239	0x01A0      	CLRF       _i
0x023A	0x01A1      	CLRF       _i+1
L_main38:
0x023B	0x3080      	MOVLW      128
0x023C	0x0621      	XORWF      _i+1, 0
0x023D	0x00F0      	MOVWF      R0
0x023E	0x3080      	MOVLW      128
0x023F	0x0270      	SUBWF      R0, 0
0x0240	0x1D03      	BTFSS      STATUS, 2
0x0241	0x2A44      	GOTO       L__main75
0x0242	0x3004      	MOVLW      4
0x0243	0x0220      	SUBWF      _i, 0
L__main75:
0x0244	0x1803      	BTFSC      STATUS, 0
0x0245	0x2B47      	GOTO       L_main39
;MyProject.c,83 :: 		PORTB = 0b00000001; PORTD = 0b10000000;
0x0246	0x3001      	MOVLW      1
0x0247	0x0086      	MOVWF      PORTB
0x0248	0x3080      	MOVLW      128
0x0249	0x0088      	MOVWF      PORTD
;MyProject.c,84 :: 		Delay_ms(100);
0x024A	0x3002      	MOVLW      2
0x024B	0x00FB      	MOVWF      R11
0x024C	0x3004      	MOVLW      4
0x024D	0x00FC      	MOVWF      R12
0x024E	0x30BA      	MOVLW      186
0x024F	0x00FD      	MOVWF      R13
L_main41:
0x0250	0x0BFD      	DECFSZ     R13, 1
0x0251	0x2A50      	GOTO       L_main41
0x0252	0x0BFC      	DECFSZ     R12, 1
0x0253	0x2A50      	GOTO       L_main41
0x0254	0x0BFB      	DECFSZ     R11, 1
0x0255	0x2A50      	GOTO       L_main41
0x0256	0x0000      	NOP
;MyProject.c,85 :: 		PORTB = 0b00000011; PORTD = 0b11000000;
0x0257	0x3003      	MOVLW      3
0x0258	0x0086      	MOVWF      PORTB
0x0259	0x30C0      	MOVLW      192
0x025A	0x0088      	MOVWF      PORTD
;MyProject.c,86 :: 		Delay_ms(100);
0x025B	0x3002      	MOVLW      2
0x025C	0x00FB      	MOVWF      R11
0x025D	0x3004      	MOVLW      4
0x025E	0x00FC      	MOVWF      R12
0x025F	0x30BA      	MOVLW      186
0x0260	0x00FD      	MOVWF      R13
L_main42:
0x0261	0x0BFD      	DECFSZ     R13, 1
0x0262	0x2A61      	GOTO       L_main42
0x0263	0x0BFC      	DECFSZ     R12, 1
0x0264	0x2A61      	GOTO       L_main42
0x0265	0x0BFB      	DECFSZ     R11, 1
0x0266	0x2A61      	GOTO       L_main42
0x0267	0x0000      	NOP
;MyProject.c,87 :: 		PORTB = 0b00000111; PORTD = 0b11100000;
0x0268	0x3007      	MOVLW      7
0x0269	0x0086      	MOVWF      PORTB
0x026A	0x30E0      	MOVLW      224
0x026B	0x0088      	MOVWF      PORTD
;MyProject.c,88 :: 		Delay_ms(100);
0x026C	0x3002      	MOVLW      2
0x026D	0x00FB      	MOVWF      R11
0x026E	0x3004      	MOVLW      4
0x026F	0x00FC      	MOVWF      R12
0x0270	0x30BA      	MOVLW      186
0x0271	0x00FD      	MOVWF      R13
L_main43:
0x0272	0x0BFD      	DECFSZ     R13, 1
0x0273	0x2A72      	GOTO       L_main43
0x0274	0x0BFC      	DECFSZ     R12, 1
0x0275	0x2A72      	GOTO       L_main43
0x0276	0x0BFB      	DECFSZ     R11, 1
0x0277	0x2A72      	GOTO       L_main43
0x0278	0x0000      	NOP
;MyProject.c,89 :: 		PORTB = 0b00001111; PORTD = 0b11110000;
0x0279	0x300F      	MOVLW      15
0x027A	0x0086      	MOVWF      PORTB
0x027B	0x30F0      	MOVLW      240
0x027C	0x0088      	MOVWF      PORTD
;MyProject.c,90 :: 		Delay_ms(100);
0x027D	0x3002      	MOVLW      2
0x027E	0x00FB      	MOVWF      R11
0x027F	0x3004      	MOVLW      4
0x0280	0x00FC      	MOVWF      R12
0x0281	0x30BA      	MOVLW      186
0x0282	0x00FD      	MOVWF      R13
L_main44:
0x0283	0x0BFD      	DECFSZ     R13, 1
0x0284	0x2A83      	GOTO       L_main44
0x0285	0x0BFC      	DECFSZ     R12, 1
0x0286	0x2A83      	GOTO       L_main44
0x0287	0x0BFB      	DECFSZ     R11, 1
0x0288	0x2A83      	GOTO       L_main44
0x0289	0x0000      	NOP
;MyProject.c,91 :: 		PORTB = 0b00001110; PORTD = 0b01110000;
0x028A	0x300E      	MOVLW      14
0x028B	0x0086      	MOVWF      PORTB
0x028C	0x3070      	MOVLW      112
0x028D	0x0088      	MOVWF      PORTD
;MyProject.c,92 :: 		Delay_ms(100);
0x028E	0x3002      	MOVLW      2
0x028F	0x00FB      	MOVWF      R11
0x0290	0x3004      	MOVLW      4
0x0291	0x00FC      	MOVWF      R12
0x0292	0x30BA      	MOVLW      186
0x0293	0x00FD      	MOVWF      R13
L_main45:
0x0294	0x0BFD      	DECFSZ     R13, 1
0x0295	0x2A94      	GOTO       L_main45
0x0296	0x0BFC      	DECFSZ     R12, 1
0x0297	0x2A94      	GOTO       L_main45
0x0298	0x0BFB      	DECFSZ     R11, 1
0x0299	0x2A94      	GOTO       L_main45
0x029A	0x0000      	NOP
;MyProject.c,93 :: 		PORTB = 0b00001100; PORTD = 0b00110000;
0x029B	0x300C      	MOVLW      12
0x029C	0x0086      	MOVWF      PORTB
0x029D	0x3030      	MOVLW      48
0x029E	0x0088      	MOVWF      PORTD
;MyProject.c,94 :: 		Delay_ms(100);
0x029F	0x3002      	MOVLW      2
0x02A0	0x00FB      	MOVWF      R11
0x02A1	0x3004      	MOVLW      4
0x02A2	0x00FC      	MOVWF      R12
0x02A3	0x30BA      	MOVLW      186
0x02A4	0x00FD      	MOVWF      R13
L_main46:
0x02A5	0x0BFD      	DECFSZ     R13, 1
0x02A6	0x2AA5      	GOTO       L_main46
0x02A7	0x0BFC      	DECFSZ     R12, 1
0x02A8	0x2AA5      	GOTO       L_main46
0x02A9	0x0BFB      	DECFSZ     R11, 1
0x02AA	0x2AA5      	GOTO       L_main46
0x02AB	0x0000      	NOP
;MyProject.c,95 :: 		PORTB = 0b00001000; PORTD = 0b00010000;
0x02AC	0x3008      	MOVLW      8
0x02AD	0x0086      	MOVWF      PORTB
0x02AE	0x3010      	MOVLW      16
0x02AF	0x0088      	MOVWF      PORTD
;MyProject.c,96 :: 		Delay_ms(100);
0x02B0	0x3002      	MOVLW      2
0x02B1	0x00FB      	MOVWF      R11
0x02B2	0x3004      	MOVLW      4
0x02B3	0x00FC      	MOVWF      R12
0x02B4	0x30BA      	MOVLW      186
0x02B5	0x00FD      	MOVWF      R13
L_main47:
0x02B6	0x0BFD      	DECFSZ     R13, 1
0x02B7	0x2AB6      	GOTO       L_main47
0x02B8	0x0BFC      	DECFSZ     R12, 1
0x02B9	0x2AB6      	GOTO       L_main47
0x02BA	0x0BFB      	DECFSZ     R11, 1
0x02BB	0x2AB6      	GOTO       L_main47
0x02BC	0x0000      	NOP
;MyProject.c,97 :: 		PORTB = 0b00010000; PORTD = 0b00001000;
0x02BD	0x3010      	MOVLW      16
0x02BE	0x0086      	MOVWF      PORTB
0x02BF	0x3008      	MOVLW      8
0x02C0	0x0088      	MOVWF      PORTD
;MyProject.c,98 :: 		Delay_ms(100);
0x02C1	0x3002      	MOVLW      2
0x02C2	0x00FB      	MOVWF      R11
0x02C3	0x3004      	MOVLW      4
0x02C4	0x00FC      	MOVWF      R12
0x02C5	0x30BA      	MOVLW      186
0x02C6	0x00FD      	MOVWF      R13
L_main48:
0x02C7	0x0BFD      	DECFSZ     R13, 1
0x02C8	0x2AC7      	GOTO       L_main48
0x02C9	0x0BFC      	DECFSZ     R12, 1
0x02CA	0x2AC7      	GOTO       L_main48
0x02CB	0x0BFB      	DECFSZ     R11, 1
0x02CC	0x2AC7      	GOTO       L_main48
0x02CD	0x0000      	NOP
;MyProject.c,99 :: 		PORTB = 0b00110000; PORTD = 0b00001100;
0x02CE	0x3030      	MOVLW      48
0x02CF	0x0086      	MOVWF      PORTB
0x02D0	0x300C      	MOVLW      12
0x02D1	0x0088      	MOVWF      PORTD
;MyProject.c,100 :: 		Delay_ms(100);
0x02D2	0x3002      	MOVLW      2
0x02D3	0x00FB      	MOVWF      R11
0x02D4	0x3004      	MOVLW      4
0x02D5	0x00FC      	MOVWF      R12
0x02D6	0x30BA      	MOVLW      186
0x02D7	0x00FD      	MOVWF      R13
L_main49:
0x02D8	0x0BFD      	DECFSZ     R13, 1
0x02D9	0x2AD8      	GOTO       L_main49
0x02DA	0x0BFC      	DECFSZ     R12, 1
0x02DB	0x2AD8      	GOTO       L_main49
0x02DC	0x0BFB      	DECFSZ     R11, 1
0x02DD	0x2AD8      	GOTO       L_main49
0x02DE	0x0000      	NOP
;MyProject.c,101 :: 		PORTB = 0b01110000; PORTD = 0b00001110;
0x02DF	0x3070      	MOVLW      112
0x02E0	0x0086      	MOVWF      PORTB
0x02E1	0x300E      	MOVLW      14
0x02E2	0x0088      	MOVWF      PORTD
;MyProject.c,102 :: 		Delay_ms(100);
0x02E3	0x3002      	MOVLW      2
0x02E4	0x00FB      	MOVWF      R11
0x02E5	0x3004      	MOVLW      4
0x02E6	0x00FC      	MOVWF      R12
0x02E7	0x30BA      	MOVLW      186
0x02E8	0x00FD      	MOVWF      R13
L_main50:
0x02E9	0x0BFD      	DECFSZ     R13, 1
0x02EA	0x2AE9      	GOTO       L_main50
0x02EB	0x0BFC      	DECFSZ     R12, 1
0x02EC	0x2AE9      	GOTO       L_main50
0x02ED	0x0BFB      	DECFSZ     R11, 1
0x02EE	0x2AE9      	GOTO       L_main50
0x02EF	0x0000      	NOP
;MyProject.c,103 :: 		PORTB = 0b11110000; PORTD = 0b00001111;
0x02F0	0x30F0      	MOVLW      240
0x02F1	0x0086      	MOVWF      PORTB
0x02F2	0x300F      	MOVLW      15
0x02F3	0x0088      	MOVWF      PORTD
;MyProject.c,104 :: 		Delay_ms(100);
0x02F4	0x3002      	MOVLW      2
0x02F5	0x00FB      	MOVWF      R11
0x02F6	0x3004      	MOVLW      4
0x02F7	0x00FC      	MOVWF      R12
0x02F8	0x30BA      	MOVLW      186
0x02F9	0x00FD      	MOVWF      R13
L_main51:
0x02FA	0x0BFD      	DECFSZ     R13, 1
0x02FB	0x2AFA      	GOTO       L_main51
0x02FC	0x0BFC      	DECFSZ     R12, 1
0x02FD	0x2AFA      	GOTO       L_main51
0x02FE	0x0BFB      	DECFSZ     R11, 1
0x02FF	0x2AFA      	GOTO       L_main51
0x0300	0x0000      	NOP
;MyProject.c,105 :: 		PORTB = 0b11100000; PORTD = 0b00000111;
0x0301	0x30E0      	MOVLW      224
0x0302	0x0086      	MOVWF      PORTB
0x0303	0x3007      	MOVLW      7
0x0304	0x0088      	MOVWF      PORTD
;MyProject.c,106 :: 		Delay_ms(100);
0x0305	0x3002      	MOVLW      2
0x0306	0x00FB      	MOVWF      R11
0x0307	0x3004      	MOVLW      4
0x0308	0x00FC      	MOVWF      R12
0x0309	0x30BA      	MOVLW      186
0x030A	0x00FD      	MOVWF      R13
L_main52:
0x030B	0x0BFD      	DECFSZ     R13, 1
0x030C	0x2B0B      	GOTO       L_main52
0x030D	0x0BFC      	DECFSZ     R12, 1
0x030E	0x2B0B      	GOTO       L_main52
0x030F	0x0BFB      	DECFSZ     R11, 1
0x0310	0x2B0B      	GOTO       L_main52
0x0311	0x0000      	NOP
;MyProject.c,107 :: 		PORTB = 0b11000000; PORTD = 0b00000011;
0x0312	0x30C0      	MOVLW      192
0x0313	0x0086      	MOVWF      PORTB
0x0314	0x3003      	MOVLW      3
0x0315	0x0088      	MOVWF      PORTD
;MyProject.c,108 :: 		Delay_ms(100);
0x0316	0x3002      	MOVLW      2
0x0317	0x00FB      	MOVWF      R11
0x0318	0x3004      	MOVLW      4
0x0319	0x00FC      	MOVWF      R12
0x031A	0x30BA      	MOVLW      186
0x031B	0x00FD      	MOVWF      R13
L_main53:
0x031C	0x0BFD      	DECFSZ     R13, 1
0x031D	0x2B1C      	GOTO       L_main53
0x031E	0x0BFC      	DECFSZ     R12, 1
0x031F	0x2B1C      	GOTO       L_main53
0x0320	0x0BFB      	DECFSZ     R11, 1
0x0321	0x2B1C      	GOTO       L_main53
0x0322	0x0000      	NOP
;MyProject.c,109 :: 		PORTB = 0b10000000; PORTD = 0b00000001;
0x0323	0x3080      	MOVLW      128
0x0324	0x0086      	MOVWF      PORTB
0x0325	0x3001      	MOVLW      1
0x0326	0x0088      	MOVWF      PORTD
;MyProject.c,110 :: 		Delay_ms(100);
0x0327	0x3002      	MOVLW      2
0x0328	0x00FB      	MOVWF      R11
0x0329	0x3004      	MOVLW      4
0x032A	0x00FC      	MOVWF      R12
0x032B	0x30BA      	MOVLW      186
0x032C	0x00FD      	MOVWF      R13
L_main54:
0x032D	0x0BFD      	DECFSZ     R13, 1
0x032E	0x2B2D      	GOTO       L_main54
0x032F	0x0BFC      	DECFSZ     R12, 1
0x0330	0x2B2D      	GOTO       L_main54
0x0331	0x0BFB      	DECFSZ     R11, 1
0x0332	0x2B2D      	GOTO       L_main54
0x0333	0x0000      	NOP
;MyProject.c,111 :: 		PORTB = 0b00000000; PORTD = 0b00000000;
0x0334	0x0186      	CLRF       PORTB
0x0335	0x0188      	CLRF       PORTD
;MyProject.c,112 :: 		Delay_ms(100);
0x0336	0x3002      	MOVLW      2
0x0337	0x00FB      	MOVWF      R11
0x0338	0x3004      	MOVLW      4
0x0339	0x00FC      	MOVWF      R12
0x033A	0x30BA      	MOVLW      186
0x033B	0x00FD      	MOVWF      R13
L_main55:
0x033C	0x0BFD      	DECFSZ     R13, 1
0x033D	0x2B3C      	GOTO       L_main55
0x033E	0x0BFC      	DECFSZ     R12, 1
0x033F	0x2B3C      	GOTO       L_main55
0x0340	0x0BFB      	DECFSZ     R11, 1
0x0341	0x2B3C      	GOTO       L_main55
0x0342	0x0000      	NOP
;MyProject.c,82 :: 		for(i=0;i<4;i++){
0x0343	0x0AA0      	INCF       _i, 1
0x0344	0x1903      	BTFSC      STATUS, 2
0x0345	0x0AA1      	INCF       _i+1, 1
;MyProject.c,113 :: 		}
0x0346	0x2A3B      	GOTO       L_main38
L_main39:
;MyProject.c,114 :: 		for(i=0;i<5;i++){
0x0347	0x01A0      	CLRF       _i
0x0348	0x01A1      	CLRF       _i+1
L_main56:
0x0349	0x3080      	MOVLW      128
0x034A	0x0621      	XORWF      _i+1, 0
0x034B	0x00F0      	MOVWF      R0
0x034C	0x3080      	MOVLW      128
0x034D	0x0270      	SUBWF      R0, 0
0x034E	0x1D03      	BTFSS      STATUS, 2
0x034F	0x2B52      	GOTO       L__main76
0x0350	0x3005      	MOVLW      5
0x0351	0x0220      	SUBWF      _i, 0
L__main76:
0x0352	0x1803      	BTFSC      STATUS, 0
0x0353	0x2C57      	GOTO       L_main57
;MyProject.c,115 :: 		PORTB = 0b00000001; PORTD = 0b10000000;
0x0354	0x3001      	MOVLW      1
0x0355	0x0086      	MOVWF      PORTB
0x0356	0x3080      	MOVLW      128
0x0357	0x0088      	MOVWF      PORTD
;MyProject.c,116 :: 		Delay_ms(100);
0x0358	0x3002      	MOVLW      2
0x0359	0x00FB      	MOVWF      R11
0x035A	0x3004      	MOVLW      4
0x035B	0x00FC      	MOVWF      R12
0x035C	0x30BA      	MOVLW      186
0x035D	0x00FD      	MOVWF      R13
L_main59:
0x035E	0x0BFD      	DECFSZ     R13, 1
0x035F	0x2B5E      	GOTO       L_main59
0x0360	0x0BFC      	DECFSZ     R12, 1
0x0361	0x2B5E      	GOTO       L_main59
0x0362	0x0BFB      	DECFSZ     R11, 1
0x0363	0x2B5E      	GOTO       L_main59
0x0364	0x0000      	NOP
;MyProject.c,117 :: 		PORTB = 0b00000010; PORTD = 0b01000000;
0x0365	0x3002      	MOVLW      2
0x0366	0x0086      	MOVWF      PORTB
0x0367	0x3040      	MOVLW      64
0x0368	0x0088      	MOVWF      PORTD
;MyProject.c,118 :: 		Delay_ms(100);
0x0369	0x3002      	MOVLW      2
0x036A	0x00FB      	MOVWF      R11
0x036B	0x3004      	MOVLW      4
0x036C	0x00FC      	MOVWF      R12
0x036D	0x30BA      	MOVLW      186
0x036E	0x00FD      	MOVWF      R13
L_main60:
0x036F	0x0BFD      	DECFSZ     R13, 1
0x0370	0x2B6F      	GOTO       L_main60
0x0371	0x0BFC      	DECFSZ     R12, 1
0x0372	0x2B6F      	GOTO       L_main60
0x0373	0x0BFB      	DECFSZ     R11, 1
0x0374	0x2B6F      	GOTO       L_main60
0x0375	0x0000      	NOP
;MyProject.c,119 :: 		PORTB = 0b00000100; PORTD = 0b00100000;
0x0376	0x3004      	MOVLW      4
0x0377	0x0086      	MOVWF      PORTB
0x0378	0x3020      	MOVLW      32
0x0379	0x0088      	MOVWF      PORTD
;MyProject.c,120 :: 		Delay_ms(100);
0x037A	0x3002      	MOVLW      2
0x037B	0x00FB      	MOVWF      R11
0x037C	0x3004      	MOVLW      4
0x037D	0x00FC      	MOVWF      R12
0x037E	0x30BA      	MOVLW      186
0x037F	0x00FD      	MOVWF      R13
L_main61:
0x0380	0x0BFD      	DECFSZ     R13, 1
0x0381	0x2B80      	GOTO       L_main61
0x0382	0x0BFC      	DECFSZ     R12, 1
0x0383	0x2B80      	GOTO       L_main61
0x0384	0x0BFB      	DECFSZ     R11, 1
0x0385	0x2B80      	GOTO       L_main61
0x0386	0x0000      	NOP
;MyProject.c,121 :: 		PORTB = 0b00001000; PORTD = 0b00010000;
0x0387	0x3008      	MOVLW      8
0x0388	0x0086      	MOVWF      PORTB
0x0389	0x3010      	MOVLW      16
0x038A	0x0088      	MOVWF      PORTD
;MyProject.c,122 :: 		Delay_ms(100);
0x038B	0x3002      	MOVLW      2
0x038C	0x00FB      	MOVWF      R11
0x038D	0x3004      	MOVLW      4
0x038E	0x00FC      	MOVWF      R12
0x038F	0x30BA      	MOVLW      186
0x0390	0x00FD      	MOVWF      R13
L_main62:
0x0391	0x0BFD      	DECFSZ     R13, 1
0x0392	0x2B91      	GOTO       L_main62
0x0393	0x0BFC      	DECFSZ     R12, 1
0x0394	0x2B91      	GOTO       L_main62
0x0395	0x0BFB      	DECFSZ     R11, 1
0x0396	0x2B91      	GOTO       L_main62
0x0397	0x0000      	NOP
;MyProject.c,123 :: 		PORTB = 0b00010000; PORTD = 0b00001000;
0x0398	0x3010      	MOVLW      16
0x0399	0x0086      	MOVWF      PORTB
0x039A	0x3008      	MOVLW      8
0x039B	0x0088      	MOVWF      PORTD
;MyProject.c,124 :: 		Delay_ms(100);
0x039C	0x3002      	MOVLW      2
0x039D	0x00FB      	MOVWF      R11
0x039E	0x3004      	MOVLW      4
0x039F	0x00FC      	MOVWF      R12
0x03A0	0x30BA      	MOVLW      186
0x03A1	0x00FD      	MOVWF      R13
L_main63:
0x03A2	0x0BFD      	DECFSZ     R13, 1
0x03A3	0x2BA2      	GOTO       L_main63
0x03A4	0x0BFC      	DECFSZ     R12, 1
0x03A5	0x2BA2      	GOTO       L_main63
0x03A6	0x0BFB      	DECFSZ     R11, 1
0x03A7	0x2BA2      	GOTO       L_main63
0x03A8	0x0000      	NOP
;MyProject.c,125 :: 		PORTB = 0b00100000; PORTD = 0b00000100;
0x03A9	0x3020      	MOVLW      32
0x03AA	0x0086      	MOVWF      PORTB
0x03AB	0x3004      	MOVLW      4
0x03AC	0x0088      	MOVWF      PORTD
;MyProject.c,126 :: 		Delay_ms(100);
0x03AD	0x3002      	MOVLW      2
0x03AE	0x00FB      	MOVWF      R11
0x03AF	0x3004      	MOVLW      4
0x03B0	0x00FC      	MOVWF      R12
0x03B1	0x30BA      	MOVLW      186
0x03B2	0x00FD      	MOVWF      R13
L_main64:
0x03B3	0x0BFD      	DECFSZ     R13, 1
0x03B4	0x2BB3      	GOTO       L_main64
0x03B5	0x0BFC      	DECFSZ     R12, 1
0x03B6	0x2BB3      	GOTO       L_main64
0x03B7	0x0BFB      	DECFSZ     R11, 1
0x03B8	0x2BB3      	GOTO       L_main64
0x03B9	0x0000      	NOP
;MyProject.c,127 :: 		PORTB = 0b01000000; PORTD = 0b00000010;
0x03BA	0x3040      	MOVLW      64
0x03BB	0x0086      	MOVWF      PORTB
0x03BC	0x3002      	MOVLW      2
0x03BD	0x0088      	MOVWF      PORTD
;MyProject.c,128 :: 		Delay_ms(100);
0x03BE	0x3002      	MOVLW      2
0x03BF	0x00FB      	MOVWF      R11
0x03C0	0x3004      	MOVLW      4
0x03C1	0x00FC      	MOVWF      R12
0x03C2	0x30BA      	MOVLW      186
0x03C3	0x00FD      	MOVWF      R13
L_main65:
0x03C4	0x0BFD      	DECFSZ     R13, 1
0x03C5	0x2BC4      	GOTO       L_main65
0x03C6	0x0BFC      	DECFSZ     R12, 1
0x03C7	0x2BC4      	GOTO       L_main65
0x03C8	0x0BFB      	DECFSZ     R11, 1
0x03C9	0x2BC4      	GOTO       L_main65
0x03CA	0x0000      	NOP
;MyProject.c,129 :: 		PORTB = 0b10000000; PORTD = 0b00000001;
0x03CB	0x3080      	MOVLW      128
0x03CC	0x0086      	MOVWF      PORTB
0x03CD	0x3001      	MOVLW      1
0x03CE	0x0088      	MOVWF      PORTD
;MyProject.c,130 :: 		Delay_ms(100);
0x03CF	0x3002      	MOVLW      2
0x03D0	0x00FB      	MOVWF      R11
0x03D1	0x3004      	MOVLW      4
0x03D2	0x00FC      	MOVWF      R12
0x03D3	0x30BA      	MOVLW      186
0x03D4	0x00FD      	MOVWF      R13
L_main66:
0x03D5	0x0BFD      	DECFSZ     R13, 1
0x03D6	0x2BD5      	GOTO       L_main66
0x03D7	0x0BFC      	DECFSZ     R12, 1
0x03D8	0x2BD5      	GOTO       L_main66
0x03D9	0x0BFB      	DECFSZ     R11, 1
0x03DA	0x2BD5      	GOTO       L_main66
0x03DB	0x0000      	NOP
;MyProject.c,131 :: 		PORTB = 0b01000000; PORTD = 0b00000010;
0x03DC	0x3040      	MOVLW      64
0x03DD	0x0086      	MOVWF      PORTB
0x03DE	0x3002      	MOVLW      2
0x03DF	0x0088      	MOVWF      PORTD
;MyProject.c,132 :: 		Delay_ms(100);
0x03E0	0x3002      	MOVLW      2
0x03E1	0x00FB      	MOVWF      R11
0x03E2	0x3004      	MOVLW      4
0x03E3	0x00FC      	MOVWF      R12
0x03E4	0x30BA      	MOVLW      186
0x03E5	0x00FD      	MOVWF      R13
L_main67:
0x03E6	0x0BFD      	DECFSZ     R13, 1
0x03E7	0x2BE6      	GOTO       L_main67
0x03E8	0x0BFC      	DECFSZ     R12, 1
0x03E9	0x2BE6      	GOTO       L_main67
0x03EA	0x0BFB      	DECFSZ     R11, 1
0x03EB	0x2BE6      	GOTO       L_main67
0x03EC	0x0000      	NOP
;MyProject.c,133 :: 		PORTB = 0b00100000; PORTD = 0b00000100;
0x03ED	0x3020      	MOVLW      32
0x03EE	0x0086      	MOVWF      PORTB
0x03EF	0x3004      	MOVLW      4
0x03F0	0x0088      	MOVWF      PORTD
;MyProject.c,134 :: 		Delay_ms(100);
0x03F1	0x3002      	MOVLW      2
0x03F2	0x00FB      	MOVWF      R11
0x03F3	0x3004      	MOVLW      4
0x03F4	0x00FC      	MOVWF      R12
0x03F5	0x30BA      	MOVLW      186
0x03F6	0x00FD      	MOVWF      R13
L_main68:
0x03F7	0x0BFD      	DECFSZ     R13, 1
0x03F8	0x2BF7      	GOTO       L_main68
0x03F9	0x0BFC      	DECFSZ     R12, 1
0x03FA	0x2BF7      	GOTO       L_main68
0x03FB	0x0BFB      	DECFSZ     R11, 1
0x03FC	0x2BF7      	GOTO       L_main68
0x03FD	0x0000      	NOP
;MyProject.c,135 :: 		PORTB = 0b00010000; PORTD = 0b00001000;
0x03FE	0x3010      	MOVLW      16
0x03FF	0x0086      	MOVWF      PORTB
0x0400	0x3008      	MOVLW      8
0x0401	0x0088      	MOVWF      PORTD
;MyProject.c,136 :: 		Delay_ms(100);
0x0402	0x3002      	MOVLW      2
0x0403	0x00FB      	MOVWF      R11
0x0404	0x3004      	MOVLW      4
0x0405	0x00FC      	MOVWF      R12
0x0406	0x30BA      	MOVLW      186
0x0407	0x00FD      	MOVWF      R13
L_main69:
0x0408	0x0BFD      	DECFSZ     R13, 1
0x0409	0x2C08      	GOTO       L_main69
0x040A	0x0BFC      	DECFSZ     R12, 1
0x040B	0x2C08      	GOTO       L_main69
0x040C	0x0BFB      	DECFSZ     R11, 1
0x040D	0x2C08      	GOTO       L_main69
0x040E	0x0000      	NOP
;MyProject.c,137 :: 		PORTB = 0b00001000; PORTD = 0b00010000;
0x040F	0x3008      	MOVLW      8
0x0410	0x0086      	MOVWF      PORTB
0x0411	0x3010      	MOVLW      16
0x0412	0x0088      	MOVWF      PORTD
;MyProject.c,138 :: 		Delay_ms(100);
0x0413	0x3002      	MOVLW      2
0x0414	0x00FB      	MOVWF      R11
0x0415	0x3004      	MOVLW      4
0x0416	0x00FC      	MOVWF      R12
0x0417	0x30BA      	MOVLW      186
0x0418	0x00FD      	MOVWF      R13
L_main70:
0x0419	0x0BFD      	DECFSZ     R13, 1
0x041A	0x2C19      	GOTO       L_main70
0x041B	0x0BFC      	DECFSZ     R12, 1
0x041C	0x2C19      	GOTO       L_main70
0x041D	0x0BFB      	DECFSZ     R11, 1
0x041E	0x2C19      	GOTO       L_main70
0x041F	0x0000      	NOP
;MyProject.c,139 :: 		PORTB = 0b00000100; PORTD = 0b00100000;
0x0420	0x3004      	MOVLW      4
0x0421	0x0086      	MOVWF      PORTB
0x0422	0x3020      	MOVLW      32
0x0423	0x0088      	MOVWF      PORTD
;MyProject.c,140 :: 		Delay_ms(100);
0x0424	0x3002      	MOVLW      2
0x0425	0x00FB      	MOVWF      R11
0x0426	0x3004      	MOVLW      4
0x0427	0x00FC      	MOVWF      R12
0x0428	0x30BA      	MOVLW      186
0x0429	0x00FD      	MOVWF      R13
L_main71:
0x042A	0x0BFD      	DECFSZ     R13, 1
0x042B	0x2C2A      	GOTO       L_main71
0x042C	0x0BFC      	DECFSZ     R12, 1
0x042D	0x2C2A      	GOTO       L_main71
0x042E	0x0BFB      	DECFSZ     R11, 1
0x042F	0x2C2A      	GOTO       L_main71
0x0430	0x0000      	NOP
;MyProject.c,141 :: 		PORTB = 0b00000010; PORTD = 0b01000000;
0x0431	0x3002      	MOVLW      2
0x0432	0x0086      	MOVWF      PORTB
0x0433	0x3040      	MOVLW      64
0x0434	0x0088      	MOVWF      PORTD
;MyProject.c,142 :: 		Delay_ms(100);
0x0435	0x3002      	MOVLW      2
0x0436	0x00FB      	MOVWF      R11
0x0437	0x3004      	MOVLW      4
0x0438	0x00FC      	MOVWF      R12
0x0439	0x30BA      	MOVLW      186
0x043A	0x00FD      	MOVWF      R13
L_main72:
0x043B	0x0BFD      	DECFSZ     R13, 1
0x043C	0x2C3B      	GOTO       L_main72
0x043D	0x0BFC      	DECFSZ     R12, 1
0x043E	0x2C3B      	GOTO       L_main72
0x043F	0x0BFB      	DECFSZ     R11, 1
0x0440	0x2C3B      	GOTO       L_main72
0x0441	0x0000      	NOP
;MyProject.c,143 :: 		PORTB = 0b00000001; PORTD = 0b10000000;
0x0442	0x3001      	MOVLW      1
0x0443	0x0086      	MOVWF      PORTB
0x0444	0x3080      	MOVLW      128
0x0445	0x0088      	MOVWF      PORTD
;MyProject.c,144 :: 		Delay_ms(100);
0x0446	0x3002      	MOVLW      2
0x0447	0x00FB      	MOVWF      R11
0x0448	0x3004      	MOVLW      4
0x0449	0x00FC      	MOVWF      R12
0x044A	0x30BA      	MOVLW      186
0x044B	0x00FD      	MOVWF      R13
L_main73:
0x044C	0x0BFD      	DECFSZ     R13, 1
0x044D	0x2C4C      	GOTO       L_main73
0x044E	0x0BFC      	DECFSZ     R12, 1
0x044F	0x2C4C      	GOTO       L_main73
0x0450	0x0BFB      	DECFSZ     R11, 1
0x0451	0x2C4C      	GOTO       L_main73
0x0452	0x0000      	NOP
;MyProject.c,114 :: 		for(i=0;i<5;i++){
0x0453	0x0AA0      	INCF       _i, 1
0x0454	0x1903      	BTFSC      STATUS, 2
0x0455	0x0AA1      	INCF       _i+1, 1
;MyProject.c,145 :: 		}
0x0456	0x2B49      	GOTO       L_main56
L_main57:
;MyProject.c,146 :: 		}
0x0457	0x2822      	GOTO       L_main0
;MyProject.c,147 :: 		}
L_end_main:
0x0458	0x2C58      	GOTO       $+0
; end of _main
Symbol List:
//** Routines locations **
//ADDRESS    SIZE    PROCEDURE
//----------------------------------------------
0x0003       [7]    _____DoICP
0x000A      [12]    ___CC2DW
0x0016    [1091]    _main
//** Variables locations ** 
//ADDRESS    SIZE    VARIABLE
//----------------------------------------------
0x0000       [1]    INDF
0x0002       [1]    PCL
0x0003       [1]    STATUS
0x0004       [1]    FSR
0x0006       [1]    PORTB
0x0008       [1]    PORTD
0x000A       [1]    PCLATH
0x0020       [2]    _i
0x0022       [2]    ___DoICPAddr
0x0070       [1]    R0
0x0071       [1]    R1
0x0072       [1]    R2
0x0073       [1]    R3
0x0074       [1]    R4
0x0075       [1]    R5
0x0076       [1]    R6
0x0077       [1]    R7
0x0078       [1]    R8
0x0079       [1]    R9
0x007A       [1]    R10
0x007B       [1]    R11
0x007C       [1]    R12
0x007D       [1]    R13
0x007E       [1]    R14
0x007F       [1]    R15
0x0086       [1]    TRISB
0x0088       [1]    TRISD
//** Label List: ** 
//----------------------------------------------
  L_main0
  L_main1
  L_main2
  L_main3
  L_main4
  L_main5
  L_main6
  L_main7
  L_main8
  L_main9
  L_main10
  L_main11
  L_main12
  L_main13
  L_main14
  L_main15
  L_main16
  L_main17
  L_main18
  L_main19
  L_main20
  L_main21
  L_main22
  L_main23
  L_main24
  L_main25
  L_main26
  L_main27
  L_main28
  L_main29
  L_main30
  L_main31
  L_main32
  L_main33
  L_main34
  L_main35
  L_main36
  L_main37
  L_main38
  L_main39
  L_main40
  L_main41
  L_main42
  L_main43
  L_main44
  L_main45
  L_main46
  L_main47
  L_main48
  L_main49
  L_main50
  L_main51
  L_main52
  L_main53
  L_main54
  L_main55
  L_main56
  L_main57
  L_main58
  L_main59
  L_main60
  L_main61
  L_main62
  L_main63
  L_main64
  L_main65
  L_main66
  L_main67
  L_main68
  L_main69
  L_main70
  L_main71
  L_main72
  L_main73
  L_end_main
  _main
  L__main75
  L__main76
  L_loopCA2AWs
  L_CA2AWend
  _CCA2AW_Loop1
  L_loopCS2Ss
  L_CS2Send
  _CCS2S_Loop1
  L_CCS2Send
  L_loopFZinSWs
  L_FZinSend
  _CC2D_Loop1
  L_end_____DoICP
  _____DoICP
  L_end_____DoIFC
  _____DoIFC
  L_end___CA2AW
  ___CA2AW
  L_end___CCA2AW
  ___CCA2AW
  L_end___CS2S
  ___CS2S
  L_end___CCS2S
  ___CCS2S
  L_end___FZinS
  ___FZinS
  L_end___CC2DW
  ___CC2DW
  L_end_Swap
  _Swap
