;  LST file generated by mikroListExporter - v.2.0 
; Date/Time: 3/30/2016 5:02:57 AM
;----------------------------------------------

;Address Opcode 	ASM
0x0000	0x2803      	GOTO       3
_main:
;LED project.c,1 :: 		void main() {
;LED project.c,2 :: 		TRISB = 0b00000000;
0x0003	0x1683      	BSF        STATUS, 5
0x0004	0x1303      	BCF        STATUS, 6
0x0005	0x0186      	CLRF       TRISB
;LED project.c,3 :: 		PORTB = 0b00000000;
0x0006	0x1283      	BCF        STATUS, 5
0x0007	0x0186      	CLRF       PORTB
;LED project.c,5 :: 		while(1) {
L_main0:
;LED project.c,6 :: 		PORTB = 0b11111111;
0x0008	0x30FF      	MOVLW      255
0x0009	0x0086      	MOVWF      PORTB
;LED project.c,7 :: 		Delay_ms(600);
0x000A	0x3007      	MOVLW      7
0x000B	0x00FB      	MOVWF      R11
0x000C	0x3017      	MOVLW      23
0x000D	0x00FC      	MOVWF      R12
0x000E	0x306A      	MOVLW      106
0x000F	0x00FD      	MOVWF      R13
L_main2:
0x0010	0x0BFD      	DECFSZ     R13, 1
0x0011	0x2810      	GOTO       L_main2
0x0012	0x0BFC      	DECFSZ     R12, 1
0x0013	0x2810      	GOTO       L_main2
0x0014	0x0BFB      	DECFSZ     R11, 1
0x0015	0x2810      	GOTO       L_main2
0x0016	0x0000      	NOP
;LED project.c,8 :: 		PORTB = 0b00000000;
0x0017	0x0186      	CLRF       PORTB
;LED project.c,9 :: 		Delay_ms(600);
0x0018	0x3007      	MOVLW      7
0x0019	0x00FB      	MOVWF      R11
0x001A	0x3017      	MOVLW      23
0x001B	0x00FC      	MOVWF      R12
0x001C	0x306A      	MOVLW      106
0x001D	0x00FD      	MOVWF      R13
L_main3:
0x001E	0x0BFD      	DECFSZ     R13, 1
0x001F	0x281E      	GOTO       L_main3
0x0020	0x0BFC      	DECFSZ     R12, 1
0x0021	0x281E      	GOTO       L_main3
0x0022	0x0BFB      	DECFSZ     R11, 1
0x0023	0x281E      	GOTO       L_main3
0x0024	0x0000      	NOP
;LED project.c,10 :: 		PORTB = 0b10000000;
0x0025	0x3080      	MOVLW      128
0x0026	0x0086      	MOVWF      PORTB
;LED project.c,11 :: 		Delay_ms(500);
0x0027	0x3006      	MOVLW      6
0x0028	0x00FB      	MOVWF      R11
0x0029	0x3013      	MOVLW      19
0x002A	0x00FC      	MOVWF      R12
0x002B	0x30AD      	MOVLW      173
0x002C	0x00FD      	MOVWF      R13
L_main4:
0x002D	0x0BFD      	DECFSZ     R13, 1
0x002E	0x282D      	GOTO       L_main4
0x002F	0x0BFC      	DECFSZ     R12, 1
0x0030	0x282D      	GOTO       L_main4
0x0031	0x0BFB      	DECFSZ     R11, 1
0x0032	0x282D      	GOTO       L_main4
0x0033	0x0000      	NOP
0x0034	0x0000      	NOP
;LED project.c,12 :: 		PORTB = 0b01000000;
0x0035	0x3040      	MOVLW      64
0x0036	0x0086      	MOVWF      PORTB
;LED project.c,13 :: 		Delay_ms(500);
0x0037	0x3006      	MOVLW      6
0x0038	0x00FB      	MOVWF      R11
0x0039	0x3013      	MOVLW      19
0x003A	0x00FC      	MOVWF      R12
0x003B	0x30AD      	MOVLW      173
0x003C	0x00FD      	MOVWF      R13
L_main5:
0x003D	0x0BFD      	DECFSZ     R13, 1
0x003E	0x283D      	GOTO       L_main5
0x003F	0x0BFC      	DECFSZ     R12, 1
0x0040	0x283D      	GOTO       L_main5
0x0041	0x0BFB      	DECFSZ     R11, 1
0x0042	0x283D      	GOTO       L_main5
0x0043	0x0000      	NOP
0x0044	0x0000      	NOP
;LED project.c,14 :: 		PORTB = 0b00100000;
0x0045	0x3020      	MOVLW      32
0x0046	0x0086      	MOVWF      PORTB
;LED project.c,15 :: 		Delay_ms(500);
0x0047	0x3006      	MOVLW      6
0x0048	0x00FB      	MOVWF      R11
0x0049	0x3013      	MOVLW      19
0x004A	0x00FC      	MOVWF      R12
0x004B	0x30AD      	MOVLW      173
0x004C	0x00FD      	MOVWF      R13
L_main6:
0x004D	0x0BFD      	DECFSZ     R13, 1
0x004E	0x284D      	GOTO       L_main6
0x004F	0x0BFC      	DECFSZ     R12, 1
0x0050	0x284D      	GOTO       L_main6
0x0051	0x0BFB      	DECFSZ     R11, 1
0x0052	0x284D      	GOTO       L_main6
0x0053	0x0000      	NOP
0x0054	0x0000      	NOP
;LED project.c,16 :: 		PORTB = 0b00010000;
0x0055	0x3010      	MOVLW      16
0x0056	0x0086      	MOVWF      PORTB
;LED project.c,17 :: 		Delay_ms(500);
0x0057	0x3006      	MOVLW      6
0x0058	0x00FB      	MOVWF      R11
0x0059	0x3013      	MOVLW      19
0x005A	0x00FC      	MOVWF      R12
0x005B	0x30AD      	MOVLW      173
0x005C	0x00FD      	MOVWF      R13
L_main7:
0x005D	0x0BFD      	DECFSZ     R13, 1
0x005E	0x285D      	GOTO       L_main7
0x005F	0x0BFC      	DECFSZ     R12, 1
0x0060	0x285D      	GOTO       L_main7
0x0061	0x0BFB      	DECFSZ     R11, 1
0x0062	0x285D      	GOTO       L_main7
0x0063	0x0000      	NOP
0x0064	0x0000      	NOP
;LED project.c,18 :: 		PORTB = 0b00001000;
0x0065	0x3008      	MOVLW      8
0x0066	0x0086      	MOVWF      PORTB
;LED project.c,19 :: 		Delay_ms(500);
0x0067	0x3006      	MOVLW      6
0x0068	0x00FB      	MOVWF      R11
0x0069	0x3013      	MOVLW      19
0x006A	0x00FC      	MOVWF      R12
0x006B	0x30AD      	MOVLW      173
0x006C	0x00FD      	MOVWF      R13
L_main8:
0x006D	0x0BFD      	DECFSZ     R13, 1
0x006E	0x286D      	GOTO       L_main8
0x006F	0x0BFC      	DECFSZ     R12, 1
0x0070	0x286D      	GOTO       L_main8
0x0071	0x0BFB      	DECFSZ     R11, 1
0x0072	0x286D      	GOTO       L_main8
0x0073	0x0000      	NOP
0x0074	0x0000      	NOP
;LED project.c,20 :: 		PORTB = 0b00000100;
0x0075	0x3004      	MOVLW      4
0x0076	0x0086      	MOVWF      PORTB
;LED project.c,21 :: 		Delay_ms(500);
0x0077	0x3006      	MOVLW      6
0x0078	0x00FB      	MOVWF      R11
0x0079	0x3013      	MOVLW      19
0x007A	0x00FC      	MOVWF      R12
0x007B	0x30AD      	MOVLW      173
0x007C	0x00FD      	MOVWF      R13
L_main9:
0x007D	0x0BFD      	DECFSZ     R13, 1
0x007E	0x287D      	GOTO       L_main9
0x007F	0x0BFC      	DECFSZ     R12, 1
0x0080	0x287D      	GOTO       L_main9
0x0081	0x0BFB      	DECFSZ     R11, 1
0x0082	0x287D      	GOTO       L_main9
0x0083	0x0000      	NOP
0x0084	0x0000      	NOP
;LED project.c,22 :: 		PORTB = 0b00000010;
0x0085	0x3002      	MOVLW      2
0x0086	0x0086      	MOVWF      PORTB
;LED project.c,23 :: 		Delay_ms(500);
0x0087	0x3006      	MOVLW      6
0x0088	0x00FB      	MOVWF      R11
0x0089	0x3013      	MOVLW      19
0x008A	0x00FC      	MOVWF      R12
0x008B	0x30AD      	MOVLW      173
0x008C	0x00FD      	MOVWF      R13
L_main10:
0x008D	0x0BFD      	DECFSZ     R13, 1
0x008E	0x288D      	GOTO       L_main10
0x008F	0x0BFC      	DECFSZ     R12, 1
0x0090	0x288D      	GOTO       L_main10
0x0091	0x0BFB      	DECFSZ     R11, 1
0x0092	0x288D      	GOTO       L_main10
0x0093	0x0000      	NOP
0x0094	0x0000      	NOP
;LED project.c,24 :: 		PORTB = 0b00000001;
0x0095	0x3001      	MOVLW      1
0x0096	0x0086      	MOVWF      PORTB
;LED project.c,25 :: 		Delay_ms(500);
0x0097	0x3006      	MOVLW      6
0x0098	0x00FB      	MOVWF      R11
0x0099	0x3013      	MOVLW      19
0x009A	0x00FC      	MOVWF      R12
0x009B	0x30AD      	MOVLW      173
0x009C	0x00FD      	MOVWF      R13
L_main11:
0x009D	0x0BFD      	DECFSZ     R13, 1
0x009E	0x289D      	GOTO       L_main11
0x009F	0x0BFC      	DECFSZ     R12, 1
0x00A0	0x289D      	GOTO       L_main11
0x00A1	0x0BFB      	DECFSZ     R11, 1
0x00A2	0x289D      	GOTO       L_main11
0x00A3	0x0000      	NOP
0x00A4	0x0000      	NOP
;LED project.c,26 :: 		PORTB = 0b00000010;
0x00A5	0x3002      	MOVLW      2
0x00A6	0x0086      	MOVWF      PORTB
;LED project.c,27 :: 		Delay_ms(500);
0x00A7	0x3006      	MOVLW      6
0x00A8	0x00FB      	MOVWF      R11
0x00A9	0x3013      	MOVLW      19
0x00AA	0x00FC      	MOVWF      R12
0x00AB	0x30AD      	MOVLW      173
0x00AC	0x00FD      	MOVWF      R13
L_main12:
0x00AD	0x0BFD      	DECFSZ     R13, 1
0x00AE	0x28AD      	GOTO       L_main12
0x00AF	0x0BFC      	DECFSZ     R12, 1
0x00B0	0x28AD      	GOTO       L_main12
0x00B1	0x0BFB      	DECFSZ     R11, 1
0x00B2	0x28AD      	GOTO       L_main12
0x00B3	0x0000      	NOP
0x00B4	0x0000      	NOP
;LED project.c,28 :: 		PORTB = 0b00000100;
0x00B5	0x3004      	MOVLW      4
0x00B6	0x0086      	MOVWF      PORTB
;LED project.c,29 :: 		Delay_ms(500);
0x00B7	0x3006      	MOVLW      6
0x00B8	0x00FB      	MOVWF      R11
0x00B9	0x3013      	MOVLW      19
0x00BA	0x00FC      	MOVWF      R12
0x00BB	0x30AD      	MOVLW      173
0x00BC	0x00FD      	MOVWF      R13
L_main13:
0x00BD	0x0BFD      	DECFSZ     R13, 1
0x00BE	0x28BD      	GOTO       L_main13
0x00BF	0x0BFC      	DECFSZ     R12, 1
0x00C0	0x28BD      	GOTO       L_main13
0x00C1	0x0BFB      	DECFSZ     R11, 1
0x00C2	0x28BD      	GOTO       L_main13
0x00C3	0x0000      	NOP
0x00C4	0x0000      	NOP
;LED project.c,30 :: 		PORTB = 0b00001000;
0x00C5	0x3008      	MOVLW      8
0x00C6	0x0086      	MOVWF      PORTB
;LED project.c,31 :: 		Delay_ms(500);
0x00C7	0x3006      	MOVLW      6
0x00C8	0x00FB      	MOVWF      R11
0x00C9	0x3013      	MOVLW      19
0x00CA	0x00FC      	MOVWF      R12
0x00CB	0x30AD      	MOVLW      173
0x00CC	0x00FD      	MOVWF      R13
L_main14:
0x00CD	0x0BFD      	DECFSZ     R13, 1
0x00CE	0x28CD      	GOTO       L_main14
0x00CF	0x0BFC      	DECFSZ     R12, 1
0x00D0	0x28CD      	GOTO       L_main14
0x00D1	0x0BFB      	DECFSZ     R11, 1
0x00D2	0x28CD      	GOTO       L_main14
0x00D3	0x0000      	NOP
0x00D4	0x0000      	NOP
;LED project.c,32 :: 		PORTB = 0b00010000;
0x00D5	0x3010      	MOVLW      16
0x00D6	0x0086      	MOVWF      PORTB
;LED project.c,33 :: 		Delay_ms(500);
0x00D7	0x3006      	MOVLW      6
0x00D8	0x00FB      	MOVWF      R11
0x00D9	0x3013      	MOVLW      19
0x00DA	0x00FC      	MOVWF      R12
0x00DB	0x30AD      	MOVLW      173
0x00DC	0x00FD      	MOVWF      R13
L_main15:
0x00DD	0x0BFD      	DECFSZ     R13, 1
0x00DE	0x28DD      	GOTO       L_main15
0x00DF	0x0BFC      	DECFSZ     R12, 1
0x00E0	0x28DD      	GOTO       L_main15
0x00E1	0x0BFB      	DECFSZ     R11, 1
0x00E2	0x28DD      	GOTO       L_main15
0x00E3	0x0000      	NOP
0x00E4	0x0000      	NOP
;LED project.c,34 :: 		PORTB = 0b00100000;
0x00E5	0x3020      	MOVLW      32
0x00E6	0x0086      	MOVWF      PORTB
;LED project.c,35 :: 		Delay_ms(500);
0x00E7	0x3006      	MOVLW      6
0x00E8	0x00FB      	MOVWF      R11
0x00E9	0x3013      	MOVLW      19
0x00EA	0x00FC      	MOVWF      R12
0x00EB	0x30AD      	MOVLW      173
0x00EC	0x00FD      	MOVWF      R13
L_main16:
0x00ED	0x0BFD      	DECFSZ     R13, 1
0x00EE	0x28ED      	GOTO       L_main16
0x00EF	0x0BFC      	DECFSZ     R12, 1
0x00F0	0x28ED      	GOTO       L_main16
0x00F1	0x0BFB      	DECFSZ     R11, 1
0x00F2	0x28ED      	GOTO       L_main16
0x00F3	0x0000      	NOP
0x00F4	0x0000      	NOP
;LED project.c,36 :: 		PORTB = 0b01000000;
0x00F5	0x3040      	MOVLW      64
0x00F6	0x0086      	MOVWF      PORTB
;LED project.c,37 :: 		Delay_ms(500);
0x00F7	0x3006      	MOVLW      6
0x00F8	0x00FB      	MOVWF      R11
0x00F9	0x3013      	MOVLW      19
0x00FA	0x00FC      	MOVWF      R12
0x00FB	0x30AD      	MOVLW      173
0x00FC	0x00FD      	MOVWF      R13
L_main17:
0x00FD	0x0BFD      	DECFSZ     R13, 1
0x00FE	0x28FD      	GOTO       L_main17
0x00FF	0x0BFC      	DECFSZ     R12, 1
0x0100	0x28FD      	GOTO       L_main17
0x0101	0x0BFB      	DECFSZ     R11, 1
0x0102	0x28FD      	GOTO       L_main17
0x0103	0x0000      	NOP
0x0104	0x0000      	NOP
;LED project.c,38 :: 		PORTB = 0b10000000;
0x0105	0x3080      	MOVLW      128
0x0106	0x0086      	MOVWF      PORTB
;LED project.c,39 :: 		Delay_ms(500);
0x0107	0x3006      	MOVLW      6
0x0108	0x00FB      	MOVWF      R11
0x0109	0x3013      	MOVLW      19
0x010A	0x00FC      	MOVWF      R12
0x010B	0x30AD      	MOVLW      173
0x010C	0x00FD      	MOVWF      R13
L_main18:
0x010D	0x0BFD      	DECFSZ     R13, 1
0x010E	0x290D      	GOTO       L_main18
0x010F	0x0BFC      	DECFSZ     R12, 1
0x0110	0x290D      	GOTO       L_main18
0x0111	0x0BFB      	DECFSZ     R11, 1
0x0112	0x290D      	GOTO       L_main18
0x0113	0x0000      	NOP
0x0114	0x0000      	NOP
;LED project.c,40 :: 		PORTB = 0b00000000;
0x0115	0x0186      	CLRF       PORTB
;LED project.c,41 :: 		Delay_ms(500);
0x0116	0x3006      	MOVLW      6
0x0117	0x00FB      	MOVWF      R11
0x0118	0x3013      	MOVLW      19
0x0119	0x00FC      	MOVWF      R12
0x011A	0x30AD      	MOVLW      173
0x011B	0x00FD      	MOVWF      R13
L_main19:
0x011C	0x0BFD      	DECFSZ     R13, 1
0x011D	0x291C      	GOTO       L_main19
0x011E	0x0BFC      	DECFSZ     R12, 1
0x011F	0x291C      	GOTO       L_main19
0x0120	0x0BFB      	DECFSZ     R11, 1
0x0121	0x291C      	GOTO       L_main19
0x0122	0x0000      	NOP
0x0123	0x0000      	NOP
;LED project.c,42 :: 		PORTB = 0b11111111;
0x0124	0x30FF      	MOVLW      255
0x0125	0x0086      	MOVWF      PORTB
;LED project.c,43 :: 		Delay_ms(500);
0x0126	0x3006      	MOVLW      6
0x0127	0x00FB      	MOVWF      R11
0x0128	0x3013      	MOVLW      19
0x0129	0x00FC      	MOVWF      R12
0x012A	0x30AD      	MOVLW      173
0x012B	0x00FD      	MOVWF      R13
L_main20:
0x012C	0x0BFD      	DECFSZ     R13, 1
0x012D	0x292C      	GOTO       L_main20
0x012E	0x0BFC      	DECFSZ     R12, 1
0x012F	0x292C      	GOTO       L_main20
0x0130	0x0BFB      	DECFSZ     R11, 1
0x0131	0x292C      	GOTO       L_main20
0x0132	0x0000      	NOP
0x0133	0x0000      	NOP
;LED project.c,44 :: 		PORTB = 0b10000000;
0x0134	0x3080      	MOVLW      128
0x0135	0x0086      	MOVWF      PORTB
;LED project.c,45 :: 		Delay_ms(500);
0x0136	0x3006      	MOVLW      6
0x0137	0x00FB      	MOVWF      R11
0x0138	0x3013      	MOVLW      19
0x0139	0x00FC      	MOVWF      R12
0x013A	0x30AD      	MOVLW      173
0x013B	0x00FD      	MOVWF      R13
L_main21:
0x013C	0x0BFD      	DECFSZ     R13, 1
0x013D	0x293C      	GOTO       L_main21
0x013E	0x0BFC      	DECFSZ     R12, 1
0x013F	0x293C      	GOTO       L_main21
0x0140	0x0BFB      	DECFSZ     R11, 1
0x0141	0x293C      	GOTO       L_main21
0x0142	0x0000      	NOP
0x0143	0x0000      	NOP
;LED project.c,46 :: 		PORTB = 0b11000000;
0x0144	0x30C0      	MOVLW      192
0x0145	0x0086      	MOVWF      PORTB
;LED project.c,47 :: 		Delay_ms(500);
0x0146	0x3006      	MOVLW      6
0x0147	0x00FB      	MOVWF      R11
0x0148	0x3013      	MOVLW      19
0x0149	0x00FC      	MOVWF      R12
0x014A	0x30AD      	MOVLW      173
0x014B	0x00FD      	MOVWF      R13
L_main22:
0x014C	0x0BFD      	DECFSZ     R13, 1
0x014D	0x294C      	GOTO       L_main22
0x014E	0x0BFC      	DECFSZ     R12, 1
0x014F	0x294C      	GOTO       L_main22
0x0150	0x0BFB      	DECFSZ     R11, 1
0x0151	0x294C      	GOTO       L_main22
0x0152	0x0000      	NOP
0x0153	0x0000      	NOP
;LED project.c,48 :: 		PORTB = 0b11100000;
0x0154	0x30E0      	MOVLW      224
0x0155	0x0086      	MOVWF      PORTB
;LED project.c,49 :: 		Delay_ms(500);
0x0156	0x3006      	MOVLW      6
0x0157	0x00FB      	MOVWF      R11
0x0158	0x3013      	MOVLW      19
0x0159	0x00FC      	MOVWF      R12
0x015A	0x30AD      	MOVLW      173
0x015B	0x00FD      	MOVWF      R13
L_main23:
0x015C	0x0BFD      	DECFSZ     R13, 1
0x015D	0x295C      	GOTO       L_main23
0x015E	0x0BFC      	DECFSZ     R12, 1
0x015F	0x295C      	GOTO       L_main23
0x0160	0x0BFB      	DECFSZ     R11, 1
0x0161	0x295C      	GOTO       L_main23
0x0162	0x0000      	NOP
0x0163	0x0000      	NOP
;LED project.c,50 :: 		PORTB = 0b11110000;
0x0164	0x30F0      	MOVLW      240
0x0165	0x0086      	MOVWF      PORTB
;LED project.c,51 :: 		Delay_ms(500);
0x0166	0x3006      	MOVLW      6
0x0167	0x00FB      	MOVWF      R11
0x0168	0x3013      	MOVLW      19
0x0169	0x00FC      	MOVWF      R12
0x016A	0x30AD      	MOVLW      173
0x016B	0x00FD      	MOVWF      R13
L_main24:
0x016C	0x0BFD      	DECFSZ     R13, 1
0x016D	0x296C      	GOTO       L_main24
0x016E	0x0BFC      	DECFSZ     R12, 1
0x016F	0x296C      	GOTO       L_main24
0x0170	0x0BFB      	DECFSZ     R11, 1
0x0171	0x296C      	GOTO       L_main24
0x0172	0x0000      	NOP
0x0173	0x0000      	NOP
;LED project.c,52 :: 		PORTB = 0b11111000;
0x0174	0x30F8      	MOVLW      248
0x0175	0x0086      	MOVWF      PORTB
;LED project.c,53 :: 		Delay_ms(500);
0x0176	0x3006      	MOVLW      6
0x0177	0x00FB      	MOVWF      R11
0x0178	0x3013      	MOVLW      19
0x0179	0x00FC      	MOVWF      R12
0x017A	0x30AD      	MOVLW      173
0x017B	0x00FD      	MOVWF      R13
L_main25:
0x017C	0x0BFD      	DECFSZ     R13, 1
0x017D	0x297C      	GOTO       L_main25
0x017E	0x0BFC      	DECFSZ     R12, 1
0x017F	0x297C      	GOTO       L_main25
0x0180	0x0BFB      	DECFSZ     R11, 1
0x0181	0x297C      	GOTO       L_main25
0x0182	0x0000      	NOP
0x0183	0x0000      	NOP
;LED project.c,54 :: 		PORTB = 0b11111100;
0x0184	0x30FC      	MOVLW      252
0x0185	0x0086      	MOVWF      PORTB
;LED project.c,55 :: 		Delay_ms(500);
0x0186	0x3006      	MOVLW      6
0x0187	0x00FB      	MOVWF      R11
0x0188	0x3013      	MOVLW      19
0x0189	0x00FC      	MOVWF      R12
0x018A	0x30AD      	MOVLW      173
0x018B	0x00FD      	MOVWF      R13
L_main26:
0x018C	0x0BFD      	DECFSZ     R13, 1
0x018D	0x298C      	GOTO       L_main26
0x018E	0x0BFC      	DECFSZ     R12, 1
0x018F	0x298C      	GOTO       L_main26
0x0190	0x0BFB      	DECFSZ     R11, 1
0x0191	0x298C      	GOTO       L_main26
0x0192	0x0000      	NOP
0x0193	0x0000      	NOP
;LED project.c,56 :: 		PORTB = 0b11111110;
0x0194	0x30FE      	MOVLW      254
0x0195	0x0086      	MOVWF      PORTB
;LED project.c,57 :: 		Delay_ms(500);
0x0196	0x3006      	MOVLW      6
0x0197	0x00FB      	MOVWF      R11
0x0198	0x3013      	MOVLW      19
0x0199	0x00FC      	MOVWF      R12
0x019A	0x30AD      	MOVLW      173
0x019B	0x00FD      	MOVWF      R13
L_main27:
0x019C	0x0BFD      	DECFSZ     R13, 1
0x019D	0x299C      	GOTO       L_main27
0x019E	0x0BFC      	DECFSZ     R12, 1
0x019F	0x299C      	GOTO       L_main27
0x01A0	0x0BFB      	DECFSZ     R11, 1
0x01A1	0x299C      	GOTO       L_main27
0x01A2	0x0000      	NOP
0x01A3	0x0000      	NOP
;LED project.c,58 :: 		PORTB = 0b11111111;
0x01A4	0x30FF      	MOVLW      255
0x01A5	0x0086      	MOVWF      PORTB
;LED project.c,59 :: 		Delay_ms(500);
0x01A6	0x3006      	MOVLW      6
0x01A7	0x00FB      	MOVWF      R11
0x01A8	0x3013      	MOVLW      19
0x01A9	0x00FC      	MOVWF      R12
0x01AA	0x30AD      	MOVLW      173
0x01AB	0x00FD      	MOVWF      R13
L_main28:
0x01AC	0x0BFD      	DECFSZ     R13, 1
0x01AD	0x29AC      	GOTO       L_main28
0x01AE	0x0BFC      	DECFSZ     R12, 1
0x01AF	0x29AC      	GOTO       L_main28
0x01B0	0x0BFB      	DECFSZ     R11, 1
0x01B1	0x29AC      	GOTO       L_main28
0x01B2	0x0000      	NOP
0x01B3	0x0000      	NOP
;LED project.c,60 :: 		PORTB = 0b10000000;
0x01B4	0x3080      	MOVLW      128
0x01B5	0x0086      	MOVWF      PORTB
;LED project.c,61 :: 		Delay_ms(500);
0x01B6	0x3006      	MOVLW      6
0x01B7	0x00FB      	MOVWF      R11
0x01B8	0x3013      	MOVLW      19
0x01B9	0x00FC      	MOVWF      R12
0x01BA	0x30AD      	MOVLW      173
0x01BB	0x00FD      	MOVWF      R13
L_main29:
0x01BC	0x0BFD      	DECFSZ     R13, 1
0x01BD	0x29BC      	GOTO       L_main29
0x01BE	0x0BFC      	DECFSZ     R12, 1
0x01BF	0x29BC      	GOTO       L_main29
0x01C0	0x0BFB      	DECFSZ     R11, 1
0x01C1	0x29BC      	GOTO       L_main29
0x01C2	0x0000      	NOP
0x01C3	0x0000      	NOP
;LED project.c,62 :: 		PORTB = 0b11000000;
0x01C4	0x30C0      	MOVLW      192
0x01C5	0x0086      	MOVWF      PORTB
;LED project.c,63 :: 		Delay_ms(500);
0x01C6	0x3006      	MOVLW      6
0x01C7	0x00FB      	MOVWF      R11
0x01C8	0x3013      	MOVLW      19
0x01C9	0x00FC      	MOVWF      R12
0x01CA	0x30AD      	MOVLW      173
0x01CB	0x00FD      	MOVWF      R13
L_main30:
0x01CC	0x0BFD      	DECFSZ     R13, 1
0x01CD	0x29CC      	GOTO       L_main30
0x01CE	0x0BFC      	DECFSZ     R12, 1
0x01CF	0x29CC      	GOTO       L_main30
0x01D0	0x0BFB      	DECFSZ     R11, 1
0x01D1	0x29CC      	GOTO       L_main30
0x01D2	0x0000      	NOP
0x01D3	0x0000      	NOP
;LED project.c,64 :: 		PORTB = 0b11100000;
0x01D4	0x30E0      	MOVLW      224
0x01D5	0x0086      	MOVWF      PORTB
;LED project.c,65 :: 		Delay_ms(500);
0x01D6	0x3006      	MOVLW      6
0x01D7	0x00FB      	MOVWF      R11
0x01D8	0x3013      	MOVLW      19
0x01D9	0x00FC      	MOVWF      R12
0x01DA	0x30AD      	MOVLW      173
0x01DB	0x00FD      	MOVWF      R13
L_main31:
0x01DC	0x0BFD      	DECFSZ     R13, 1
0x01DD	0x29DC      	GOTO       L_main31
0x01DE	0x0BFC      	DECFSZ     R12, 1
0x01DF	0x29DC      	GOTO       L_main31
0x01E0	0x0BFB      	DECFSZ     R11, 1
0x01E1	0x29DC      	GOTO       L_main31
0x01E2	0x0000      	NOP
0x01E3	0x0000      	NOP
;LED project.c,66 :: 		PORTB = 0b11110000;
0x01E4	0x30F0      	MOVLW      240
0x01E5	0x0086      	MOVWF      PORTB
;LED project.c,67 :: 		Delay_ms(500);
0x01E6	0x3006      	MOVLW      6
0x01E7	0x00FB      	MOVWF      R11
0x01E8	0x3013      	MOVLW      19
0x01E9	0x00FC      	MOVWF      R12
0x01EA	0x30AD      	MOVLW      173
0x01EB	0x00FD      	MOVWF      R13
L_main32:
0x01EC	0x0BFD      	DECFSZ     R13, 1
0x01ED	0x29EC      	GOTO       L_main32
0x01EE	0x0BFC      	DECFSZ     R12, 1
0x01EF	0x29EC      	GOTO       L_main32
0x01F0	0x0BFB      	DECFSZ     R11, 1
0x01F1	0x29EC      	GOTO       L_main32
0x01F2	0x0000      	NOP
0x01F3	0x0000      	NOP
;LED project.c,68 :: 		PORTB = 0b11111000;
0x01F4	0x30F8      	MOVLW      248
0x01F5	0x0086      	MOVWF      PORTB
;LED project.c,69 :: 		Delay_ms(500);
0x01F6	0x3006      	MOVLW      6
0x01F7	0x00FB      	MOVWF      R11
0x01F8	0x3013      	MOVLW      19
0x01F9	0x00FC      	MOVWF      R12
0x01FA	0x30AD      	MOVLW      173
0x01FB	0x00FD      	MOVWF      R13
L_main33:
0x01FC	0x0BFD      	DECFSZ     R13, 1
0x01FD	0x29FC      	GOTO       L_main33
0x01FE	0x0BFC      	DECFSZ     R12, 1
0x01FF	0x29FC      	GOTO       L_main33
0x0200	0x0BFB      	DECFSZ     R11, 1
0x0201	0x29FC      	GOTO       L_main33
0x0202	0x0000      	NOP
0x0203	0x0000      	NOP
;LED project.c,70 :: 		PORTB = 0b11111100;
0x0204	0x30FC      	MOVLW      252
0x0205	0x0086      	MOVWF      PORTB
;LED project.c,71 :: 		Delay_ms(500);
0x0206	0x3006      	MOVLW      6
0x0207	0x00FB      	MOVWF      R11
0x0208	0x3013      	MOVLW      19
0x0209	0x00FC      	MOVWF      R12
0x020A	0x30AD      	MOVLW      173
0x020B	0x00FD      	MOVWF      R13
L_main34:
0x020C	0x0BFD      	DECFSZ     R13, 1
0x020D	0x2A0C      	GOTO       L_main34
0x020E	0x0BFC      	DECFSZ     R12, 1
0x020F	0x2A0C      	GOTO       L_main34
0x0210	0x0BFB      	DECFSZ     R11, 1
0x0211	0x2A0C      	GOTO       L_main34
0x0212	0x0000      	NOP
0x0213	0x0000      	NOP
;LED project.c,72 :: 		PORTB = 0b11111110;
0x0214	0x30FE      	MOVLW      254
0x0215	0x0086      	MOVWF      PORTB
;LED project.c,73 :: 		Delay_ms(500);
0x0216	0x3006      	MOVLW      6
0x0217	0x00FB      	MOVWF      R11
0x0218	0x3013      	MOVLW      19
0x0219	0x00FC      	MOVWF      R12
0x021A	0x30AD      	MOVLW      173
0x021B	0x00FD      	MOVWF      R13
L_main35:
0x021C	0x0BFD      	DECFSZ     R13, 1
0x021D	0x2A1C      	GOTO       L_main35
0x021E	0x0BFC      	DECFSZ     R12, 1
0x021F	0x2A1C      	GOTO       L_main35
0x0220	0x0BFB      	DECFSZ     R11, 1
0x0221	0x2A1C      	GOTO       L_main35
0x0222	0x0000      	NOP
0x0223	0x0000      	NOP
;LED project.c,74 :: 		PORTB = 0b11111111;
0x0224	0x30FF      	MOVLW      255
0x0225	0x0086      	MOVWF      PORTB
;LED project.c,75 :: 		Delay_ms(500);
0x0226	0x3006      	MOVLW      6
0x0227	0x00FB      	MOVWF      R11
0x0228	0x3013      	MOVLW      19
0x0229	0x00FC      	MOVWF      R12
0x022A	0x30AD      	MOVLW      173
0x022B	0x00FD      	MOVWF      R13
L_main36:
0x022C	0x0BFD      	DECFSZ     R13, 1
0x022D	0x2A2C      	GOTO       L_main36
0x022E	0x0BFC      	DECFSZ     R12, 1
0x022F	0x2A2C      	GOTO       L_main36
0x0230	0x0BFB      	DECFSZ     R11, 1
0x0231	0x2A2C      	GOTO       L_main36
0x0232	0x0000      	NOP
0x0233	0x0000      	NOP
;LED project.c,76 :: 		PORTB = 0b01111111;
0x0234	0x307F      	MOVLW      127
0x0235	0x0086      	MOVWF      PORTB
;LED project.c,77 :: 		Delay_ms(500);
0x0236	0x3006      	MOVLW      6
0x0237	0x00FB      	MOVWF      R11
0x0238	0x3013      	MOVLW      19
0x0239	0x00FC      	MOVWF      R12
0x023A	0x30AD      	MOVLW      173
0x023B	0x00FD      	MOVWF      R13
L_main37:
0x023C	0x0BFD      	DECFSZ     R13, 1
0x023D	0x2A3C      	GOTO       L_main37
0x023E	0x0BFC      	DECFSZ     R12, 1
0x023F	0x2A3C      	GOTO       L_main37
0x0240	0x0BFB      	DECFSZ     R11, 1
0x0241	0x2A3C      	GOTO       L_main37
0x0242	0x0000      	NOP
0x0243	0x0000      	NOP
;LED project.c,78 :: 		PORTB = 0b00111111;
0x0244	0x303F      	MOVLW      63
0x0245	0x0086      	MOVWF      PORTB
;LED project.c,79 :: 		Delay_ms(500);
0x0246	0x3006      	MOVLW      6
0x0247	0x00FB      	MOVWF      R11
0x0248	0x3013      	MOVLW      19
0x0249	0x00FC      	MOVWF      R12
0x024A	0x30AD      	MOVLW      173
0x024B	0x00FD      	MOVWF      R13
L_main38:
0x024C	0x0BFD      	DECFSZ     R13, 1
0x024D	0x2A4C      	GOTO       L_main38
0x024E	0x0BFC      	DECFSZ     R12, 1
0x024F	0x2A4C      	GOTO       L_main38
0x0250	0x0BFB      	DECFSZ     R11, 1
0x0251	0x2A4C      	GOTO       L_main38
0x0252	0x0000      	NOP
0x0253	0x0000      	NOP
;LED project.c,80 :: 		PORTB = 0b00011111;
0x0254	0x301F      	MOVLW      31
0x0255	0x0086      	MOVWF      PORTB
;LED project.c,81 :: 		Delay_ms(500);
0x0256	0x3006      	MOVLW      6
0x0257	0x00FB      	MOVWF      R11
0x0258	0x3013      	MOVLW      19
0x0259	0x00FC      	MOVWF      R12
0x025A	0x30AD      	MOVLW      173
0x025B	0x00FD      	MOVWF      R13
L_main39:
0x025C	0x0BFD      	DECFSZ     R13, 1
0x025D	0x2A5C      	GOTO       L_main39
0x025E	0x0BFC      	DECFSZ     R12, 1
0x025F	0x2A5C      	GOTO       L_main39
0x0260	0x0BFB      	DECFSZ     R11, 1
0x0261	0x2A5C      	GOTO       L_main39
0x0262	0x0000      	NOP
0x0263	0x0000      	NOP
;LED project.c,82 :: 		PORTB = 0b00001111;
0x0264	0x300F      	MOVLW      15
0x0265	0x0086      	MOVWF      PORTB
;LED project.c,83 :: 		Delay_ms(500);
0x0266	0x3006      	MOVLW      6
0x0267	0x00FB      	MOVWF      R11
0x0268	0x3013      	MOVLW      19
0x0269	0x00FC      	MOVWF      R12
0x026A	0x30AD      	MOVLW      173
0x026B	0x00FD      	MOVWF      R13
L_main40:
0x026C	0x0BFD      	DECFSZ     R13, 1
0x026D	0x2A6C      	GOTO       L_main40
0x026E	0x0BFC      	DECFSZ     R12, 1
0x026F	0x2A6C      	GOTO       L_main40
0x0270	0x0BFB      	DECFSZ     R11, 1
0x0271	0x2A6C      	GOTO       L_main40
0x0272	0x0000      	NOP
0x0273	0x0000      	NOP
;LED project.c,84 :: 		PORTB = 0b00000111;
0x0274	0x3007      	MOVLW      7
0x0275	0x0086      	MOVWF      PORTB
;LED project.c,85 :: 		Delay_ms(500);
0x0276	0x3006      	MOVLW      6
0x0277	0x00FB      	MOVWF      R11
0x0278	0x3013      	MOVLW      19
0x0279	0x00FC      	MOVWF      R12
0x027A	0x30AD      	MOVLW      173
0x027B	0x00FD      	MOVWF      R13
L_main41:
0x027C	0x0BFD      	DECFSZ     R13, 1
0x027D	0x2A7C      	GOTO       L_main41
0x027E	0x0BFC      	DECFSZ     R12, 1
0x027F	0x2A7C      	GOTO       L_main41
0x0280	0x0BFB      	DECFSZ     R11, 1
0x0281	0x2A7C      	GOTO       L_main41
0x0282	0x0000      	NOP
0x0283	0x0000      	NOP
;LED project.c,86 :: 		PORTB = 0b00000011;
0x0284	0x3003      	MOVLW      3
0x0285	0x0086      	MOVWF      PORTB
;LED project.c,87 :: 		Delay_ms(500);
0x0286	0x3006      	MOVLW      6
0x0287	0x00FB      	MOVWF      R11
0x0288	0x3013      	MOVLW      19
0x0289	0x00FC      	MOVWF      R12
0x028A	0x30AD      	MOVLW      173
0x028B	0x00FD      	MOVWF      R13
L_main42:
0x028C	0x0BFD      	DECFSZ     R13, 1
0x028D	0x2A8C      	GOTO       L_main42
0x028E	0x0BFC      	DECFSZ     R12, 1
0x028F	0x2A8C      	GOTO       L_main42
0x0290	0x0BFB      	DECFSZ     R11, 1
0x0291	0x2A8C      	GOTO       L_main42
0x0292	0x0000      	NOP
0x0293	0x0000      	NOP
;LED project.c,88 :: 		PORTB = 0b00000001;
0x0294	0x3001      	MOVLW      1
0x0295	0x0086      	MOVWF      PORTB
;LED project.c,89 :: 		Delay_ms(500);
0x0296	0x3006      	MOVLW      6
0x0297	0x00FB      	MOVWF      R11
0x0298	0x3013      	MOVLW      19
0x0299	0x00FC      	MOVWF      R12
0x029A	0x30AD      	MOVLW      173
0x029B	0x00FD      	MOVWF      R13
L_main43:
0x029C	0x0BFD      	DECFSZ     R13, 1
0x029D	0x2A9C      	GOTO       L_main43
0x029E	0x0BFC      	DECFSZ     R12, 1
0x029F	0x2A9C      	GOTO       L_main43
0x02A0	0x0BFB      	DECFSZ     R11, 1
0x02A1	0x2A9C      	GOTO       L_main43
0x02A2	0x0000      	NOP
0x02A3	0x0000      	NOP
;LED project.c,90 :: 		PORTB = 0b00000000;
0x02A4	0x0186      	CLRF       PORTB
;LED project.c,91 :: 		Delay_ms(500);
0x02A5	0x3006      	MOVLW      6
0x02A6	0x00FB      	MOVWF      R11
0x02A7	0x3013      	MOVLW      19
0x02A8	0x00FC      	MOVWF      R12
0x02A9	0x30AD      	MOVLW      173
0x02AA	0x00FD      	MOVWF      R13
L_main44:
0x02AB	0x0BFD      	DECFSZ     R13, 1
0x02AC	0x2AAB      	GOTO       L_main44
0x02AD	0x0BFC      	DECFSZ     R12, 1
0x02AE	0x2AAB      	GOTO       L_main44
0x02AF	0x0BFB      	DECFSZ     R11, 1
0x02B0	0x2AAB      	GOTO       L_main44
0x02B1	0x0000      	NOP
0x02B2	0x0000      	NOP
;LED project.c,92 :: 		PORTB = 0b10000001;
0x02B3	0x3081      	MOVLW      129
0x02B4	0x0086      	MOVWF      PORTB
;LED project.c,93 :: 		Delay_ms(500);
0x02B5	0x3006      	MOVLW      6
0x02B6	0x00FB      	MOVWF      R11
0x02B7	0x3013      	MOVLW      19
0x02B8	0x00FC      	MOVWF      R12
0x02B9	0x30AD      	MOVLW      173
0x02BA	0x00FD      	MOVWF      R13
L_main45:
0x02BB	0x0BFD      	DECFSZ     R13, 1
0x02BC	0x2ABB      	GOTO       L_main45
0x02BD	0x0BFC      	DECFSZ     R12, 1
0x02BE	0x2ABB      	GOTO       L_main45
0x02BF	0x0BFB      	DECFSZ     R11, 1
0x02C0	0x2ABB      	GOTO       L_main45
0x02C1	0x0000      	NOP
0x02C2	0x0000      	NOP
;LED project.c,94 :: 		PORTB = 0b11000011;
0x02C3	0x30C3      	MOVLW      195
0x02C4	0x0086      	MOVWF      PORTB
;LED project.c,95 :: 		Delay_ms(500);
0x02C5	0x3006      	MOVLW      6
0x02C6	0x00FB      	MOVWF      R11
0x02C7	0x3013      	MOVLW      19
0x02C8	0x00FC      	MOVWF      R12
0x02C9	0x30AD      	MOVLW      173
0x02CA	0x00FD      	MOVWF      R13
L_main46:
0x02CB	0x0BFD      	DECFSZ     R13, 1
0x02CC	0x2ACB      	GOTO       L_main46
0x02CD	0x0BFC      	DECFSZ     R12, 1
0x02CE	0x2ACB      	GOTO       L_main46
0x02CF	0x0BFB      	DECFSZ     R11, 1
0x02D0	0x2ACB      	GOTO       L_main46
0x02D1	0x0000      	NOP
0x02D2	0x0000      	NOP
;LED project.c,96 :: 		PORTB = 0b11100111;
0x02D3	0x30E7      	MOVLW      231
0x02D4	0x0086      	MOVWF      PORTB
;LED project.c,97 :: 		Delay_ms(500);
0x02D5	0x3006      	MOVLW      6
0x02D6	0x00FB      	MOVWF      R11
0x02D7	0x3013      	MOVLW      19
0x02D8	0x00FC      	MOVWF      R12
0x02D9	0x30AD      	MOVLW      173
0x02DA	0x00FD      	MOVWF      R13
L_main47:
0x02DB	0x0BFD      	DECFSZ     R13, 1
0x02DC	0x2ADB      	GOTO       L_main47
0x02DD	0x0BFC      	DECFSZ     R12, 1
0x02DE	0x2ADB      	GOTO       L_main47
0x02DF	0x0BFB      	DECFSZ     R11, 1
0x02E0	0x2ADB      	GOTO       L_main47
0x02E1	0x0000      	NOP
0x02E2	0x0000      	NOP
;LED project.c,98 :: 		PORTB = 0b11111111;
0x02E3	0x30FF      	MOVLW      255
0x02E4	0x0086      	MOVWF      PORTB
;LED project.c,99 :: 		Delay_ms(500);
0x02E5	0x3006      	MOVLW      6
0x02E6	0x00FB      	MOVWF      R11
0x02E7	0x3013      	MOVLW      19
0x02E8	0x00FC      	MOVWF      R12
0x02E9	0x30AD      	MOVLW      173
0x02EA	0x00FD      	MOVWF      R13
L_main48:
0x02EB	0x0BFD      	DECFSZ     R13, 1
0x02EC	0x2AEB      	GOTO       L_main48
0x02ED	0x0BFC      	DECFSZ     R12, 1
0x02EE	0x2AEB      	GOTO       L_main48
0x02EF	0x0BFB      	DECFSZ     R11, 1
0x02F0	0x2AEB      	GOTO       L_main48
0x02F1	0x0000      	NOP
0x02F2	0x0000      	NOP
;LED project.c,100 :: 		PORTB = 0b11100111;
0x02F3	0x30E7      	MOVLW      231
0x02F4	0x0086      	MOVWF      PORTB
;LED project.c,101 :: 		Delay_ms(500);
0x02F5	0x3006      	MOVLW      6
0x02F6	0x00FB      	MOVWF      R11
0x02F7	0x3013      	MOVLW      19
0x02F8	0x00FC      	MOVWF      R12
0x02F9	0x30AD      	MOVLW      173
0x02FA	0x00FD      	MOVWF      R13
L_main49:
0x02FB	0x0BFD      	DECFSZ     R13, 1
0x02FC	0x2AFB      	GOTO       L_main49
0x02FD	0x0BFC      	DECFSZ     R12, 1
0x02FE	0x2AFB      	GOTO       L_main49
0x02FF	0x0BFB      	DECFSZ     R11, 1
0x0300	0x2AFB      	GOTO       L_main49
0x0301	0x0000      	NOP
0x0302	0x0000      	NOP
;LED project.c,102 :: 		PORTB = 0b11000011;
0x0303	0x30C3      	MOVLW      195
0x0304	0x0086      	MOVWF      PORTB
;LED project.c,103 :: 		Delay_ms(500);
0x0305	0x3006      	MOVLW      6
0x0306	0x00FB      	MOVWF      R11
0x0307	0x3013      	MOVLW      19
0x0308	0x00FC      	MOVWF      R12
0x0309	0x30AD      	MOVLW      173
0x030A	0x00FD      	MOVWF      R13
L_main50:
0x030B	0x0BFD      	DECFSZ     R13, 1
0x030C	0x2B0B      	GOTO       L_main50
0x030D	0x0BFC      	DECFSZ     R12, 1
0x030E	0x2B0B      	GOTO       L_main50
0x030F	0x0BFB      	DECFSZ     R11, 1
0x0310	0x2B0B      	GOTO       L_main50
0x0311	0x0000      	NOP
0x0312	0x0000      	NOP
;LED project.c,104 :: 		PORTB = 0b10000001;
0x0313	0x3081      	MOVLW      129
0x0314	0x0086      	MOVWF      PORTB
;LED project.c,105 :: 		Delay_ms(500);
0x0315	0x3006      	MOVLW      6
0x0316	0x00FB      	MOVWF      R11
0x0317	0x3013      	MOVLW      19
0x0318	0x00FC      	MOVWF      R12
0x0319	0x30AD      	MOVLW      173
0x031A	0x00FD      	MOVWF      R13
L_main51:
0x031B	0x0BFD      	DECFSZ     R13, 1
0x031C	0x2B1B      	GOTO       L_main51
0x031D	0x0BFC      	DECFSZ     R12, 1
0x031E	0x2B1B      	GOTO       L_main51
0x031F	0x0BFB      	DECFSZ     R11, 1
0x0320	0x2B1B      	GOTO       L_main51
0x0321	0x0000      	NOP
0x0322	0x0000      	NOP
;LED project.c,106 :: 		PORTB = 0b00000000;
0x0323	0x0186      	CLRF       PORTB
;LED project.c,107 :: 		Delay_ms(500);
0x0324	0x3006      	MOVLW      6
0x0325	0x00FB      	MOVWF      R11
0x0326	0x3013      	MOVLW      19
0x0327	0x00FC      	MOVWF      R12
0x0328	0x30AD      	MOVLW      173
0x0329	0x00FD      	MOVWF      R13
L_main52:
0x032A	0x0BFD      	DECFSZ     R13, 1
0x032B	0x2B2A      	GOTO       L_main52
0x032C	0x0BFC      	DECFSZ     R12, 1
0x032D	0x2B2A      	GOTO       L_main52
0x032E	0x0BFB      	DECFSZ     R11, 1
0x032F	0x2B2A      	GOTO       L_main52
0x0330	0x0000      	NOP
0x0331	0x0000      	NOP
;LED project.c,108 :: 		PORTB = 0b10000001;
0x0332	0x3081      	MOVLW      129
0x0333	0x0086      	MOVWF      PORTB
;LED project.c,109 :: 		Delay_ms(500);
0x0334	0x3006      	MOVLW      6
0x0335	0x00FB      	MOVWF      R11
0x0336	0x3013      	MOVLW      19
0x0337	0x00FC      	MOVWF      R12
0x0338	0x30AD      	MOVLW      173
0x0339	0x00FD      	MOVWF      R13
L_main53:
0x033A	0x0BFD      	DECFSZ     R13, 1
0x033B	0x2B3A      	GOTO       L_main53
0x033C	0x0BFC      	DECFSZ     R12, 1
0x033D	0x2B3A      	GOTO       L_main53
0x033E	0x0BFB      	DECFSZ     R11, 1
0x033F	0x2B3A      	GOTO       L_main53
0x0340	0x0000      	NOP
0x0341	0x0000      	NOP
;LED project.c,110 :: 		PORTB = 0b11000011;
0x0342	0x30C3      	MOVLW      195
0x0343	0x0086      	MOVWF      PORTB
;LED project.c,111 :: 		Delay_ms(500);
0x0344	0x3006      	MOVLW      6
0x0345	0x00FB      	MOVWF      R11
0x0346	0x3013      	MOVLW      19
0x0347	0x00FC      	MOVWF      R12
0x0348	0x30AD      	MOVLW      173
0x0349	0x00FD      	MOVWF      R13
L_main54:
0x034A	0x0BFD      	DECFSZ     R13, 1
0x034B	0x2B4A      	GOTO       L_main54
0x034C	0x0BFC      	DECFSZ     R12, 1
0x034D	0x2B4A      	GOTO       L_main54
0x034E	0x0BFB      	DECFSZ     R11, 1
0x034F	0x2B4A      	GOTO       L_main54
0x0350	0x0000      	NOP
0x0351	0x0000      	NOP
;LED project.c,112 :: 		PORTB = 0b11100111;
0x0352	0x30E7      	MOVLW      231
0x0353	0x0086      	MOVWF      PORTB
;LED project.c,113 :: 		Delay_ms(500);
0x0354	0x3006      	MOVLW      6
0x0355	0x00FB      	MOVWF      R11
0x0356	0x3013      	MOVLW      19
0x0357	0x00FC      	MOVWF      R12
0x0358	0x30AD      	MOVLW      173
0x0359	0x00FD      	MOVWF      R13
L_main55:
0x035A	0x0BFD      	DECFSZ     R13, 1
0x035B	0x2B5A      	GOTO       L_main55
0x035C	0x0BFC      	DECFSZ     R12, 1
0x035D	0x2B5A      	GOTO       L_main55
0x035E	0x0BFB      	DECFSZ     R11, 1
0x035F	0x2B5A      	GOTO       L_main55
0x0360	0x0000      	NOP
0x0361	0x0000      	NOP
;LED project.c,114 :: 		PORTB = 0b11111111;
0x0362	0x30FF      	MOVLW      255
0x0363	0x0086      	MOVWF      PORTB
;LED project.c,115 :: 		Delay_ms(500);
0x0364	0x3006      	MOVLW      6
0x0365	0x00FB      	MOVWF      R11
0x0366	0x3013      	MOVLW      19
0x0367	0x00FC      	MOVWF      R12
0x0368	0x30AD      	MOVLW      173
0x0369	0x00FD      	MOVWF      R13
L_main56:
0x036A	0x0BFD      	DECFSZ     R13, 1
0x036B	0x2B6A      	GOTO       L_main56
0x036C	0x0BFC      	DECFSZ     R12, 1
0x036D	0x2B6A      	GOTO       L_main56
0x036E	0x0BFB      	DECFSZ     R11, 1
0x036F	0x2B6A      	GOTO       L_main56
0x0370	0x0000      	NOP
0x0371	0x0000      	NOP
;LED project.c,116 :: 		PORTB = 0b01111110;
0x0372	0x307E      	MOVLW      126
0x0373	0x0086      	MOVWF      PORTB
;LED project.c,117 :: 		Delay_ms(500);
0x0374	0x3006      	MOVLW      6
0x0375	0x00FB      	MOVWF      R11
0x0376	0x3013      	MOVLW      19
0x0377	0x00FC      	MOVWF      R12
0x0378	0x30AD      	MOVLW      173
0x0379	0x00FD      	MOVWF      R13
L_main57:
0x037A	0x0BFD      	DECFSZ     R13, 1
0x037B	0x2B7A      	GOTO       L_main57
0x037C	0x0BFC      	DECFSZ     R12, 1
0x037D	0x2B7A      	GOTO       L_main57
0x037E	0x0BFB      	DECFSZ     R11, 1
0x037F	0x2B7A      	GOTO       L_main57
0x0380	0x0000      	NOP
0x0381	0x0000      	NOP
;LED project.c,118 :: 		PORTB = 0b00111100;
0x0382	0x303C      	MOVLW      60
0x0383	0x0086      	MOVWF      PORTB
;LED project.c,119 :: 		Delay_ms(500);
0x0384	0x3006      	MOVLW      6
0x0385	0x00FB      	MOVWF      R11
0x0386	0x3013      	MOVLW      19
0x0387	0x00FC      	MOVWF      R12
0x0388	0x30AD      	MOVLW      173
0x0389	0x00FD      	MOVWF      R13
L_main58:
0x038A	0x0BFD      	DECFSZ     R13, 1
0x038B	0x2B8A      	GOTO       L_main58
0x038C	0x0BFC      	DECFSZ     R12, 1
0x038D	0x2B8A      	GOTO       L_main58
0x038E	0x0BFB      	DECFSZ     R11, 1
0x038F	0x2B8A      	GOTO       L_main58
0x0390	0x0000      	NOP
0x0391	0x0000      	NOP
;LED project.c,120 :: 		PORTB = 0b00011000;
0x0392	0x3018      	MOVLW      24
0x0393	0x0086      	MOVWF      PORTB
;LED project.c,121 :: 		Delay_ms(500);
0x0394	0x3006      	MOVLW      6
0x0395	0x00FB      	MOVWF      R11
0x0396	0x3013      	MOVLW      19
0x0397	0x00FC      	MOVWF      R12
0x0398	0x30AD      	MOVLW      173
0x0399	0x00FD      	MOVWF      R13
L_main59:
0x039A	0x0BFD      	DECFSZ     R13, 1
0x039B	0x2B9A      	GOTO       L_main59
0x039C	0x0BFC      	DECFSZ     R12, 1
0x039D	0x2B9A      	GOTO       L_main59
0x039E	0x0BFB      	DECFSZ     R11, 1
0x039F	0x2B9A      	GOTO       L_main59
0x03A0	0x0000      	NOP
0x03A1	0x0000      	NOP
;LED project.c,122 :: 		PORTB = 0b00000000;
0x03A2	0x0186      	CLRF       PORTB
;LED project.c,123 :: 		Delay_ms(500);
0x03A3	0x3006      	MOVLW      6
0x03A4	0x00FB      	MOVWF      R11
0x03A5	0x3013      	MOVLW      19
0x03A6	0x00FC      	MOVWF      R12
0x03A7	0x30AD      	MOVLW      173
0x03A8	0x00FD      	MOVWF      R13
L_main60:
0x03A9	0x0BFD      	DECFSZ     R13, 1
0x03AA	0x2BA9      	GOTO       L_main60
0x03AB	0x0BFC      	DECFSZ     R12, 1
0x03AC	0x2BA9      	GOTO       L_main60
0x03AD	0x0BFB      	DECFSZ     R11, 1
0x03AE	0x2BA9      	GOTO       L_main60
0x03AF	0x0000      	NOP
0x03B0	0x0000      	NOP
;LED project.c,124 :: 		PORTB = 0b00011000;
0x03B1	0x3018      	MOVLW      24
0x03B2	0x0086      	MOVWF      PORTB
;LED project.c,125 :: 		Delay_ms(500);
0x03B3	0x3006      	MOVLW      6
0x03B4	0x00FB      	MOVWF      R11
0x03B5	0x3013      	MOVLW      19
0x03B6	0x00FC      	MOVWF      R12
0x03B7	0x30AD      	MOVLW      173
0x03B8	0x00FD      	MOVWF      R13
L_main61:
0x03B9	0x0BFD      	DECFSZ     R13, 1
0x03BA	0x2BB9      	GOTO       L_main61
0x03BB	0x0BFC      	DECFSZ     R12, 1
0x03BC	0x2BB9      	GOTO       L_main61
0x03BD	0x0BFB      	DECFSZ     R11, 1
0x03BE	0x2BB9      	GOTO       L_main61
0x03BF	0x0000      	NOP
0x03C0	0x0000      	NOP
;LED project.c,126 :: 		PORTB = 0b00111100;
0x03C1	0x303C      	MOVLW      60
0x03C2	0x0086      	MOVWF      PORTB
;LED project.c,127 :: 		Delay_ms(500);
0x03C3	0x3006      	MOVLW      6
0x03C4	0x00FB      	MOVWF      R11
0x03C5	0x3013      	MOVLW      19
0x03C6	0x00FC      	MOVWF      R12
0x03C7	0x30AD      	MOVLW      173
0x03C8	0x00FD      	MOVWF      R13
L_main62:
0x03C9	0x0BFD      	DECFSZ     R13, 1
0x03CA	0x2BC9      	GOTO       L_main62
0x03CB	0x0BFC      	DECFSZ     R12, 1
0x03CC	0x2BC9      	GOTO       L_main62
0x03CD	0x0BFB      	DECFSZ     R11, 1
0x03CE	0x2BC9      	GOTO       L_main62
0x03CF	0x0000      	NOP
0x03D0	0x0000      	NOP
;LED project.c,128 :: 		PORTB = 0b01111110;
0x03D1	0x307E      	MOVLW      126
0x03D2	0x0086      	MOVWF      PORTB
;LED project.c,129 :: 		Delay_ms(500);
0x03D3	0x3006      	MOVLW      6
0x03D4	0x00FB      	MOVWF      R11
0x03D5	0x3013      	MOVLW      19
0x03D6	0x00FC      	MOVWF      R12
0x03D7	0x30AD      	MOVLW      173
0x03D8	0x00FD      	MOVWF      R13
L_main63:
0x03D9	0x0BFD      	DECFSZ     R13, 1
0x03DA	0x2BD9      	GOTO       L_main63
0x03DB	0x0BFC      	DECFSZ     R12, 1
0x03DC	0x2BD9      	GOTO       L_main63
0x03DD	0x0BFB      	DECFSZ     R11, 1
0x03DE	0x2BD9      	GOTO       L_main63
0x03DF	0x0000      	NOP
0x03E0	0x0000      	NOP
;LED project.c,130 :: 		PORTB = 0b11111111;
0x03E1	0x30FF      	MOVLW      255
0x03E2	0x0086      	MOVWF      PORTB
;LED project.c,131 :: 		Delay_ms(500);
0x03E3	0x3006      	MOVLW      6
0x03E4	0x00FB      	MOVWF      R11
0x03E5	0x3013      	MOVLW      19
0x03E6	0x00FC      	MOVWF      R12
0x03E7	0x30AD      	MOVLW      173
0x03E8	0x00FD      	MOVWF      R13
L_main64:
0x03E9	0x0BFD      	DECFSZ     R13, 1
0x03EA	0x2BE9      	GOTO       L_main64
0x03EB	0x0BFC      	DECFSZ     R12, 1
0x03EC	0x2BE9      	GOTO       L_main64
0x03ED	0x0BFB      	DECFSZ     R11, 1
0x03EE	0x2BE9      	GOTO       L_main64
0x03EF	0x0000      	NOP
0x03F0	0x0000      	NOP
;LED project.c,132 :: 		PORTB = 0b11100111;
0x03F1	0x30E7      	MOVLW      231
0x03F2	0x0086      	MOVWF      PORTB
;LED project.c,133 :: 		Delay_ms(500);
0x03F3	0x3006      	MOVLW      6
0x03F4	0x00FB      	MOVWF      R11
0x03F5	0x3013      	MOVLW      19
0x03F6	0x00FC      	MOVWF      R12
0x03F7	0x30AD      	MOVLW      173
0x03F8	0x00FD      	MOVWF      R13
L_main65:
0x03F9	0x0BFD      	DECFSZ     R13, 1
0x03FA	0x2BF9      	GOTO       L_main65
0x03FB	0x0BFC      	DECFSZ     R12, 1
0x03FC	0x2BF9      	GOTO       L_main65
0x03FD	0x0BFB      	DECFSZ     R11, 1
0x03FE	0x2BF9      	GOTO       L_main65
0x03FF	0x0000      	NOP
0x0400	0x0000      	NOP
;LED project.c,134 :: 		PORTB = 0b11000011;
0x0401	0x30C3      	MOVLW      195
0x0402	0x0086      	MOVWF      PORTB
;LED project.c,135 :: 		Delay_ms(500);
0x0403	0x3006      	MOVLW      6
0x0404	0x00FB      	MOVWF      R11
0x0405	0x3013      	MOVLW      19
0x0406	0x00FC      	MOVWF      R12
0x0407	0x30AD      	MOVLW      173
0x0408	0x00FD      	MOVWF      R13
L_main66:
0x0409	0x0BFD      	DECFSZ     R13, 1
0x040A	0x2C09      	GOTO       L_main66
0x040B	0x0BFC      	DECFSZ     R12, 1
0x040C	0x2C09      	GOTO       L_main66
0x040D	0x0BFB      	DECFSZ     R11, 1
0x040E	0x2C09      	GOTO       L_main66
0x040F	0x0000      	NOP
0x0410	0x0000      	NOP
;LED project.c,136 :: 		PORTB = 0b10000001;
0x0411	0x3081      	MOVLW      129
0x0412	0x0086      	MOVWF      PORTB
;LED project.c,137 :: 		Delay_ms(500);
0x0413	0x3006      	MOVLW      6
0x0414	0x00FB      	MOVWF      R11
0x0415	0x3013      	MOVLW      19
0x0416	0x00FC      	MOVWF      R12
0x0417	0x30AD      	MOVLW      173
0x0418	0x00FD      	MOVWF      R13
L_main67:
0x0419	0x0BFD      	DECFSZ     R13, 1
0x041A	0x2C19      	GOTO       L_main67
0x041B	0x0BFC      	DECFSZ     R12, 1
0x041C	0x2C19      	GOTO       L_main67
0x041D	0x0BFB      	DECFSZ     R11, 1
0x041E	0x2C19      	GOTO       L_main67
0x041F	0x0000      	NOP
0x0420	0x0000      	NOP
;LED project.c,138 :: 		PORTB = 0b00000000;
0x0421	0x0186      	CLRF       PORTB
;LED project.c,139 :: 		Delay_ms(500);
0x0422	0x3006      	MOVLW      6
0x0423	0x00FB      	MOVWF      R11
0x0424	0x3013      	MOVLW      19
0x0425	0x00FC      	MOVWF      R12
0x0426	0x30AD      	MOVLW      173
0x0427	0x00FD      	MOVWF      R13
L_main68:
0x0428	0x0BFD      	DECFSZ     R13, 1
0x0429	0x2C28      	GOTO       L_main68
0x042A	0x0BFC      	DECFSZ     R12, 1
0x042B	0x2C28      	GOTO       L_main68
0x042C	0x0BFB      	DECFSZ     R11, 1
0x042D	0x2C28      	GOTO       L_main68
0x042E	0x0000      	NOP
0x042F	0x0000      	NOP
;LED project.c,140 :: 		PORTB = 0b00011000;
0x0430	0x3018      	MOVLW      24
0x0431	0x0086      	MOVWF      PORTB
;LED project.c,141 :: 		Delay_ms(500);
0x0432	0x3006      	MOVLW      6
0x0433	0x00FB      	MOVWF      R11
0x0434	0x3013      	MOVLW      19
0x0435	0x00FC      	MOVWF      R12
0x0436	0x30AD      	MOVLW      173
0x0437	0x00FD      	MOVWF      R13
L_main69:
0x0438	0x0BFD      	DECFSZ     R13, 1
0x0439	0x2C38      	GOTO       L_main69
0x043A	0x0BFC      	DECFSZ     R12, 1
0x043B	0x2C38      	GOTO       L_main69
0x043C	0x0BFB      	DECFSZ     R11, 1
0x043D	0x2C38      	GOTO       L_main69
0x043E	0x0000      	NOP
0x043F	0x0000      	NOP
;LED project.c,142 :: 		PORTB = 0b00111100;
0x0440	0x303C      	MOVLW      60
0x0441	0x0086      	MOVWF      PORTB
;LED project.c,143 :: 		Delay_ms(500);
0x0442	0x3006      	MOVLW      6
0x0443	0x00FB      	MOVWF      R11
0x0444	0x3013      	MOVLW      19
0x0445	0x00FC      	MOVWF      R12
0x0446	0x30AD      	MOVLW      173
0x0447	0x00FD      	MOVWF      R13
L_main70:
0x0448	0x0BFD      	DECFSZ     R13, 1
0x0449	0x2C48      	GOTO       L_main70
0x044A	0x0BFC      	DECFSZ     R12, 1
0x044B	0x2C48      	GOTO       L_main70
0x044C	0x0BFB      	DECFSZ     R11, 1
0x044D	0x2C48      	GOTO       L_main70
0x044E	0x0000      	NOP
0x044F	0x0000      	NOP
;LED project.c,144 :: 		PORTB = 0b01111110;
0x0450	0x307E      	MOVLW      126
0x0451	0x0086      	MOVWF      PORTB
;LED project.c,145 :: 		Delay_ms(500);
0x0452	0x3006      	MOVLW      6
0x0453	0x00FB      	MOVWF      R11
0x0454	0x3013      	MOVLW      19
0x0455	0x00FC      	MOVWF      R12
0x0456	0x30AD      	MOVLW      173
0x0457	0x00FD      	MOVWF      R13
L_main71:
0x0458	0x0BFD      	DECFSZ     R13, 1
0x0459	0x2C58      	GOTO       L_main71
0x045A	0x0BFC      	DECFSZ     R12, 1
0x045B	0x2C58      	GOTO       L_main71
0x045C	0x0BFB      	DECFSZ     R11, 1
0x045D	0x2C58      	GOTO       L_main71
0x045E	0x0000      	NOP
0x045F	0x0000      	NOP
;LED project.c,146 :: 		PORTB = 0b11111111;
0x0460	0x30FF      	MOVLW      255
0x0461	0x0086      	MOVWF      PORTB
;LED project.c,147 :: 		Delay_ms(500);
0x0462	0x3006      	MOVLW      6
0x0463	0x00FB      	MOVWF      R11
0x0464	0x3013      	MOVLW      19
0x0465	0x00FC      	MOVWF      R12
0x0466	0x30AD      	MOVLW      173
0x0467	0x00FD      	MOVWF      R13
L_main72:
0x0468	0x0BFD      	DECFSZ     R13, 1
0x0469	0x2C68      	GOTO       L_main72
0x046A	0x0BFC      	DECFSZ     R12, 1
0x046B	0x2C68      	GOTO       L_main72
0x046C	0x0BFB      	DECFSZ     R11, 1
0x046D	0x2C68      	GOTO       L_main72
0x046E	0x0000      	NOP
0x046F	0x0000      	NOP
;LED project.c,148 :: 		PORTB = 0b11100111;
0x0470	0x30E7      	MOVLW      231
0x0471	0x0086      	MOVWF      PORTB
;LED project.c,149 :: 		Delay_ms(500);
0x0472	0x3006      	MOVLW      6
0x0473	0x00FB      	MOVWF      R11
0x0474	0x3013      	MOVLW      19
0x0475	0x00FC      	MOVWF      R12
0x0476	0x30AD      	MOVLW      173
0x0477	0x00FD      	MOVWF      R13
L_main73:
0x0478	0x0BFD      	DECFSZ     R13, 1
0x0479	0x2C78      	GOTO       L_main73
0x047A	0x0BFC      	DECFSZ     R12, 1
0x047B	0x2C78      	GOTO       L_main73
0x047C	0x0BFB      	DECFSZ     R11, 1
0x047D	0x2C78      	GOTO       L_main73
0x047E	0x0000      	NOP
0x047F	0x0000      	NOP
;LED project.c,150 :: 		PORTB = 0b11000011;
0x0480	0x30C3      	MOVLW      195
0x0481	0x0086      	MOVWF      PORTB
;LED project.c,151 :: 		Delay_ms(500);
0x0482	0x3006      	MOVLW      6
0x0483	0x00FB      	MOVWF      R11
0x0484	0x3013      	MOVLW      19
0x0485	0x00FC      	MOVWF      R12
0x0486	0x30AD      	MOVLW      173
0x0487	0x00FD      	MOVWF      R13
L_main74:
0x0488	0x0BFD      	DECFSZ     R13, 1
0x0489	0x2C88      	GOTO       L_main74
0x048A	0x0BFC      	DECFSZ     R12, 1
0x048B	0x2C88      	GOTO       L_main74
0x048C	0x0BFB      	DECFSZ     R11, 1
0x048D	0x2C88      	GOTO       L_main74
0x048E	0x0000      	NOP
0x048F	0x0000      	NOP
;LED project.c,152 :: 		PORTB = 0b10000001;
0x0490	0x3081      	MOVLW      129
0x0491	0x0086      	MOVWF      PORTB
;LED project.c,153 :: 		Delay_ms(500);
0x0492	0x3006      	MOVLW      6
0x0493	0x00FB      	MOVWF      R11
0x0494	0x3013      	MOVLW      19
0x0495	0x00FC      	MOVWF      R12
0x0496	0x30AD      	MOVLW      173
0x0497	0x00FD      	MOVWF      R13
L_main75:
0x0498	0x0BFD      	DECFSZ     R13, 1
0x0499	0x2C98      	GOTO       L_main75
0x049A	0x0BFC      	DECFSZ     R12, 1
0x049B	0x2C98      	GOTO       L_main75
0x049C	0x0BFB      	DECFSZ     R11, 1
0x049D	0x2C98      	GOTO       L_main75
0x049E	0x0000      	NOP
0x049F	0x0000      	NOP
;LED project.c,154 :: 		PORTB = 0b00000000;
0x04A0	0x0186      	CLRF       PORTB
;LED project.c,155 :: 		Delay_ms(500);
0x04A1	0x3006      	MOVLW      6
0x04A2	0x00FB      	MOVWF      R11
0x04A3	0x3013      	MOVLW      19
0x04A4	0x00FC      	MOVWF      R12
0x04A5	0x30AD      	MOVLW      173
0x04A6	0x00FD      	MOVWF      R13
L_main76:
0x04A7	0x0BFD      	DECFSZ     R13, 1
0x04A8	0x2CA7      	GOTO       L_main76
0x04A9	0x0BFC      	DECFSZ     R12, 1
0x04AA	0x2CA7      	GOTO       L_main76
0x04AB	0x0BFB      	DECFSZ     R11, 1
0x04AC	0x2CA7      	GOTO       L_main76
0x04AD	0x0000      	NOP
0x04AE	0x0000      	NOP
;LED project.c,156 :: 		PORTB = 0b11111111;
0x04AF	0x30FF      	MOVLW      255
0x04B0	0x0086      	MOVWF      PORTB
;LED project.c,157 :: 		Delay_ms(500);
0x04B1	0x3006      	MOVLW      6
0x04B2	0x00FB      	MOVWF      R11
0x04B3	0x3013      	MOVLW      19
0x04B4	0x00FC      	MOVWF      R12
0x04B5	0x30AD      	MOVLW      173
0x04B6	0x00FD      	MOVWF      R13
L_main77:
0x04B7	0x0BFD      	DECFSZ     R13, 1
0x04B8	0x2CB7      	GOTO       L_main77
0x04B9	0x0BFC      	DECFSZ     R12, 1
0x04BA	0x2CB7      	GOTO       L_main77
0x04BB	0x0BFB      	DECFSZ     R11, 1
0x04BC	0x2CB7      	GOTO       L_main77
0x04BD	0x0000      	NOP
0x04BE	0x0000      	NOP
;LED project.c,158 :: 		PORTB = 0b01111111;
0x04BF	0x307F      	MOVLW      127
0x04C0	0x0086      	MOVWF      PORTB
;LED project.c,159 :: 		Delay_ms(500);
0x04C1	0x3006      	MOVLW      6
0x04C2	0x00FB      	MOVWF      R11
0x04C3	0x3013      	MOVLW      19
0x04C4	0x00FC      	MOVWF      R12
0x04C5	0x30AD      	MOVLW      173
0x04C6	0x00FD      	MOVWF      R13
L_main78:
0x04C7	0x0BFD      	DECFSZ     R13, 1
0x04C8	0x2CC7      	GOTO       L_main78
0x04C9	0x0BFC      	DECFSZ     R12, 1
0x04CA	0x2CC7      	GOTO       L_main78
0x04CB	0x0BFB      	DECFSZ     R11, 1
0x04CC	0x2CC7      	GOTO       L_main78
0x04CD	0x0000      	NOP
0x04CE	0x0000      	NOP
;LED project.c,160 :: 		PORTB = 0b10111111;
0x04CF	0x30BF      	MOVLW      191
0x04D0	0x0086      	MOVWF      PORTB
;LED project.c,161 :: 		Delay_ms(500);
0x04D1	0x3006      	MOVLW      6
0x04D2	0x00FB      	MOVWF      R11
0x04D3	0x3013      	MOVLW      19
0x04D4	0x00FC      	MOVWF      R12
0x04D5	0x30AD      	MOVLW      173
0x04D6	0x00FD      	MOVWF      R13
L_main79:
0x04D7	0x0BFD      	DECFSZ     R13, 1
0x04D8	0x2CD7      	GOTO       L_main79
0x04D9	0x0BFC      	DECFSZ     R12, 1
0x04DA	0x2CD7      	GOTO       L_main79
0x04DB	0x0BFB      	DECFSZ     R11, 1
0x04DC	0x2CD7      	GOTO       L_main79
0x04DD	0x0000      	NOP
0x04DE	0x0000      	NOP
;LED project.c,162 :: 		PORTB = 0b11011111;
0x04DF	0x30DF      	MOVLW      223
0x04E0	0x0086      	MOVWF      PORTB
;LED project.c,163 :: 		Delay_ms(500);
0x04E1	0x3006      	MOVLW      6
0x04E2	0x00FB      	MOVWF      R11
0x04E3	0x3013      	MOVLW      19
0x04E4	0x00FC      	MOVWF      R12
0x04E5	0x30AD      	MOVLW      173
0x04E6	0x00FD      	MOVWF      R13
L_main80:
0x04E7	0x0BFD      	DECFSZ     R13, 1
0x04E8	0x2CE7      	GOTO       L_main80
0x04E9	0x0BFC      	DECFSZ     R12, 1
0x04EA	0x2CE7      	GOTO       L_main80
0x04EB	0x0BFB      	DECFSZ     R11, 1
0x04EC	0x2CE7      	GOTO       L_main80
0x04ED	0x0000      	NOP
0x04EE	0x0000      	NOP
;LED project.c,164 :: 		PORTB = 0b11101111;
0x04EF	0x30EF      	MOVLW      239
0x04F0	0x0086      	MOVWF      PORTB
;LED project.c,165 :: 		Delay_ms(500);
0x04F1	0x3006      	MOVLW      6
0x04F2	0x00FB      	MOVWF      R11
0x04F3	0x3013      	MOVLW      19
0x04F4	0x00FC      	MOVWF      R12
0x04F5	0x30AD      	MOVLW      173
0x04F6	0x00FD      	MOVWF      R13
L_main81:
0x04F7	0x0BFD      	DECFSZ     R13, 1
0x04F8	0x2CF7      	GOTO       L_main81
0x04F9	0x0BFC      	DECFSZ     R12, 1
0x04FA	0x2CF7      	GOTO       L_main81
0x04FB	0x0BFB      	DECFSZ     R11, 1
0x04FC	0x2CF7      	GOTO       L_main81
0x04FD	0x0000      	NOP
0x04FE	0x0000      	NOP
;LED project.c,166 :: 		PORTB = 0b11110111;
0x04FF	0x30F7      	MOVLW      247
0x0500	0x0086      	MOVWF      PORTB
;LED project.c,167 :: 		Delay_ms(500);
0x0501	0x3006      	MOVLW      6
0x0502	0x00FB      	MOVWF      R11
0x0503	0x3013      	MOVLW      19
0x0504	0x00FC      	MOVWF      R12
0x0505	0x30AD      	MOVLW      173
0x0506	0x00FD      	MOVWF      R13
L_main82:
0x0507	0x0BFD      	DECFSZ     R13, 1
0x0508	0x2D07      	GOTO       L_main82
0x0509	0x0BFC      	DECFSZ     R12, 1
0x050A	0x2D07      	GOTO       L_main82
0x050B	0x0BFB      	DECFSZ     R11, 1
0x050C	0x2D07      	GOTO       L_main82
0x050D	0x0000      	NOP
0x050E	0x0000      	NOP
;LED project.c,168 :: 		PORTB = 0b11111011;
0x050F	0x30FB      	MOVLW      251
0x0510	0x0086      	MOVWF      PORTB
;LED project.c,169 :: 		Delay_ms(500);
0x0511	0x3006      	MOVLW      6
0x0512	0x00FB      	MOVWF      R11
0x0513	0x3013      	MOVLW      19
0x0514	0x00FC      	MOVWF      R12
0x0515	0x30AD      	MOVLW      173
0x0516	0x00FD      	MOVWF      R13
L_main83:
0x0517	0x0BFD      	DECFSZ     R13, 1
0x0518	0x2D17      	GOTO       L_main83
0x0519	0x0BFC      	DECFSZ     R12, 1
0x051A	0x2D17      	GOTO       L_main83
0x051B	0x0BFB      	DECFSZ     R11, 1
0x051C	0x2D17      	GOTO       L_main83
0x051D	0x0000      	NOP
0x051E	0x0000      	NOP
;LED project.c,170 :: 		PORTB = 0b11111101;
0x051F	0x30FD      	MOVLW      253
0x0520	0x0086      	MOVWF      PORTB
;LED project.c,171 :: 		Delay_ms(500);
0x0521	0x3006      	MOVLW      6
0x0522	0x00FB      	MOVWF      R11
0x0523	0x3013      	MOVLW      19
0x0524	0x00FC      	MOVWF      R12
0x0525	0x30AD      	MOVLW      173
0x0526	0x00FD      	MOVWF      R13
L_main84:
0x0527	0x0BFD      	DECFSZ     R13, 1
0x0528	0x2D27      	GOTO       L_main84
0x0529	0x0BFC      	DECFSZ     R12, 1
0x052A	0x2D27      	GOTO       L_main84
0x052B	0x0BFB      	DECFSZ     R11, 1
0x052C	0x2D27      	GOTO       L_main84
0x052D	0x0000      	NOP
0x052E	0x0000      	NOP
;LED project.c,172 :: 		PORTB = 0b11111110;
0x052F	0x30FE      	MOVLW      254
0x0530	0x0086      	MOVWF      PORTB
;LED project.c,173 :: 		Delay_ms(500);
0x0531	0x3006      	MOVLW      6
0x0532	0x00FB      	MOVWF      R11
0x0533	0x3013      	MOVLW      19
0x0534	0x00FC      	MOVWF      R12
0x0535	0x30AD      	MOVLW      173
0x0536	0x00FD      	MOVWF      R13
L_main85:
0x0537	0x0BFD      	DECFSZ     R13, 1
0x0538	0x2D37      	GOTO       L_main85
0x0539	0x0BFC      	DECFSZ     R12, 1
0x053A	0x2D37      	GOTO       L_main85
0x053B	0x0BFB      	DECFSZ     R11, 1
0x053C	0x2D37      	GOTO       L_main85
0x053D	0x0000      	NOP
0x053E	0x0000      	NOP
;LED project.c,174 :: 		PORTB = 0b11111111;
0x053F	0x30FF      	MOVLW      255
0x0540	0x0086      	MOVWF      PORTB
;LED project.c,175 :: 		Delay_ms(500);
0x0541	0x3006      	MOVLW      6
0x0542	0x00FB      	MOVWF      R11
0x0543	0x3013      	MOVLW      19
0x0544	0x00FC      	MOVWF      R12
0x0545	0x30AD      	MOVLW      173
0x0546	0x00FD      	MOVWF      R13
L_main86:
0x0547	0x0BFD      	DECFSZ     R13, 1
0x0548	0x2D47      	GOTO       L_main86
0x0549	0x0BFC      	DECFSZ     R12, 1
0x054A	0x2D47      	GOTO       L_main86
0x054B	0x0BFB      	DECFSZ     R11, 1
0x054C	0x2D47      	GOTO       L_main86
0x054D	0x0000      	NOP
0x054E	0x0000      	NOP
;LED project.c,176 :: 		PORTB = 0b01111111;
0x054F	0x307F      	MOVLW      127
0x0550	0x0086      	MOVWF      PORTB
;LED project.c,177 :: 		Delay_ms(500);
0x0551	0x3006      	MOVLW      6
0x0552	0x00FB      	MOVWF      R11
0x0553	0x3013      	MOVLW      19
0x0554	0x00FC      	MOVWF      R12
0x0555	0x30AD      	MOVLW      173
0x0556	0x00FD      	MOVWF      R13
L_main87:
0x0557	0x0BFD      	DECFSZ     R13, 1
0x0558	0x2D57      	GOTO       L_main87
0x0559	0x0BFC      	DECFSZ     R12, 1
0x055A	0x2D57      	GOTO       L_main87
0x055B	0x0BFB      	DECFSZ     R11, 1
0x055C	0x2D57      	GOTO       L_main87
0x055D	0x0000      	NOP
0x055E	0x0000      	NOP
;LED project.c,178 :: 		PORTB = 0b10111111;
0x055F	0x30BF      	MOVLW      191
0x0560	0x0086      	MOVWF      PORTB
;LED project.c,179 :: 		Delay_ms(500);
0x0561	0x3006      	MOVLW      6
0x0562	0x00FB      	MOVWF      R11
0x0563	0x3013      	MOVLW      19
0x0564	0x00FC      	MOVWF      R12
0x0565	0x30AD      	MOVLW      173
0x0566	0x00FD      	MOVWF      R13
L_main88:
0x0567	0x0BFD      	DECFSZ     R13, 1
0x0568	0x2D67      	GOTO       L_main88
0x0569	0x0BFC      	DECFSZ     R12, 1
0x056A	0x2D67      	GOTO       L_main88
0x056B	0x0BFB      	DECFSZ     R11, 1
0x056C	0x2D67      	GOTO       L_main88
0x056D	0x0000      	NOP
0x056E	0x0000      	NOP
;LED project.c,180 :: 		PORTB = 0b11011111;
0x056F	0x30DF      	MOVLW      223
0x0570	0x0086      	MOVWF      PORTB
;LED project.c,181 :: 		Delay_ms(500);
0x0571	0x3006      	MOVLW      6
0x0572	0x00FB      	MOVWF      R11
0x0573	0x3013      	MOVLW      19
0x0574	0x00FC      	MOVWF      R12
0x0575	0x30AD      	MOVLW      173
0x0576	0x00FD      	MOVWF      R13
L_main89:
0x0577	0x0BFD      	DECFSZ     R13, 1
0x0578	0x2D77      	GOTO       L_main89
0x0579	0x0BFC      	DECFSZ     R12, 1
0x057A	0x2D77      	GOTO       L_main89
0x057B	0x0BFB      	DECFSZ     R11, 1
0x057C	0x2D77      	GOTO       L_main89
0x057D	0x0000      	NOP
0x057E	0x0000      	NOP
;LED project.c,182 :: 		PORTB = 0b11101111;
0x057F	0x30EF      	MOVLW      239
0x0580	0x0086      	MOVWF      PORTB
;LED project.c,183 :: 		Delay_ms(500);
0x0581	0x3006      	MOVLW      6
0x0582	0x00FB      	MOVWF      R11
0x0583	0x3013      	MOVLW      19
0x0584	0x00FC      	MOVWF      R12
0x0585	0x30AD      	MOVLW      173
0x0586	0x00FD      	MOVWF      R13
L_main90:
0x0587	0x0BFD      	DECFSZ     R13, 1
0x0588	0x2D87      	GOTO       L_main90
0x0589	0x0BFC      	DECFSZ     R12, 1
0x058A	0x2D87      	GOTO       L_main90
0x058B	0x0BFB      	DECFSZ     R11, 1
0x058C	0x2D87      	GOTO       L_main90
0x058D	0x0000      	NOP
0x058E	0x0000      	NOP
;LED project.c,184 :: 		PORTB = 0b11110111;
0x058F	0x30F7      	MOVLW      247
0x0590	0x0086      	MOVWF      PORTB
;LED project.c,185 :: 		Delay_ms(500);
0x0591	0x3006      	MOVLW      6
0x0592	0x00FB      	MOVWF      R11
0x0593	0x3013      	MOVLW      19
0x0594	0x00FC      	MOVWF      R12
0x0595	0x30AD      	MOVLW      173
0x0596	0x00FD      	MOVWF      R13
L_main91:
0x0597	0x0BFD      	DECFSZ     R13, 1
0x0598	0x2D97      	GOTO       L_main91
0x0599	0x0BFC      	DECFSZ     R12, 1
0x059A	0x2D97      	GOTO       L_main91
0x059B	0x0BFB      	DECFSZ     R11, 1
0x059C	0x2D97      	GOTO       L_main91
0x059D	0x0000      	NOP
0x059E	0x0000      	NOP
;LED project.c,186 :: 		PORTB = 0b11111011;
0x059F	0x30FB      	MOVLW      251
0x05A0	0x0086      	MOVWF      PORTB
;LED project.c,187 :: 		Delay_ms(500);
0x05A1	0x3006      	MOVLW      6
0x05A2	0x00FB      	MOVWF      R11
0x05A3	0x3013      	MOVLW      19
0x05A4	0x00FC      	MOVWF      R12
0x05A5	0x30AD      	MOVLW      173
0x05A6	0x00FD      	MOVWF      R13
L_main92:
0x05A7	0x0BFD      	DECFSZ     R13, 1
0x05A8	0x2DA7      	GOTO       L_main92
0x05A9	0x0BFC      	DECFSZ     R12, 1
0x05AA	0x2DA7      	GOTO       L_main92
0x05AB	0x0BFB      	DECFSZ     R11, 1
0x05AC	0x2DA7      	GOTO       L_main92
0x05AD	0x0000      	NOP
0x05AE	0x0000      	NOP
;LED project.c,188 :: 		PORTB = 0b11111101;
0x05AF	0x30FD      	MOVLW      253
0x05B0	0x0086      	MOVWF      PORTB
;LED project.c,189 :: 		Delay_ms(500);
0x05B1	0x3006      	MOVLW      6
0x05B2	0x00FB      	MOVWF      R11
0x05B3	0x3013      	MOVLW      19
0x05B4	0x00FC      	MOVWF      R12
0x05B5	0x30AD      	MOVLW      173
0x05B6	0x00FD      	MOVWF      R13
L_main93:
0x05B7	0x0BFD      	DECFSZ     R13, 1
0x05B8	0x2DB7      	GOTO       L_main93
0x05B9	0x0BFC      	DECFSZ     R12, 1
0x05BA	0x2DB7      	GOTO       L_main93
0x05BB	0x0BFB      	DECFSZ     R11, 1
0x05BC	0x2DB7      	GOTO       L_main93
0x05BD	0x0000      	NOP
0x05BE	0x0000      	NOP
;LED project.c,190 :: 		PORTB = 0b11111110;
0x05BF	0x30FE      	MOVLW      254
0x05C0	0x0086      	MOVWF      PORTB
;LED project.c,191 :: 		Delay_ms(500);
0x05C1	0x3006      	MOVLW      6
0x05C2	0x00FB      	MOVWF      R11
0x05C3	0x3013      	MOVLW      19
0x05C4	0x00FC      	MOVWF      R12
0x05C5	0x30AD      	MOVLW      173
0x05C6	0x00FD      	MOVWF      R13
L_main94:
0x05C7	0x0BFD      	DECFSZ     R13, 1
0x05C8	0x2DC7      	GOTO       L_main94
0x05C9	0x0BFC      	DECFSZ     R12, 1
0x05CA	0x2DC7      	GOTO       L_main94
0x05CB	0x0BFB      	DECFSZ     R11, 1
0x05CC	0x2DC7      	GOTO       L_main94
0x05CD	0x0000      	NOP
0x05CE	0x0000      	NOP
;LED project.c,192 :: 		PORTB = 0b11111111;
0x05CF	0x30FF      	MOVLW      255
0x05D0	0x0086      	MOVWF      PORTB
;LED project.c,193 :: 		Delay_ms(500);
0x05D1	0x3006      	MOVLW      6
0x05D2	0x00FB      	MOVWF      R11
0x05D3	0x3013      	MOVLW      19
0x05D4	0x00FC      	MOVWF      R12
0x05D5	0x30AD      	MOVLW      173
0x05D6	0x00FD      	MOVWF      R13
L_main95:
0x05D7	0x0BFD      	DECFSZ     R13, 1
0x05D8	0x2DD7      	GOTO       L_main95
0x05D9	0x0BFC      	DECFSZ     R12, 1
0x05DA	0x2DD7      	GOTO       L_main95
0x05DB	0x0BFB      	DECFSZ     R11, 1
0x05DC	0x2DD7      	GOTO       L_main95
0x05DD	0x0000      	NOP
0x05DE	0x0000      	NOP
;LED project.c,194 :: 		PORTB = 0b01111110;
0x05DF	0x307E      	MOVLW      126
0x05E0	0x0086      	MOVWF      PORTB
;LED project.c,195 :: 		Delay_ms(500);
0x05E1	0x3006      	MOVLW      6
0x05E2	0x00FB      	MOVWF      R11
0x05E3	0x3013      	MOVLW      19
0x05E4	0x00FC      	MOVWF      R12
0x05E5	0x30AD      	MOVLW      173
0x05E6	0x00FD      	MOVWF      R13
L_main96:
0x05E7	0x0BFD      	DECFSZ     R13, 1
0x05E8	0x2DE7      	GOTO       L_main96
0x05E9	0x0BFC      	DECFSZ     R12, 1
0x05EA	0x2DE7      	GOTO       L_main96
0x05EB	0x0BFB      	DECFSZ     R11, 1
0x05EC	0x2DE7      	GOTO       L_main96
0x05ED	0x0000      	NOP
0x05EE	0x0000      	NOP
;LED project.c,196 :: 		PORTB = 0b00111100;
0x05EF	0x303C      	MOVLW      60
0x05F0	0x0086      	MOVWF      PORTB
;LED project.c,197 :: 		Delay_ms(500);
0x05F1	0x3006      	MOVLW      6
0x05F2	0x00FB      	MOVWF      R11
0x05F3	0x3013      	MOVLW      19
0x05F4	0x00FC      	MOVWF      R12
0x05F5	0x30AD      	MOVLW      173
0x05F6	0x00FD      	MOVWF      R13
L_main97:
0x05F7	0x0BFD      	DECFSZ     R13, 1
0x05F8	0x2DF7      	GOTO       L_main97
0x05F9	0x0BFC      	DECFSZ     R12, 1
0x05FA	0x2DF7      	GOTO       L_main97
0x05FB	0x0BFB      	DECFSZ     R11, 1
0x05FC	0x2DF7      	GOTO       L_main97
0x05FD	0x0000      	NOP
0x05FE	0x0000      	NOP
;LED project.c,198 :: 		PORTB = 0b00011000;
0x05FF	0x3018      	MOVLW      24
0x0600	0x0086      	MOVWF      PORTB
;LED project.c,199 :: 		Delay_ms(500);
0x0601	0x3006      	MOVLW      6
0x0602	0x00FB      	MOVWF      R11
0x0603	0x3013      	MOVLW      19
0x0604	0x00FC      	MOVWF      R12
0x0605	0x30AD      	MOVLW      173
0x0606	0x00FD      	MOVWF      R13
L_main98:
0x0607	0x0BFD      	DECFSZ     R13, 1
0x0608	0x2E07      	GOTO       L_main98
0x0609	0x0BFC      	DECFSZ     R12, 1
0x060A	0x2E07      	GOTO       L_main98
0x060B	0x0BFB      	DECFSZ     R11, 1
0x060C	0x2E07      	GOTO       L_main98
0x060D	0x0000      	NOP
0x060E	0x0000      	NOP
;LED project.c,200 :: 		PORTB = 0b00000000;
0x060F	0x0186      	CLRF       PORTB
;LED project.c,201 :: 		Delay_ms(500);
0x0610	0x3006      	MOVLW      6
0x0611	0x00FB      	MOVWF      R11
0x0612	0x3013      	MOVLW      19
0x0613	0x00FC      	MOVWF      R12
0x0614	0x30AD      	MOVLW      173
0x0615	0x00FD      	MOVWF      R13
L_main99:
0x0616	0x0BFD      	DECFSZ     R13, 1
0x0617	0x2E16      	GOTO       L_main99
0x0618	0x0BFC      	DECFSZ     R12, 1
0x0619	0x2E16      	GOTO       L_main99
0x061A	0x0BFB      	DECFSZ     R11, 1
0x061B	0x2E16      	GOTO       L_main99
0x061C	0x0000      	NOP
0x061D	0x0000      	NOP
;LED project.c,202 :: 		PORTB = 0b00011000;
0x061E	0x3018      	MOVLW      24
0x061F	0x0086      	MOVWF      PORTB
;LED project.c,203 :: 		Delay_ms(500);
0x0620	0x3006      	MOVLW      6
0x0621	0x00FB      	MOVWF      R11
0x0622	0x3013      	MOVLW      19
0x0623	0x00FC      	MOVWF      R12
0x0624	0x30AD      	MOVLW      173
0x0625	0x00FD      	MOVWF      R13
L_main100:
0x0626	0x0BFD      	DECFSZ     R13, 1
0x0627	0x2E26      	GOTO       L_main100
0x0628	0x0BFC      	DECFSZ     R12, 1
0x0629	0x2E26      	GOTO       L_main100
0x062A	0x0BFB      	DECFSZ     R11, 1
0x062B	0x2E26      	GOTO       L_main100
0x062C	0x0000      	NOP
0x062D	0x0000      	NOP
;LED project.c,204 :: 		PORTB = 0b00111100;
0x062E	0x303C      	MOVLW      60
0x062F	0x0086      	MOVWF      PORTB
;LED project.c,205 :: 		Delay_ms(500);
0x0630	0x3006      	MOVLW      6
0x0631	0x00FB      	MOVWF      R11
0x0632	0x3013      	MOVLW      19
0x0633	0x00FC      	MOVWF      R12
0x0634	0x30AD      	MOVLW      173
0x0635	0x00FD      	MOVWF      R13
L_main101:
0x0636	0x0BFD      	DECFSZ     R13, 1
0x0637	0x2E36      	GOTO       L_main101
0x0638	0x0BFC      	DECFSZ     R12, 1
0x0639	0x2E36      	GOTO       L_main101
0x063A	0x0BFB      	DECFSZ     R11, 1
0x063B	0x2E36      	GOTO       L_main101
0x063C	0x0000      	NOP
0x063D	0x0000      	NOP
;LED project.c,206 :: 		PORTB = 0b01111110;
0x063E	0x307E      	MOVLW      126
0x063F	0x0086      	MOVWF      PORTB
;LED project.c,207 :: 		Delay_ms(500);
0x0640	0x3006      	MOVLW      6
0x0641	0x00FB      	MOVWF      R11
0x0642	0x3013      	MOVLW      19
0x0643	0x00FC      	MOVWF      R12
0x0644	0x30AD      	MOVLW      173
0x0645	0x00FD      	MOVWF      R13
L_main102:
0x0646	0x0BFD      	DECFSZ     R13, 1
0x0647	0x2E46      	GOTO       L_main102
0x0648	0x0BFC      	DECFSZ     R12, 1
0x0649	0x2E46      	GOTO       L_main102
0x064A	0x0BFB      	DECFSZ     R11, 1
0x064B	0x2E46      	GOTO       L_main102
0x064C	0x0000      	NOP
0x064D	0x0000      	NOP
;LED project.c,208 :: 		PORTB = 0b11111111;
0x064E	0x30FF      	MOVLW      255
0x064F	0x0086      	MOVWF      PORTB
;LED project.c,209 :: 		Delay_ms(500);
0x0650	0x3006      	MOVLW      6
0x0651	0x00FB      	MOVWF      R11
0x0652	0x3013      	MOVLW      19
0x0653	0x00FC      	MOVWF      R12
0x0654	0x30AD      	MOVLW      173
0x0655	0x00FD      	MOVWF      R13
L_main103:
0x0656	0x0BFD      	DECFSZ     R13, 1
0x0657	0x2E56      	GOTO       L_main103
0x0658	0x0BFC      	DECFSZ     R12, 1
0x0659	0x2E56      	GOTO       L_main103
0x065A	0x0BFB      	DECFSZ     R11, 1
0x065B	0x2E56      	GOTO       L_main103
0x065C	0x0000      	NOP
0x065D	0x0000      	NOP
;LED project.c,210 :: 		PORTB = 0b11111111;
0x065E	0x30FF      	MOVLW      255
0x065F	0x0086      	MOVWF      PORTB
;LED project.c,211 :: 		Delay_ms(500);
0x0660	0x3006      	MOVLW      6
0x0661	0x00FB      	MOVWF      R11
0x0662	0x3013      	MOVLW      19
0x0663	0x00FC      	MOVWF      R12
0x0664	0x30AD      	MOVLW      173
0x0665	0x00FD      	MOVWF      R13
L_main104:
0x0666	0x0BFD      	DECFSZ     R13, 1
0x0667	0x2E66      	GOTO       L_main104
0x0668	0x0BFC      	DECFSZ     R12, 1
0x0669	0x2E66      	GOTO       L_main104
0x066A	0x0BFB      	DECFSZ     R11, 1
0x066B	0x2E66      	GOTO       L_main104
0x066C	0x0000      	NOP
0x066D	0x0000      	NOP
;LED project.c,212 :: 		PORTB = 0b01111110;
0x066E	0x307E      	MOVLW      126
0x066F	0x0086      	MOVWF      PORTB
;LED project.c,213 :: 		Delay_ms(500);
0x0670	0x3006      	MOVLW      6
0x0671	0x00FB      	MOVWF      R11
0x0672	0x3013      	MOVLW      19
0x0673	0x00FC      	MOVWF      R12
0x0674	0x30AD      	MOVLW      173
0x0675	0x00FD      	MOVWF      R13
L_main105:
0x0676	0x0BFD      	DECFSZ     R13, 1
0x0677	0x2E76      	GOTO       L_main105
0x0678	0x0BFC      	DECFSZ     R12, 1
0x0679	0x2E76      	GOTO       L_main105
0x067A	0x0BFB      	DECFSZ     R11, 1
0x067B	0x2E76      	GOTO       L_main105
0x067C	0x0000      	NOP
0x067D	0x0000      	NOP
;LED project.c,214 :: 		PORTB = 0b00111100;
0x067E	0x303C      	MOVLW      60
0x067F	0x0086      	MOVWF      PORTB
;LED project.c,215 :: 		Delay_ms(500);
0x0680	0x3006      	MOVLW      6
0x0681	0x00FB      	MOVWF      R11
0x0682	0x3013      	MOVLW      19
0x0683	0x00FC      	MOVWF      R12
0x0684	0x30AD      	MOVLW      173
0x0685	0x00FD      	MOVWF      R13
L_main106:
0x0686	0x0BFD      	DECFSZ     R13, 1
0x0687	0x2E86      	GOTO       L_main106
0x0688	0x0BFC      	DECFSZ     R12, 1
0x0689	0x2E86      	GOTO       L_main106
0x068A	0x0BFB      	DECFSZ     R11, 1
0x068B	0x2E86      	GOTO       L_main106
0x068C	0x0000      	NOP
0x068D	0x0000      	NOP
;LED project.c,216 :: 		PORTB = 0b00011000;
0x068E	0x3018      	MOVLW      24
0x068F	0x0086      	MOVWF      PORTB
;LED project.c,217 :: 		Delay_ms(500);
0x0690	0x3006      	MOVLW      6
0x0691	0x00FB      	MOVWF      R11
0x0692	0x3013      	MOVLW      19
0x0693	0x00FC      	MOVWF      R12
0x0694	0x30AD      	MOVLW      173
0x0695	0x00FD      	MOVWF      R13
L_main107:
0x0696	0x0BFD      	DECFSZ     R13, 1
0x0697	0x2E96      	GOTO       L_main107
0x0698	0x0BFC      	DECFSZ     R12, 1
0x0699	0x2E96      	GOTO       L_main107
0x069A	0x0BFB      	DECFSZ     R11, 1
0x069B	0x2E96      	GOTO       L_main107
0x069C	0x0000      	NOP
0x069D	0x0000      	NOP
;LED project.c,218 :: 		PORTB = 0b00000000;
0x069E	0x0186      	CLRF       PORTB
;LED project.c,219 :: 		Delay_ms(500);
0x069F	0x3006      	MOVLW      6
0x06A0	0x00FB      	MOVWF      R11
0x06A1	0x3013      	MOVLW      19
0x06A2	0x00FC      	MOVWF      R12
0x06A3	0x30AD      	MOVLW      173
0x06A4	0x00FD      	MOVWF      R13
L_main108:
0x06A5	0x0BFD      	DECFSZ     R13, 1
0x06A6	0x2EA5      	GOTO       L_main108
0x06A7	0x0BFC      	DECFSZ     R12, 1
0x06A8	0x2EA5      	GOTO       L_main108
0x06A9	0x0BFB      	DECFSZ     R11, 1
0x06AA	0x2EA5      	GOTO       L_main108
0x06AB	0x0000      	NOP
0x06AC	0x0000      	NOP
;LED project.c,220 :: 		PORTB = 0b00011000;
0x06AD	0x3018      	MOVLW      24
0x06AE	0x0086      	MOVWF      PORTB
;LED project.c,221 :: 		Delay_ms(500);
0x06AF	0x3006      	MOVLW      6
0x06B0	0x00FB      	MOVWF      R11
0x06B1	0x3013      	MOVLW      19
0x06B2	0x00FC      	MOVWF      R12
0x06B3	0x30AD      	MOVLW      173
0x06B4	0x00FD      	MOVWF      R13
L_main109:
0x06B5	0x0BFD      	DECFSZ     R13, 1
0x06B6	0x2EB5      	GOTO       L_main109
0x06B7	0x0BFC      	DECFSZ     R12, 1
0x06B8	0x2EB5      	GOTO       L_main109
0x06B9	0x0BFB      	DECFSZ     R11, 1
0x06BA	0x2EB5      	GOTO       L_main109
0x06BB	0x0000      	NOP
0x06BC	0x0000      	NOP
;LED project.c,222 :: 		PORTB = 0b00111100;
0x06BD	0x303C      	MOVLW      60
0x06BE	0x0086      	MOVWF      PORTB
;LED project.c,223 :: 		Delay_ms(500);
0x06BF	0x3006      	MOVLW      6
0x06C0	0x00FB      	MOVWF      R11
0x06C1	0x3013      	MOVLW      19
0x06C2	0x00FC      	MOVWF      R12
0x06C3	0x30AD      	MOVLW      173
0x06C4	0x00FD      	MOVWF      R13
L_main110:
0x06C5	0x0BFD      	DECFSZ     R13, 1
0x06C6	0x2EC5      	GOTO       L_main110
0x06C7	0x0BFC      	DECFSZ     R12, 1
0x06C8	0x2EC5      	GOTO       L_main110
0x06C9	0x0BFB      	DECFSZ     R11, 1
0x06CA	0x2EC5      	GOTO       L_main110
0x06CB	0x0000      	NOP
0x06CC	0x0000      	NOP
;LED project.c,224 :: 		PORTB = 0b01111110;
0x06CD	0x307E      	MOVLW      126
0x06CE	0x0086      	MOVWF      PORTB
;LED project.c,225 :: 		Delay_ms(500);
0x06CF	0x3006      	MOVLW      6
0x06D0	0x00FB      	MOVWF      R11
0x06D1	0x3013      	MOVLW      19
0x06D2	0x00FC      	MOVWF      R12
0x06D3	0x30AD      	MOVLW      173
0x06D4	0x00FD      	MOVWF      R13
L_main111:
0x06D5	0x0BFD      	DECFSZ     R13, 1
0x06D6	0x2ED5      	GOTO       L_main111
0x06D7	0x0BFC      	DECFSZ     R12, 1
0x06D8	0x2ED5      	GOTO       L_main111
0x06D9	0x0BFB      	DECFSZ     R11, 1
0x06DA	0x2ED5      	GOTO       L_main111
0x06DB	0x0000      	NOP
0x06DC	0x0000      	NOP
;LED project.c,226 :: 		PORTB = 0b11111111;
0x06DD	0x30FF      	MOVLW      255
0x06DE	0x0086      	MOVWF      PORTB
;LED project.c,227 :: 		Delay_ms(500);
0x06DF	0x3006      	MOVLW      6
0x06E0	0x00FB      	MOVWF      R11
0x06E1	0x3013      	MOVLW      19
0x06E2	0x00FC      	MOVWF      R12
0x06E3	0x30AD      	MOVLW      173
0x06E4	0x00FD      	MOVWF      R13
L_main112:
0x06E5	0x0BFD      	DECFSZ     R13, 1
0x06E6	0x2EE5      	GOTO       L_main112
0x06E7	0x0BFC      	DECFSZ     R12, 1
0x06E8	0x2EE5      	GOTO       L_main112
0x06E9	0x0BFB      	DECFSZ     R11, 1
0x06EA	0x2EE5      	GOTO       L_main112
0x06EB	0x0000      	NOP
0x06EC	0x0000      	NOP
;LED project.c,228 :: 		PORTB = 0b01111110;
0x06ED	0x307E      	MOVLW      126
0x06EE	0x0086      	MOVWF      PORTB
;LED project.c,229 :: 		Delay_ms(500);
0x06EF	0x3006      	MOVLW      6
0x06F0	0x00FB      	MOVWF      R11
0x06F1	0x3013      	MOVLW      19
0x06F2	0x00FC      	MOVWF      R12
0x06F3	0x30AD      	MOVLW      173
0x06F4	0x00FD      	MOVWF      R13
L_main113:
0x06F5	0x0BFD      	DECFSZ     R13, 1
0x06F6	0x2EF5      	GOTO       L_main113
0x06F7	0x0BFC      	DECFSZ     R12, 1
0x06F8	0x2EF5      	GOTO       L_main113
0x06F9	0x0BFB      	DECFSZ     R11, 1
0x06FA	0x2EF5      	GOTO       L_main113
0x06FB	0x0000      	NOP
0x06FC	0x0000      	NOP
;LED project.c,230 :: 		PORTB = 0b10111101;
0x06FD	0x30BD      	MOVLW      189
0x06FE	0x0086      	MOVWF      PORTB
;LED project.c,231 :: 		Delay_ms(500);
0x06FF	0x3006      	MOVLW      6
0x0700	0x00FB      	MOVWF      R11
0x0701	0x3013      	MOVLW      19
0x0702	0x00FC      	MOVWF      R12
0x0703	0x30AD      	MOVLW      173
0x0704	0x00FD      	MOVWF      R13
L_main114:
0x0705	0x0BFD      	DECFSZ     R13, 1
0x0706	0x2F05      	GOTO       L_main114
0x0707	0x0BFC      	DECFSZ     R12, 1
0x0708	0x2F05      	GOTO       L_main114
0x0709	0x0BFB      	DECFSZ     R11, 1
0x070A	0x2F05      	GOTO       L_main114
0x070B	0x0000      	NOP
0x070C	0x0000      	NOP
;LED project.c,232 :: 		PORTB = 0b11011011;
0x070D	0x30DB      	MOVLW      219
0x070E	0x0086      	MOVWF      PORTB
;LED project.c,233 :: 		Delay_ms(500);
0x070F	0x3006      	MOVLW      6
0x0710	0x00FB      	MOVWF      R11
0x0711	0x3013      	MOVLW      19
0x0712	0x00FC      	MOVWF      R12
0x0713	0x30AD      	MOVLW      173
0x0714	0x00FD      	MOVWF      R13
L_main115:
0x0715	0x0BFD      	DECFSZ     R13, 1
0x0716	0x2F15      	GOTO       L_main115
0x0717	0x0BFC      	DECFSZ     R12, 1
0x0718	0x2F15      	GOTO       L_main115
0x0719	0x0BFB      	DECFSZ     R11, 1
0x071A	0x2F15      	GOTO       L_main115
0x071B	0x0000      	NOP
0x071C	0x0000      	NOP
;LED project.c,234 :: 		PORTB = 0b11100111;
0x071D	0x30E7      	MOVLW      231
0x071E	0x0086      	MOVWF      PORTB
;LED project.c,235 :: 		Delay_ms(500);
0x071F	0x3006      	MOVLW      6
0x0720	0x00FB      	MOVWF      R11
0x0721	0x3013      	MOVLW      19
0x0722	0x00FC      	MOVWF      R12
0x0723	0x30AD      	MOVLW      173
0x0724	0x00FD      	MOVWF      R13
L_main116:
0x0725	0x0BFD      	DECFSZ     R13, 1
0x0726	0x2F25      	GOTO       L_main116
0x0727	0x0BFC      	DECFSZ     R12, 1
0x0728	0x2F25      	GOTO       L_main116
0x0729	0x0BFB      	DECFSZ     R11, 1
0x072A	0x2F25      	GOTO       L_main116
0x072B	0x0000      	NOP
0x072C	0x0000      	NOP
;LED project.c,236 :: 		PORTB = 0b11111111;
0x072D	0x30FF      	MOVLW      255
0x072E	0x0086      	MOVWF      PORTB
;LED project.c,237 :: 		Delay_ms(500);
0x072F	0x3006      	MOVLW      6
0x0730	0x00FB      	MOVWF      R11
0x0731	0x3013      	MOVLW      19
0x0732	0x00FC      	MOVWF      R12
0x0733	0x30AD      	MOVLW      173
0x0734	0x00FD      	MOVWF      R13
L_main117:
0x0735	0x0BFD      	DECFSZ     R13, 1
0x0736	0x2F35      	GOTO       L_main117
0x0737	0x0BFC      	DECFSZ     R12, 1
0x0738	0x2F35      	GOTO       L_main117
0x0739	0x0BFB      	DECFSZ     R11, 1
0x073A	0x2F35      	GOTO       L_main117
0x073B	0x0000      	NOP
0x073C	0x0000      	NOP
;LED project.c,238 :: 		PORTB = 0b10101010;
0x073D	0x30AA      	MOVLW      170
0x073E	0x0086      	MOVWF      PORTB
;LED project.c,239 :: 		Delay_ms(500);
0x073F	0x3006      	MOVLW      6
0x0740	0x00FB      	MOVWF      R11
0x0741	0x3013      	MOVLW      19
0x0742	0x00FC      	MOVWF      R12
0x0743	0x30AD      	MOVLW      173
0x0744	0x00FD      	MOVWF      R13
L_main118:
0x0745	0x0BFD      	DECFSZ     R13, 1
0x0746	0x2F45      	GOTO       L_main118
0x0747	0x0BFC      	DECFSZ     R12, 1
0x0748	0x2F45      	GOTO       L_main118
0x0749	0x0BFB      	DECFSZ     R11, 1
0x074A	0x2F45      	GOTO       L_main118
0x074B	0x0000      	NOP
0x074C	0x0000      	NOP
;LED project.c,240 :: 		PORTB = 0b01010101;
0x074D	0x3055      	MOVLW      85
0x074E	0x0086      	MOVWF      PORTB
;LED project.c,241 :: 		Delay_ms(500);
0x074F	0x3006      	MOVLW      6
0x0750	0x00FB      	MOVWF      R11
0x0751	0x3013      	MOVLW      19
0x0752	0x00FC      	MOVWF      R12
0x0753	0x30AD      	MOVLW      173
0x0754	0x00FD      	MOVWF      R13
L_main119:
0x0755	0x0BFD      	DECFSZ     R13, 1
0x0756	0x2F55      	GOTO       L_main119
0x0757	0x0BFC      	DECFSZ     R12, 1
0x0758	0x2F55      	GOTO       L_main119
0x0759	0x0BFB      	DECFSZ     R11, 1
0x075A	0x2F55      	GOTO       L_main119
0x075B	0x0000      	NOP
0x075C	0x0000      	NOP
;LED project.c,242 :: 		PORTB = 0b10101010;
0x075D	0x30AA      	MOVLW      170
0x075E	0x0086      	MOVWF      PORTB
;LED project.c,243 :: 		Delay_ms(500);
0x075F	0x3006      	MOVLW      6
0x0760	0x00FB      	MOVWF      R11
0x0761	0x3013      	MOVLW      19
0x0762	0x00FC      	MOVWF      R12
0x0763	0x30AD      	MOVLW      173
0x0764	0x00FD      	MOVWF      R13
L_main120:
0x0765	0x0BFD      	DECFSZ     R13, 1
0x0766	0x2F65      	GOTO       L_main120
0x0767	0x0BFC      	DECFSZ     R12, 1
0x0768	0x2F65      	GOTO       L_main120
0x0769	0x0BFB      	DECFSZ     R11, 1
0x076A	0x2F65      	GOTO       L_main120
0x076B	0x0000      	NOP
0x076C	0x0000      	NOP
;LED project.c,244 :: 		PORTB = 0b01010101;
0x076D	0x3055      	MOVLW      85
0x076E	0x0086      	MOVWF      PORTB
;LED project.c,245 :: 		Delay_ms(500);
0x076F	0x3006      	MOVLW      6
0x0770	0x00FB      	MOVWF      R11
0x0771	0x3013      	MOVLW      19
0x0772	0x00FC      	MOVWF      R12
0x0773	0x30AD      	MOVLW      173
0x0774	0x00FD      	MOVWF      R13
L_main121:
0x0775	0x0BFD      	DECFSZ     R13, 1
0x0776	0x2F75      	GOTO       L_main121
0x0777	0x0BFC      	DECFSZ     R12, 1
0x0778	0x2F75      	GOTO       L_main121
0x0779	0x0BFB      	DECFSZ     R11, 1
0x077A	0x2F75      	GOTO       L_main121
0x077B	0x0000      	NOP
0x077C	0x0000      	NOP
;LED project.c,246 :: 		PORTB = 0b10101010;
0x077D	0x30AA      	MOVLW      170
0x077E	0x0086      	MOVWF      PORTB
;LED project.c,247 :: 		Delay_ms(500);
0x077F	0x3006      	MOVLW      6
0x0780	0x00FB      	MOVWF      R11
0x0781	0x3013      	MOVLW      19
0x0782	0x00FC      	MOVWF      R12
0x0783	0x30AD      	MOVLW      173
0x0784	0x00FD      	MOVWF      R13
L_main122:
0x0785	0x0BFD      	DECFSZ     R13, 1
0x0786	0x2F85      	GOTO       L_main122
0x0787	0x0BFC      	DECFSZ     R12, 1
0x0788	0x2F85      	GOTO       L_main122
0x0789	0x0BFB      	DECFSZ     R11, 1
0x078A	0x2F85      	GOTO       L_main122
0x078B	0x0000      	NOP
0x078C	0x0000      	NOP
;LED project.c,248 :: 		PORTB = 0b01010101;
0x078D	0x3055      	MOVLW      85
0x078E	0x0086      	MOVWF      PORTB
;LED project.c,249 :: 		Delay_ms(500);
0x078F	0x3006      	MOVLW      6
0x0790	0x00FB      	MOVWF      R11
0x0791	0x3013      	MOVLW      19
0x0792	0x00FC      	MOVWF      R12
0x0793	0x30AD      	MOVLW      173
0x0794	0x00FD      	MOVWF      R13
L_main123:
0x0795	0x0BFD      	DECFSZ     R13, 1
0x0796	0x2F95      	GOTO       L_main123
0x0797	0x0BFC      	DECFSZ     R12, 1
0x0798	0x2F95      	GOTO       L_main123
0x0799	0x0BFB      	DECFSZ     R11, 1
0x079A	0x2F95      	GOTO       L_main123
0x079B	0x0000      	NOP
0x079C	0x0000      	NOP
;LED project.c,250 :: 		PORTB = 0b11111111;
0x079D	0x30FF      	MOVLW      255
0x079E	0x0086      	MOVWF      PORTB
;LED project.c,251 :: 		Delay_ms(500);
0x079F	0x3006      	MOVLW      6
0x07A0	0x00FB      	MOVWF      R11
0x07A1	0x3013      	MOVLW      19
0x07A2	0x00FC      	MOVWF      R12
0x07A3	0x30AD      	MOVLW      173
0x07A4	0x00FD      	MOVWF      R13
L_main124:
0x07A5	0x0BFD      	DECFSZ     R13, 1
0x07A6	0x2FA5      	GOTO       L_main124
0x07A7	0x0BFC      	DECFSZ     R12, 1
0x07A8	0x2FA5      	GOTO       L_main124
0x07A9	0x0BFB      	DECFSZ     R11, 1
0x07AA	0x2FA5      	GOTO       L_main124
0x07AB	0x0000      	NOP
0x07AC	0x0000      	NOP
;LED project.c,252 :: 		PORTB = 0b00000000;
0x07AD	0x0186      	CLRF       PORTB
;LED project.c,253 :: 		Delay_ms(500);
0x07AE	0x3006      	MOVLW      6
0x07AF	0x00FB      	MOVWF      R11
0x07B0	0x3013      	MOVLW      19
0x07B1	0x00FC      	MOVWF      R12
0x07B2	0x30AD      	MOVLW      173
0x07B3	0x00FD      	MOVWF      R13
L_main125:
0x07B4	0x0BFD      	DECFSZ     R13, 1
0x07B5	0x2FB4      	GOTO       L_main125
0x07B6	0x0BFC      	DECFSZ     R12, 1
0x07B7	0x2FB4      	GOTO       L_main125
0x07B8	0x0BFB      	DECFSZ     R11, 1
0x07B9	0x2FB4      	GOTO       L_main125
0x07BA	0x0000      	NOP
0x07BB	0x0000      	NOP
;LED project.c,254 :: 		PORTB = 0b11111111;
0x07BC	0x30FF      	MOVLW      255
0x07BD	0x0086      	MOVWF      PORTB
;LED project.c,255 :: 		Delay_ms(500);
0x07BE	0x3006      	MOVLW      6
0x07BF	0x00FB      	MOVWF      R11
0x07C0	0x3013      	MOVLW      19
0x07C1	0x00FC      	MOVWF      R12
0x07C2	0x30AD      	MOVLW      173
0x07C3	0x00FD      	MOVWF      R13
L_main126:
0x07C4	0x0BFD      	DECFSZ     R13, 1
0x07C5	0x2FC4      	GOTO       L_main126
0x07C6	0x0BFC      	DECFSZ     R12, 1
0x07C7	0x2FC4      	GOTO       L_main126
0x07C8	0x0BFB      	DECFSZ     R11, 1
0x07C9	0x2FC4      	GOTO       L_main126
0x07CA	0x0000      	NOP
0x07CB	0x0000      	NOP
;LED project.c,256 :: 		PORTB = 0b00000000;
0x07CC	0x0186      	CLRF       PORTB
;LED project.c,257 :: 		Delay_ms(500);
0x07CD	0x3006      	MOVLW      6
0x07CE	0x00FB      	MOVWF      R11
0x07CF	0x3013      	MOVLW      19
0x07D0	0x00FC      	MOVWF      R12
0x07D1	0x30AD      	MOVLW      173
0x07D2	0x00FD      	MOVWF      R13
L_main127:
0x07D3	0x0BFD      	DECFSZ     R13, 1
0x07D4	0x2FD3      	GOTO       L_main127
0x07D5	0x0BFC      	DECFSZ     R12, 1
0x07D6	0x2FD3      	GOTO       L_main127
0x07D7	0x0BFB      	DECFSZ     R11, 1
0x07D8	0x2FD3      	GOTO       L_main127
0x07D9	0x0000      	NOP
0x07DA	0x0000      	NOP
;LED project.c,258 :: 		}
0x07DB	0x2808      	GOTO       L_main0
;LED project.c,260 :: 		}
L_end_main:
0x07DC	0x2FDC      	GOTO       $+0
; end of _main
Symbol List:
//** Routines locations **
//ADDRESS    SIZE    PROCEDURE
//----------------------------------------------
0x0003    [2010]    _main
//** Variables locations ** 
//ADDRESS    SIZE    VARIABLE
//----------------------------------------------
0x0000       [1]    INDF
0x0003       [1]    STATUS
0x0004       [1]    FSR
0x0006       [1]    PORTB
0x000A       [1]    PCLATH
0x0020       [2]    ___DoICPAddr
0x0070       [1]    R0
0x0071       [1]    R1
0x0072       [1]    R2
0x0073       [1]    R3
0x0074       [1]    R4
0x0075       [1]    R5
0x0076       [1]    R6
0x0077       [1]    R7
0x0078       [1]    R8
0x0079       [1]    R9
0x007A       [1]    R10
0x007B       [1]    R11
0x007C       [1]    R12
0x007D       [1]    R13
0x007E       [1]    R14
0x007F       [1]    R15
0x0086       [1]    TRISB
//** Label List: ** 
//----------------------------------------------
  L_main0
  L_main1
  L_main2
  L_main3
  L_main4
  L_main5
  L_main6
  L_main7
  L_main8
  L_main9
  L_main10
  L_main11
  L_main12
  L_main13
  L_main14
  L_main15
  L_main16
  L_main17
  L_main18
  L_main19
  L_main20
  L_main21
  L_main22
  L_main23
  L_main24
  L_main25
  L_main26
  L_main27
  L_main28
  L_main29
  L_main30
  L_main31
  L_main32
  L_main33
  L_main34
  L_main35
  L_main36
  L_main37
  L_main38
  L_main39
  L_main40
  L_main41
  L_main42
  L_main43
  L_main44
  L_main45
  L_main46
  L_main47
  L_main48
  L_main49
  L_main50
  L_main51
  L_main52
  L_main53
  L_main54
  L_main55
  L_main56
  L_main57
  L_main58
  L_main59
  L_main60
  L_main61
  L_main62
  L_main63
  L_main64
  L_main65
  L_main66
  L_main67
  L_main68
  L_main69
  L_main70
  L_main71
  L_main72
  L_main73
  L_main74
  L_main75
  L_main76
  L_main77
  L_main78
  L_main79
  L_main80
  L_main81
  L_main82
  L_main83
  L_main84
  L_main85
  L_main86
  L_main87
  L_main88
  L_main89
  L_main90
  L_main91
  L_main92
  L_main93
  L_main94
  L_main95
  L_main96
  L_main97
  L_main98
  L_main99
  L_main100
  L_main101
  L_main102
  L_main103
  L_main104
  L_main105
  L_main106
  L_main107
  L_main108
  L_main109
  L_main110
  L_main111
  L_main112
  L_main113
  L_main114
  L_main115
  L_main116
  L_main117
  L_main118
  L_main119
  L_main120
  L_main121
  L_main122
  L_main123
  L_main124
  L_main125
  L_main126
  L_main127
  L_end_main
  _main
