;  LST file generated by mikroListExporter - v.2.0 
; Date/Time: 7/19/2014 10:01:58 PM
;----------------------------------------------

;Address Opcode 	ASM
0x0000	0x2816      	GOTO       22
_____DoICP:
;__Lib_System.c,6 :: 		
;__Lib_System.c,9 :: 		
0x0003	0x1283      	BCF        STATUS, 5
0x0004	0x1303      	BCF        STATUS, 6
0x0005	0x0823      	MOVF       ___DoICPAddr+1, 0
0x0006	0x008A      	MOVWF      PCLATH
;__Lib_System.c,10 :: 		
0x0007	0x0822      	MOVF       ___DoICPAddr, 0
0x0008	0x0082      	MOVWF      PCL
;__Lib_System.c,12 :: 		
L_end_____DoICP:
0x0009	0x0008      	RETURN
; end of _____DoICP
___CC2DW:
;__Lib_System.c,134 :: 		
;__Lib_System.c,137 :: 		
_CC2D_Loop1:
;__Lib_System.c,139 :: 		
0x000A	0x2003      	CALL       _____DoICP
0x000B	0x118A      	BCF        PCLATH, 3
0x000C	0x120A      	BCF        PCLATH, 4
;__Lib_System.c,141 :: 		
0x000D	0x0080      	MOVWF      INDF
;__Lib_System.c,142 :: 		
0x000E	0x0A84      	INCF       FSR, 1
;__Lib_System.c,143 :: 		
0x000F	0x0AA2      	INCF       ___DoICPAddr, 1
;__Lib_System.c,145 :: 		
0x0010	0x1903      	BTFSC      STATUS, 2
;__Lib_System.c,146 :: 		
0x0011	0x0AA3      	INCF       ___DoICPAddr+1, 1
;__Lib_System.c,147 :: 		
0x0012	0x03F0      	DECF       R0, 1
;__Lib_System.c,149 :: 		
0x0013	0x1D03      	BTFSS      STATUS, 2
;__Lib_System.c,150 :: 		
0x0014	0x280A      	GOTO       _CC2D_Loop1
;__Lib_System.c,152 :: 		
L_end___CC2DW:
0x0015	0x0008      	RETURN
; end of ___CC2DW
_main:
;MyProject.c,4 :: 		void main() {
;MyProject.c,5 :: 		TRISB = 0b00000000;
0x0016	0x1683      	BSF        STATUS, 5
0x0017	0x1303      	BCF        STATUS, 6
0x0018	0x0186      	CLRF       TRISB
;MyProject.c,6 :: 		PORTB = 0b00000000;
0x0019	0x1283      	BCF        STATUS, 5
0x001A	0x0186      	CLRF       PORTB
;MyProject.c,8 :: 		while(0){
L_main0:
0x001B	0x287D      	GOTO       L_main1
;MyProject.c,10 :: 		for(i=0;i<10;i++){
L_main2:
0x001C	0x3080      	MOVLW      128
0x001D	0x0621      	XORWF      _i+1, 0
0x001E	0x00F0      	MOVWF      R0
0x001F	0x3080      	MOVLW      128
0x0020	0x0270      	SUBWF      R0, 0
0x0021	0x1D03      	BTFSS      STATUS, 2
0x0022	0x2825      	GOTO       L__main30
0x0023	0x300A      	MOVLW      10
0x0024	0x0220      	SUBWF      _i, 0
L__main30:
0x0025	0x1803      	BTFSC      STATUS, 0
0x0026	0x2840      	GOTO       L_main3
;MyProject.c,11 :: 		PORTB = 0b11111111;
0x0027	0x30FF      	MOVLW      255
0x0028	0x0086      	MOVWF      PORTB
;MyProject.c,12 :: 		Delay_ms(70);
0x0029	0x30B6      	MOVLW      182
0x002A	0x00FC      	MOVWF      R12
0x002B	0x30D0      	MOVLW      208
0x002C	0x00FD      	MOVWF      R13
L_main5:
0x002D	0x0BFD      	DECFSZ     R13, 1
0x002E	0x282D      	GOTO       L_main5
0x002F	0x0BFC      	DECFSZ     R12, 1
0x0030	0x282D      	GOTO       L_main5
0x0031	0x0000      	NOP
;MyProject.c,13 :: 		PORTB = 0b00000000;
0x0032	0x0186      	CLRF       PORTB
;MyProject.c,14 :: 		Delay_ms(70);
0x0033	0x30B6      	MOVLW      182
0x0034	0x00FC      	MOVWF      R12
0x0035	0x30D0      	MOVLW      208
0x0036	0x00FD      	MOVWF      R13
L_main6:
0x0037	0x0BFD      	DECFSZ     R13, 1
0x0038	0x2837      	GOTO       L_main6
0x0039	0x0BFC      	DECFSZ     R12, 1
0x003A	0x2837      	GOTO       L_main6
0x003B	0x0000      	NOP
;MyProject.c,10 :: 		for(i=0;i<10;i++){
0x003C	0x0AA0      	INCF       _i, 1
0x003D	0x1903      	BTFSC      STATUS, 2
0x003E	0x0AA1      	INCF       _i+1, 1
;MyProject.c,15 :: 		}
0x003F	0x281C      	GOTO       L_main2
L_main3:
;MyProject.c,17 :: 		PORTB = 0b00000001;
0x0040	0x3001      	MOVLW      1
0x0041	0x0086      	MOVWF      PORTB
;MyProject.c,18 :: 		Delay_ms(90);
0x0042	0x30EA      	MOVLW      234
0x0043	0x00FC      	MOVWF      R12
0x0044	0x30C3      	MOVLW      195
0x0045	0x00FD      	MOVWF      R13
L_main7:
0x0046	0x0BFD      	DECFSZ     R13, 1
0x0047	0x2846      	GOTO       L_main7
0x0048	0x0BFC      	DECFSZ     R12, 1
0x0049	0x2846      	GOTO       L_main7
;MyProject.c,19 :: 		PORTB = 0b00000010;
0x004A	0x3002      	MOVLW      2
0x004B	0x0086      	MOVWF      PORTB
;MyProject.c,20 :: 		Delay_ms(90);
0x004C	0x30EA      	MOVLW      234
0x004D	0x00FC      	MOVWF      R12
0x004E	0x30C3      	MOVLW      195
0x004F	0x00FD      	MOVWF      R13
L_main8:
0x0050	0x0BFD      	DECFSZ     R13, 1
0x0051	0x2850      	GOTO       L_main8
0x0052	0x0BFC      	DECFSZ     R12, 1
0x0053	0x2850      	GOTO       L_main8
;MyProject.c,21 :: 		PORTB = 0b00000100;
0x0054	0x3004      	MOVLW      4
0x0055	0x0086      	MOVWF      PORTB
;MyProject.c,22 :: 		Delay_ms(90);
0x0056	0x30EA      	MOVLW      234
0x0057	0x00FC      	MOVWF      R12
0x0058	0x30C3      	MOVLW      195
0x0059	0x00FD      	MOVWF      R13
L_main9:
0x005A	0x0BFD      	DECFSZ     R13, 1
0x005B	0x285A      	GOTO       L_main9
0x005C	0x0BFC      	DECFSZ     R12, 1
0x005D	0x285A      	GOTO       L_main9
;MyProject.c,23 :: 		PORTB = 0b10001000;
0x005E	0x3088      	MOVLW      136
0x005F	0x0086      	MOVWF      PORTB
;MyProject.c,24 :: 		Delay_ms(90);
0x0060	0x30EA      	MOVLW      234
0x0061	0x00FC      	MOVWF      R12
0x0062	0x30C3      	MOVLW      195
0x0063	0x00FD      	MOVWF      R13
L_main10:
0x0064	0x0BFD      	DECFSZ     R13, 1
0x0065	0x2864      	GOTO       L_main10
0x0066	0x0BFC      	DECFSZ     R12, 1
0x0067	0x2864      	GOTO       L_main10
;MyProject.c,25 :: 		PORTB = 0b01010000;
0x0068	0x3050      	MOVLW      80
0x0069	0x0086      	MOVWF      PORTB
;MyProject.c,26 :: 		Delay_ms(90);
0x006A	0x30EA      	MOVLW      234
0x006B	0x00FC      	MOVWF      R12
0x006C	0x30C3      	MOVLW      195
0x006D	0x00FD      	MOVWF      R13
L_main11:
0x006E	0x0BFD      	DECFSZ     R13, 1
0x006F	0x286E      	GOTO       L_main11
0x0070	0x0BFC      	DECFSZ     R12, 1
0x0071	0x286E      	GOTO       L_main11
;MyProject.c,27 :: 		PORTB = 0b00100000;
0x0072	0x3020      	MOVLW      32
0x0073	0x0086      	MOVWF      PORTB
;MyProject.c,28 :: 		Delay_ms(90);
0x0074	0x30EA      	MOVLW      234
0x0075	0x00FC      	MOVWF      R12
0x0076	0x30C3      	MOVLW      195
0x0077	0x00FD      	MOVWF      R13
L_main12:
0x0078	0x0BFD      	DECFSZ     R13, 1
0x0079	0x2878      	GOTO       L_main12
0x007A	0x0BFC      	DECFSZ     R12, 1
0x007B	0x2878      	GOTO       L_main12
;MyProject.c,29 :: 		}
0x007C	0x281B      	GOTO       L_main0
L_main1:
;MyProject.c,30 :: 		while(1){
L_main13:
;MyProject.c,31 :: 		PORTB = 0b01010000;
0x007D	0x3050      	MOVLW      80
0x007E	0x0086      	MOVWF      PORTB
;MyProject.c,32 :: 		Delay_ms(90);
0x007F	0x30EA      	MOVLW      234
0x0080	0x00FC      	MOVWF      R12
0x0081	0x30C3      	MOVLW      195
0x0082	0x00FD      	MOVWF      R13
L_main15:
0x0083	0x0BFD      	DECFSZ     R13, 1
0x0084	0x2883      	GOTO       L_main15
0x0085	0x0BFC      	DECFSZ     R12, 1
0x0086	0x2883      	GOTO       L_main15
;MyProject.c,33 :: 		PORTB = 0b10001000;
0x0087	0x3088      	MOVLW      136
0x0088	0x0086      	MOVWF      PORTB
;MyProject.c,34 :: 		Delay_ms(90);
0x0089	0x30EA      	MOVLW      234
0x008A	0x00FC      	MOVWF      R12
0x008B	0x30C3      	MOVLW      195
0x008C	0x00FD      	MOVWF      R13
L_main16:
0x008D	0x0BFD      	DECFSZ     R13, 1
0x008E	0x288D      	GOTO       L_main16
0x008F	0x0BFC      	DECFSZ     R12, 1
0x0090	0x288D      	GOTO       L_main16
;MyProject.c,35 :: 		PORTB = 0b01000100;
0x0091	0x3044      	MOVLW      68
0x0092	0x0086      	MOVWF      PORTB
;MyProject.c,36 :: 		Delay_ms(90);
0x0093	0x30EA      	MOVLW      234
0x0094	0x00FC      	MOVWF      R12
0x0095	0x30C3      	MOVLW      195
0x0096	0x00FD      	MOVWF      R13
L_main17:
0x0097	0x0BFD      	DECFSZ     R13, 1
0x0098	0x2897      	GOTO       L_main17
0x0099	0x0BFC      	DECFSZ     R12, 1
0x009A	0x2897      	GOTO       L_main17
;MyProject.c,37 :: 		PORTB = 0b00100010;
0x009B	0x3022      	MOVLW      34
0x009C	0x0086      	MOVWF      PORTB
;MyProject.c,38 :: 		Delay_ms(90);
0x009D	0x30EA      	MOVLW      234
0x009E	0x00FC      	MOVWF      R12
0x009F	0x30C3      	MOVLW      195
0x00A0	0x00FD      	MOVWF      R13
L_main18:
0x00A1	0x0BFD      	DECFSZ     R13, 1
0x00A2	0x28A1      	GOTO       L_main18
0x00A3	0x0BFC      	DECFSZ     R12, 1
0x00A4	0x28A1      	GOTO       L_main18
;MyProject.c,39 :: 		PORTB = 0b00010001;
0x00A5	0x3011      	MOVLW      17
0x00A6	0x0086      	MOVWF      PORTB
;MyProject.c,40 :: 		Delay_ms(90);
0x00A7	0x30EA      	MOVLW      234
0x00A8	0x00FC      	MOVWF      R12
0x00A9	0x30C3      	MOVLW      195
0x00AA	0x00FD      	MOVWF      R13
L_main19:
0x00AB	0x0BFD      	DECFSZ     R13, 1
0x00AC	0x28AB      	GOTO       L_main19
0x00AD	0x0BFC      	DECFSZ     R12, 1
0x00AE	0x28AB      	GOTO       L_main19
;MyProject.c,41 :: 		PORTB = 0b00001010;
0x00AF	0x300A      	MOVLW      10
0x00B0	0x0086      	MOVWF      PORTB
;MyProject.c,42 :: 		Delay_ms(90);
0x00B1	0x30EA      	MOVLW      234
0x00B2	0x00FC      	MOVWF      R12
0x00B3	0x30C3      	MOVLW      195
0x00B4	0x00FD      	MOVWF      R13
L_main20:
0x00B5	0x0BFD      	DECFSZ     R13, 1
0x00B6	0x28B5      	GOTO       L_main20
0x00B7	0x0BFC      	DECFSZ     R12, 1
0x00B8	0x28B5      	GOTO       L_main20
;MyProject.c,43 :: 		PORTB = 0b00000100;
0x00B9	0x3004      	MOVLW      4
0x00BA	0x0086      	MOVWF      PORTB
;MyProject.c,44 :: 		Delay_ms(90);
0x00BB	0x30EA      	MOVLW      234
0x00BC	0x00FC      	MOVWF      R12
0x00BD	0x30C3      	MOVLW      195
0x00BE	0x00FD      	MOVWF      R13
L_main21:
0x00BF	0x0BFD      	DECFSZ     R13, 1
0x00C0	0x28BF      	GOTO       L_main21
0x00C1	0x0BFC      	DECFSZ     R12, 1
0x00C2	0x28BF      	GOTO       L_main21
;MyProject.c,45 :: 		PORTB = 0b00001010;
0x00C3	0x300A      	MOVLW      10
0x00C4	0x0086      	MOVWF      PORTB
;MyProject.c,46 :: 		Delay_ms(90);
0x00C5	0x30EA      	MOVLW      234
0x00C6	0x00FC      	MOVWF      R12
0x00C7	0x30C3      	MOVLW      195
0x00C8	0x00FD      	MOVWF      R13
L_main22:
0x00C9	0x0BFD      	DECFSZ     R13, 1
0x00CA	0x28C9      	GOTO       L_main22
0x00CB	0x0BFC      	DECFSZ     R12, 1
0x00CC	0x28C9      	GOTO       L_main22
;MyProject.c,47 :: 		PORTB = 0b00010001;
0x00CD	0x3011      	MOVLW      17
0x00CE	0x0086      	MOVWF      PORTB
;MyProject.c,48 :: 		Delay_ms(90);
0x00CF	0x30EA      	MOVLW      234
0x00D0	0x00FC      	MOVWF      R12
0x00D1	0x30C3      	MOVLW      195
0x00D2	0x00FD      	MOVWF      R13
L_main23:
0x00D3	0x0BFD      	DECFSZ     R13, 1
0x00D4	0x28D3      	GOTO       L_main23
0x00D5	0x0BFC      	DECFSZ     R12, 1
0x00D6	0x28D3      	GOTO       L_main23
;MyProject.c,49 :: 		PORTB = 0b00100010;
0x00D7	0x3022      	MOVLW      34
0x00D8	0x0086      	MOVWF      PORTB
;MyProject.c,50 :: 		Delay_ms(90);
0x00D9	0x30EA      	MOVLW      234
0x00DA	0x00FC      	MOVWF      R12
0x00DB	0x30C3      	MOVLW      195
0x00DC	0x00FD      	MOVWF      R13
L_main24:
0x00DD	0x0BFD      	DECFSZ     R13, 1
0x00DE	0x28DD      	GOTO       L_main24
0x00DF	0x0BFC      	DECFSZ     R12, 1
0x00E0	0x28DD      	GOTO       L_main24
;MyProject.c,51 :: 		PORTB = 0b01000100;
0x00E1	0x3044      	MOVLW      68
0x00E2	0x0086      	MOVWF      PORTB
;MyProject.c,52 :: 		Delay_ms(90);
0x00E3	0x30EA      	MOVLW      234
0x00E4	0x00FC      	MOVWF      R12
0x00E5	0x30C3      	MOVLW      195
0x00E6	0x00FD      	MOVWF      R13
L_main25:
0x00E7	0x0BFD      	DECFSZ     R13, 1
0x00E8	0x28E7      	GOTO       L_main25
0x00E9	0x0BFC      	DECFSZ     R12, 1
0x00EA	0x28E7      	GOTO       L_main25
;MyProject.c,53 :: 		PORTB = 0b10001000;
0x00EB	0x3088      	MOVLW      136
0x00EC	0x0086      	MOVWF      PORTB
;MyProject.c,54 :: 		Delay_ms(90);
0x00ED	0x30EA      	MOVLW      234
0x00EE	0x00FC      	MOVWF      R12
0x00EF	0x30C3      	MOVLW      195
0x00F0	0x00FD      	MOVWF      R13
L_main26:
0x00F1	0x0BFD      	DECFSZ     R13, 1
0x00F2	0x28F1      	GOTO       L_main26
0x00F3	0x0BFC      	DECFSZ     R12, 1
0x00F4	0x28F1      	GOTO       L_main26
;MyProject.c,55 :: 		PORTB = 0b01010000;
0x00F5	0x3050      	MOVLW      80
0x00F6	0x0086      	MOVWF      PORTB
;MyProject.c,56 :: 		Delay_ms(90);
0x00F7	0x30EA      	MOVLW      234
0x00F8	0x00FC      	MOVWF      R12
0x00F9	0x30C3      	MOVLW      195
0x00FA	0x00FD      	MOVWF      R13
L_main27:
0x00FB	0x0BFD      	DECFSZ     R13, 1
0x00FC	0x28FB      	GOTO       L_main27
0x00FD	0x0BFC      	DECFSZ     R12, 1
0x00FE	0x28FB      	GOTO       L_main27
;MyProject.c,57 :: 		PORTB = 0b00100000;
0x00FF	0x3020      	MOVLW      32
0x0100	0x0086      	MOVWF      PORTB
;MyProject.c,58 :: 		Delay_ms(90);
0x0101	0x30EA      	MOVLW      234
0x0102	0x00FC      	MOVWF      R12
0x0103	0x30C3      	MOVLW      195
0x0104	0x00FD      	MOVWF      R13
L_main28:
0x0105	0x0BFD      	DECFSZ     R13, 1
0x0106	0x2905      	GOTO       L_main28
0x0107	0x0BFC      	DECFSZ     R12, 1
0x0108	0x2905      	GOTO       L_main28
;MyProject.c,59 :: 		}
0x0109	0x287D      	GOTO       L_main13
;MyProject.c,60 :: 		}
L_end_main:
0x010A	0x290A      	GOTO       $+0
; end of _main
Symbol List:
//** Routines locations **
//ADDRESS    SIZE    PROCEDURE
//----------------------------------------------
0x0003       [7]    _____DoICP
0x000A      [12]    ___CC2DW
0x0016     [245]    _main
//** Variables locations ** 
//ADDRESS    SIZE    VARIABLE
//----------------------------------------------
0x0000       [1]    INDF
0x0002       [1]    PCL
0x0003       [1]    STATUS
0x0004       [1]    FSR
0x0006       [1]    PORTB
0x000A       [1]    PCLATH
0x0020       [2]    _i
0x0022       [2]    ___DoICPAddr
0x0070       [1]    R0
0x0071       [1]    R1
0x0072       [1]    R2
0x0073       [1]    R3
0x0074       [1]    R4
0x0075       [1]    R5
0x0076       [1]    R6
0x0077       [1]    R7
0x0078       [1]    R8
0x0079       [1]    R9
0x007A       [1]    R10
0x007B       [1]    R11
0x007C       [1]    R12
0x007D       [1]    R13
0x007E       [1]    R14
0x007F       [1]    R15
0x0086       [1]    TRISB
//** Label List: ** 
//----------------------------------------------
  L_main0
  L_main1
  L_main2
  L_main3
  L_main4
  L_main5
  L_main6
  L_main7
  L_main8
  L_main9
  L_main10
  L_main11
  L_main12
  L_main13
  L_main14
  L_main15
  L_main16
  L_main17
  L_main18
  L_main19
  L_main20
  L_main21
  L_main22
  L_main23
  L_main24
  L_main25
  L_main26
  L_main27
  L_main28
  L_end_main
  _main
  L__main30
  L_loopCA2AWs
  L_CA2AWend
  _CCA2AW_Loop1
  L_loopCS2Ss
  L_CS2Send
  _CCS2S_Loop1
  L_CCS2Send
  L_loopFZinSWs
  L_FZinSend
  _CC2D_Loop1
  L_end_____DoICP
  _____DoICP
  L_end_____DoIFC
  _____DoIFC
  L_end___CA2AW
  ___CA2AW
  L_end___CCA2AW
  ___CCA2AW
  L_end___CS2S
  ___CS2S
  L_end___CCS2S
  ___CCS2S
  L_end___FZinS
  ___FZinS
  L_end___CC2DW
  ___CC2DW
  L_end_Swap
  _Swap
