;  LST file generated by mikroListExporter - v.2.0 
; Date/Time: 7/15/2014 6:47:50 PM
;----------------------------------------------

;Address Opcode 	ASM
0x0000	0x2816      	GOTO       22
_____DoICP:
;__Lib_System.c,6 :: 		
;__Lib_System.c,9 :: 		
0x0003	0x1283      	BCF        STATUS, 5
0x0004	0x1303      	BCF        STATUS, 6
0x0005	0x0821      	MOVF       ___DoICPAddr+1, 0
0x0006	0x008A      	MOVWF      PCLATH
;__Lib_System.c,10 :: 		
0x0007	0x0820      	MOVF       ___DoICPAddr, 0
0x0008	0x0082      	MOVWF      PCL
;__Lib_System.c,12 :: 		
L_end_____DoICP:
0x0009	0x0008      	RETURN
; end of _____DoICP
___CC2DW:
;__Lib_System.c,134 :: 		
;__Lib_System.c,137 :: 		
_CC2D_Loop1:
;__Lib_System.c,139 :: 		
0x000A	0x2003      	CALL       _____DoICP
0x000B	0x118A      	BCF        PCLATH, 3
0x000C	0x120A      	BCF        PCLATH, 4
;__Lib_System.c,141 :: 		
0x000D	0x0080      	MOVWF      INDF
;__Lib_System.c,142 :: 		
0x000E	0x0A84      	INCF       FSR, 1
;__Lib_System.c,143 :: 		
0x000F	0x0AA0      	INCF       ___DoICPAddr, 1
;__Lib_System.c,145 :: 		
0x0010	0x1903      	BTFSC      STATUS, 2
;__Lib_System.c,146 :: 		
0x0011	0x0AA1      	INCF       ___DoICPAddr+1, 1
;__Lib_System.c,147 :: 		
0x0012	0x03F0      	DECF       R0, 1
;__Lib_System.c,149 :: 		
0x0013	0x1D03      	BTFSS      STATUS, 2
;__Lib_System.c,150 :: 		
0x0014	0x280A      	GOTO       _CC2D_Loop1
;__Lib_System.c,152 :: 		
L_end___CC2DW:
0x0015	0x0008      	RETURN
; end of ___CC2DW
_main:
;MyProject.c,1 :: 		void main() {
;MyProject.c,2 :: 		TRISB = 0b00000000;
0x0016	0x1683      	BSF        STATUS, 5
0x0017	0x1303      	BCF        STATUS, 6
0x0018	0x0186      	CLRF       TRISB
;MyProject.c,3 :: 		PORTB = 0b00000000;
0x0019	0x1283      	BCF        STATUS, 5
0x001A	0x0186      	CLRF       PORTB
;MyProject.c,5 :: 		while(1){
L_main0:
;MyProject.c,6 :: 		PORTB = 0b00000000;
0x001B	0x0186      	CLRF       PORTB
;MyProject.c,7 :: 		Delay_ms(80);
0x001C	0x30D0      	MOVLW      208
0x001D	0x00FC      	MOVWF      R12
0x001E	0x30C9      	MOVLW      201
0x001F	0x00FD      	MOVWF      R13
L_main2:
0x0020	0x0BFD      	DECFSZ     R13, 1
0x0021	0x2820      	GOTO       L_main2
0x0022	0x0BFC      	DECFSZ     R12, 1
0x0023	0x2820      	GOTO       L_main2
0x0024	0x0000      	NOP
0x0025	0x0000      	NOP
;MyProject.c,8 :: 		PORTB = 0b11111111;
0x0026	0x30FF      	MOVLW      255
0x0027	0x0086      	MOVWF      PORTB
;MyProject.c,9 :: 		Delay_ms(80);
0x0028	0x30D0      	MOVLW      208
0x0029	0x00FC      	MOVWF      R12
0x002A	0x30C9      	MOVLW      201
0x002B	0x00FD      	MOVWF      R13
L_main3:
0x002C	0x0BFD      	DECFSZ     R13, 1
0x002D	0x282C      	GOTO       L_main3
0x002E	0x0BFC      	DECFSZ     R12, 1
0x002F	0x282C      	GOTO       L_main3
0x0030	0x0000      	NOP
0x0031	0x0000      	NOP
;MyProject.c,10 :: 		PORTB = 0b00000000;
0x0032	0x0186      	CLRF       PORTB
;MyProject.c,11 :: 		Delay_ms(80);
0x0033	0x30D0      	MOVLW      208
0x0034	0x00FC      	MOVWF      R12
0x0035	0x30C9      	MOVLW      201
0x0036	0x00FD      	MOVWF      R13
L_main4:
0x0037	0x0BFD      	DECFSZ     R13, 1
0x0038	0x2837      	GOTO       L_main4
0x0039	0x0BFC      	DECFSZ     R12, 1
0x003A	0x2837      	GOTO       L_main4
0x003B	0x0000      	NOP
0x003C	0x0000      	NOP
;MyProject.c,12 :: 		PORTB = 0b11111111;
0x003D	0x30FF      	MOVLW      255
0x003E	0x0086      	MOVWF      PORTB
;MyProject.c,13 :: 		Delay_ms(80);
0x003F	0x30D0      	MOVLW      208
0x0040	0x00FC      	MOVWF      R12
0x0041	0x30C9      	MOVLW      201
0x0042	0x00FD      	MOVWF      R13
L_main5:
0x0043	0x0BFD      	DECFSZ     R13, 1
0x0044	0x2843      	GOTO       L_main5
0x0045	0x0BFC      	DECFSZ     R12, 1
0x0046	0x2843      	GOTO       L_main5
0x0047	0x0000      	NOP
0x0048	0x0000      	NOP
;MyProject.c,14 :: 		PORTB = 0b00000000;
0x0049	0x0186      	CLRF       PORTB
;MyProject.c,15 :: 		Delay_ms(80);
0x004A	0x30D0      	MOVLW      208
0x004B	0x00FC      	MOVWF      R12
0x004C	0x30C9      	MOVLW      201
0x004D	0x00FD      	MOVWF      R13
L_main6:
0x004E	0x0BFD      	DECFSZ     R13, 1
0x004F	0x284E      	GOTO       L_main6
0x0050	0x0BFC      	DECFSZ     R12, 1
0x0051	0x284E      	GOTO       L_main6
0x0052	0x0000      	NOP
0x0053	0x0000      	NOP
;MyProject.c,16 :: 		PORTB = 0b11111111;
0x0054	0x30FF      	MOVLW      255
0x0055	0x0086      	MOVWF      PORTB
;MyProject.c,17 :: 		Delay_ms(80);
0x0056	0x30D0      	MOVLW      208
0x0057	0x00FC      	MOVWF      R12
0x0058	0x30C9      	MOVLW      201
0x0059	0x00FD      	MOVWF      R13
L_main7:
0x005A	0x0BFD      	DECFSZ     R13, 1
0x005B	0x285A      	GOTO       L_main7
0x005C	0x0BFC      	DECFSZ     R12, 1
0x005D	0x285A      	GOTO       L_main7
0x005E	0x0000      	NOP
0x005F	0x0000      	NOP
;MyProject.c,18 :: 		PORTB = 0b00000000;
0x0060	0x0186      	CLRF       PORTB
;MyProject.c,19 :: 		Delay_ms(80);
0x0061	0x30D0      	MOVLW      208
0x0062	0x00FC      	MOVWF      R12
0x0063	0x30C9      	MOVLW      201
0x0064	0x00FD      	MOVWF      R13
L_main8:
0x0065	0x0BFD      	DECFSZ     R13, 1
0x0066	0x2865      	GOTO       L_main8
0x0067	0x0BFC      	DECFSZ     R12, 1
0x0068	0x2865      	GOTO       L_main8
0x0069	0x0000      	NOP
0x006A	0x0000      	NOP
;MyProject.c,20 :: 		PORTB = 0b11111111;
0x006B	0x30FF      	MOVLW      255
0x006C	0x0086      	MOVWF      PORTB
;MyProject.c,21 :: 		Delay_ms(80);
0x006D	0x30D0      	MOVLW      208
0x006E	0x00FC      	MOVWF      R12
0x006F	0x30C9      	MOVLW      201
0x0070	0x00FD      	MOVWF      R13
L_main9:
0x0071	0x0BFD      	DECFSZ     R13, 1
0x0072	0x2871      	GOTO       L_main9
0x0073	0x0BFC      	DECFSZ     R12, 1
0x0074	0x2871      	GOTO       L_main9
0x0075	0x0000      	NOP
0x0076	0x0000      	NOP
;MyProject.c,22 :: 		PORTB = 0b10101010;
0x0077	0x30AA      	MOVLW      170
0x0078	0x0086      	MOVWF      PORTB
;MyProject.c,23 :: 		Delay_ms(100);
0x0079	0x3002      	MOVLW      2
0x007A	0x00FB      	MOVWF      R11
0x007B	0x3004      	MOVLW      4
0x007C	0x00FC      	MOVWF      R12
0x007D	0x30BA      	MOVLW      186
0x007E	0x00FD      	MOVWF      R13
L_main10:
0x007F	0x0BFD      	DECFSZ     R13, 1
0x0080	0x287F      	GOTO       L_main10
0x0081	0x0BFC      	DECFSZ     R12, 1
0x0082	0x287F      	GOTO       L_main10
0x0083	0x0BFB      	DECFSZ     R11, 1
0x0084	0x287F      	GOTO       L_main10
0x0085	0x0000      	NOP
;MyProject.c,24 :: 		PORTB = 0b01010101;
0x0086	0x3055      	MOVLW      85
0x0087	0x0086      	MOVWF      PORTB
;MyProject.c,25 :: 		Delay_ms(100);
0x0088	0x3002      	MOVLW      2
0x0089	0x00FB      	MOVWF      R11
0x008A	0x3004      	MOVLW      4
0x008B	0x00FC      	MOVWF      R12
0x008C	0x30BA      	MOVLW      186
0x008D	0x00FD      	MOVWF      R13
L_main11:
0x008E	0x0BFD      	DECFSZ     R13, 1
0x008F	0x288E      	GOTO       L_main11
0x0090	0x0BFC      	DECFSZ     R12, 1
0x0091	0x288E      	GOTO       L_main11
0x0092	0x0BFB      	DECFSZ     R11, 1
0x0093	0x288E      	GOTO       L_main11
0x0094	0x0000      	NOP
;MyProject.c,26 :: 		PORTB = 0b11111111;
0x0095	0x30FF      	MOVLW      255
0x0096	0x0086      	MOVWF      PORTB
;MyProject.c,27 :: 		Delay_ms(200);
0x0097	0x3003      	MOVLW      3
0x0098	0x00FB      	MOVWF      R11
0x0099	0x3008      	MOVLW      8
0x009A	0x00FC      	MOVWF      R12
0x009B	0x3077      	MOVLW      119
0x009C	0x00FD      	MOVWF      R13
L_main12:
0x009D	0x0BFD      	DECFSZ     R13, 1
0x009E	0x289D      	GOTO       L_main12
0x009F	0x0BFC      	DECFSZ     R12, 1
0x00A0	0x289D      	GOTO       L_main12
0x00A1	0x0BFB      	DECFSZ     R11, 1
0x00A2	0x289D      	GOTO       L_main12
;MyProject.c,28 :: 		PORTB = 0b01111111;
0x00A3	0x307F      	MOVLW      127
0x00A4	0x0086      	MOVWF      PORTB
;MyProject.c,29 :: 		Delay_ms(200);
0x00A5	0x3003      	MOVLW      3
0x00A6	0x00FB      	MOVWF      R11
0x00A7	0x3008      	MOVLW      8
0x00A8	0x00FC      	MOVWF      R12
0x00A9	0x3077      	MOVLW      119
0x00AA	0x00FD      	MOVWF      R13
L_main13:
0x00AB	0x0BFD      	DECFSZ     R13, 1
0x00AC	0x28AB      	GOTO       L_main13
0x00AD	0x0BFC      	DECFSZ     R12, 1
0x00AE	0x28AB      	GOTO       L_main13
0x00AF	0x0BFB      	DECFSZ     R11, 1
0x00B0	0x28AB      	GOTO       L_main13
;MyProject.c,30 :: 		PORTB = 0b10111111;
0x00B1	0x30BF      	MOVLW      191
0x00B2	0x0086      	MOVWF      PORTB
;MyProject.c,31 :: 		Delay_ms(200);
0x00B3	0x3003      	MOVLW      3
0x00B4	0x00FB      	MOVWF      R11
0x00B5	0x3008      	MOVLW      8
0x00B6	0x00FC      	MOVWF      R12
0x00B7	0x3077      	MOVLW      119
0x00B8	0x00FD      	MOVWF      R13
L_main14:
0x00B9	0x0BFD      	DECFSZ     R13, 1
0x00BA	0x28B9      	GOTO       L_main14
0x00BB	0x0BFC      	DECFSZ     R12, 1
0x00BC	0x28B9      	GOTO       L_main14
0x00BD	0x0BFB      	DECFSZ     R11, 1
0x00BE	0x28B9      	GOTO       L_main14
;MyProject.c,32 :: 		PORTB = 0b01011111;
0x00BF	0x305F      	MOVLW      95
0x00C0	0x0086      	MOVWF      PORTB
;MyProject.c,33 :: 		Delay_ms(200);
0x00C1	0x3003      	MOVLW      3
0x00C2	0x00FB      	MOVWF      R11
0x00C3	0x3008      	MOVLW      8
0x00C4	0x00FC      	MOVWF      R12
0x00C5	0x3077      	MOVLW      119
0x00C6	0x00FD      	MOVWF      R13
L_main15:
0x00C7	0x0BFD      	DECFSZ     R13, 1
0x00C8	0x28C7      	GOTO       L_main15
0x00C9	0x0BFC      	DECFSZ     R12, 1
0x00CA	0x28C7      	GOTO       L_main15
0x00CB	0x0BFB      	DECFSZ     R11, 1
0x00CC	0x28C7      	GOTO       L_main15
;MyProject.c,34 :: 		PORTB = 0b10101111;
0x00CD	0x30AF      	MOVLW      175
0x00CE	0x0086      	MOVWF      PORTB
;MyProject.c,35 :: 		Delay_ms(200);
0x00CF	0x3003      	MOVLW      3
0x00D0	0x00FB      	MOVWF      R11
0x00D1	0x3008      	MOVLW      8
0x00D2	0x00FC      	MOVWF      R12
0x00D3	0x3077      	MOVLW      119
0x00D4	0x00FD      	MOVWF      R13
L_main16:
0x00D5	0x0BFD      	DECFSZ     R13, 1
0x00D6	0x28D5      	GOTO       L_main16
0x00D7	0x0BFC      	DECFSZ     R12, 1
0x00D8	0x28D5      	GOTO       L_main16
0x00D9	0x0BFB      	DECFSZ     R11, 1
0x00DA	0x28D5      	GOTO       L_main16
;MyProject.c,36 :: 		PORTB = 0b11010111;
0x00DB	0x30D7      	MOVLW      215
0x00DC	0x0086      	MOVWF      PORTB
;MyProject.c,37 :: 		Delay_ms(200);
0x00DD	0x3003      	MOVLW      3
0x00DE	0x00FB      	MOVWF      R11
0x00DF	0x3008      	MOVLW      8
0x00E0	0x00FC      	MOVWF      R12
0x00E1	0x3077      	MOVLW      119
0x00E2	0x00FD      	MOVWF      R13
L_main17:
0x00E3	0x0BFD      	DECFSZ     R13, 1
0x00E4	0x28E3      	GOTO       L_main17
0x00E5	0x0BFC      	DECFSZ     R12, 1
0x00E6	0x28E3      	GOTO       L_main17
0x00E7	0x0BFB      	DECFSZ     R11, 1
0x00E8	0x28E3      	GOTO       L_main17
;MyProject.c,38 :: 		PORTB = 0b11101011;
0x00E9	0x30EB      	MOVLW      235
0x00EA	0x0086      	MOVWF      PORTB
;MyProject.c,39 :: 		Delay_ms(200);
0x00EB	0x3003      	MOVLW      3
0x00EC	0x00FB      	MOVWF      R11
0x00ED	0x3008      	MOVLW      8
0x00EE	0x00FC      	MOVWF      R12
0x00EF	0x3077      	MOVLW      119
0x00F0	0x00FD      	MOVWF      R13
L_main18:
0x00F1	0x0BFD      	DECFSZ     R13, 1
0x00F2	0x28F1      	GOTO       L_main18
0x00F3	0x0BFC      	DECFSZ     R12, 1
0x00F4	0x28F1      	GOTO       L_main18
0x00F5	0x0BFB      	DECFSZ     R11, 1
0x00F6	0x28F1      	GOTO       L_main18
;MyProject.c,40 :: 		PORTB = 0b11110101;
0x00F7	0x30F5      	MOVLW      245
0x00F8	0x0086      	MOVWF      PORTB
;MyProject.c,41 :: 		Delay_ms(200);
0x00F9	0x3003      	MOVLW      3
0x00FA	0x00FB      	MOVWF      R11
0x00FB	0x3008      	MOVLW      8
0x00FC	0x00FC      	MOVWF      R12
0x00FD	0x3077      	MOVLW      119
0x00FE	0x00FD      	MOVWF      R13
L_main19:
0x00FF	0x0BFD      	DECFSZ     R13, 1
0x0100	0x28FF      	GOTO       L_main19
0x0101	0x0BFC      	DECFSZ     R12, 1
0x0102	0x28FF      	GOTO       L_main19
0x0103	0x0BFB      	DECFSZ     R11, 1
0x0104	0x28FF      	GOTO       L_main19
;MyProject.c,42 :: 		PORTB = 0b11111010;
0x0105	0x30FA      	MOVLW      250
0x0106	0x0086      	MOVWF      PORTB
;MyProject.c,43 :: 		Delay_ms(200);
0x0107	0x3003      	MOVLW      3
0x0108	0x00FB      	MOVWF      R11
0x0109	0x3008      	MOVLW      8
0x010A	0x00FC      	MOVWF      R12
0x010B	0x3077      	MOVLW      119
0x010C	0x00FD      	MOVWF      R13
L_main20:
0x010D	0x0BFD      	DECFSZ     R13, 1
0x010E	0x290D      	GOTO       L_main20
0x010F	0x0BFC      	DECFSZ     R12, 1
0x0110	0x290D      	GOTO       L_main20
0x0111	0x0BFB      	DECFSZ     R11, 1
0x0112	0x290D      	GOTO       L_main20
;MyProject.c,44 :: 		PORTB = 0b11111101;
0x0113	0x30FD      	MOVLW      253
0x0114	0x0086      	MOVWF      PORTB
;MyProject.c,45 :: 		Delay_ms(200);
0x0115	0x3003      	MOVLW      3
0x0116	0x00FB      	MOVWF      R11
0x0117	0x3008      	MOVLW      8
0x0118	0x00FC      	MOVWF      R12
0x0119	0x3077      	MOVLW      119
0x011A	0x00FD      	MOVWF      R13
L_main21:
0x011B	0x0BFD      	DECFSZ     R13, 1
0x011C	0x291B      	GOTO       L_main21
0x011D	0x0BFC      	DECFSZ     R12, 1
0x011E	0x291B      	GOTO       L_main21
0x011F	0x0BFB      	DECFSZ     R11, 1
0x0120	0x291B      	GOTO       L_main21
;MyProject.c,46 :: 		PORTB = 0b11111110;
0x0121	0x30FE      	MOVLW      254
0x0122	0x0086      	MOVWF      PORTB
;MyProject.c,47 :: 		Delay_ms(200);
0x0123	0x3003      	MOVLW      3
0x0124	0x00FB      	MOVWF      R11
0x0125	0x3008      	MOVLW      8
0x0126	0x00FC      	MOVWF      R12
0x0127	0x3077      	MOVLW      119
0x0128	0x00FD      	MOVWF      R13
L_main22:
0x0129	0x0BFD      	DECFSZ     R13, 1
0x012A	0x2929      	GOTO       L_main22
0x012B	0x0BFC      	DECFSZ     R12, 1
0x012C	0x2929      	GOTO       L_main22
0x012D	0x0BFB      	DECFSZ     R11, 1
0x012E	0x2929      	GOTO       L_main22
;MyProject.c,48 :: 		PORTB = 0b01111111;
0x012F	0x307F      	MOVLW      127
0x0130	0x0086      	MOVWF      PORTB
;MyProject.c,49 :: 		Delay_ms(200);
0x0131	0x3003      	MOVLW      3
0x0132	0x00FB      	MOVWF      R11
0x0133	0x3008      	MOVLW      8
0x0134	0x00FC      	MOVWF      R12
0x0135	0x3077      	MOVLW      119
0x0136	0x00FD      	MOVWF      R13
L_main23:
0x0137	0x0BFD      	DECFSZ     R13, 1
0x0138	0x2937      	GOTO       L_main23
0x0139	0x0BFC      	DECFSZ     R12, 1
0x013A	0x2937      	GOTO       L_main23
0x013B	0x0BFB      	DECFSZ     R11, 1
0x013C	0x2937      	GOTO       L_main23
;MyProject.c,50 :: 		PORTB = 0b10111111;
0x013D	0x30BF      	MOVLW      191
0x013E	0x0086      	MOVWF      PORTB
;MyProject.c,51 :: 		Delay_ms(200);
0x013F	0x3003      	MOVLW      3
0x0140	0x00FB      	MOVWF      R11
0x0141	0x3008      	MOVLW      8
0x0142	0x00FC      	MOVWF      R12
0x0143	0x3077      	MOVLW      119
0x0144	0x00FD      	MOVWF      R13
L_main24:
0x0145	0x0BFD      	DECFSZ     R13, 1
0x0146	0x2945      	GOTO       L_main24
0x0147	0x0BFC      	DECFSZ     R12, 1
0x0148	0x2945      	GOTO       L_main24
0x0149	0x0BFB      	DECFSZ     R11, 1
0x014A	0x2945      	GOTO       L_main24
;MyProject.c,52 :: 		PORTB = 0b01011111;
0x014B	0x305F      	MOVLW      95
0x014C	0x0086      	MOVWF      PORTB
;MyProject.c,53 :: 		Delay_ms(200);
0x014D	0x3003      	MOVLW      3
0x014E	0x00FB      	MOVWF      R11
0x014F	0x3008      	MOVLW      8
0x0150	0x00FC      	MOVWF      R12
0x0151	0x3077      	MOVLW      119
0x0152	0x00FD      	MOVWF      R13
L_main25:
0x0153	0x0BFD      	DECFSZ     R13, 1
0x0154	0x2953      	GOTO       L_main25
0x0155	0x0BFC      	DECFSZ     R12, 1
0x0156	0x2953      	GOTO       L_main25
0x0157	0x0BFB      	DECFSZ     R11, 1
0x0158	0x2953      	GOTO       L_main25
;MyProject.c,54 :: 		PORTB = 0b10101111;
0x0159	0x30AF      	MOVLW      175
0x015A	0x0086      	MOVWF      PORTB
;MyProject.c,55 :: 		Delay_ms(200);
0x015B	0x3003      	MOVLW      3
0x015C	0x00FB      	MOVWF      R11
0x015D	0x3008      	MOVLW      8
0x015E	0x00FC      	MOVWF      R12
0x015F	0x3077      	MOVLW      119
0x0160	0x00FD      	MOVWF      R13
L_main26:
0x0161	0x0BFD      	DECFSZ     R13, 1
0x0162	0x2961      	GOTO       L_main26
0x0163	0x0BFC      	DECFSZ     R12, 1
0x0164	0x2961      	GOTO       L_main26
0x0165	0x0BFB      	DECFSZ     R11, 1
0x0166	0x2961      	GOTO       L_main26
;MyProject.c,56 :: 		PORTB = 0b11010111;
0x0167	0x30D7      	MOVLW      215
0x0168	0x0086      	MOVWF      PORTB
;MyProject.c,57 :: 		Delay_ms(200);
0x0169	0x3003      	MOVLW      3
0x016A	0x00FB      	MOVWF      R11
0x016B	0x3008      	MOVLW      8
0x016C	0x00FC      	MOVWF      R12
0x016D	0x3077      	MOVLW      119
0x016E	0x00FD      	MOVWF      R13
L_main27:
0x016F	0x0BFD      	DECFSZ     R13, 1
0x0170	0x296F      	GOTO       L_main27
0x0171	0x0BFC      	DECFSZ     R12, 1
0x0172	0x296F      	GOTO       L_main27
0x0173	0x0BFB      	DECFSZ     R11, 1
0x0174	0x296F      	GOTO       L_main27
;MyProject.c,58 :: 		PORTB = 0b11101011;
0x0175	0x30EB      	MOVLW      235
0x0176	0x0086      	MOVWF      PORTB
;MyProject.c,59 :: 		Delay_ms(200);
0x0177	0x3003      	MOVLW      3
0x0178	0x00FB      	MOVWF      R11
0x0179	0x3008      	MOVLW      8
0x017A	0x00FC      	MOVWF      R12
0x017B	0x3077      	MOVLW      119
0x017C	0x00FD      	MOVWF      R13
L_main28:
0x017D	0x0BFD      	DECFSZ     R13, 1
0x017E	0x297D      	GOTO       L_main28
0x017F	0x0BFC      	DECFSZ     R12, 1
0x0180	0x297D      	GOTO       L_main28
0x0181	0x0BFB      	DECFSZ     R11, 1
0x0182	0x297D      	GOTO       L_main28
;MyProject.c,60 :: 		PORTB = 0b11110101;
0x0183	0x30F5      	MOVLW      245
0x0184	0x0086      	MOVWF      PORTB
;MyProject.c,61 :: 		Delay_ms(200);
0x0185	0x3003      	MOVLW      3
0x0186	0x00FB      	MOVWF      R11
0x0187	0x3008      	MOVLW      8
0x0188	0x00FC      	MOVWF      R12
0x0189	0x3077      	MOVLW      119
0x018A	0x00FD      	MOVWF      R13
L_main29:
0x018B	0x0BFD      	DECFSZ     R13, 1
0x018C	0x298B      	GOTO       L_main29
0x018D	0x0BFC      	DECFSZ     R12, 1
0x018E	0x298B      	GOTO       L_main29
0x018F	0x0BFB      	DECFSZ     R11, 1
0x0190	0x298B      	GOTO       L_main29
;MyProject.c,62 :: 		PORTB = 0b11111010;
0x0191	0x30FA      	MOVLW      250
0x0192	0x0086      	MOVWF      PORTB
;MyProject.c,63 :: 		Delay_ms(200);
0x0193	0x3003      	MOVLW      3
0x0194	0x00FB      	MOVWF      R11
0x0195	0x3008      	MOVLW      8
0x0196	0x00FC      	MOVWF      R12
0x0197	0x3077      	MOVLW      119
0x0198	0x00FD      	MOVWF      R13
L_main30:
0x0199	0x0BFD      	DECFSZ     R13, 1
0x019A	0x2999      	GOTO       L_main30
0x019B	0x0BFC      	DECFSZ     R12, 1
0x019C	0x2999      	GOTO       L_main30
0x019D	0x0BFB      	DECFSZ     R11, 1
0x019E	0x2999      	GOTO       L_main30
;MyProject.c,64 :: 		PORTB = 0b11111101;
0x019F	0x30FD      	MOVLW      253
0x01A0	0x0086      	MOVWF      PORTB
;MyProject.c,65 :: 		Delay_ms(200);
0x01A1	0x3003      	MOVLW      3
0x01A2	0x00FB      	MOVWF      R11
0x01A3	0x3008      	MOVLW      8
0x01A4	0x00FC      	MOVWF      R12
0x01A5	0x3077      	MOVLW      119
0x01A6	0x00FD      	MOVWF      R13
L_main31:
0x01A7	0x0BFD      	DECFSZ     R13, 1
0x01A8	0x29A7      	GOTO       L_main31
0x01A9	0x0BFC      	DECFSZ     R12, 1
0x01AA	0x29A7      	GOTO       L_main31
0x01AB	0x0BFB      	DECFSZ     R11, 1
0x01AC	0x29A7      	GOTO       L_main31
;MyProject.c,66 :: 		PORTB = 0b11111110;
0x01AD	0x30FE      	MOVLW      254
0x01AE	0x0086      	MOVWF      PORTB
;MyProject.c,67 :: 		Delay_ms(200);
0x01AF	0x3003      	MOVLW      3
0x01B0	0x00FB      	MOVWF      R11
0x01B1	0x3008      	MOVLW      8
0x01B2	0x00FC      	MOVWF      R12
0x01B3	0x3077      	MOVLW      119
0x01B4	0x00FD      	MOVWF      R13
L_main32:
0x01B5	0x0BFD      	DECFSZ     R13, 1
0x01B6	0x29B5      	GOTO       L_main32
0x01B7	0x0BFC      	DECFSZ     R12, 1
0x01B8	0x29B5      	GOTO       L_main32
0x01B9	0x0BFB      	DECFSZ     R11, 1
0x01BA	0x29B5      	GOTO       L_main32
;MyProject.c,68 :: 		PORTB = 0b11111111;
0x01BB	0x30FF      	MOVLW      255
0x01BC	0x0086      	MOVWF      PORTB
;MyProject.c,69 :: 		Delay_ms(200);
0x01BD	0x3003      	MOVLW      3
0x01BE	0x00FB      	MOVWF      R11
0x01BF	0x3008      	MOVLW      8
0x01C0	0x00FC      	MOVWF      R12
0x01C1	0x3077      	MOVLW      119
0x01C2	0x00FD      	MOVWF      R13
L_main33:
0x01C3	0x0BFD      	DECFSZ     R13, 1
0x01C4	0x29C3      	GOTO       L_main33
0x01C5	0x0BFC      	DECFSZ     R12, 1
0x01C6	0x29C3      	GOTO       L_main33
0x01C7	0x0BFB      	DECFSZ     R11, 1
0x01C8	0x29C3      	GOTO       L_main33
;MyProject.c,70 :: 		PORTB = 0b10000000;
0x01C9	0x3080      	MOVLW      128
0x01CA	0x0086      	MOVWF      PORTB
;MyProject.c,71 :: 		Delay_ms(200);
0x01CB	0x3003      	MOVLW      3
0x01CC	0x00FB      	MOVWF      R11
0x01CD	0x3008      	MOVLW      8
0x01CE	0x00FC      	MOVWF      R12
0x01CF	0x3077      	MOVLW      119
0x01D0	0x00FD      	MOVWF      R13
L_main34:
0x01D1	0x0BFD      	DECFSZ     R13, 1
0x01D2	0x29D1      	GOTO       L_main34
0x01D3	0x0BFC      	DECFSZ     R12, 1
0x01D4	0x29D1      	GOTO       L_main34
0x01D5	0x0BFB      	DECFSZ     R11, 1
0x01D6	0x29D1      	GOTO       L_main34
;MyProject.c,72 :: 		PORTB = 0b11000000;
0x01D7	0x30C0      	MOVLW      192
0x01D8	0x0086      	MOVWF      PORTB
;MyProject.c,73 :: 		Delay_ms(200);
0x01D9	0x3003      	MOVLW      3
0x01DA	0x00FB      	MOVWF      R11
0x01DB	0x3008      	MOVLW      8
0x01DC	0x00FC      	MOVWF      R12
0x01DD	0x3077      	MOVLW      119
0x01DE	0x00FD      	MOVWF      R13
L_main35:
0x01DF	0x0BFD      	DECFSZ     R13, 1
0x01E0	0x29DF      	GOTO       L_main35
0x01E1	0x0BFC      	DECFSZ     R12, 1
0x01E2	0x29DF      	GOTO       L_main35
0x01E3	0x0BFB      	DECFSZ     R11, 1
0x01E4	0x29DF      	GOTO       L_main35
;MyProject.c,74 :: 		PORTB = 0b01100000;
0x01E5	0x3060      	MOVLW      96
0x01E6	0x0086      	MOVWF      PORTB
;MyProject.c,75 :: 		Delay_ms(200);
0x01E7	0x3003      	MOVLW      3
0x01E8	0x00FB      	MOVWF      R11
0x01E9	0x3008      	MOVLW      8
0x01EA	0x00FC      	MOVWF      R12
0x01EB	0x3077      	MOVLW      119
0x01EC	0x00FD      	MOVWF      R13
L_main36:
0x01ED	0x0BFD      	DECFSZ     R13, 1
0x01EE	0x29ED      	GOTO       L_main36
0x01EF	0x0BFC      	DECFSZ     R12, 1
0x01F0	0x29ED      	GOTO       L_main36
0x01F1	0x0BFB      	DECFSZ     R11, 1
0x01F2	0x29ED      	GOTO       L_main36
;MyProject.c,76 :: 		PORTB = 0b00110000;
0x01F3	0x3030      	MOVLW      48
0x01F4	0x0086      	MOVWF      PORTB
;MyProject.c,77 :: 		Delay_ms(200);
0x01F5	0x3003      	MOVLW      3
0x01F6	0x00FB      	MOVWF      R11
0x01F7	0x3008      	MOVLW      8
0x01F8	0x00FC      	MOVWF      R12
0x01F9	0x3077      	MOVLW      119
0x01FA	0x00FD      	MOVWF      R13
L_main37:
0x01FB	0x0BFD      	DECFSZ     R13, 1
0x01FC	0x29FB      	GOTO       L_main37
0x01FD	0x0BFC      	DECFSZ     R12, 1
0x01FE	0x29FB      	GOTO       L_main37
0x01FF	0x0BFB      	DECFSZ     R11, 1
0x0200	0x29FB      	GOTO       L_main37
;MyProject.c,78 :: 		PORTB = 0b00011000;
0x0201	0x3018      	MOVLW      24
0x0202	0x0086      	MOVWF      PORTB
;MyProject.c,79 :: 		Delay_ms(200);
0x0203	0x3003      	MOVLW      3
0x0204	0x00FB      	MOVWF      R11
0x0205	0x3008      	MOVLW      8
0x0206	0x00FC      	MOVWF      R12
0x0207	0x3077      	MOVLW      119
0x0208	0x00FD      	MOVWF      R13
L_main38:
0x0209	0x0BFD      	DECFSZ     R13, 1
0x020A	0x2A09      	GOTO       L_main38
0x020B	0x0BFC      	DECFSZ     R12, 1
0x020C	0x2A09      	GOTO       L_main38
0x020D	0x0BFB      	DECFSZ     R11, 1
0x020E	0x2A09      	GOTO       L_main38
;MyProject.c,80 :: 		PORTB = 0b00001100;
0x020F	0x300C      	MOVLW      12
0x0210	0x0086      	MOVWF      PORTB
;MyProject.c,81 :: 		Delay_ms(200);
0x0211	0x3003      	MOVLW      3
0x0212	0x00FB      	MOVWF      R11
0x0213	0x3008      	MOVLW      8
0x0214	0x00FC      	MOVWF      R12
0x0215	0x3077      	MOVLW      119
0x0216	0x00FD      	MOVWF      R13
L_main39:
0x0217	0x0BFD      	DECFSZ     R13, 1
0x0218	0x2A17      	GOTO       L_main39
0x0219	0x0BFC      	DECFSZ     R12, 1
0x021A	0x2A17      	GOTO       L_main39
0x021B	0x0BFB      	DECFSZ     R11, 1
0x021C	0x2A17      	GOTO       L_main39
;MyProject.c,82 :: 		PORTB = 0b00000110;
0x021D	0x3006      	MOVLW      6
0x021E	0x0086      	MOVWF      PORTB
;MyProject.c,83 :: 		Delay_ms(200);
0x021F	0x3003      	MOVLW      3
0x0220	0x00FB      	MOVWF      R11
0x0221	0x3008      	MOVLW      8
0x0222	0x00FC      	MOVWF      R12
0x0223	0x3077      	MOVLW      119
0x0224	0x00FD      	MOVWF      R13
L_main40:
0x0225	0x0BFD      	DECFSZ     R13, 1
0x0226	0x2A25      	GOTO       L_main40
0x0227	0x0BFC      	DECFSZ     R12, 1
0x0228	0x2A25      	GOTO       L_main40
0x0229	0x0BFB      	DECFSZ     R11, 1
0x022A	0x2A25      	GOTO       L_main40
;MyProject.c,84 :: 		PORTB = 0b00000011;
0x022B	0x3003      	MOVLW      3
0x022C	0x0086      	MOVWF      PORTB
;MyProject.c,85 :: 		Delay_ms(200);
0x022D	0x3003      	MOVLW      3
0x022E	0x00FB      	MOVWF      R11
0x022F	0x3008      	MOVLW      8
0x0230	0x00FC      	MOVWF      R12
0x0231	0x3077      	MOVLW      119
0x0232	0x00FD      	MOVWF      R13
L_main41:
0x0233	0x0BFD      	DECFSZ     R13, 1
0x0234	0x2A33      	GOTO       L_main41
0x0235	0x0BFC      	DECFSZ     R12, 1
0x0236	0x2A33      	GOTO       L_main41
0x0237	0x0BFB      	DECFSZ     R11, 1
0x0238	0x2A33      	GOTO       L_main41
;MyProject.c,86 :: 		PORTB = 0b00000110;
0x0239	0x3006      	MOVLW      6
0x023A	0x0086      	MOVWF      PORTB
;MyProject.c,87 :: 		Delay_ms(200);
0x023B	0x3003      	MOVLW      3
0x023C	0x00FB      	MOVWF      R11
0x023D	0x3008      	MOVLW      8
0x023E	0x00FC      	MOVWF      R12
0x023F	0x3077      	MOVLW      119
0x0240	0x00FD      	MOVWF      R13
L_main42:
0x0241	0x0BFD      	DECFSZ     R13, 1
0x0242	0x2A41      	GOTO       L_main42
0x0243	0x0BFC      	DECFSZ     R12, 1
0x0244	0x2A41      	GOTO       L_main42
0x0245	0x0BFB      	DECFSZ     R11, 1
0x0246	0x2A41      	GOTO       L_main42
;MyProject.c,88 :: 		PORTB = 0b00001100;
0x0247	0x300C      	MOVLW      12
0x0248	0x0086      	MOVWF      PORTB
;MyProject.c,89 :: 		Delay_ms(200);
0x0249	0x3003      	MOVLW      3
0x024A	0x00FB      	MOVWF      R11
0x024B	0x3008      	MOVLW      8
0x024C	0x00FC      	MOVWF      R12
0x024D	0x3077      	MOVLW      119
0x024E	0x00FD      	MOVWF      R13
L_main43:
0x024F	0x0BFD      	DECFSZ     R13, 1
0x0250	0x2A4F      	GOTO       L_main43
0x0251	0x0BFC      	DECFSZ     R12, 1
0x0252	0x2A4F      	GOTO       L_main43
0x0253	0x0BFB      	DECFSZ     R11, 1
0x0254	0x2A4F      	GOTO       L_main43
;MyProject.c,90 :: 		PORTB = 0b00011000;
0x0255	0x3018      	MOVLW      24
0x0256	0x0086      	MOVWF      PORTB
;MyProject.c,91 :: 		Delay_ms(200);
0x0257	0x3003      	MOVLW      3
0x0258	0x00FB      	MOVWF      R11
0x0259	0x3008      	MOVLW      8
0x025A	0x00FC      	MOVWF      R12
0x025B	0x3077      	MOVLW      119
0x025C	0x00FD      	MOVWF      R13
L_main44:
0x025D	0x0BFD      	DECFSZ     R13, 1
0x025E	0x2A5D      	GOTO       L_main44
0x025F	0x0BFC      	DECFSZ     R12, 1
0x0260	0x2A5D      	GOTO       L_main44
0x0261	0x0BFB      	DECFSZ     R11, 1
0x0262	0x2A5D      	GOTO       L_main44
;MyProject.c,92 :: 		PORTB = 0b00110000;
0x0263	0x3030      	MOVLW      48
0x0264	0x0086      	MOVWF      PORTB
;MyProject.c,93 :: 		Delay_ms(200);
0x0265	0x3003      	MOVLW      3
0x0266	0x00FB      	MOVWF      R11
0x0267	0x3008      	MOVLW      8
0x0268	0x00FC      	MOVWF      R12
0x0269	0x3077      	MOVLW      119
0x026A	0x00FD      	MOVWF      R13
L_main45:
0x026B	0x0BFD      	DECFSZ     R13, 1
0x026C	0x2A6B      	GOTO       L_main45
0x026D	0x0BFC      	DECFSZ     R12, 1
0x026E	0x2A6B      	GOTO       L_main45
0x026F	0x0BFB      	DECFSZ     R11, 1
0x0270	0x2A6B      	GOTO       L_main45
;MyProject.c,94 :: 		PORTB = 0b01100000;
0x0271	0x3060      	MOVLW      96
0x0272	0x0086      	MOVWF      PORTB
;MyProject.c,95 :: 		Delay_ms(200);
0x0273	0x3003      	MOVLW      3
0x0274	0x00FB      	MOVWF      R11
0x0275	0x3008      	MOVLW      8
0x0276	0x00FC      	MOVWF      R12
0x0277	0x3077      	MOVLW      119
0x0278	0x00FD      	MOVWF      R13
L_main46:
0x0279	0x0BFD      	DECFSZ     R13, 1
0x027A	0x2A79      	GOTO       L_main46
0x027B	0x0BFC      	DECFSZ     R12, 1
0x027C	0x2A79      	GOTO       L_main46
0x027D	0x0BFB      	DECFSZ     R11, 1
0x027E	0x2A79      	GOTO       L_main46
;MyProject.c,96 :: 		PORTB = 0b11000000;
0x027F	0x30C0      	MOVLW      192
0x0280	0x0086      	MOVWF      PORTB
;MyProject.c,97 :: 		Delay_ms(200);
0x0281	0x3003      	MOVLW      3
0x0282	0x00FB      	MOVWF      R11
0x0283	0x3008      	MOVLW      8
0x0284	0x00FC      	MOVWF      R12
0x0285	0x3077      	MOVLW      119
0x0286	0x00FD      	MOVWF      R13
L_main47:
0x0287	0x0BFD      	DECFSZ     R13, 1
0x0288	0x2A87      	GOTO       L_main47
0x0289	0x0BFC      	DECFSZ     R12, 1
0x028A	0x2A87      	GOTO       L_main47
0x028B	0x0BFB      	DECFSZ     R11, 1
0x028C	0x2A87      	GOTO       L_main47
;MyProject.c,98 :: 		PORTB = 0b01100000;
0x028D	0x3060      	MOVLW      96
0x028E	0x0086      	MOVWF      PORTB
;MyProject.c,99 :: 		Delay_ms(200);
0x028F	0x3003      	MOVLW      3
0x0290	0x00FB      	MOVWF      R11
0x0291	0x3008      	MOVLW      8
0x0292	0x00FC      	MOVWF      R12
0x0293	0x3077      	MOVLW      119
0x0294	0x00FD      	MOVWF      R13
L_main48:
0x0295	0x0BFD      	DECFSZ     R13, 1
0x0296	0x2A95      	GOTO       L_main48
0x0297	0x0BFC      	DECFSZ     R12, 1
0x0298	0x2A95      	GOTO       L_main48
0x0299	0x0BFB      	DECFSZ     R11, 1
0x029A	0x2A95      	GOTO       L_main48
;MyProject.c,100 :: 		PORTB = 0b00110000;
0x029B	0x3030      	MOVLW      48
0x029C	0x0086      	MOVWF      PORTB
;MyProject.c,101 :: 		Delay_ms(200);
0x029D	0x3003      	MOVLW      3
0x029E	0x00FB      	MOVWF      R11
0x029F	0x3008      	MOVLW      8
0x02A0	0x00FC      	MOVWF      R12
0x02A1	0x3077      	MOVLW      119
0x02A2	0x00FD      	MOVWF      R13
L_main49:
0x02A3	0x0BFD      	DECFSZ     R13, 1
0x02A4	0x2AA3      	GOTO       L_main49
0x02A5	0x0BFC      	DECFSZ     R12, 1
0x02A6	0x2AA3      	GOTO       L_main49
0x02A7	0x0BFB      	DECFSZ     R11, 1
0x02A8	0x2AA3      	GOTO       L_main49
;MyProject.c,102 :: 		PORTB = 0b00011000;
0x02A9	0x3018      	MOVLW      24
0x02AA	0x0086      	MOVWF      PORTB
;MyProject.c,103 :: 		Delay_ms(200);
0x02AB	0x3003      	MOVLW      3
0x02AC	0x00FB      	MOVWF      R11
0x02AD	0x3008      	MOVLW      8
0x02AE	0x00FC      	MOVWF      R12
0x02AF	0x3077      	MOVLW      119
0x02B0	0x00FD      	MOVWF      R13
L_main50:
0x02B1	0x0BFD      	DECFSZ     R13, 1
0x02B2	0x2AB1      	GOTO       L_main50
0x02B3	0x0BFC      	DECFSZ     R12, 1
0x02B4	0x2AB1      	GOTO       L_main50
0x02B5	0x0BFB      	DECFSZ     R11, 1
0x02B6	0x2AB1      	GOTO       L_main50
;MyProject.c,104 :: 		PORTB = 0b00001100;
0x02B7	0x300C      	MOVLW      12
0x02B8	0x0086      	MOVWF      PORTB
;MyProject.c,105 :: 		Delay_ms(200);
0x02B9	0x3003      	MOVLW      3
0x02BA	0x00FB      	MOVWF      R11
0x02BB	0x3008      	MOVLW      8
0x02BC	0x00FC      	MOVWF      R12
0x02BD	0x3077      	MOVLW      119
0x02BE	0x00FD      	MOVWF      R13
L_main51:
0x02BF	0x0BFD      	DECFSZ     R13, 1
0x02C0	0x2ABF      	GOTO       L_main51
0x02C1	0x0BFC      	DECFSZ     R12, 1
0x02C2	0x2ABF      	GOTO       L_main51
0x02C3	0x0BFB      	DECFSZ     R11, 1
0x02C4	0x2ABF      	GOTO       L_main51
;MyProject.c,106 :: 		PORTB = 0b00000110;
0x02C5	0x3006      	MOVLW      6
0x02C6	0x0086      	MOVWF      PORTB
;MyProject.c,107 :: 		Delay_ms(200);
0x02C7	0x3003      	MOVLW      3
0x02C8	0x00FB      	MOVWF      R11
0x02C9	0x3008      	MOVLW      8
0x02CA	0x00FC      	MOVWF      R12
0x02CB	0x3077      	MOVLW      119
0x02CC	0x00FD      	MOVWF      R13
L_main52:
0x02CD	0x0BFD      	DECFSZ     R13, 1
0x02CE	0x2ACD      	GOTO       L_main52
0x02CF	0x0BFC      	DECFSZ     R12, 1
0x02D0	0x2ACD      	GOTO       L_main52
0x02D1	0x0BFB      	DECFSZ     R11, 1
0x02D2	0x2ACD      	GOTO       L_main52
;MyProject.c,108 :: 		PORTB = 0b00000011;
0x02D3	0x3003      	MOVLW      3
0x02D4	0x0086      	MOVWF      PORTB
;MyProject.c,109 :: 		Delay_ms(200);
0x02D5	0x3003      	MOVLW      3
0x02D6	0x00FB      	MOVWF      R11
0x02D7	0x3008      	MOVLW      8
0x02D8	0x00FC      	MOVWF      R12
0x02D9	0x3077      	MOVLW      119
0x02DA	0x00FD      	MOVWF      R13
L_main53:
0x02DB	0x0BFD      	DECFSZ     R13, 1
0x02DC	0x2ADB      	GOTO       L_main53
0x02DD	0x0BFC      	DECFSZ     R12, 1
0x02DE	0x2ADB      	GOTO       L_main53
0x02DF	0x0BFB      	DECFSZ     R11, 1
0x02E0	0x2ADB      	GOTO       L_main53
;MyProject.c,110 :: 		PORTB = 0b00000001;
0x02E1	0x3001      	MOVLW      1
0x02E2	0x0086      	MOVWF      PORTB
;MyProject.c,111 :: 		Delay_ms(200);
0x02E3	0x3003      	MOVLW      3
0x02E4	0x00FB      	MOVWF      R11
0x02E5	0x3008      	MOVLW      8
0x02E6	0x00FC      	MOVWF      R12
0x02E7	0x3077      	MOVLW      119
0x02E8	0x00FD      	MOVWF      R13
L_main54:
0x02E9	0x0BFD      	DECFSZ     R13, 1
0x02EA	0x2AE9      	GOTO       L_main54
0x02EB	0x0BFC      	DECFSZ     R12, 1
0x02EC	0x2AE9      	GOTO       L_main54
0x02ED	0x0BFB      	DECFSZ     R11, 1
0x02EE	0x2AE9      	GOTO       L_main54
;MyProject.c,112 :: 		PORTB = 0b00000000;
0x02EF	0x0186      	CLRF       PORTB
;MyProject.c,113 :: 		Delay_ms(200);
0x02F0	0x3003      	MOVLW      3
0x02F1	0x00FB      	MOVWF      R11
0x02F2	0x3008      	MOVLW      8
0x02F3	0x00FC      	MOVWF      R12
0x02F4	0x3077      	MOVLW      119
0x02F5	0x00FD      	MOVWF      R13
L_main55:
0x02F6	0x0BFD      	DECFSZ     R13, 1
0x02F7	0x2AF6      	GOTO       L_main55
0x02F8	0x0BFC      	DECFSZ     R12, 1
0x02F9	0x2AF6      	GOTO       L_main55
0x02FA	0x0BFB      	DECFSZ     R11, 1
0x02FB	0x2AF6      	GOTO       L_main55
;MyProject.c,115 :: 		}
0x02FC	0x281B      	GOTO       L_main0
;MyProject.c,117 :: 		}
L_end_main:
0x02FD	0x2AFD      	GOTO       $+0
; end of _main
Symbol List:
//** Routines locations **
//ADDRESS    SIZE    PROCEDURE
//----------------------------------------------
0x0003       [7]    _____DoICP
0x000A      [12]    ___CC2DW
0x0016     [744]    _main
//** Variables locations ** 
//ADDRESS    SIZE    VARIABLE
//----------------------------------------------
0x0000       [1]    INDF
0x0002       [1]    PCL
0x0003       [1]    STATUS
0x0004       [1]    FSR
0x0006       [1]    PORTB
0x000A       [1]    PCLATH
0x0020       [2]    ___DoICPAddr
0x0070       [1]    R0
0x0071       [1]    R1
0x0072       [1]    R2
0x0073       [1]    R3
0x0074       [1]    R4
0x0075       [1]    R5
0x0076       [1]    R6
0x0077       [1]    R7
0x0078       [1]    R8
0x0079       [1]    R9
0x007A       [1]    R10
0x007B       [1]    R11
0x007C       [1]    R12
0x007D       [1]    R13
0x007E       [1]    R14
0x007F       [1]    R15
0x0086       [1]    TRISB
//** Label List: ** 
//----------------------------------------------
  L_main0
  L_main1
  L_main2
  L_main3
  L_main4
  L_main5
  L_main6
  L_main7
  L_main8
  L_main9
  L_main10
  L_main11
  L_main12
  L_main13
  L_main14
  L_main15
  L_main16
  L_main17
  L_main18
  L_main19
  L_main20
  L_main21
  L_main22
  L_main23
  L_main24
  L_main25
  L_main26
  L_main27
  L_main28
  L_main29
  L_main30
  L_main31
  L_main32
  L_main33
  L_main34
  L_main35
  L_main36
  L_main37
  L_main38
  L_main39
  L_main40
  L_main41
  L_main42
  L_main43
  L_main44
  L_main45
  L_main46
  L_main47
  L_main48
  L_main49
  L_main50
  L_main51
  L_main52
  L_main53
  L_main54
  L_main55
  L_end_main
  _main
  L_loopCA2AWs
  L_CA2AWend
  _CCA2AW_Loop1
  L_loopCS2Ss
  L_CS2Send
  _CCS2S_Loop1
  L_CCS2Send
  L_loopFZinSWs
  L_FZinSend
  _CC2D_Loop1
  L_end_____DoICP
  _____DoICP
  L_end_____DoIFC
  _____DoIFC
  L_end___CA2AW
  ___CA2AW
  L_end___CCA2AW
  ___CCA2AW
  L_end___CS2S
  ___CS2S
  L_end___CCS2S
  ___CCS2S
  L_end___FZinS
  ___FZinS
  L_end___CC2DW
  ___CC2DW
  L_end_Swap
  _Swap
