;  LST file generated by mikroListExporter - v.2.0 
; Date/Time: 7/4/2014 9:18:22 PM
;----------------------------------------------

;Address Opcode 	ASM
0x0000	0x2816      	GOTO       22
_____DoICP:
;__Lib_System.c,6 :: 		
;__Lib_System.c,9 :: 		
0x0003	0x1283      	BCF        STATUS, 5
0x0004	0x1303      	BCF        STATUS, 6
0x0005	0x0821      	MOVF       ___DoICPAddr+1, 0
0x0006	0x008A      	MOVWF      PCLATH
;__Lib_System.c,10 :: 		
0x0007	0x0820      	MOVF       ___DoICPAddr, 0
0x0008	0x0082      	MOVWF      PCL
;__Lib_System.c,12 :: 		
L_end_____DoICP:
0x0009	0x0008      	RETURN
; end of _____DoICP
___CC2DW:
;__Lib_System.c,134 :: 		
;__Lib_System.c,137 :: 		
_CC2D_Loop1:
;__Lib_System.c,139 :: 		
0x000A	0x2003      	CALL       _____DoICP
0x000B	0x118A      	BCF        PCLATH, 3
0x000C	0x120A      	BCF        PCLATH, 4
;__Lib_System.c,141 :: 		
0x000D	0x0080      	MOVWF      INDF
;__Lib_System.c,142 :: 		
0x000E	0x0A84      	INCF       FSR, 1
;__Lib_System.c,143 :: 		
0x000F	0x0AA0      	INCF       ___DoICPAddr, 1
;__Lib_System.c,145 :: 		
0x0010	0x1903      	BTFSC      STATUS, 2
;__Lib_System.c,146 :: 		
0x0011	0x0AA1      	INCF       ___DoICPAddr+1, 1
;__Lib_System.c,147 :: 		
0x0012	0x03F0      	DECF       R0, 1
;__Lib_System.c,149 :: 		
0x0013	0x1D03      	BTFSS      STATUS, 2
;__Lib_System.c,150 :: 		
0x0014	0x280A      	GOTO       _CC2D_Loop1
;__Lib_System.c,152 :: 		
L_end___CC2DW:
0x0015	0x0008      	RETURN
; end of ___CC2DW
_main:
;MyProject.c,1 :: 		void main() {
;MyProject.c,3 :: 		TRISB = 0b00000000;
0x0016	0x1683      	BSF        STATUS, 5
0x0017	0x1303      	BCF        STATUS, 6
0x0018	0x0186      	CLRF       TRISB
;MyProject.c,4 :: 		PORTB = 0b00000000;
0x0019	0x1283      	BCF        STATUS, 5
0x001A	0x0186      	CLRF       PORTB
;MyProject.c,6 :: 		while(1){
L_main0:
;MyProject.c,8 :: 		PORTB = 0b00000000;
0x001B	0x0186      	CLRF       PORTB
;MyProject.c,9 :: 		Delay_ms(100);
0x001C	0x3002      	MOVLW      2
0x001D	0x00FB      	MOVWF      R11
0x001E	0x3004      	MOVLW      4
0x001F	0x00FC      	MOVWF      R12
0x0020	0x30BA      	MOVLW      186
0x0021	0x00FD      	MOVWF      R13
L_main2:
0x0022	0x0BFD      	DECFSZ     R13, 1
0x0023	0x2822      	GOTO       L_main2
0x0024	0x0BFC      	DECFSZ     R12, 1
0x0025	0x2822      	GOTO       L_main2
0x0026	0x0BFB      	DECFSZ     R11, 1
0x0027	0x2822      	GOTO       L_main2
0x0028	0x0000      	NOP
;MyProject.c,10 :: 		PORTB = 0b11111111;
0x0029	0x30FF      	MOVLW      255
0x002A	0x0086      	MOVWF      PORTB
;MyProject.c,11 :: 		Delay_ms(100);
0x002B	0x3002      	MOVLW      2
0x002C	0x00FB      	MOVWF      R11
0x002D	0x3004      	MOVLW      4
0x002E	0x00FC      	MOVWF      R12
0x002F	0x30BA      	MOVLW      186
0x0030	0x00FD      	MOVWF      R13
L_main3:
0x0031	0x0BFD      	DECFSZ     R13, 1
0x0032	0x2831      	GOTO       L_main3
0x0033	0x0BFC      	DECFSZ     R12, 1
0x0034	0x2831      	GOTO       L_main3
0x0035	0x0BFB      	DECFSZ     R11, 1
0x0036	0x2831      	GOTO       L_main3
0x0037	0x0000      	NOP
;MyProject.c,12 :: 		PORTB = 0b00000000;
0x0038	0x0186      	CLRF       PORTB
;MyProject.c,13 :: 		Delay_ms(100);
0x0039	0x3002      	MOVLW      2
0x003A	0x00FB      	MOVWF      R11
0x003B	0x3004      	MOVLW      4
0x003C	0x00FC      	MOVWF      R12
0x003D	0x30BA      	MOVLW      186
0x003E	0x00FD      	MOVWF      R13
L_main4:
0x003F	0x0BFD      	DECFSZ     R13, 1
0x0040	0x283F      	GOTO       L_main4
0x0041	0x0BFC      	DECFSZ     R12, 1
0x0042	0x283F      	GOTO       L_main4
0x0043	0x0BFB      	DECFSZ     R11, 1
0x0044	0x283F      	GOTO       L_main4
0x0045	0x0000      	NOP
;MyProject.c,14 :: 		PORTB = 0b10000000;
0x0046	0x3080      	MOVLW      128
0x0047	0x0086      	MOVWF      PORTB
;MyProject.c,15 :: 		Delay_ms(70);
0x0048	0x30B6      	MOVLW      182
0x0049	0x00FC      	MOVWF      R12
0x004A	0x30D0      	MOVLW      208
0x004B	0x00FD      	MOVWF      R13
L_main5:
0x004C	0x0BFD      	DECFSZ     R13, 1
0x004D	0x284C      	GOTO       L_main5
0x004E	0x0BFC      	DECFSZ     R12, 1
0x004F	0x284C      	GOTO       L_main5
0x0050	0x0000      	NOP
;MyProject.c,16 :: 		PORTB = 0b01000000;
0x0051	0x3040      	MOVLW      64
0x0052	0x0086      	MOVWF      PORTB
;MyProject.c,17 :: 		Delay_ms(100);
0x0053	0x3002      	MOVLW      2
0x0054	0x00FB      	MOVWF      R11
0x0055	0x3004      	MOVLW      4
0x0056	0x00FC      	MOVWF      R12
0x0057	0x30BA      	MOVLW      186
0x0058	0x00FD      	MOVWF      R13
L_main6:
0x0059	0x0BFD      	DECFSZ     R13, 1
0x005A	0x2859      	GOTO       L_main6
0x005B	0x0BFC      	DECFSZ     R12, 1
0x005C	0x2859      	GOTO       L_main6
0x005D	0x0BFB      	DECFSZ     R11, 1
0x005E	0x2859      	GOTO       L_main6
0x005F	0x0000      	NOP
;MyProject.c,18 :: 		PORTB = 0b00100000;
0x0060	0x3020      	MOVLW      32
0x0061	0x0086      	MOVWF      PORTB
;MyProject.c,19 :: 		Delay_ms(140);
0x0062	0x3002      	MOVLW      2
0x0063	0x00FB      	MOVWF      R11
0x0064	0x306C      	MOVLW      108
0x0065	0x00FC      	MOVWF      R12
0x0066	0x309F      	MOVLW      159
0x0067	0x00FD      	MOVWF      R13
L_main7:
0x0068	0x0BFD      	DECFSZ     R13, 1
0x0069	0x2868      	GOTO       L_main7
0x006A	0x0BFC      	DECFSZ     R12, 1
0x006B	0x2868      	GOTO       L_main7
0x006C	0x0BFB      	DECFSZ     R11, 1
0x006D	0x2868      	GOTO       L_main7
0x006E	0x0000      	NOP
0x006F	0x0000      	NOP
;MyProject.c,20 :: 		PORTB = 0b00010000;
0x0070	0x3010      	MOVLW      16
0x0071	0x0086      	MOVWF      PORTB
;MyProject.c,21 :: 		Delay_ms(180);
0x0072	0x3002      	MOVLW      2
0x0073	0x00FB      	MOVWF      R11
0x0074	0x30D4      	MOVLW      212
0x0075	0x00FC      	MOVWF      R12
0x0076	0x3085      	MOVLW      133
0x0077	0x00FD      	MOVWF      R13
L_main8:
0x0078	0x0BFD      	DECFSZ     R13, 1
0x0079	0x2878      	GOTO       L_main8
0x007A	0x0BFC      	DECFSZ     R12, 1
0x007B	0x2878      	GOTO       L_main8
0x007C	0x0BFB      	DECFSZ     R11, 1
0x007D	0x2878      	GOTO       L_main8
;MyProject.c,22 :: 		PORTB = 0b00001000;
0x007E	0x3008      	MOVLW      8
0x007F	0x0086      	MOVWF      PORTB
;MyProject.c,23 :: 		Delay_ms(220);
0x0080	0x3003      	MOVLW      3
0x0081	0x00FB      	MOVWF      R11
0x0082	0x303C      	MOVLW      60
0x0083	0x00FC      	MOVWF      R12
0x0084	0x3069      	MOVLW      105
0x0085	0x00FD      	MOVWF      R13
L_main9:
0x0086	0x0BFD      	DECFSZ     R13, 1
0x0087	0x2886      	GOTO       L_main9
0x0088	0x0BFC      	DECFSZ     R12, 1
0x0089	0x2886      	GOTO       L_main9
0x008A	0x0BFB      	DECFSZ     R11, 1
0x008B	0x2886      	GOTO       L_main9
0x008C	0x0000      	NOP
0x008D	0x0000      	NOP
;MyProject.c,24 :: 		PORTB = 0b00000100;
0x008E	0x3004      	MOVLW      4
0x008F	0x0086      	MOVWF      PORTB
;MyProject.c,25 :: 		Delay_ms(250);
0x0090	0x3003      	MOVLW      3
0x0091	0x00FB      	MOVWF      R11
0x0092	0x308A      	MOVLW      138
0x0093	0x00FC      	MOVWF      R12
0x0094	0x3055      	MOVLW      85
0x0095	0x00FD      	MOVWF      R13
L_main10:
0x0096	0x0BFD      	DECFSZ     R13, 1
0x0097	0x2896      	GOTO       L_main10
0x0098	0x0BFC      	DECFSZ     R12, 1
0x0099	0x2896      	GOTO       L_main10
0x009A	0x0BFB      	DECFSZ     R11, 1
0x009B	0x2896      	GOTO       L_main10
0x009C	0x0000      	NOP
0x009D	0x0000      	NOP
;MyProject.c,26 :: 		PORTB = 0b00000010;
0x009E	0x3002      	MOVLW      2
0x009F	0x0086      	MOVWF      PORTB
;MyProject.c,27 :: 		Delay_ms(280);
0x00A0	0x3003      	MOVLW      3
0x00A1	0x00FB      	MOVWF      R11
0x00A2	0x30D8      	MOVLW      216
0x00A3	0x00FC      	MOVWF      R12
0x00A4	0x3041      	MOVLW      65
0x00A5	0x00FD      	MOVWF      R13
L_main11:
0x00A6	0x0BFD      	DECFSZ     R13, 1
0x00A7	0x28A6      	GOTO       L_main11
0x00A8	0x0BFC      	DECFSZ     R12, 1
0x00A9	0x28A6      	GOTO       L_main11
0x00AA	0x0BFB      	DECFSZ     R11, 1
0x00AB	0x28A6      	GOTO       L_main11
0x00AC	0x0000      	NOP
0x00AD	0x0000      	NOP
;MyProject.c,28 :: 		PORTB = 0b00000001;
0x00AE	0x3001      	MOVLW      1
0x00AF	0x0086      	MOVWF      PORTB
;MyProject.c,29 :: 		Delay_ms(70);
0x00B0	0x30B6      	MOVLW      182
0x00B1	0x00FC      	MOVWF      R12
0x00B2	0x30D0      	MOVLW      208
0x00B3	0x00FD      	MOVWF      R13
L_main12:
0x00B4	0x0BFD      	DECFSZ     R13, 1
0x00B5	0x28B4      	GOTO       L_main12
0x00B6	0x0BFC      	DECFSZ     R12, 1
0x00B7	0x28B4      	GOTO       L_main12
0x00B8	0x0000      	NOP
;MyProject.c,30 :: 		PORTB = 0b00000010;
0x00B9	0x3002      	MOVLW      2
0x00BA	0x0086      	MOVWF      PORTB
;MyProject.c,31 :: 		Delay_ms(100);
0x00BB	0x3002      	MOVLW      2
0x00BC	0x00FB      	MOVWF      R11
0x00BD	0x3004      	MOVLW      4
0x00BE	0x00FC      	MOVWF      R12
0x00BF	0x30BA      	MOVLW      186
0x00C0	0x00FD      	MOVWF      R13
L_main13:
0x00C1	0x0BFD      	DECFSZ     R13, 1
0x00C2	0x28C1      	GOTO       L_main13
0x00C3	0x0BFC      	DECFSZ     R12, 1
0x00C4	0x28C1      	GOTO       L_main13
0x00C5	0x0BFB      	DECFSZ     R11, 1
0x00C6	0x28C1      	GOTO       L_main13
0x00C7	0x0000      	NOP
;MyProject.c,32 :: 		PORTB = 0b00000100;
0x00C8	0x3004      	MOVLW      4
0x00C9	0x0086      	MOVWF      PORTB
;MyProject.c,33 :: 		Delay_ms(140);
0x00CA	0x3002      	MOVLW      2
0x00CB	0x00FB      	MOVWF      R11
0x00CC	0x306C      	MOVLW      108
0x00CD	0x00FC      	MOVWF      R12
0x00CE	0x309F      	MOVLW      159
0x00CF	0x00FD      	MOVWF      R13
L_main14:
0x00D0	0x0BFD      	DECFSZ     R13, 1
0x00D1	0x28D0      	GOTO       L_main14
0x00D2	0x0BFC      	DECFSZ     R12, 1
0x00D3	0x28D0      	GOTO       L_main14
0x00D4	0x0BFB      	DECFSZ     R11, 1
0x00D5	0x28D0      	GOTO       L_main14
0x00D6	0x0000      	NOP
0x00D7	0x0000      	NOP
;MyProject.c,34 :: 		PORTB = 0b00001000;
0x00D8	0x3008      	MOVLW      8
0x00D9	0x0086      	MOVWF      PORTB
;MyProject.c,35 :: 		Delay_ms(180);
0x00DA	0x3002      	MOVLW      2
0x00DB	0x00FB      	MOVWF      R11
0x00DC	0x30D4      	MOVLW      212
0x00DD	0x00FC      	MOVWF      R12
0x00DE	0x3085      	MOVLW      133
0x00DF	0x00FD      	MOVWF      R13
L_main15:
0x00E0	0x0BFD      	DECFSZ     R13, 1
0x00E1	0x28E0      	GOTO       L_main15
0x00E2	0x0BFC      	DECFSZ     R12, 1
0x00E3	0x28E0      	GOTO       L_main15
0x00E4	0x0BFB      	DECFSZ     R11, 1
0x00E5	0x28E0      	GOTO       L_main15
;MyProject.c,36 :: 		PORTB = 0b00010000;
0x00E6	0x3010      	MOVLW      16
0x00E7	0x0086      	MOVWF      PORTB
;MyProject.c,37 :: 		Delay_ms(220);
0x00E8	0x3003      	MOVLW      3
0x00E9	0x00FB      	MOVWF      R11
0x00EA	0x303C      	MOVLW      60
0x00EB	0x00FC      	MOVWF      R12
0x00EC	0x3069      	MOVLW      105
0x00ED	0x00FD      	MOVWF      R13
L_main16:
0x00EE	0x0BFD      	DECFSZ     R13, 1
0x00EF	0x28EE      	GOTO       L_main16
0x00F0	0x0BFC      	DECFSZ     R12, 1
0x00F1	0x28EE      	GOTO       L_main16
0x00F2	0x0BFB      	DECFSZ     R11, 1
0x00F3	0x28EE      	GOTO       L_main16
0x00F4	0x0000      	NOP
0x00F5	0x0000      	NOP
;MyProject.c,38 :: 		PORTB = 0b00100000;
0x00F6	0x3020      	MOVLW      32
0x00F7	0x0086      	MOVWF      PORTB
;MyProject.c,39 :: 		Delay_ms(250);
0x00F8	0x3003      	MOVLW      3
0x00F9	0x00FB      	MOVWF      R11
0x00FA	0x308A      	MOVLW      138
0x00FB	0x00FC      	MOVWF      R12
0x00FC	0x3055      	MOVLW      85
0x00FD	0x00FD      	MOVWF      R13
L_main17:
0x00FE	0x0BFD      	DECFSZ     R13, 1
0x00FF	0x28FE      	GOTO       L_main17
0x0100	0x0BFC      	DECFSZ     R12, 1
0x0101	0x28FE      	GOTO       L_main17
0x0102	0x0BFB      	DECFSZ     R11, 1
0x0103	0x28FE      	GOTO       L_main17
0x0104	0x0000      	NOP
0x0105	0x0000      	NOP
;MyProject.c,40 :: 		PORTB = 0b01000000;
0x0106	0x3040      	MOVLW      64
0x0107	0x0086      	MOVWF      PORTB
;MyProject.c,41 :: 		Delay_ms(280);
0x0108	0x3003      	MOVLW      3
0x0109	0x00FB      	MOVWF      R11
0x010A	0x30D8      	MOVLW      216
0x010B	0x00FC      	MOVWF      R12
0x010C	0x3041      	MOVLW      65
0x010D	0x00FD      	MOVWF      R13
L_main18:
0x010E	0x0BFD      	DECFSZ     R13, 1
0x010F	0x290E      	GOTO       L_main18
0x0110	0x0BFC      	DECFSZ     R12, 1
0x0111	0x290E      	GOTO       L_main18
0x0112	0x0BFB      	DECFSZ     R11, 1
0x0113	0x290E      	GOTO       L_main18
0x0114	0x0000      	NOP
0x0115	0x0000      	NOP
;MyProject.c,42 :: 		PORTB = 0b10000000;
0x0116	0x3080      	MOVLW      128
0x0117	0x0086      	MOVWF      PORTB
;MyProject.c,43 :: 		Delay_ms(280);
0x0118	0x3003      	MOVLW      3
0x0119	0x00FB      	MOVWF      R11
0x011A	0x30D8      	MOVLW      216
0x011B	0x00FC      	MOVWF      R12
0x011C	0x3041      	MOVLW      65
0x011D	0x00FD      	MOVWF      R13
L_main19:
0x011E	0x0BFD      	DECFSZ     R13, 1
0x011F	0x291E      	GOTO       L_main19
0x0120	0x0BFC      	DECFSZ     R12, 1
0x0121	0x291E      	GOTO       L_main19
0x0122	0x0BFB      	DECFSZ     R11, 1
0x0123	0x291E      	GOTO       L_main19
0x0124	0x0000      	NOP
0x0125	0x0000      	NOP
;MyProject.c,44 :: 		PORTB = 0b01000000;
0x0126	0x3040      	MOVLW      64
0x0127	0x0086      	MOVWF      PORTB
;MyProject.c,45 :: 		Delay_ms(320);
0x0128	0x3004      	MOVLW      4
0x0129	0x00FB      	MOVWF      R11
0x012A	0x3040      	MOVLW      64
0x012B	0x00FC      	MOVWF      R12
0x012C	0x3026      	MOVLW      38
0x012D	0x00FD      	MOVWF      R13
L_main20:
0x012E	0x0BFD      	DECFSZ     R13, 1
0x012F	0x292E      	GOTO       L_main20
0x0130	0x0BFC      	DECFSZ     R12, 1
0x0131	0x292E      	GOTO       L_main20
0x0132	0x0BFB      	DECFSZ     R11, 1
0x0133	0x292E      	GOTO       L_main20
0x0134	0x0000      	NOP
;MyProject.c,46 :: 		PORTB = 0b00100000;
0x0135	0x3020      	MOVLW      32
0x0136	0x0086      	MOVWF      PORTB
;MyProject.c,47 :: 		Delay_ms(340);
0x0137	0x3004      	MOVLW      4
0x0138	0x00FB      	MOVWF      R11
0x0139	0x3074      	MOVLW      116
0x013A	0x00FC      	MOVWF      R12
0x013B	0x3019      	MOVLW      25
0x013C	0x00FD      	MOVWF      R13
L_main21:
0x013D	0x0BFD      	DECFSZ     R13, 1
0x013E	0x293D      	GOTO       L_main21
0x013F	0x0BFC      	DECFSZ     R12, 1
0x0140	0x293D      	GOTO       L_main21
0x0141	0x0BFB      	DECFSZ     R11, 1
0x0142	0x293D      	GOTO       L_main21
;MyProject.c,48 :: 		PORTB = 0b00010000;
0x0143	0x3010      	MOVLW      16
0x0144	0x0086      	MOVWF      PORTB
;MyProject.c,49 :: 		Delay_ms(370);
0x0145	0x3004      	MOVLW      4
0x0146	0x00FB      	MOVWF      R11
0x0147	0x30C2      	MOVLW      194
0x0148	0x00FC      	MOVWF      R12
0x0149	0x3005      	MOVLW      5
0x014A	0x00FD      	MOVWF      R13
L_main22:
0x014B	0x0BFD      	DECFSZ     R13, 1
0x014C	0x294B      	GOTO       L_main22
0x014D	0x0BFC      	DECFSZ     R12, 1
0x014E	0x294B      	GOTO       L_main22
0x014F	0x0BFB      	DECFSZ     R11, 1
0x0150	0x294B      	GOTO       L_main22
;MyProject.c,50 :: 		PORTB = 0b00001000;
0x0151	0x3008      	MOVLW      8
0x0152	0x0086      	MOVWF      PORTB
;MyProject.c,51 :: 		Delay_ms(400);
0x0153	0x3005      	MOVLW      5
0x0154	0x00FB      	MOVWF      R11
0x0155	0x300F      	MOVLW      15
0x0156	0x00FC      	MOVWF      R12
0x0157	0x30F1      	MOVLW      241
0x0158	0x00FD      	MOVWF      R13
L_main23:
0x0159	0x0BFD      	DECFSZ     R13, 1
0x015A	0x2959      	GOTO       L_main23
0x015B	0x0BFC      	DECFSZ     R12, 1
0x015C	0x2959      	GOTO       L_main23
0x015D	0x0BFB      	DECFSZ     R11, 1
0x015E	0x2959      	GOTO       L_main23
;MyProject.c,52 :: 		PORTB = 0b00000100;
0x015F	0x3004      	MOVLW      4
0x0160	0x0086      	MOVWF      PORTB
;MyProject.c,53 :: 		Delay_ms(440);
0x0161	0x3005      	MOVLW      5
0x0162	0x00FB      	MOVWF      R11
0x0163	0x3077      	MOVLW      119
0x0164	0x00FC      	MOVWF      R12
0x0165	0x30D6      	MOVLW      214
0x0166	0x00FD      	MOVWF      R13
L_main24:
0x0167	0x0BFD      	DECFSZ     R13, 1
0x0168	0x2967      	GOTO       L_main24
0x0169	0x0BFC      	DECFSZ     R12, 1
0x016A	0x2967      	GOTO       L_main24
0x016B	0x0BFB      	DECFSZ     R11, 1
0x016C	0x2967      	GOTO       L_main24
0x016D	0x0000      	NOP
;MyProject.c,54 :: 		PORTB = 0b00000010;
0x016E	0x3002      	MOVLW      2
0x016F	0x0086      	MOVWF      PORTB
;MyProject.c,55 :: 		Delay_ms(480);
0x0170	0x3005      	MOVLW      5
0x0171	0x00FB      	MOVWF      R11
0x0172	0x30DF      	MOVLW      223
0x0173	0x00FC      	MOVWF      R12
0x0174	0x30BB      	MOVLW      187
0x0175	0x00FD      	MOVWF      R13
L_main25:
0x0176	0x0BFD      	DECFSZ     R13, 1
0x0177	0x2976      	GOTO       L_main25
0x0178	0x0BFC      	DECFSZ     R12, 1
0x0179	0x2976      	GOTO       L_main25
0x017A	0x0BFB      	DECFSZ     R11, 1
0x017B	0x2976      	GOTO       L_main25
0x017C	0x0000      	NOP
0x017D	0x0000      	NOP
;MyProject.c,56 :: 		PORTB = 0b00000001;
0x017E	0x3001      	MOVLW      1
0x017F	0x0086      	MOVWF      PORTB
;MyProject.c,57 :: 		Delay_ms(520);
0x0180	0x3006      	MOVLW      6
0x0181	0x00FB      	MOVWF      R11
0x0182	0x3047      	MOVLW      71
0x0183	0x00FC      	MOVWF      R12
0x0184	0x30A0      	MOVLW      160
0x0185	0x00FD      	MOVWF      R13
L_main26:
0x0186	0x0BFD      	DECFSZ     R13, 1
0x0187	0x2986      	GOTO       L_main26
0x0188	0x0BFC      	DECFSZ     R12, 1
0x0189	0x2986      	GOTO       L_main26
0x018A	0x0BFB      	DECFSZ     R11, 1
0x018B	0x2986      	GOTO       L_main26
0x018C	0x0000      	NOP
;MyProject.c,58 :: 		PORTB = 0b00000010;
0x018D	0x3002      	MOVLW      2
0x018E	0x0086      	MOVWF      PORTB
;MyProject.c,59 :: 		Delay_ms(540);
0x018F	0x3006      	MOVLW      6
0x0190	0x00FB      	MOVWF      R11
0x0191	0x307B      	MOVLW      123
0x0192	0x00FC      	MOVWF      R12
0x0193	0x3093      	MOVLW      147
0x0194	0x00FD      	MOVWF      R13
L_main27:
0x0195	0x0BFD      	DECFSZ     R13, 1
0x0196	0x2995      	GOTO       L_main27
0x0197	0x0BFC      	DECFSZ     R12, 1
0x0198	0x2995      	GOTO       L_main27
0x0199	0x0BFB      	DECFSZ     R11, 1
0x019A	0x2995      	GOTO       L_main27
;MyProject.c,60 :: 		PORTB = 0b00000100;
0x019B	0x3004      	MOVLW      4
0x019C	0x0086      	MOVWF      PORTB
;MyProject.c,61 :: 		Delay_ms(580);
0x019D	0x3006      	MOVLW      6
0x019E	0x00FB      	MOVWF      R11
0x019F	0x30E3      	MOVLW      227
0x01A0	0x00FC      	MOVWF      R12
0x01A1	0x3078      	MOVLW      120
0x01A2	0x00FD      	MOVWF      R13
L_main28:
0x01A3	0x0BFD      	DECFSZ     R13, 1
0x01A4	0x29A3      	GOTO       L_main28
0x01A5	0x0BFC      	DECFSZ     R12, 1
0x01A6	0x29A3      	GOTO       L_main28
0x01A7	0x0BFB      	DECFSZ     R11, 1
0x01A8	0x29A3      	GOTO       L_main28
0x01A9	0x0000      	NOP
;MyProject.c,62 :: 		PORTB = 0b00001000;
0x01AA	0x3008      	MOVLW      8
0x01AB	0x0086      	MOVWF      PORTB
;MyProject.c,63 :: 		Delay_ms(620);
0x01AC	0x3007      	MOVLW      7
0x01AD	0x00FB      	MOVWF      R11
0x01AE	0x304B      	MOVLW      75
0x01AF	0x00FC      	MOVWF      R12
0x01B0	0x305D      	MOVLW      93
0x01B1	0x00FD      	MOVWF      R13
L_main29:
0x01B2	0x0BFD      	DECFSZ     R13, 1
0x01B3	0x29B2      	GOTO       L_main29
0x01B4	0x0BFC      	DECFSZ     R12, 1
0x01B5	0x29B2      	GOTO       L_main29
0x01B6	0x0BFB      	DECFSZ     R11, 1
0x01B7	0x29B2      	GOTO       L_main29
;MyProject.c,64 :: 		PORTB = 0b00010000;
0x01B8	0x3010      	MOVLW      16
0x01B9	0x0086      	MOVWF      PORTB
;MyProject.c,65 :: 		Delay_ms(640);
0x01BA	0x3007      	MOVLW      7
0x01BB	0x00FB      	MOVWF      R11
0x01BC	0x307F      	MOVLW      127
0x01BD	0x00FC      	MOVWF      R12
0x01BE	0x304F      	MOVLW      79
0x01BF	0x00FD      	MOVWF      R13
L_main30:
0x01C0	0x0BFD      	DECFSZ     R13, 1
0x01C1	0x29C0      	GOTO       L_main30
0x01C2	0x0BFC      	DECFSZ     R12, 1
0x01C3	0x29C0      	GOTO       L_main30
0x01C4	0x0BFB      	DECFSZ     R11, 1
0x01C5	0x29C0      	GOTO       L_main30
0x01C6	0x0000      	NOP
0x01C7	0x0000      	NOP
;MyProject.c,66 :: 		PORTB = 0b00100000;
0x01C8	0x3020      	MOVLW      32
0x01C9	0x0086      	MOVWF      PORTB
;MyProject.c,67 :: 		Delay_ms(680);
0x01CA	0x3007      	MOVLW      7
0x01CB	0x00FB      	MOVWF      R11
0x01CC	0x30E7      	MOVLW      231
0x01CD	0x00FC      	MOVWF      R12
0x01CE	0x3035      	MOVLW      53
0x01CF	0x00FD      	MOVWF      R13
L_main31:
0x01D0	0x0BFD      	DECFSZ     R13, 1
0x01D1	0x29D0      	GOTO       L_main31
0x01D2	0x0BFC      	DECFSZ     R12, 1
0x01D3	0x29D0      	GOTO       L_main31
0x01D4	0x0BFB      	DECFSZ     R11, 1
0x01D5	0x29D0      	GOTO       L_main31
;MyProject.c,68 :: 		PORTB = 0b01000000;
0x01D6	0x3040      	MOVLW      64
0x01D7	0x0086      	MOVWF      PORTB
;MyProject.c,69 :: 		Delay_ms(720);
0x01D8	0x3008      	MOVLW      8
0x01D9	0x00FB      	MOVWF      R11
0x01DA	0x304F      	MOVLW      79
0x01DB	0x00FC      	MOVWF      R12
0x01DC	0x3019      	MOVLW      25
0x01DD	0x00FD      	MOVWF      R13
L_main32:
0x01DE	0x0BFD      	DECFSZ     R13, 1
0x01DF	0x29DE      	GOTO       L_main32
0x01E0	0x0BFC      	DECFSZ     R12, 1
0x01E1	0x29DE      	GOTO       L_main32
0x01E2	0x0BFB      	DECFSZ     R11, 1
0x01E3	0x29DE      	GOTO       L_main32
0x01E4	0x0000      	NOP
0x01E5	0x0000      	NOP
;MyProject.c,70 :: 		PORTB = 0b10000000;
0x01E6	0x3080      	MOVLW      128
0x01E7	0x0086      	MOVWF      PORTB
;MyProject.c,71 :: 		Delay_ms(740);
0x01E8	0x3008      	MOVLW      8
0x01E9	0x00FB      	MOVWF      R11
0x01EA	0x3083      	MOVLW      131
0x01EB	0x00FC      	MOVWF      R12
0x01EC	0x300C      	MOVLW      12
0x01ED	0x00FD      	MOVWF      R13
L_main33:
0x01EE	0x0BFD      	DECFSZ     R13, 1
0x01EF	0x29EE      	GOTO       L_main33
0x01F0	0x0BFC      	DECFSZ     R12, 1
0x01F1	0x29EE      	GOTO       L_main33
0x01F2	0x0BFB      	DECFSZ     R11, 1
0x01F3	0x29EE      	GOTO       L_main33
0x01F4	0x0000      	NOP
;MyProject.c,72 :: 		}
0x01F5	0x281B      	GOTO       L_main0
;MyProject.c,73 :: 		}
L_end_main:
0x01F6	0x29F6      	GOTO       $+0
; end of _main
Symbol List:
//** Routines locations **
//ADDRESS    SIZE    PROCEDURE
//----------------------------------------------
0x0003       [7]    _____DoICP
0x000A      [12]    ___CC2DW
0x0016     [481]    _main
//** Variables locations ** 
//ADDRESS    SIZE    VARIABLE
//----------------------------------------------
0x0000       [1]    INDF
0x0002       [1]    PCL
0x0003       [1]    STATUS
0x0004       [1]    FSR
0x0006       [1]    PORTB
0x000A       [1]    PCLATH
0x0020       [2]    ___DoICPAddr
0x0070       [1]    R0
0x0071       [1]    R1
0x0072       [1]    R2
0x0073       [1]    R3
0x0074       [1]    R4
0x0075       [1]    R5
0x0076       [1]    R6
0x0077       [1]    R7
0x0078       [1]    R8
0x0079       [1]    R9
0x007A       [1]    R10
0x007B       [1]    R11
0x007C       [1]    R12
0x007D       [1]    R13
0x007E       [1]    R14
0x007F       [1]    R15
0x0086       [1]    TRISB
//** Label List: ** 
//----------------------------------------------
  L_main0
  L_main1
  L_main2
  L_main3
  L_main4
  L_main5
  L_main6
  L_main7
  L_main8
  L_main9
  L_main10
  L_main11
  L_main12
  L_main13
  L_main14
  L_main15
  L_main16
  L_main17
  L_main18
  L_main19
  L_main20
  L_main21
  L_main22
  L_main23
  L_main24
  L_main25
  L_main26
  L_main27
  L_main28
  L_main29
  L_main30
  L_main31
  L_main32
  L_main33
  L_end_main
  _main
  L_loopCA2AWs
  L_CA2AWend
  _CCA2AW_Loop1
  L_loopCS2Ss
  L_CS2Send
  _CCS2S_Loop1
  L_CCS2Send
  L_loopFZinSWs
  L_FZinSend
  _CC2D_Loop1
  L_end_____DoICP
  _____DoICP
  L_end_____DoIFC
  _____DoIFC
  L_end___CA2AW
  ___CA2AW
  L_end___CCA2AW
  ___CCA2AW
  L_end___CS2S
  ___CS2S
  L_end___CCS2S
  ___CCS2S
  L_end___FZinS
  ___FZinS
  L_end___CC2DW
  ___CC2DW
  L_end_Swap
  _Swap
